{"/Users/orlando/dev/pos/libs/unit-of-measures/native-feature/src/lib/components/unit-of-measure-form/unit-of-measure-form.tsx": {"path":"/Users/orlando/dev/pos/libs/unit-of-measures/native-feature/src/lib/components/unit-of-measure-form/unit-of-measure-form.tsx","statementMap":{"0":{"start":{"line":1,"column":42},"end":{"line":1,"column":97}},"1":{"start":{"line":1,"column":98},"end":{"line":1,"column":160}},"2":{"start":{"line":1,"column":160},"end":{"line":1,"column":206}},"3":{"start":{"line":1,"column":206},"end":{"line":1,"column":231}},"4":{"start":{"line":1,"column":247},"end":{"line":1,"column":312}},"5":{"start":{"line":1,"column":332},"end":{"line":1,"column":393}},"6":{"start":{"line":1,"column":419},"end":{"line":1,"column":493}},"7":{"start":{"line":1,"column":516},"end":{"line":1,"column":587}},"8":{"start":{"line":2,"column":13},"end":{"line":2,"column":54}},"9":{"start":{"line":4,"column":19},"end":{"line":4,"column":42}},"10":{"start":{"line":5,"column":14},"end":{"line":5,"column":42}},"11":{"start":{"line":6,"column":16},"end":{"line":6,"column":48}},"12":{"start":{"line":7,"column":21},"end":{"line":7,"column":47}},"13":{"start":{"line":9,"column":18},"end":{"line":9,"column":40}},"14":{"start":{"line":10,"column":18},"end":{"line":10,"column":62}},"15":{"start":{"line":10,"column":82},"end":{"line":10,"column":208}},"16":{"start":{"line":10,"column":257},"end":{"line":10,"column":304}},"17":{"start":{"line":10,"column":292},"end":{"line":10,"column":304}},"18":{"start":{"line":10,"column":328},"end":{"line":10,"column":341}},"19":{"start":{"line":10,"column":365},"end":{"line":10,"column":378}},"20":{"start":{"line":10,"column":379},"end":{"line":10,"column":536}},"21":{"start":{"line":10,"column":462},"end":{"line":10,"column":520}},"22":{"start":{"line":10,"column":589},"end":{"line":10,"column":645}},"23":{"start":{"line":10,"column":633},"end":{"line":10,"column":644}},"24":{"start":{"line":10,"column":645},"end":{"line":10,"column":745}},"25":{"start":{"line":10,"column":720},"end":{"line":10,"column":744}},"26":{"start":{"line":10,"column":757},"end":{"line":10,"column":794}},"27":{"start":{"line":10,"column":795},"end":{"line":10,"column":848}},"28":{"start":{"line":10,"column":825},"end":{"line":10,"column":847}},"29":{"start":{"line":10,"column":861},"end":{"line":10,"column":863}},"30":{"start":{"line":10,"column":892},"end":{"line":10,"column":948}},"31":{"start":{"line":10,"column":949},"end":{"line":10,"column":1241}},"32":{"start":{"line":10,"column":971},"end":{"line":10,"column":1240}},"33":{"start":{"line":10,"column":1056},"end":{"line":10,"column":1128}},"34":{"start":{"line":10,"column":1129},"end":{"line":10,"column":1239}},"35":{"start":{"line":10,"column":1166},"end":{"line":10,"column":1207}},"36":{"start":{"line":10,"column":1215},"end":{"line":10,"column":1238}},"37":{"start":{"line":10,"column":1241},"end":{"line":10,"column":1262}},"38":{"start":{"line":10,"column":1262},"end":{"line":10,"column":1298}},"39":{"start":{"line":10,"column":1274},"end":{"line":10,"column":1297}},"40":{"start":{"line":10,"column":1298},"end":{"line":10,"column":1312}},"41":{"start":{"line":26,"column":51},"end":{"line":26,"column":66}},"42":{"start":{"line":27,"column":22},"end":{"line":27,"column":108}},"43":{"start":{"line":27,"column":69},"end":{"line":27,"column":106}},"44":{"start":{"line":28,"column":17},"end":{"line":28,"column":47}},"45":{"start":{"line":29,"column":15},"end":{"line":29,"column":45}},"46":{"start":{"line":30,"column":18},"end":{"line":30,"column":45}},"47":{"start":{"line":30,"column":59},"end":{"line":30,"column":101}},"48":{"start":{"line":30,"column":109},"end":{"line":30,"column":122}},"49":{"start":{"line":30,"column":133},"end":{"line":30,"column":146}},"50":{"start":{"line":32,"column":13},"end":{"line":42,"column":153}},"51":{"start":{"line":32,"column":38},"end":{"line":42,"column":87}},"52":{"start":{"line":32,"column":131},"end":{"line":42,"column":84}},"53":{"start":{"line":32,"column":193},"end":{"line":42,"column":72}},"54":{"start":{"line":32,"column":204},"end":{"line":42,"column":71}},"55":{"start":{"line":33,"column":14},"end":{"line":33,"column":28}},"56":{"start":{"line":34,"column":14},"end":{"line":34,"column":44}},"57":{"start":{"line":36,"column":14},"end":{"line":38,"column":15}},"58":{"start":{"line":37,"column":16},"end":{"line":37,"column":37}},"59":{"start":{"line":38,"column":15},"end":{"line":38,"column":33}},"60":{"start":{"line":38,"column":33},"end":{"line":40,"column":77}},"61":{"start":{"line":41,"column":14},"end":{"line":41,"column":34}},"62":{"start":{"line":42,"column":14},"end":{"line":42,"column":29}},"63":{"start":{"line":42,"column":47},"end":{"line":42,"column":70}},"64":{"start":{"line":42,"column":88},"end":{"line":42,"column":150}},"65":{"start":{"line":42,"column":112},"end":{"line":42,"column":148}},"66":{"start":{"line":45,"column":13},"end":{"line":50,"column":82}},"67":{"start":{"line":54,"column":22},"end":{"line":63,"column":3}},"68":{"start":{"line":55,"column":4},"end":{"line":60,"column":81}},"69":{"start":{"line":60,"column":48},"end":{"line":60,"column":75}},"70":{"start":{"line":65,"column":2},"end":{"line":86,"column":141}},"71":{"start":{"line":94,"column":0},"end":{"line":94,"column":17}},"72":{"start":{"line":94,"column":18},"end":{"line":94,"column":45}}},"fnMap":{"0":{"name":"_getRequireWildcardCache","decl":{"start":{"line":10,"column":218},"end":{"line":10,"column":242}},"loc":{"start":{"line":10,"column":256},"end":{"line":10,"column":537}},"line":10},"1":{"name":"_getRequireWildcardCache","decl":{"start":{"line":10,"column":423},"end":{"line":10,"column":447}},"loc":{"start":{"line":10,"column":461},"end":{"line":10,"column":521}},"line":10},"2":{"name":"_interopRequireWildcard","decl":{"start":{"line":10,"column":546},"end":{"line":10,"column":569}},"loc":{"start":{"line":10,"column":588},"end":{"line":10,"column":1313}},"line":10},"3":{"name":"UnitOfMeasureForm","decl":{"start":{"line":26,"column":9},"end":{"line":26,"column":26}},"loc":{"start":{"line":26,"column":33},"end":{"line":92,"column":1}},"line":26},"4":{"name":"(anonymous_4)","decl":{"start":{"line":27,"column":51},"end":{"line":27,"column":52}},"loc":{"start":{"line":27,"column":68},"end":{"line":27,"column":107}},"line":27},"5":{"name":"(anonymous_5)","decl":{"start":{"line":32,"column":13},"end":{"line":32,"column":14}},"loc":{"start":{"line":32,"column":25},"end":{"line":42,"column":151}},"line":32},"6":{"name":"_callee","decl":{"start":{"line":32,"column":105},"end":{"line":32,"column":112}},"loc":{"start":{"line":32,"column":115},"end":{"line":42,"column":85}},"line":32},"7":{"name":"_callee$","decl":{"start":{"line":32,"column":173},"end":{"line":32,"column":181}},"loc":{"start":{"line":32,"column":192},"end":{"line":42,"column":73}},"line":32},"8":{"name":"save","decl":{"start":{"line":42,"column":104},"end":{"line":42,"column":108}},"loc":{"start":{"line":42,"column":111},"end":{"line":42,"column":149}},"line":42},"9":{"name":"confirmCancel","decl":{"start":{"line":54,"column":31},"end":{"line":54,"column":44}},"loc":{"start":{"line":54,"column":47},"end":{"line":63,"column":3}},"line":54},"10":{"name":"onPress","decl":{"start":{"line":60,"column":37},"end":{"line":60,"column":44}},"loc":{"start":{"line":60,"column":47},"end":{"line":60,"column":76}},"line":60}},"branchMap":{"0":{"loc":{"start":{"line":10,"column":257},"end":{"line":10,"column":304}},"type":"if","locations":[{"start":{"line":10,"column":257},"end":{"line":10,"column":304}},{"start":{},"end":{}}],"line":10},"1":{"loc":{"start":{"line":10,"column":469},"end":{"line":10,"column":519}},"type":"cond-expr","locations":[{"start":{"line":10,"column":483},"end":{"line":10,"column":499}},{"start":{"line":10,"column":502},"end":{"line":10,"column":519}}],"line":10},"2":{"loc":{"start":{"line":10,"column":589},"end":{"line":10,"column":645}},"type":"if","locations":[{"start":{"line":10,"column":589},"end":{"line":10,"column":645}},{"start":{},"end":{}}],"line":10},"3":{"loc":{"start":{"line":10,"column":593},"end":{"line":10,"column":630}},"type":"binary-expr","locations":[{"start":{"line":10,"column":593},"end":{"line":10,"column":605}},{"start":{"line":10,"column":609},"end":{"line":10,"column":612}},{"start":{"line":10,"column":616},"end":{"line":10,"column":630}}],"line":10},"4":{"loc":{"start":{"line":10,"column":645},"end":{"line":10,"column":745}},"type":"if","locations":[{"start":{"line":10,"column":645},"end":{"line":10,"column":745}},{"start":{},"end":{}}],"line":10},"5":{"loc":{"start":{"line":10,"column":649},"end":{"line":10,"column":717}},"type":"binary-expr","locations":[{"start":{"line":10,"column":649},"end":{"line":10,"column":661}},{"start":{"line":10,"column":665},"end":{"line":10,"column":688}},{"start":{"line":10,"column":692},"end":{"line":10,"column":717}}],"line":10},"6":{"loc":{"start":{"line":10,"column":795},"end":{"line":10,"column":848}},"type":"if","locations":[{"start":{"line":10,"column":795},"end":{"line":10,"column":848}},{"start":{},"end":{}}],"line":10},"7":{"loc":{"start":{"line":10,"column":799},"end":{"line":10,"column":822}},"type":"binary-expr","locations":[{"start":{"line":10,"column":799},"end":{"line":10,"column":804}},{"start":{"line":10,"column":808},"end":{"line":10,"column":822}}],"line":10},"8":{"loc":{"start":{"line":10,"column":892},"end":{"line":10,"column":948}},"type":"binary-expr","locations":[{"start":{"line":10,"column":892},"end":{"line":10,"column":913}},{"start":{"line":10,"column":917},"end":{"line":10,"column":948}}],"line":10},"9":{"loc":{"start":{"line":10,"column":971},"end":{"line":10,"column":1240}},"type":"if","locations":[{"start":{"line":10,"column":971},"end":{"line":10,"column":1240}},{"start":{},"end":{}}],"line":10},"10":{"loc":{"start":{"line":10,"column":975},"end":{"line":10,"column":1042}},"type":"binary-expr","locations":[{"start":{"line":10,"column":975},"end":{"line":10,"column":992}},{"start":{"line":10,"column":996},"end":{"line":10,"column":1042}}],"line":10},"11":{"loc":{"start":{"line":10,"column":1056},"end":{"line":10,"column":1128}},"type":"cond-expr","locations":[{"start":{"line":10,"column":1080},"end":{"line":10,"column":1121}},{"start":{"line":10,"column":1124},"end":{"line":10,"column":1128}}],"line":10},"12":{"loc":{"start":{"line":10,"column":1129},"end":{"line":10,"column":1239}},"type":"if","locations":[{"start":{"line":10,"column":1129},"end":{"line":10,"column":1239}},{"start":{"line":10,"column":1214},"end":{"line":10,"column":1239}}],"line":10},"13":{"loc":{"start":{"line":10,"column":1133},"end":{"line":10,"column":1163}},"type":"binary-expr","locations":[{"start":{"line":10,"column":1133},"end":{"line":10,"column":1137}},{"start":{"line":10,"column":1142},"end":{"line":10,"column":1150}},{"start":{"line":10,"column":1154},"end":{"line":10,"column":1162}}],"line":10},"14":{"loc":{"start":{"line":10,"column":1262},"end":{"line":10,"column":1298}},"type":"if","locations":[{"start":{"line":10,"column":1262},"end":{"line":10,"column":1298}},{"start":{},"end":{}}],"line":10},"15":{"loc":{"start":{"line":32,"column":204},"end":{"line":42,"column":71}},"type":"switch","locations":[{"start":{"line":32,"column":244},"end":{"line":40,"column":77}},{"start":{"line":40,"column":77},"end":{"line":42,"column":29}},{"start":{"line":42,"column":29},"end":{"line":42,"column":36}},{"start":{"line":42,"column":36},"end":{"line":42,"column":70}}],"line":32},"16":{"loc":{"start":{"line":36,"column":14},"end":{"line":38,"column":15}},"type":"if","locations":[{"start":{"line":36,"column":14},"end":{"line":38,"column":15}},{"start":{},"end":{}}],"line":36},"17":{"loc":{"start":{"line":48,"column":10},"end":{"line":48,"column":59}},"type":"cond-expr","locations":[{"start":{"line":48,"column":34},"end":{"line":48,"column":40}},{"start":{"line":48,"column":43},"end":{"line":48,"column":59}}],"line":48},"18":{"loc":{"start":{"line":49,"column":12},"end":{"line":49,"column":63}},"type":"cond-expr","locations":[{"start":{"line":49,"column":36},"end":{"line":49,"column":42}},{"start":{"line":49,"column":45},"end":{"line":49,"column":63}}],"line":49},"19":{"loc":{"start":{"line":50,"column":19},"end":{"line":50,"column":77}},"type":"cond-expr","locations":[{"start":{"line":50,"column":43},"end":{"line":50,"column":49}},{"start":{"line":50,"column":52},"end":{"line":50,"column":77}}],"line":50}},"s":{"0":2,"1":2,"2":2,"3":2,"4":2,"5":2,"6":2,"7":2,"8":2,"9":2,"10":2,"11":2,"12":2,"13":2,"14":2,"15":2,"16":2,"17":0,"18":2,"19":2,"20":2,"21":2,"22":2,"23":0,"24":2,"25":0,"26":2,"27":2,"28":0,"29":2,"30":2,"31":2,"32":56,"33":56,"34":56,"35":0,"36":56,"37":2,"38":2,"39":2,"40":2,"41":12,"42":12,"43":12,"44":12,"45":12,"46":12,"47":12,"48":12,"49":12,"50":12,"51":12,"52":2,"53":4,"54":4,"55":2,"56":2,"57":2,"58":1,"59":2,"60":2,"61":2,"62":2,"63":2,"64":12,"65":2,"66":12,"67":12,"68":2,"69":1,"70":12,"71":2,"72":2},"f":{"0":2,"1":2,"2":2,"3":12,"4":12,"5":12,"6":2,"7":4,"8":2,"9":2,"10":1},"b":{"0":[0,2],"1":[0,2],"2":[0,2],"3":[2,2,2],"4":[0,2],"5":[2,2,0],"6":[0,2],"7":[2,2],"8":[2,2],"9":[56,0],"10":[56,56],"11":[56,0],"12":[0,56],"13":[56,56,56],"14":[2,0],"15":[2,2,2,2],"16":[1,1],"17":[0,12],"18":[0,12],"19":[0,12]},"inputSourceMap":null,"_coverageSchema":"1a1c01bbd47fc00a2c39e90264f33305004495a9","hash":"58bbdccc3fdc4fcf751672a7ae088ee31d1e8dc7"}
,"/Users/orlando/dev/pos/libs/unit-of-measures/native-feature/src/lib/components/unit-of-measure-item/unit-of-measure-item.tsx": {"path":"/Users/orlando/dev/pos/libs/unit-of-measures/native-feature/src/lib/components/unit-of-measure-item/unit-of-measure-item.tsx","statementMap":{"0":{"start":{"line":1,"column":42},"end":{"line":1,"column":97}},"1":{"start":{"line":1,"column":98},"end":{"line":1,"column":160}},"2":{"start":{"line":1,"column":160},"end":{"line":1,"column":206}},"3":{"start":{"line":1,"column":206},"end":{"line":1,"column":231}},"4":{"start":{"line":2,"column":13},"end":{"line":2,"column":53}},"5":{"start":{"line":4,"column":19},"end":{"line":4,"column":42}},"6":{"start":{"line":5,"column":14},"end":{"line":5,"column":42}},"7":{"start":{"line":6,"column":18},"end":{"line":6,"column":62}},"8":{"start":{"line":7,"column":18},"end":{"line":7,"column":40}},"9":{"start":{"line":7,"column":60},"end":{"line":7,"column":186}},"10":{"start":{"line":15,"column":45},"end":{"line":15,"column":54}},"11":{"start":{"line":15,"column":68},"end":{"line":15,"column":83}},"12":{"start":{"line":16,"column":15},"end":{"line":16,"column":45}},"13":{"start":{"line":17,"column":17},"end":{"line":17,"column":47}},"14":{"start":{"line":19,"column":17},"end":{"line":27,"column":3}},"15":{"start":{"line":20,"column":4},"end":{"line":23,"column":5}},"16":{"start":{"line":21,"column":6},"end":{"line":21,"column":62}},"17":{"start":{"line":22,"column":6},"end":{"line":22,"column":13}},"18":{"start":{"line":25,"column":4},"end":{"line":25,"column":61}},"19":{"start":{"line":26,"column":4},"end":{"line":26,"column":46}},"20":{"start":{"line":29,"column":2},"end":{"line":33,"column":204}},"21":{"start":{"line":39,"column":0},"end":{"line":39,"column":17}},"22":{"start":{"line":39,"column":18},"end":{"line":39,"column":45}}},"fnMap":{"0":{"name":"UnitOfMeasureItem","decl":{"start":{"line":15,"column":9},"end":{"line":15,"column":26}},"loc":{"start":{"line":15,"column":33},"end":{"line":37,"column":1}},"line":15},"1":{"name":"editItem","decl":{"start":{"line":19,"column":26},"end":{"line":19,"column":34}},"loc":{"start":{"line":19,"column":37},"end":{"line":27,"column":3}},"line":19}},"branchMap":{"0":{"loc":{"start":{"line":20,"column":4},"end":{"line":23,"column":5}},"type":"if","locations":[{"start":{"line":20,"column":4},"end":{"line":23,"column":5}},{"start":{},"end":{}}],"line":20}},"s":{"0":3,"1":3,"2":3,"3":3,"4":3,"5":3,"6":3,"7":3,"8":3,"9":3,"10":3,"11":3,"12":3,"13":3,"14":3,"15":2,"16":1,"17":1,"18":1,"19":1,"20":3,"21":3,"22":3},"f":{"0":3,"1":2},"b":{"0":[1,1]},"inputSourceMap":null,"_coverageSchema":"1a1c01bbd47fc00a2c39e90264f33305004495a9","hash":"246e0eb8e439a9a17c31ef7715ee12d3373bfb1f"}
,"/Users/orlando/dev/pos/libs/unit-of-measures/native-feature/src/lib/components/unit-of-measure-list/unit-of-measure-list.tsx": {"path":"/Users/orlando/dev/pos/libs/unit-of-measures/native-feature/src/lib/components/unit-of-measure-list/unit-of-measure-list.tsx","statementMap":{"0":{"start":{"line":1,"column":42},"end":{"line":1,"column":97}},"1":{"start":{"line":1,"column":98},"end":{"line":1,"column":160}},"2":{"start":{"line":1,"column":160},"end":{"line":1,"column":206}},"3":{"start":{"line":1,"column":206},"end":{"line":1,"column":269}},"4":{"start":{"line":1,"column":285},"end":{"line":1,"column":350}},"5":{"start":{"line":1,"column":364},"end":{"line":1,"column":405}},"6":{"start":{"line":2,"column":18},"end":{"line":2,"column":62}},"7":{"start":{"line":10,"column":16},"end":{"line":10,"column":48}},"8":{"start":{"line":12,"column":25},"end":{"line":12,"column":104}},"9":{"start":{"line":13,"column":18},"end":{"line":13,"column":40}},"10":{"start":{"line":13,"column":60},"end":{"line":13,"column":186}},"11":{"start":{"line":13,"column":235},"end":{"line":13,"column":282}},"12":{"start":{"line":13,"column":270},"end":{"line":13,"column":282}},"13":{"start":{"line":13,"column":306},"end":{"line":13,"column":319}},"14":{"start":{"line":13,"column":343},"end":{"line":13,"column":356}},"15":{"start":{"line":13,"column":357},"end":{"line":13,"column":514}},"16":{"start":{"line":13,"column":440},"end":{"line":13,"column":498}},"17":{"start":{"line":13,"column":567},"end":{"line":13,"column":623}},"18":{"start":{"line":13,"column":611},"end":{"line":13,"column":622}},"19":{"start":{"line":13,"column":623},"end":{"line":13,"column":723}},"20":{"start":{"line":13,"column":698},"end":{"line":13,"column":722}},"21":{"start":{"line":13,"column":735},"end":{"line":13,"column":772}},"22":{"start":{"line":13,"column":773},"end":{"line":13,"column":826}},"23":{"start":{"line":13,"column":803},"end":{"line":13,"column":825}},"24":{"start":{"line":13,"column":839},"end":{"line":13,"column":841}},"25":{"start":{"line":13,"column":870},"end":{"line":13,"column":926}},"26":{"start":{"line":13,"column":927},"end":{"line":13,"column":1219}},"27":{"start":{"line":13,"column":949},"end":{"line":13,"column":1218}},"28":{"start":{"line":13,"column":1034},"end":{"line":13,"column":1106}},"29":{"start":{"line":13,"column":1107},"end":{"line":13,"column":1217}},"30":{"start":{"line":13,"column":1144},"end":{"line":13,"column":1185}},"31":{"start":{"line":13,"column":1193},"end":{"line":13,"column":1216}},"32":{"start":{"line":13,"column":1219},"end":{"line":13,"column":1240}},"33":{"start":{"line":13,"column":1240},"end":{"line":13,"column":1276}},"34":{"start":{"line":13,"column":1252},"end":{"line":13,"column":1275}},"35":{"start":{"line":13,"column":1276},"end":{"line":13,"column":1290}},"36":{"start":{"line":19,"column":34},"end":{"line":31,"column":60}},"37":{"start":{"line":20,"column":13},"end":{"line":31,"column":59}},"38":{"start":{"line":31,"column":61},"end":{"line":31,"column":127}},"39":{"start":{"line":34,"column":51},"end":{"line":34,"column":66}},"40":{"start":{"line":35,"column":17},"end":{"line":35,"column":47}},"41":{"start":{"line":37,"column":2},"end":{"line":43,"column":17}},"42":{"start":{"line":38,"column":14},"end":{"line":38,"column":72}},"43":{"start":{"line":39,"column":4},"end":{"line":42,"column":6}},"44":{"start":{"line":40,"column":6},"end":{"line":40,"column":59}},"45":{"start":{"line":41,"column":6},"end":{"line":41,"column":24}},"46":{"start":{"line":45,"column":14},"end":{"line":45,"column":53}},"47":{"start":{"line":47,"column":2},"end":{"line":47,"column":206}},"48":{"start":{"line":50,"column":0},"end":{"line":50,"column":17}},"49":{"start":{"line":50,"column":18},"end":{"line":50,"column":45}}},"fnMap":{"0":{"name":"_getRequireWildcardCache","decl":{"start":{"line":13,"column":196},"end":{"line":13,"column":220}},"loc":{"start":{"line":13,"column":234},"end":{"line":13,"column":515}},"line":13},"1":{"name":"_getRequireWildcardCache","decl":{"start":{"line":13,"column":401},"end":{"line":13,"column":425}},"loc":{"start":{"line":13,"column":439},"end":{"line":13,"column":499}},"line":13},"2":{"name":"_interopRequireWildcard","decl":{"start":{"line":13,"column":524},"end":{"line":13,"column":547}},"loc":{"start":{"line":13,"column":566},"end":{"line":13,"column":1291}},"line":13},"3":{"name":"buildUnitOfMeasureListProps","decl":{"start":{"line":19,"column":43},"end":{"line":19,"column":70}},"loc":{"start":{"line":20,"column":12},"end":{"line":31,"column":60}},"line":20},"4":{"name":"UnitOfMeasureList","decl":{"start":{"line":34,"column":9},"end":{"line":34,"column":26}},"loc":{"start":{"line":34,"column":33},"end":{"line":48,"column":1}},"line":34},"5":{"name":"(anonymous_5)","decl":{"start":{"line":37,"column":24},"end":{"line":37,"column":25}},"loc":{"start":{"line":37,"column":36},"end":{"line":43,"column":3}},"line":37},"6":{"name":"(anonymous_6)","decl":{"start":{"line":39,"column":11},"end":{"line":39,"column":12}},"loc":{"start":{"line":39,"column":23},"end":{"line":42,"column":5}},"line":39}},"branchMap":{"0":{"loc":{"start":{"line":13,"column":235},"end":{"line":13,"column":282}},"type":"if","locations":[{"start":{"line":13,"column":235},"end":{"line":13,"column":282}},{"start":{},"end":{}}],"line":13},"1":{"loc":{"start":{"line":13,"column":447},"end":{"line":13,"column":497}},"type":"cond-expr","locations":[{"start":{"line":13,"column":461},"end":{"line":13,"column":477}},{"start":{"line":13,"column":480},"end":{"line":13,"column":497}}],"line":13},"2":{"loc":{"start":{"line":13,"column":567},"end":{"line":13,"column":623}},"type":"if","locations":[{"start":{"line":13,"column":567},"end":{"line":13,"column":623}},{"start":{},"end":{}}],"line":13},"3":{"loc":{"start":{"line":13,"column":571},"end":{"line":13,"column":608}},"type":"binary-expr","locations":[{"start":{"line":13,"column":571},"end":{"line":13,"column":583}},{"start":{"line":13,"column":587},"end":{"line":13,"column":590}},{"start":{"line":13,"column":594},"end":{"line":13,"column":608}}],"line":13},"4":{"loc":{"start":{"line":13,"column":623},"end":{"line":13,"column":723}},"type":"if","locations":[{"start":{"line":13,"column":623},"end":{"line":13,"column":723}},{"start":{},"end":{}}],"line":13},"5":{"loc":{"start":{"line":13,"column":627},"end":{"line":13,"column":695}},"type":"binary-expr","locations":[{"start":{"line":13,"column":627},"end":{"line":13,"column":639}},{"start":{"line":13,"column":643},"end":{"line":13,"column":666}},{"start":{"line":13,"column":670},"end":{"line":13,"column":695}}],"line":13},"6":{"loc":{"start":{"line":13,"column":773},"end":{"line":13,"column":826}},"type":"if","locations":[{"start":{"line":13,"column":773},"end":{"line":13,"column":826}},{"start":{},"end":{}}],"line":13},"7":{"loc":{"start":{"line":13,"column":777},"end":{"line":13,"column":800}},"type":"binary-expr","locations":[{"start":{"line":13,"column":777},"end":{"line":13,"column":782}},{"start":{"line":13,"column":786},"end":{"line":13,"column":800}}],"line":13},"8":{"loc":{"start":{"line":13,"column":870},"end":{"line":13,"column":926}},"type":"binary-expr","locations":[{"start":{"line":13,"column":870},"end":{"line":13,"column":891}},{"start":{"line":13,"column":895},"end":{"line":13,"column":926}}],"line":13},"9":{"loc":{"start":{"line":13,"column":949},"end":{"line":13,"column":1218}},"type":"if","locations":[{"start":{"line":13,"column":949},"end":{"line":13,"column":1218}},{"start":{},"end":{}}],"line":13},"10":{"loc":{"start":{"line":13,"column":953},"end":{"line":13,"column":1020}},"type":"binary-expr","locations":[{"start":{"line":13,"column":953},"end":{"line":13,"column":970}},{"start":{"line":13,"column":974},"end":{"line":13,"column":1020}}],"line":13},"11":{"loc":{"start":{"line":13,"column":1034},"end":{"line":13,"column":1106}},"type":"cond-expr","locations":[{"start":{"line":13,"column":1058},"end":{"line":13,"column":1099}},{"start":{"line":13,"column":1102},"end":{"line":13,"column":1106}}],"line":13},"12":{"loc":{"start":{"line":13,"column":1107},"end":{"line":13,"column":1217}},"type":"if","locations":[{"start":{"line":13,"column":1107},"end":{"line":13,"column":1217}},{"start":{"line":13,"column":1192},"end":{"line":13,"column":1217}}],"line":13},"13":{"loc":{"start":{"line":13,"column":1111},"end":{"line":13,"column":1141}},"type":"binary-expr","locations":[{"start":{"line":13,"column":1111},"end":{"line":13,"column":1115}},{"start":{"line":13,"column":1120},"end":{"line":13,"column":1128}},{"start":{"line":13,"column":1132},"end":{"line":13,"column":1140}}],"line":13},"14":{"loc":{"start":{"line":13,"column":1240},"end":{"line":13,"column":1276}},"type":"if","locations":[{"start":{"line":13,"column":1240},"end":{"line":13,"column":1276}},{"start":{},"end":{}}],"line":13}},"s":{"0":2,"1":2,"2":2,"3":2,"4":2,"5":2,"6":2,"7":2,"8":2,"9":2,"10":2,"11":2,"12":0,"13":2,"14":2,"15":2,"16":2,"17":2,"18":0,"19":2,"20":0,"21":2,"22":2,"23":0,"24":2,"25":2,"26":2,"27":56,"28":56,"29":56,"30":0,"31":56,"32":2,"33":2,"34":2,"35":2,"36":2,"37":2,"38":2,"39":1,"40":1,"41":1,"42":1,"43":1,"44":1,"45":1,"46":1,"47":1,"48":2,"49":2},"f":{"0":2,"1":2,"2":2,"3":2,"4":1,"5":1,"6":1},"b":{"0":[0,2],"1":[0,2],"2":[0,2],"3":[2,2,2],"4":[0,2],"5":[2,2,0],"6":[0,2],"7":[2,2],"8":[2,2],"9":[56,0],"10":[56,56],"11":[56,0],"12":[0,56],"13":[56,56,56],"14":[2,0]},"inputSourceMap":null,"_coverageSchema":"1a1c01bbd47fc00a2c39e90264f33305004495a9","hash":"a7936f5f236283c166da74a6010768e489ba601c"}
,"/Users/orlando/dev/pos/libs/unit-of-measures/native-feature/src/lib/components/unit-of-measures/unit-of-measures.tsx": {"path":"/Users/orlando/dev/pos/libs/unit-of-measures/native-feature/src/lib/components/unit-of-measures/unit-of-measures.tsx","statementMap":{"0":{"start":{"line":1,"column":42},"end":{"line":1,"column":97}},"1":{"start":{"line":1,"column":98},"end":{"line":1,"column":160}},"2":{"start":{"line":1,"column":160},"end":{"line":1,"column":200}},"3":{"start":{"line":1,"column":200},"end":{"line":1,"column":225}},"4":{"start":{"line":2,"column":13},"end":{"line":2,"column":53}},"5":{"start":{"line":4,"column":25},"end":{"line":4,"column":104}},"6":{"start":{"line":5,"column":25},"end":{"line":5,"column":104}},"7":{"start":{"line":6,"column":19},"end":{"line":6,"column":60}},"8":{"start":{"line":7,"column":16},"end":{"line":7,"column":48}},"9":{"start":{"line":7,"column":68},"end":{"line":7,"column":186}},"10":{"start":{"line":9,"column":12},"end":{"line":9,"column":58}},"11":{"start":{"line":12,"column":2},"end":{"line":15,"column":219}},"12":{"start":{"line":20,"column":0},"end":{"line":20,"column":14}},"13":{"start":{"line":20,"column":15},"end":{"line":20,"column":42}}},"fnMap":{"0":{"name":"UnitOfMeasures","decl":{"start":{"line":11,"column":9},"end":{"line":11,"column":23}},"loc":{"start":{"line":11,"column":26},"end":{"line":18,"column":1}},"line":11}},"branchMap":{},"s":{"0":1,"1":1,"2":1,"3":1,"4":1,"5":1,"6":1,"7":1,"8":1,"9":1,"10":1,"11":1,"12":1,"13":1},"f":{"0":1},"b":{},"inputSourceMap":null,"_coverageSchema":"1a1c01bbd47fc00a2c39e90264f33305004495a9","hash":"d224e521626e4a0c07fd824c68538cf30fea10fa"}
}
