TN:
SF:libs/unit-of-measures/native-feature/src/lib/components/unit-of-measure-form/unit-of-measure-form.tsx
FN:10,_getRequireWildcardCache
FN:10,_getRequireWildcardCache
FN:10,_interopRequireWildcard
FN:26,UnitOfMeasureForm
FN:27,(anonymous_4)
FN:32,(anonymous_5)
FN:32,_callee
FN:32,_callee$
FN:42,save
FN:54,confirmCancel
FN:60,onPress
FNF:11
FNH:11
FNDA:2,_getRequireWildcardCache
FNDA:2,_getRequireWildcardCache
FNDA:2,_interopRequireWildcard
FNDA:12,UnitOfMeasureForm
FNDA:12,(anonymous_4)
FNDA:12,(anonymous_5)
FNDA:2,_callee
FNDA:4,_callee$
FNDA:2,save
FNDA:2,confirmCancel
FNDA:1,onPress
DA:1,2
DA:2,2
DA:4,2
DA:5,2
DA:6,2
DA:7,2
DA:9,2
DA:10,56
DA:26,12
DA:27,12
DA:28,12
DA:29,12
DA:30,12
DA:32,12
DA:33,2
DA:34,2
DA:36,2
DA:37,1
DA:38,2
DA:41,2
DA:42,12
DA:45,12
DA:54,12
DA:55,2
DA:60,1
DA:65,12
DA:94,2
LF:27
LH:27
BRDA:10,0,0,0
BRDA:10,0,1,2
BRDA:10,1,0,0
BRDA:10,1,1,2
BRDA:10,2,0,0
BRDA:10,2,1,2
BRDA:10,3,0,2
BRDA:10,3,1,2
BRDA:10,3,2,2
BRDA:10,4,0,0
BRDA:10,4,1,2
BRDA:10,5,0,2
BRDA:10,5,1,2
BRDA:10,5,2,0
BRDA:10,6,0,0
BRDA:10,6,1,2
BRDA:10,7,0,2
BRDA:10,7,1,2
BRDA:10,8,0,2
BRDA:10,8,1,2
BRDA:10,9,0,56
BRDA:10,9,1,0
BRDA:10,10,0,56
BRDA:10,10,1,56
BRDA:10,11,0,56
BRDA:10,11,1,0
BRDA:10,12,0,0
BRDA:10,12,1,56
BRDA:10,13,0,56
BRDA:10,13,1,56
BRDA:10,13,2,56
BRDA:10,14,0,2
BRDA:10,14,1,0
BRDA:32,15,0,2
BRDA:32,15,1,2
BRDA:32,15,2,2
BRDA:32,15,3,2
BRDA:36,16,0,1
BRDA:36,16,1,1
BRDA:48,17,0,0
BRDA:48,17,1,12
BRDA:49,18,0,0
BRDA:49,18,1,12
BRDA:50,19,0,0
BRDA:50,19,1,12
BRF:45
BRH:32
end_of_record
TN:
SF:libs/unit-of-measures/native-feature/src/lib/components/unit-of-measure-item/unit-of-measure-item.tsx
FN:15,UnitOfMeasureItem
FN:19,editItem
FNF:2
FNH:2
FNDA:3,UnitOfMeasureItem
FNDA:2,editItem
DA:1,3
DA:2,3
DA:4,3
DA:5,3
DA:6,3
DA:7,3
DA:15,3
DA:16,3
DA:17,3
DA:19,3
DA:20,2
DA:21,1
DA:22,1
DA:25,1
DA:26,1
DA:29,3
DA:39,3
LF:17
LH:17
BRDA:20,0,0,1
BRDA:20,0,1,1
BRF:2
BRH:2
end_of_record
TN:
SF:libs/unit-of-measures/native-feature/src/lib/components/unit-of-measure-list/unit-of-measure-list.tsx
FN:13,_getRequireWildcardCache
FN:13,_getRequireWildcardCache
FN:13,_interopRequireWildcard
FN:19,buildUnitOfMeasureListProps
FN:34,UnitOfMeasureList
FN:37,(anonymous_5)
FN:39,(anonymous_6)
FNF:7
FNH:7
FNDA:2,_getRequireWildcardCache
FNDA:2,_getRequireWildcardCache
FNDA:2,_interopRequireWildcard
FNDA:2,buildUnitOfMeasureListProps
FNDA:1,UnitOfMeasureList
FNDA:1,(anonymous_5)
FNDA:1,(anonymous_6)
DA:1,2
DA:2,2
DA:10,2
DA:12,2
DA:13,56
DA:19,2
DA:20,2
DA:31,2
DA:34,1
DA:35,1
DA:37,1
DA:38,1
DA:39,1
DA:40,1
DA:41,1
DA:45,1
DA:47,1
DA:50,2
LF:18
LH:18
BRDA:13,0,0,0
BRDA:13,0,1,2
BRDA:13,1,0,0
BRDA:13,1,1,2
BRDA:13,2,0,0
BRDA:13,2,1,2
BRDA:13,3,0,2
BRDA:13,3,1,2
BRDA:13,3,2,2
BRDA:13,4,0,0
BRDA:13,4,1,2
BRDA:13,5,0,2
BRDA:13,5,1,2
BRDA:13,5,2,0
BRDA:13,6,0,0
BRDA:13,6,1,2
BRDA:13,7,0,2
BRDA:13,7,1,2
BRDA:13,8,0,2
BRDA:13,8,1,2
BRDA:13,9,0,56
BRDA:13,9,1,0
BRDA:13,10,0,56
BRDA:13,10,1,56
BRDA:13,11,0,56
BRDA:13,11,1,0
BRDA:13,12,0,0
BRDA:13,12,1,56
BRDA:13,13,0,56
BRDA:13,13,1,56
BRDA:13,13,2,56
BRDA:13,14,0,2
BRDA:13,14,1,0
BRF:33
BRH:23
end_of_record
TN:
SF:libs/unit-of-measures/native-feature/src/lib/components/unit-of-measures/unit-of-measures.tsx
FN:11,UnitOfMeasures
FNF:1
FNH:1
FNDA:1,UnitOfMeasures
DA:1,1
DA:2,1
DA:4,1
DA:5,1
DA:6,1
DA:7,1
DA:9,1
DA:12,1
DA:20,1
LF:9
LH:9
BRF:0
BRH:0
end_of_record
