{"/Users/orlando/dev/pos/libs/brands/native-feature/src/lib/components/brand-form/brand-form.tsx": {"path":"/Users/orlando/dev/pos/libs/brands/native-feature/src/lib/components/brand-form/brand-form.tsx","statementMap":{"0":{"start":{"line":1,"column":42},"end":{"line":1,"column":97}},"1":{"start":{"line":1,"column":98},"end":{"line":1,"column":160}},"2":{"start":{"line":1,"column":160},"end":{"line":1,"column":190}},"3":{"start":{"line":1,"column":190},"end":{"line":1,"column":215}},"4":{"start":{"line":1,"column":231},"end":{"line":1,"column":296}},"5":{"start":{"line":1,"column":316},"end":{"line":1,"column":377}},"6":{"start":{"line":1,"column":403},"end":{"line":1,"column":477}},"7":{"start":{"line":1,"column":500},"end":{"line":1,"column":571}},"8":{"start":{"line":1,"column":585},"end":{"line":1,"column":626}},"9":{"start":{"line":3,"column":19},"end":{"line":3,"column":42}},"10":{"start":{"line":4,"column":14},"end":{"line":4,"column":42}},"11":{"start":{"line":5,"column":16},"end":{"line":5,"column":48}},"12":{"start":{"line":6,"column":21},"end":{"line":6,"column":47}},"13":{"start":{"line":8,"column":18},"end":{"line":8,"column":40}},"14":{"start":{"line":9,"column":18},"end":{"line":9,"column":52}},"15":{"start":{"line":9,"column":72},"end":{"line":9,"column":168}},"16":{"start":{"line":9,"column":217},"end":{"line":9,"column":264}},"17":{"start":{"line":9,"column":252},"end":{"line":9,"column":264}},"18":{"start":{"line":9,"column":288},"end":{"line":9,"column":301}},"19":{"start":{"line":9,"column":325},"end":{"line":9,"column":338}},"20":{"start":{"line":9,"column":339},"end":{"line":9,"column":496}},"21":{"start":{"line":9,"column":422},"end":{"line":9,"column":480}},"22":{"start":{"line":9,"column":549},"end":{"line":9,"column":605}},"23":{"start":{"line":9,"column":593},"end":{"line":9,"column":604}},"24":{"start":{"line":9,"column":605},"end":{"line":9,"column":705}},"25":{"start":{"line":9,"column":680},"end":{"line":9,"column":704}},"26":{"start":{"line":9,"column":717},"end":{"line":9,"column":754}},"27":{"start":{"line":9,"column":755},"end":{"line":9,"column":808}},"28":{"start":{"line":9,"column":785},"end":{"line":9,"column":807}},"29":{"start":{"line":9,"column":821},"end":{"line":9,"column":823}},"30":{"start":{"line":9,"column":852},"end":{"line":9,"column":908}},"31":{"start":{"line":9,"column":909},"end":{"line":9,"column":1201}},"32":{"start":{"line":9,"column":931},"end":{"line":9,"column":1200}},"33":{"start":{"line":9,"column":1016},"end":{"line":9,"column":1088}},"34":{"start":{"line":9,"column":1089},"end":{"line":9,"column":1199}},"35":{"start":{"line":9,"column":1126},"end":{"line":9,"column":1167}},"36":{"start":{"line":9,"column":1175},"end":{"line":9,"column":1198}},"37":{"start":{"line":9,"column":1201},"end":{"line":9,"column":1222}},"38":{"start":{"line":9,"column":1222},"end":{"line":9,"column":1258}},"39":{"start":{"line":9,"column":1234},"end":{"line":9,"column":1257}},"40":{"start":{"line":9,"column":1258},"end":{"line":9,"column":1272}},"41":{"start":{"line":22,"column":43},"end":{"line":22,"column":58}},"42":{"start":{"line":23,"column":14},"end":{"line":23,"column":92}},"43":{"start":{"line":23,"column":61},"end":{"line":23,"column":90}},"44":{"start":{"line":24,"column":17},"end":{"line":24,"column":47}},"45":{"start":{"line":25,"column":15},"end":{"line":25,"column":45}},"46":{"start":{"line":26,"column":18},"end":{"line":26,"column":45}},"47":{"start":{"line":26,"column":59},"end":{"line":26,"column":101}},"48":{"start":{"line":26,"column":109},"end":{"line":26,"column":122}},"49":{"start":{"line":26,"column":133},"end":{"line":26,"column":146}},"50":{"start":{"line":28,"column":13},"end":{"line":38,"column":153}},"51":{"start":{"line":28,"column":38},"end":{"line":38,"column":87}},"52":{"start":{"line":28,"column":131},"end":{"line":38,"column":84}},"53":{"start":{"line":28,"column":193},"end":{"line":38,"column":72}},"54":{"start":{"line":28,"column":204},"end":{"line":38,"column":71}},"55":{"start":{"line":29,"column":14},"end":{"line":29,"column":28}},"56":{"start":{"line":30,"column":14},"end":{"line":30,"column":44}},"57":{"start":{"line":32,"column":14},"end":{"line":34,"column":15}},"58":{"start":{"line":33,"column":16},"end":{"line":33,"column":37}},"59":{"start":{"line":34,"column":15},"end":{"line":34,"column":33}},"60":{"start":{"line":34,"column":33},"end":{"line":36,"column":69}},"61":{"start":{"line":37,"column":14},"end":{"line":37,"column":34}},"62":{"start":{"line":38,"column":14},"end":{"line":38,"column":29}},"63":{"start":{"line":38,"column":47},"end":{"line":38,"column":70}},"64":{"start":{"line":38,"column":88},"end":{"line":38,"column":150}},"65":{"start":{"line":38,"column":112},"end":{"line":38,"column":148}},"66":{"start":{"line":41,"column":13},"end":{"line":46,"column":66}},"67":{"start":{"line":50,"column":22},"end":{"line":59,"column":3}},"68":{"start":{"line":51,"column":4},"end":{"line":56,"column":81}},"69":{"start":{"line":56,"column":48},"end":{"line":56,"column":75}},"70":{"start":{"line":61,"column":2},"end":{"line":88,"column":141}},"71":{"start":{"line":96,"column":0},"end":{"line":96,"column":9}},"72":{"start":{"line":96,"column":10},"end":{"line":96,"column":37}}},"fnMap":{"0":{"name":"_getRequireWildcardCache","decl":{"start":{"line":9,"column":178},"end":{"line":9,"column":202}},"loc":{"start":{"line":9,"column":216},"end":{"line":9,"column":497}},"line":9},"1":{"name":"_getRequireWildcardCache","decl":{"start":{"line":9,"column":383},"end":{"line":9,"column":407}},"loc":{"start":{"line":9,"column":421},"end":{"line":9,"column":481}},"line":9},"2":{"name":"_interopRequireWildcard","decl":{"start":{"line":9,"column":506},"end":{"line":9,"column":529}},"loc":{"start":{"line":9,"column":548},"end":{"line":9,"column":1273}},"line":9},"3":{"name":"BrandForm","decl":{"start":{"line":22,"column":9},"end":{"line":22,"column":18}},"loc":{"start":{"line":22,"column":25},"end":{"line":94,"column":1}},"line":22},"4":{"name":"(anonymous_4)","decl":{"start":{"line":23,"column":43},"end":{"line":23,"column":44}},"loc":{"start":{"line":23,"column":60},"end":{"line":23,"column":91}},"line":23},"5":{"name":"(anonymous_5)","decl":{"start":{"line":28,"column":13},"end":{"line":28,"column":14}},"loc":{"start":{"line":28,"column":25},"end":{"line":38,"column":151}},"line":28},"6":{"name":"_callee","decl":{"start":{"line":28,"column":105},"end":{"line":28,"column":112}},"loc":{"start":{"line":28,"column":115},"end":{"line":38,"column":85}},"line":28},"7":{"name":"_callee$","decl":{"start":{"line":28,"column":173},"end":{"line":28,"column":181}},"loc":{"start":{"line":28,"column":192},"end":{"line":38,"column":73}},"line":28},"8":{"name":"save","decl":{"start":{"line":38,"column":104},"end":{"line":38,"column":108}},"loc":{"start":{"line":38,"column":111},"end":{"line":38,"column":149}},"line":38},"9":{"name":"confirmCancel","decl":{"start":{"line":50,"column":31},"end":{"line":50,"column":44}},"loc":{"start":{"line":50,"column":47},"end":{"line":59,"column":3}},"line":50},"10":{"name":"onPress","decl":{"start":{"line":56,"column":37},"end":{"line":56,"column":44}},"loc":{"start":{"line":56,"column":47},"end":{"line":56,"column":76}},"line":56}},"branchMap":{"0":{"loc":{"start":{"line":9,"column":217},"end":{"line":9,"column":264}},"type":"if","locations":[{"start":{"line":9,"column":217},"end":{"line":9,"column":264}},{"start":{},"end":{}}],"line":9},"1":{"loc":{"start":{"line":9,"column":429},"end":{"line":9,"column":479}},"type":"cond-expr","locations":[{"start":{"line":9,"column":443},"end":{"line":9,"column":459}},{"start":{"line":9,"column":462},"end":{"line":9,"column":479}}],"line":9},"2":{"loc":{"start":{"line":9,"column":549},"end":{"line":9,"column":605}},"type":"if","locations":[{"start":{"line":9,"column":549},"end":{"line":9,"column":605}},{"start":{},"end":{}}],"line":9},"3":{"loc":{"start":{"line":9,"column":553},"end":{"line":9,"column":590}},"type":"binary-expr","locations":[{"start":{"line":9,"column":553},"end":{"line":9,"column":565}},{"start":{"line":9,"column":569},"end":{"line":9,"column":572}},{"start":{"line":9,"column":576},"end":{"line":9,"column":590}}],"line":9},"4":{"loc":{"start":{"line":9,"column":605},"end":{"line":9,"column":705}},"type":"if","locations":[{"start":{"line":9,"column":605},"end":{"line":9,"column":705}},{"start":{},"end":{}}],"line":9},"5":{"loc":{"start":{"line":9,"column":609},"end":{"line":9,"column":677}},"type":"binary-expr","locations":[{"start":{"line":9,"column":609},"end":{"line":9,"column":621}},{"start":{"line":9,"column":625},"end":{"line":9,"column":648}},{"start":{"line":9,"column":652},"end":{"line":9,"column":677}}],"line":9},"6":{"loc":{"start":{"line":9,"column":755},"end":{"line":9,"column":808}},"type":"if","locations":[{"start":{"line":9,"column":755},"end":{"line":9,"column":808}},{"start":{},"end":{}}],"line":9},"7":{"loc":{"start":{"line":9,"column":759},"end":{"line":9,"column":782}},"type":"binary-expr","locations":[{"start":{"line":9,"column":759},"end":{"line":9,"column":764}},{"start":{"line":9,"column":768},"end":{"line":9,"column":782}}],"line":9},"8":{"loc":{"start":{"line":9,"column":852},"end":{"line":9,"column":908}},"type":"binary-expr","locations":[{"start":{"line":9,"column":852},"end":{"line":9,"column":873}},{"start":{"line":9,"column":877},"end":{"line":9,"column":908}}],"line":9},"9":{"loc":{"start":{"line":9,"column":931},"end":{"line":9,"column":1200}},"type":"if","locations":[{"start":{"line":9,"column":931},"end":{"line":9,"column":1200}},{"start":{},"end":{}}],"line":9},"10":{"loc":{"start":{"line":9,"column":935},"end":{"line":9,"column":1002}},"type":"binary-expr","locations":[{"start":{"line":9,"column":935},"end":{"line":9,"column":952}},{"start":{"line":9,"column":956},"end":{"line":9,"column":1002}}],"line":9},"11":{"loc":{"start":{"line":9,"column":1016},"end":{"line":9,"column":1088}},"type":"cond-expr","locations":[{"start":{"line":9,"column":1040},"end":{"line":9,"column":1081}},{"start":{"line":9,"column":1084},"end":{"line":9,"column":1088}}],"line":9},"12":{"loc":{"start":{"line":9,"column":1089},"end":{"line":9,"column":1199}},"type":"if","locations":[{"start":{"line":9,"column":1089},"end":{"line":9,"column":1199}},{"start":{"line":9,"column":1174},"end":{"line":9,"column":1199}}],"line":9},"13":{"loc":{"start":{"line":9,"column":1093},"end":{"line":9,"column":1123}},"type":"binary-expr","locations":[{"start":{"line":9,"column":1093},"end":{"line":9,"column":1097}},{"start":{"line":9,"column":1102},"end":{"line":9,"column":1110}},{"start":{"line":9,"column":1114},"end":{"line":9,"column":1122}}],"line":9},"14":{"loc":{"start":{"line":9,"column":1222},"end":{"line":9,"column":1258}},"type":"if","locations":[{"start":{"line":9,"column":1222},"end":{"line":9,"column":1258}},{"start":{},"end":{}}],"line":9},"15":{"loc":{"start":{"line":28,"column":204},"end":{"line":38,"column":71}},"type":"switch","locations":[{"start":{"line":28,"column":244},"end":{"line":36,"column":69}},{"start":{"line":36,"column":69},"end":{"line":38,"column":29}},{"start":{"line":38,"column":29},"end":{"line":38,"column":36}},{"start":{"line":38,"column":36},"end":{"line":38,"column":70}}],"line":28},"16":{"loc":{"start":{"line":32,"column":14},"end":{"line":34,"column":15}},"type":"if","locations":[{"start":{"line":32,"column":14},"end":{"line":34,"column":15}},{"start":{},"end":{}}],"line":32},"17":{"loc":{"start":{"line":44,"column":10},"end":{"line":44,"column":43}},"type":"cond-expr","locations":[{"start":{"line":44,"column":26},"end":{"line":44,"column":32}},{"start":{"line":44,"column":35},"end":{"line":44,"column":43}}],"line":44},"18":{"loc":{"start":{"line":45,"column":12},"end":{"line":45,"column":47}},"type":"cond-expr","locations":[{"start":{"line":45,"column":28},"end":{"line":45,"column":34}},{"start":{"line":45,"column":37},"end":{"line":45,"column":47}}],"line":45},"19":{"loc":{"start":{"line":46,"column":19},"end":{"line":46,"column":61}},"type":"cond-expr","locations":[{"start":{"line":46,"column":35},"end":{"line":46,"column":41}},{"start":{"line":46,"column":44},"end":{"line":46,"column":61}}],"line":46}},"s":{"0":2,"1":2,"2":2,"3":2,"4":2,"5":2,"6":2,"7":2,"8":2,"9":2,"10":2,"11":2,"12":2,"13":2,"14":2,"15":2,"16":2,"17":0,"18":2,"19":2,"20":2,"21":2,"22":2,"23":0,"24":2,"25":0,"26":2,"27":2,"28":0,"29":2,"30":2,"31":2,"32":56,"33":56,"34":56,"35":0,"36":56,"37":2,"38":2,"39":2,"40":2,"41":12,"42":12,"43":12,"44":12,"45":12,"46":12,"47":12,"48":12,"49":12,"50":12,"51":12,"52":2,"53":4,"54":4,"55":2,"56":2,"57":2,"58":1,"59":2,"60":2,"61":2,"62":2,"63":2,"64":12,"65":2,"66":12,"67":12,"68":2,"69":1,"70":12,"71":2,"72":2},"f":{"0":2,"1":2,"2":2,"3":12,"4":12,"5":12,"6":2,"7":4,"8":2,"9":2,"10":1},"b":{"0":[0,2],"1":[0,2],"2":[0,2],"3":[2,2,2],"4":[0,2],"5":[2,2,0],"6":[0,2],"7":[2,2],"8":[2,2],"9":[56,0],"10":[56,56],"11":[56,0],"12":[0,56],"13":[56,56,56],"14":[2,0],"15":[2,2,2,2],"16":[1,1],"17":[0,12],"18":[0,12],"19":[0,12]},"inputSourceMap":null,"_coverageSchema":"1a1c01bbd47fc00a2c39e90264f33305004495a9","hash":"0d4b85fe5bfe8a9b75c9b8cd68a2d9ecba3b32ed"}
,"/Users/orlando/dev/pos/libs/brands/native-feature/src/lib/components/brand-item/brand-item.tsx": {"path":"/Users/orlando/dev/pos/libs/brands/native-feature/src/lib/components/brand-item/brand-item.tsx","statementMap":{"0":{"start":{"line":1,"column":42},"end":{"line":1,"column":97}},"1":{"start":{"line":1,"column":98},"end":{"line":1,"column":160}},"2":{"start":{"line":1,"column":160},"end":{"line":1,"column":190}},"3":{"start":{"line":1,"column":190},"end":{"line":1,"column":241}},"4":{"start":{"line":1,"column":260},"end":{"line":1,"column":321}},"5":{"start":{"line":1,"column":344},"end":{"line":1,"column":415}},"6":{"start":{"line":1,"column":441},"end":{"line":1,"column":515}},"7":{"start":{"line":2,"column":13},"end":{"line":2,"column":54}},"8":{"start":{"line":4,"column":19},"end":{"line":4,"column":42}},"9":{"start":{"line":5,"column":14},"end":{"line":5,"column":42}},"10":{"start":{"line":6,"column":14},"end":{"line":6,"column":38}},"11":{"start":{"line":7,"column":18},"end":{"line":7,"column":52}},"12":{"start":{"line":8,"column":18},"end":{"line":8,"column":40}},"13":{"start":{"line":8,"column":60},"end":{"line":8,"column":156}},"14":{"start":{"line":8,"column":205},"end":{"line":8,"column":252}},"15":{"start":{"line":8,"column":240},"end":{"line":8,"column":252}},"16":{"start":{"line":8,"column":276},"end":{"line":8,"column":289}},"17":{"start":{"line":8,"column":313},"end":{"line":8,"column":326}},"18":{"start":{"line":8,"column":327},"end":{"line":8,"column":484}},"19":{"start":{"line":8,"column":410},"end":{"line":8,"column":468}},"20":{"start":{"line":8,"column":537},"end":{"line":8,"column":593}},"21":{"start":{"line":8,"column":581},"end":{"line":8,"column":592}},"22":{"start":{"line":8,"column":593},"end":{"line":8,"column":693}},"23":{"start":{"line":8,"column":668},"end":{"line":8,"column":692}},"24":{"start":{"line":8,"column":705},"end":{"line":8,"column":742}},"25":{"start":{"line":8,"column":743},"end":{"line":8,"column":796}},"26":{"start":{"line":8,"column":773},"end":{"line":8,"column":795}},"27":{"start":{"line":8,"column":809},"end":{"line":8,"column":811}},"28":{"start":{"line":8,"column":840},"end":{"line":8,"column":896}},"29":{"start":{"line":8,"column":897},"end":{"line":8,"column":1189}},"30":{"start":{"line":8,"column":919},"end":{"line":8,"column":1188}},"31":{"start":{"line":8,"column":1004},"end":{"line":8,"column":1076}},"32":{"start":{"line":8,"column":1077},"end":{"line":8,"column":1187}},"33":{"start":{"line":8,"column":1114},"end":{"line":8,"column":1155}},"34":{"start":{"line":8,"column":1163},"end":{"line":8,"column":1186}},"35":{"start":{"line":8,"column":1189},"end":{"line":8,"column":1210}},"36":{"start":{"line":8,"column":1210},"end":{"line":8,"column":1246}},"37":{"start":{"line":8,"column":1222},"end":{"line":8,"column":1245}},"38":{"start":{"line":8,"column":1246},"end":{"line":8,"column":1260}},"39":{"start":{"line":16,"column":22},"end":{"line":24,"column":164}},"40":{"start":{"line":16,"column":46},"end":{"line":24,"column":76}},"41":{"start":{"line":19,"column":16},"end":{"line":24,"column":73}},"42":{"start":{"line":19,"column":78},"end":{"line":24,"column":61}},"43":{"start":{"line":19,"column":89},"end":{"line":24,"column":60}},"44":{"start":{"line":19,"column":136},"end":{"line":21,"column":42}},"45":{"start":{"line":21,"column":17},"end":{"line":21,"column":35}},"46":{"start":{"line":21,"column":35},"end":{"line":21,"column":41}},"47":{"start":{"line":21,"column":42},"end":{"line":21,"column":82}},"48":{"start":{"line":21,"column":89},"end":{"line":21,"column":107}},"49":{"start":{"line":21,"column":107},"end":{"line":22,"column":31}},"50":{"start":{"line":23,"column":12},"end":{"line":23,"column":28}},"51":{"start":{"line":23,"column":28},"end":{"line":24,"column":18}},"52":{"start":{"line":24,"column":36},"end":{"line":24,"column":59}},"53":{"start":{"line":24,"column":77},"end":{"line":24,"column":161}},"54":{"start":{"line":24,"column":124},"end":{"line":24,"column":159}},"55":{"start":{"line":24,"column":165},"end":{"line":24,"column":207}},"56":{"start":{"line":27,"column":38},"end":{"line":27,"column":48}},"57":{"start":{"line":27,"column":62},"end":{"line":27,"column":78}},"58":{"start":{"line":28,"column":14},"end":{"line":28,"column":37}},"59":{"start":{"line":29,"column":15},"end":{"line":29,"column":45}},"60":{"start":{"line":30,"column":17},"end":{"line":30,"column":47}},"61":{"start":{"line":31,"column":18},"end":{"line":31,"column":45}},"62":{"start":{"line":31,"column":59},"end":{"line":31,"column":101}},"63":{"start":{"line":31,"column":109},"end":{"line":31,"column":122}},"64":{"start":{"line":31,"column":133},"end":{"line":31,"column":146}},"65":{"start":{"line":33,"column":19},"end":{"line":40,"column":161}},"66":{"start":{"line":33,"column":44},"end":{"line":40,"column":89}},"67":{"start":{"line":33,"column":123},"end":{"line":40,"column":86}},"68":{"start":{"line":33,"column":187},"end":{"line":40,"column":73}},"69":{"start":{"line":33,"column":198},"end":{"line":40,"column":72}},"70":{"start":{"line":34,"column":14},"end":{"line":34,"column":28}},"71":{"start":{"line":34,"column":28},"end":{"line":34,"column":47}},"72":{"start":{"line":34,"column":47},"end":{"line":38,"column":89}},"73":{"start":{"line":37,"column":31},"end":{"line":37,"column":74}},"74":{"start":{"line":38,"column":31},"end":{"line":38,"column":85}},"75":{"start":{"line":40,"column":14},"end":{"line":40,"column":29}},"76":{"start":{"line":40,"column":47},"end":{"line":40,"column":71}},"77":{"start":{"line":40,"column":90},"end":{"line":40,"column":158}},"78":{"start":{"line":40,"column":120},"end":{"line":40,"column":156}},"79":{"start":{"line":43,"column":17},"end":{"line":46,"column":3}},"80":{"start":{"line":44,"column":4},"end":{"line":44,"column":53}},"81":{"start":{"line":45,"column":4},"end":{"line":45,"column":38}},"82":{"start":{"line":48,"column":24},"end":{"line":57,"column":3}},"83":{"start":{"line":49,"column":4},"end":{"line":54,"column":74}},"84":{"start":{"line":54,"column":48},"end":{"line":54,"column":68}},"85":{"start":{"line":59,"column":2},"end":{"line":91,"column":137}},"86":{"start":{"line":98,"column":0},"end":{"line":98,"column":9}},"87":{"start":{"line":98,"column":10},"end":{"line":98,"column":37}}},"fnMap":{"0":{"name":"_getRequireWildcardCache","decl":{"start":{"line":8,"column":166},"end":{"line":8,"column":190}},"loc":{"start":{"line":8,"column":204},"end":{"line":8,"column":485}},"line":8},"1":{"name":"_getRequireWildcardCache","decl":{"start":{"line":8,"column":371},"end":{"line":8,"column":395}},"loc":{"start":{"line":8,"column":409},"end":{"line":8,"column":469}},"line":8},"2":{"name":"_interopRequireWildcard","decl":{"start":{"line":8,"column":494},"end":{"line":8,"column":517}},"loc":{"start":{"line":8,"column":536},"end":{"line":8,"column":1261}},"line":8},"3":{"name":"(anonymous_3)","decl":{"start":{"line":16,"column":22},"end":{"line":16,"column":23}},"loc":{"start":{"line":16,"column":34},"end":{"line":24,"column":162}},"line":16},"4":{"name":"_callee","decl":{"start":{"line":16,"column":113},"end":{"line":16,"column":120}},"loc":{"start":{"line":19,"column":15},"end":{"line":24,"column":74}},"line":19},"5":{"name":"_callee$","decl":{"start":{"line":19,"column":58},"end":{"line":19,"column":66}},"loc":{"start":{"line":19,"column":77},"end":{"line":24,"column":62}},"line":19},"6":{"name":"deleteBrandById","decl":{"start":{"line":24,"column":93},"end":{"line":24,"column":108}},"loc":{"start":{"line":24,"column":123},"end":{"line":24,"column":160}},"line":24},"7":{"name":"BrandItem","decl":{"start":{"line":27,"column":9},"end":{"line":27,"column":18}},"loc":{"start":{"line":27,"column":26},"end":{"line":96,"column":1}},"line":27},"8":{"name":"(anonymous_8)","decl":{"start":{"line":33,"column":19},"end":{"line":33,"column":20}},"loc":{"start":{"line":33,"column":31},"end":{"line":40,"column":159}},"line":33},"9":{"name":"_callee2","decl":{"start":{"line":33,"column":111},"end":{"line":33,"column":119}},"loc":{"start":{"line":33,"column":122},"end":{"line":40,"column":87}},"line":33},"10":{"name":"_callee2$","decl":{"start":{"line":33,"column":165},"end":{"line":33,"column":174}},"loc":{"start":{"line":33,"column":186},"end":{"line":40,"column":74}},"line":33},"11":{"name":"(anonymous_11)","decl":{"start":{"line":37,"column":16},"end":{"line":37,"column":17}},"loc":{"start":{"line":37,"column":30},"end":{"line":37,"column":75}},"line":37},"12":{"name":"(anonymous_12)","decl":{"start":{"line":38,"column":16},"end":{"line":38,"column":17}},"loc":{"start":{"line":38,"column":30},"end":{"line":38,"column":86}},"line":38},"13":{"name":"deleteItem","decl":{"start":{"line":40,"column":106},"end":{"line":40,"column":116}},"loc":{"start":{"line":40,"column":119},"end":{"line":40,"column":157}},"line":40},"14":{"name":"editItem","decl":{"start":{"line":43,"column":26},"end":{"line":43,"column":34}},"loc":{"start":{"line":43,"column":37},"end":{"line":46,"column":3}},"line":43},"15":{"name":"confirmDeletion","decl":{"start":{"line":48,"column":33},"end":{"line":48,"column":48}},"loc":{"start":{"line":48,"column":51},"end":{"line":57,"column":3}},"line":48},"16":{"name":"onPress","decl":{"start":{"line":54,"column":37},"end":{"line":54,"column":44}},"loc":{"start":{"line":54,"column":47},"end":{"line":54,"column":69}},"line":54}},"branchMap":{"0":{"loc":{"start":{"line":8,"column":205},"end":{"line":8,"column":252}},"type":"if","locations":[{"start":{"line":8,"column":205},"end":{"line":8,"column":252}},{"start":{},"end":{}}],"line":8},"1":{"loc":{"start":{"line":8,"column":417},"end":{"line":8,"column":467}},"type":"cond-expr","locations":[{"start":{"line":8,"column":431},"end":{"line":8,"column":447}},{"start":{"line":8,"column":450},"end":{"line":8,"column":467}}],"line":8},"2":{"loc":{"start":{"line":8,"column":537},"end":{"line":8,"column":593}},"type":"if","locations":[{"start":{"line":8,"column":537},"end":{"line":8,"column":593}},{"start":{},"end":{}}],"line":8},"3":{"loc":{"start":{"line":8,"column":541},"end":{"line":8,"column":578}},"type":"binary-expr","locations":[{"start":{"line":8,"column":541},"end":{"line":8,"column":553}},{"start":{"line":8,"column":557},"end":{"line":8,"column":560}},{"start":{"line":8,"column":564},"end":{"line":8,"column":578}}],"line":8},"4":{"loc":{"start":{"line":8,"column":593},"end":{"line":8,"column":693}},"type":"if","locations":[{"start":{"line":8,"column":593},"end":{"line":8,"column":693}},{"start":{},"end":{}}],"line":8},"5":{"loc":{"start":{"line":8,"column":597},"end":{"line":8,"column":665}},"type":"binary-expr","locations":[{"start":{"line":8,"column":597},"end":{"line":8,"column":609}},{"start":{"line":8,"column":613},"end":{"line":8,"column":636}},{"start":{"line":8,"column":640},"end":{"line":8,"column":665}}],"line":8},"6":{"loc":{"start":{"line":8,"column":743},"end":{"line":8,"column":796}},"type":"if","locations":[{"start":{"line":8,"column":743},"end":{"line":8,"column":796}},{"start":{},"end":{}}],"line":8},"7":{"loc":{"start":{"line":8,"column":747},"end":{"line":8,"column":770}},"type":"binary-expr","locations":[{"start":{"line":8,"column":747},"end":{"line":8,"column":752}},{"start":{"line":8,"column":756},"end":{"line":8,"column":770}}],"line":8},"8":{"loc":{"start":{"line":8,"column":840},"end":{"line":8,"column":896}},"type":"binary-expr","locations":[{"start":{"line":8,"column":840},"end":{"line":8,"column":861}},{"start":{"line":8,"column":865},"end":{"line":8,"column":896}}],"line":8},"9":{"loc":{"start":{"line":8,"column":919},"end":{"line":8,"column":1188}},"type":"if","locations":[{"start":{"line":8,"column":919},"end":{"line":8,"column":1188}},{"start":{},"end":{}}],"line":8},"10":{"loc":{"start":{"line":8,"column":923},"end":{"line":8,"column":990}},"type":"binary-expr","locations":[{"start":{"line":8,"column":923},"end":{"line":8,"column":940}},{"start":{"line":8,"column":944},"end":{"line":8,"column":990}}],"line":8},"11":{"loc":{"start":{"line":8,"column":1004},"end":{"line":8,"column":1076}},"type":"cond-expr","locations":[{"start":{"line":8,"column":1028},"end":{"line":8,"column":1069}},{"start":{"line":8,"column":1072},"end":{"line":8,"column":1076}}],"line":8},"12":{"loc":{"start":{"line":8,"column":1077},"end":{"line":8,"column":1187}},"type":"if","locations":[{"start":{"line":8,"column":1077},"end":{"line":8,"column":1187}},{"start":{"line":8,"column":1162},"end":{"line":8,"column":1187}}],"line":8},"13":{"loc":{"start":{"line":8,"column":1081},"end":{"line":8,"column":1111}},"type":"binary-expr","locations":[{"start":{"line":8,"column":1081},"end":{"line":8,"column":1085}},{"start":{"line":8,"column":1090},"end":{"line":8,"column":1098}},{"start":{"line":8,"column":1102},"end":{"line":8,"column":1110}}],"line":8},"14":{"loc":{"start":{"line":8,"column":1210},"end":{"line":8,"column":1246}},"type":"if","locations":[{"start":{"line":8,"column":1210},"end":{"line":8,"column":1246}},{"start":{},"end":{}}],"line":8},"15":{"loc":{"start":{"line":19,"column":89},"end":{"line":24,"column":60}},"type":"switch","locations":[{"start":{"line":19,"column":129},"end":{"line":21,"column":82}},{"start":{"line":21,"column":82},"end":{"line":22,"column":31}},{"start":{"line":22,"column":31},"end":{"line":24,"column":18}},{"start":{"line":24,"column":18},"end":{"line":24,"column":25}},{"start":{"line":24,"column":25},"end":{"line":24,"column":59}}],"line":19},"16":{"loc":{"start":{"line":19,"column":136},"end":{"line":21,"column":42}},"type":"if","locations":[{"start":{"line":19,"column":136},"end":{"line":21,"column":42}},{"start":{},"end":{}}],"line":19},"17":{"loc":{"start":{"line":33,"column":198},"end":{"line":40,"column":72}},"type":"switch","locations":[{"start":{"line":33,"column":240},"end":{"line":38,"column":89}},{"start":{"line":38,"column":89},"end":{"line":40,"column":29}},{"start":{"line":40,"column":29},"end":{"line":40,"column":36}},{"start":{"line":40,"column":36},"end":{"line":40,"column":71}}],"line":33},"18":{"loc":{"start":{"line":61,"column":4},"end":{"line":62,"column":183}},"type":"binary-expr","locations":[{"start":{"line":61,"column":4},"end":{"line":61,"column":8}},{"start":{"line":62,"column":4},"end":{"line":62,"column":183}}],"line":61}},"s":{"0":3,"1":3,"2":3,"3":3,"4":3,"5":3,"6":3,"7":3,"8":3,"9":3,"10":3,"11":3,"12":3,"13":3,"14":3,"15":0,"16":3,"17":3,"18":3,"19":3,"20":3,"21":0,"22":3,"23":0,"24":3,"25":3,"26":0,"27":3,"28":3,"29":3,"30":84,"31":84,"32":84,"33":0,"34":84,"35":3,"36":3,"37":3,"38":3,"39":3,"40":3,"41":3,"42":8,"43":10,"44":3,"45":2,"46":2,"47":1,"48":2,"49":2,"50":2,"51":2,"52":3,"53":3,"54":3,"55":3,"56":7,"57":6,"58":6,"59":6,"60":6,"61":6,"62":6,"63":6,"64":6,"65":6,"66":6,"67":1,"68":2,"69":2,"70":1,"71":1,"72":1,"73":1,"74":1,"75":1,"76":1,"77":6,"78":1,"79":6,"80":1,"81":1,"82":6,"83":2,"84":1,"85":6,"86":3,"87":3},"f":{"0":3,"1":3,"2":3,"3":3,"4":3,"5":8,"6":3,"7":7,"8":6,"9":1,"10":2,"11":1,"12":1,"13":1,"14":1,"15":2,"16":1},"b":{"0":[0,3],"1":[0,3],"2":[0,3],"3":[3,3,3],"4":[0,3],"5":[3,3,0],"6":[0,3],"7":[3,3],"8":[3,3],"9":[84,0],"10":[84,84],"11":[84,0],"12":[0,84],"13":[84,84,84],"14":[3,0],"15":[3,2,2,0,3],"16":[2,1],"17":[1,1,1,1],"18":[6,1]},"inputSourceMap":null,"_coverageSchema":"1a1c01bbd47fc00a2c39e90264f33305004495a9","hash":"c22bda2fb03df8b366bce32984a068b3b9b0d0cc"}
,"/Users/orlando/dev/pos/libs/brands/native-feature/src/lib/components/brand-list/brand-list.tsx": {"path":"/Users/orlando/dev/pos/libs/brands/native-feature/src/lib/components/brand-list/brand-list.tsx","statementMap":{"0":{"start":{"line":1,"column":42},"end":{"line":1,"column":97}},"1":{"start":{"line":1,"column":98},"end":{"line":1,"column":160}},"2":{"start":{"line":1,"column":160},"end":{"line":1,"column":190}},"3":{"start":{"line":1,"column":190},"end":{"line":1,"column":245}},"4":{"start":{"line":1,"column":261},"end":{"line":1,"column":326}},"5":{"start":{"line":2,"column":13},"end":{"line":2,"column":54}},"6":{"start":{"line":3,"column":18},"end":{"line":3,"column":52}},"7":{"start":{"line":4,"column":16},"end":{"line":4,"column":48}},"8":{"start":{"line":6,"column":17},"end":{"line":6,"column":76}},"9":{"start":{"line":7,"column":18},"end":{"line":7,"column":40}},"10":{"start":{"line":7,"column":60},"end":{"line":7,"column":156}},"11":{"start":{"line":7,"column":205},"end":{"line":7,"column":252}},"12":{"start":{"line":7,"column":240},"end":{"line":7,"column":252}},"13":{"start":{"line":7,"column":276},"end":{"line":7,"column":289}},"14":{"start":{"line":7,"column":313},"end":{"line":7,"column":326}},"15":{"start":{"line":7,"column":327},"end":{"line":7,"column":484}},"16":{"start":{"line":7,"column":410},"end":{"line":7,"column":468}},"17":{"start":{"line":7,"column":537},"end":{"line":7,"column":593}},"18":{"start":{"line":7,"column":581},"end":{"line":7,"column":592}},"19":{"start":{"line":7,"column":593},"end":{"line":7,"column":693}},"20":{"start":{"line":7,"column":668},"end":{"line":7,"column":692}},"21":{"start":{"line":7,"column":705},"end":{"line":7,"column":742}},"22":{"start":{"line":7,"column":743},"end":{"line":7,"column":796}},"23":{"start":{"line":7,"column":773},"end":{"line":7,"column":795}},"24":{"start":{"line":7,"column":809},"end":{"line":7,"column":811}},"25":{"start":{"line":7,"column":840},"end":{"line":7,"column":896}},"26":{"start":{"line":7,"column":897},"end":{"line":7,"column":1189}},"27":{"start":{"line":7,"column":919},"end":{"line":7,"column":1188}},"28":{"start":{"line":7,"column":1004},"end":{"line":7,"column":1076}},"29":{"start":{"line":7,"column":1077},"end":{"line":7,"column":1187}},"30":{"start":{"line":7,"column":1114},"end":{"line":7,"column":1155}},"31":{"start":{"line":7,"column":1163},"end":{"line":7,"column":1186}},"32":{"start":{"line":7,"column":1189},"end":{"line":7,"column":1210}},"33":{"start":{"line":7,"column":1210},"end":{"line":7,"column":1246}},"34":{"start":{"line":7,"column":1222},"end":{"line":7,"column":1245}},"35":{"start":{"line":7,"column":1246},"end":{"line":7,"column":1260}},"36":{"start":{"line":13,"column":26},"end":{"line":23,"column":38}},"37":{"start":{"line":13,"column":68},"end":{"line":23,"column":37}},"38":{"start":{"line":23,"column":39},"end":{"line":23,"column":89}},"39":{"start":{"line":26,"column":43},"end":{"line":26,"column":58}},"40":{"start":{"line":27,"column":17},"end":{"line":27,"column":47}},"41":{"start":{"line":29,"column":2},"end":{"line":35,"column":17}},"42":{"start":{"line":30,"column":14},"end":{"line":30,"column":64}},"43":{"start":{"line":31,"column":4},"end":{"line":34,"column":6}},"44":{"start":{"line":32,"column":6},"end":{"line":32,"column":49}},"45":{"start":{"line":33,"column":6},"end":{"line":33,"column":24}},"46":{"start":{"line":37,"column":14},"end":{"line":37,"column":45}},"47":{"start":{"line":39,"column":2},"end":{"line":39,"column":206}},"48":{"start":{"line":42,"column":0},"end":{"line":42,"column":9}},"49":{"start":{"line":42,"column":10},"end":{"line":42,"column":37}}},"fnMap":{"0":{"name":"_getRequireWildcardCache","decl":{"start":{"line":7,"column":166},"end":{"line":7,"column":190}},"loc":{"start":{"line":7,"column":204},"end":{"line":7,"column":485}},"line":7},"1":{"name":"_getRequireWildcardCache","decl":{"start":{"line":7,"column":371},"end":{"line":7,"column":395}},"loc":{"start":{"line":7,"column":409},"end":{"line":7,"column":469}},"line":7},"2":{"name":"_interopRequireWildcard","decl":{"start":{"line":7,"column":494},"end":{"line":7,"column":517}},"loc":{"start":{"line":7,"column":536},"end":{"line":7,"column":1261}},"line":7},"3":{"name":"buildBrandListProps","decl":{"start":{"line":13,"column":35},"end":{"line":13,"column":54}},"loc":{"start":{"line":13,"column":67},"end":{"line":23,"column":38}},"line":13},"4":{"name":"BrandList","decl":{"start":{"line":26,"column":9},"end":{"line":26,"column":18}},"loc":{"start":{"line":26,"column":25},"end":{"line":40,"column":1}},"line":26},"5":{"name":"(anonymous_5)","decl":{"start":{"line":29,"column":24},"end":{"line":29,"column":25}},"loc":{"start":{"line":29,"column":36},"end":{"line":35,"column":3}},"line":29},"6":{"name":"(anonymous_6)","decl":{"start":{"line":31,"column":11},"end":{"line":31,"column":12}},"loc":{"start":{"line":31,"column":23},"end":{"line":34,"column":5}},"line":31}},"branchMap":{"0":{"loc":{"start":{"line":7,"column":205},"end":{"line":7,"column":252}},"type":"if","locations":[{"start":{"line":7,"column":205},"end":{"line":7,"column":252}},{"start":{},"end":{}}],"line":7},"1":{"loc":{"start":{"line":7,"column":417},"end":{"line":7,"column":467}},"type":"cond-expr","locations":[{"start":{"line":7,"column":431},"end":{"line":7,"column":447}},{"start":{"line":7,"column":450},"end":{"line":7,"column":467}}],"line":7},"2":{"loc":{"start":{"line":7,"column":537},"end":{"line":7,"column":593}},"type":"if","locations":[{"start":{"line":7,"column":537},"end":{"line":7,"column":593}},{"start":{},"end":{}}],"line":7},"3":{"loc":{"start":{"line":7,"column":541},"end":{"line":7,"column":578}},"type":"binary-expr","locations":[{"start":{"line":7,"column":541},"end":{"line":7,"column":553}},{"start":{"line":7,"column":557},"end":{"line":7,"column":560}},{"start":{"line":7,"column":564},"end":{"line":7,"column":578}}],"line":7},"4":{"loc":{"start":{"line":7,"column":593},"end":{"line":7,"column":693}},"type":"if","locations":[{"start":{"line":7,"column":593},"end":{"line":7,"column":693}},{"start":{},"end":{}}],"line":7},"5":{"loc":{"start":{"line":7,"column":597},"end":{"line":7,"column":665}},"type":"binary-expr","locations":[{"start":{"line":7,"column":597},"end":{"line":7,"column":609}},{"start":{"line":7,"column":613},"end":{"line":7,"column":636}},{"start":{"line":7,"column":640},"end":{"line":7,"column":665}}],"line":7},"6":{"loc":{"start":{"line":7,"column":743},"end":{"line":7,"column":796}},"type":"if","locations":[{"start":{"line":7,"column":743},"end":{"line":7,"column":796}},{"start":{},"end":{}}],"line":7},"7":{"loc":{"start":{"line":7,"column":747},"end":{"line":7,"column":770}},"type":"binary-expr","locations":[{"start":{"line":7,"column":747},"end":{"line":7,"column":752}},{"start":{"line":7,"column":756},"end":{"line":7,"column":770}}],"line":7},"8":{"loc":{"start":{"line":7,"column":840},"end":{"line":7,"column":896}},"type":"binary-expr","locations":[{"start":{"line":7,"column":840},"end":{"line":7,"column":861}},{"start":{"line":7,"column":865},"end":{"line":7,"column":896}}],"line":7},"9":{"loc":{"start":{"line":7,"column":919},"end":{"line":7,"column":1188}},"type":"if","locations":[{"start":{"line":7,"column":919},"end":{"line":7,"column":1188}},{"start":{},"end":{}}],"line":7},"10":{"loc":{"start":{"line":7,"column":923},"end":{"line":7,"column":990}},"type":"binary-expr","locations":[{"start":{"line":7,"column":923},"end":{"line":7,"column":940}},{"start":{"line":7,"column":944},"end":{"line":7,"column":990}}],"line":7},"11":{"loc":{"start":{"line":7,"column":1004},"end":{"line":7,"column":1076}},"type":"cond-expr","locations":[{"start":{"line":7,"column":1028},"end":{"line":7,"column":1069}},{"start":{"line":7,"column":1072},"end":{"line":7,"column":1076}}],"line":7},"12":{"loc":{"start":{"line":7,"column":1077},"end":{"line":7,"column":1187}},"type":"if","locations":[{"start":{"line":7,"column":1077},"end":{"line":7,"column":1187}},{"start":{"line":7,"column":1162},"end":{"line":7,"column":1187}}],"line":7},"13":{"loc":{"start":{"line":7,"column":1081},"end":{"line":7,"column":1111}},"type":"binary-expr","locations":[{"start":{"line":7,"column":1081},"end":{"line":7,"column":1085}},{"start":{"line":7,"column":1090},"end":{"line":7,"column":1098}},{"start":{"line":7,"column":1102},"end":{"line":7,"column":1110}}],"line":7},"14":{"loc":{"start":{"line":7,"column":1210},"end":{"line":7,"column":1246}},"type":"if","locations":[{"start":{"line":7,"column":1210},"end":{"line":7,"column":1246}},{"start":{},"end":{}}],"line":7}},"s":{"0":2,"1":2,"2":2,"3":2,"4":2,"5":2,"6":2,"7":2,"8":2,"9":2,"10":2,"11":2,"12":0,"13":2,"14":2,"15":2,"16":2,"17":2,"18":0,"19":2,"20":0,"21":2,"22":2,"23":0,"24":2,"25":2,"26":2,"27":56,"28":56,"29":56,"30":0,"31":56,"32":2,"33":2,"34":2,"35":2,"36":2,"37":2,"38":2,"39":1,"40":1,"41":1,"42":1,"43":1,"44":1,"45":1,"46":1,"47":1,"48":2,"49":2},"f":{"0":2,"1":2,"2":2,"3":2,"4":1,"5":1,"6":1},"b":{"0":[0,2],"1":[0,2],"2":[0,2],"3":[2,2,2],"4":[0,2],"5":[2,2,0],"6":[0,2],"7":[2,2],"8":[2,2],"9":[56,0],"10":[56,56],"11":[56,0],"12":[0,56],"13":[56,56,56],"14":[2,0]},"inputSourceMap":null,"_coverageSchema":"1a1c01bbd47fc00a2c39e90264f33305004495a9","hash":"e128d2953006affe10e6a7aab152ee649436ef54"}
,"/Users/orlando/dev/pos/libs/brands/native-feature/src/lib/components/brands/brands.tsx": {"path":"/Users/orlando/dev/pos/libs/brands/native-feature/src/lib/components/brands/brands.tsx","statementMap":{"0":{"start":{"line":1,"column":42},"end":{"line":1,"column":97}},"1":{"start":{"line":1,"column":98},"end":{"line":1,"column":160}},"2":{"start":{"line":1,"column":160},"end":{"line":1,"column":184}},"3":{"start":{"line":1,"column":184},"end":{"line":1,"column":209}},"4":{"start":{"line":2,"column":13},"end":{"line":2,"column":53}},"5":{"start":{"line":4,"column":17},"end":{"line":4,"column":76}},"6":{"start":{"line":5,"column":17},"end":{"line":5,"column":76}},"7":{"start":{"line":6,"column":19},"end":{"line":6,"column":60}},"8":{"start":{"line":7,"column":16},"end":{"line":7,"column":48}},"9":{"start":{"line":7,"column":68},"end":{"line":7,"column":156}},"10":{"start":{"line":9,"column":12},"end":{"line":9,"column":58}},"11":{"start":{"line":12,"column":2},"end":{"line":15,"column":203}},"12":{"start":{"line":20,"column":0},"end":{"line":20,"column":6}},"13":{"start":{"line":20,"column":7},"end":{"line":20,"column":34}}},"fnMap":{"0":{"name":"Brands","decl":{"start":{"line":11,"column":9},"end":{"line":11,"column":15}},"loc":{"start":{"line":11,"column":18},"end":{"line":18,"column":1}},"line":11}},"branchMap":{},"s":{"0":1,"1":1,"2":1,"3":1,"4":1,"5":1,"6":1,"7":1,"8":1,"9":1,"10":1,"11":1,"12":1,"13":1},"f":{"0":1},"b":{},"inputSourceMap":null,"_coverageSchema":"1a1c01bbd47fc00a2c39e90264f33305004495a9","hash":"47ab008b351c01d8f5bee394a359d8350c8e88f8"}
}
