TN:
SF:libs/brands/native-feature/src/lib/components/brand-form/brand-form.tsx
FN:9,_getRequireWildcardCache
FN:9,_getRequireWildcardCache
FN:9,_interopRequireWildcard
FN:22,BrandForm
FN:23,(anonymous_4)
FN:28,(anonymous_5)
FN:28,_callee
FN:28,_callee$
FN:38,save
FN:50,confirmCancel
FN:56,onPress
FNF:11
FNH:11
FNDA:2,_getRequireWildcardCache
FNDA:2,_getRequireWildcardCache
FNDA:2,_interopRequireWildcard
FNDA:12,BrandForm
FNDA:12,(anonymous_4)
FNDA:12,(anonymous_5)
FNDA:2,_callee
FNDA:4,_callee$
FNDA:2,save
FNDA:2,confirmCancel
FNDA:1,onPress
DA:1,2
DA:3,2
DA:4,2
DA:5,2
DA:6,2
DA:8,2
DA:9,56
DA:22,12
DA:23,12
DA:24,12
DA:25,12
DA:26,12
DA:28,12
DA:29,2
DA:30,2
DA:32,2
DA:33,1
DA:34,2
DA:37,2
DA:38,12
DA:41,12
DA:50,12
DA:51,2
DA:56,1
DA:61,12
DA:96,2
LF:26
LH:26
BRDA:9,0,0,0
BRDA:9,0,1,2
BRDA:9,1,0,0
BRDA:9,1,1,2
BRDA:9,2,0,0
BRDA:9,2,1,2
BRDA:9,3,0,2
BRDA:9,3,1,2
BRDA:9,3,2,2
BRDA:9,4,0,0
BRDA:9,4,1,2
BRDA:9,5,0,2
BRDA:9,5,1,2
BRDA:9,5,2,0
BRDA:9,6,0,0
BRDA:9,6,1,2
BRDA:9,7,0,2
BRDA:9,7,1,2
BRDA:9,8,0,2
BRDA:9,8,1,2
BRDA:9,9,0,56
BRDA:9,9,1,0
BRDA:9,10,0,56
BRDA:9,10,1,56
BRDA:9,11,0,56
BRDA:9,11,1,0
BRDA:9,12,0,0
BRDA:9,12,1,56
BRDA:9,13,0,56
BRDA:9,13,1,56
BRDA:9,13,2,56
BRDA:9,14,0,2
BRDA:9,14,1,0
BRDA:28,15,0,2
BRDA:28,15,1,2
BRDA:28,15,2,2
BRDA:28,15,3,2
BRDA:32,16,0,1
BRDA:32,16,1,1
BRDA:44,17,0,0
BRDA:44,17,1,12
BRDA:45,18,0,0
BRDA:45,18,1,12
BRDA:46,19,0,0
BRDA:46,19,1,12
BRF:45
BRH:32
end_of_record
TN:
SF:libs/brands/native-feature/src/lib/components/brand-item/brand-item.tsx
FN:8,_getRequireWildcardCache
FN:8,_getRequireWildcardCache
FN:8,_interopRequireWildcard
FN:16,(anonymous_3)
FN:16,_callee
FN:19,_callee$
FN:24,deleteBrandById
FN:27,BrandItem
FN:33,(anonymous_8)
FN:33,_callee2
FN:33,_callee2$
FN:37,(anonymous_11)
FN:38,(anonymous_12)
FN:40,deleteItem
FN:43,editItem
FN:48,confirmDeletion
FN:54,onPress
FNF:17
FNH:17
FNDA:3,_getRequireWildcardCache
FNDA:3,_getRequireWildcardCache
FNDA:3,_interopRequireWildcard
FNDA:3,(anonymous_3)
FNDA:3,_callee
FNDA:8,_callee$
FNDA:3,deleteBrandById
FNDA:7,BrandItem
FNDA:6,(anonymous_8)
FNDA:1,_callee2
FNDA:2,_callee2$
FNDA:1,(anonymous_11)
FNDA:1,(anonymous_12)
FNDA:1,deleteItem
FNDA:1,editItem
FNDA:2,confirmDeletion
FNDA:1,onPress
DA:1,3
DA:2,3
DA:4,3
DA:5,3
DA:6,3
DA:7,3
DA:8,84
DA:16,3
DA:19,10
DA:21,2
DA:23,2
DA:24,3
DA:27,7
DA:28,6
DA:29,6
DA:30,6
DA:31,6
DA:33,6
DA:34,1
DA:37,1
DA:38,1
DA:40,6
DA:43,6
DA:44,1
DA:45,1
DA:48,6
DA:49,2
DA:54,1
DA:59,6
DA:98,3
LF:30
LH:30
BRDA:8,0,0,0
BRDA:8,0,1,3
BRDA:8,1,0,0
BRDA:8,1,1,3
BRDA:8,2,0,0
BRDA:8,2,1,3
BRDA:8,3,0,3
BRDA:8,3,1,3
BRDA:8,3,2,3
BRDA:8,4,0,0
BRDA:8,4,1,3
BRDA:8,5,0,3
BRDA:8,5,1,3
BRDA:8,5,2,0
BRDA:8,6,0,0
BRDA:8,6,1,3
BRDA:8,7,0,3
BRDA:8,7,1,3
BRDA:8,8,0,3
BRDA:8,8,1,3
BRDA:8,9,0,84
BRDA:8,9,1,0
BRDA:8,10,0,84
BRDA:8,10,1,84
BRDA:8,11,0,84
BRDA:8,11,1,0
BRDA:8,12,0,0
BRDA:8,12,1,84
BRDA:8,13,0,84
BRDA:8,13,1,84
BRDA:8,13,2,84
BRDA:8,14,0,3
BRDA:8,14,1,0
BRDA:19,15,0,3
BRDA:19,15,1,2
BRDA:19,15,2,2
BRDA:19,15,3,0
BRDA:19,15,4,3
BRDA:19,16,0,2
BRDA:19,16,1,1
BRDA:33,17,0,1
BRDA:33,17,1,1
BRDA:33,17,2,1
BRDA:33,17,3,1
BRDA:61,18,0,6
BRDA:61,18,1,1
BRF:46
BRH:35
end_of_record
TN:
SF:libs/brands/native-feature/src/lib/components/brand-list/brand-list.tsx
FN:7,_getRequireWildcardCache
FN:7,_getRequireWildcardCache
FN:7,_interopRequireWildcard
FN:13,buildBrandListProps
FN:26,BrandList
FN:29,(anonymous_5)
FN:31,(anonymous_6)
FNF:7
FNH:7
FNDA:2,_getRequireWildcardCache
FNDA:2,_getRequireWildcardCache
FNDA:2,_interopRequireWildcard
FNDA:2,buildBrandListProps
FNDA:1,BrandList
FNDA:1,(anonymous_5)
FNDA:1,(anonymous_6)
DA:1,2
DA:2,2
DA:3,2
DA:4,2
DA:6,2
DA:7,56
DA:13,2
DA:23,2
DA:26,1
DA:27,1
DA:29,1
DA:30,1
DA:31,1
DA:32,1
DA:33,1
DA:37,1
DA:39,1
DA:42,2
LF:18
LH:18
BRDA:7,0,0,0
BRDA:7,0,1,2
BRDA:7,1,0,0
BRDA:7,1,1,2
BRDA:7,2,0,0
BRDA:7,2,1,2
BRDA:7,3,0,2
BRDA:7,3,1,2
BRDA:7,3,2,2
BRDA:7,4,0,0
BRDA:7,4,1,2
BRDA:7,5,0,2
BRDA:7,5,1,2
BRDA:7,5,2,0
BRDA:7,6,0,0
BRDA:7,6,1,2
BRDA:7,7,0,2
BRDA:7,7,1,2
BRDA:7,8,0,2
BRDA:7,8,1,2
BRDA:7,9,0,56
BRDA:7,9,1,0
BRDA:7,10,0,56
BRDA:7,10,1,56
BRDA:7,11,0,56
BRDA:7,11,1,0
BRDA:7,12,0,0
BRDA:7,12,1,56
BRDA:7,13,0,56
BRDA:7,13,1,56
BRDA:7,13,2,56
BRDA:7,14,0,2
BRDA:7,14,1,0
BRF:33
BRH:23
end_of_record
TN:
SF:libs/brands/native-feature/src/lib/components/brands/brands.tsx
FN:11,Brands
FNF:1
FNH:1
FNDA:1,Brands
DA:1,1
DA:2,1
DA:4,1
DA:5,1
DA:6,1
DA:7,1
DA:9,1
DA:12,1
DA:20,1
LF:9
LH:9
BRF:0
BRH:0
end_of_record
