TN:
SF:libs/back-office/native-feature/src/lib/components/back-office/back-office.tsx
FN:28,ownKeys
FN:28,(anonymous_1)
FN:28,_objectSpread
FN:28,(anonymous_3)
FN:28,(anonymous_4)
FN:37,BackOffice
FN:92,useStyles
FNF:7
FNH:5
FNDA:5,ownKeys
FNDA:0,(anonymous_1)
FNDA:5,_objectSpread
FNDA:9,(anonymous_3)
FNDA:0,(anonymous_4)
FNDA:1,BackOffice
FNDA:1,useStyles
DA:1,1
DA:2,1
DA:4,1
DA:5,1
DA:6,1
DA:7,1
DA:8,1
DA:10,1
DA:14,1
DA:16,1
DA:17,1
DA:18,1
DA:19,1
DA:20,1
DA:21,1
DA:22,1
DA:23,1
DA:24,1
DA:25,1
DA:27,1
DA:28,9
DA:30,1
DA:37,1
DA:38,1
DA:39,1
DA:41,1
DA:92,1
DA:93,1
DA:94,1
DA:96,1
DA:126,1
LF:31
LH:31
BRDA:28,0,0,5
BRDA:28,0,1,0
BRDA:28,1,0,5
BRDA:28,1,1,5
BRDA:28,2,0,6
BRDA:28,2,1,0
BRDA:28,3,0,5
BRDA:28,3,1,1
BRDA:28,4,0,1
BRDA:28,4,1,0
BRDA:56,5,0,0
BRDA:56,5,1,1
BRDA:56,6,0,0
BRDA:56,6,1,1
BRF:14
BRH:9
end_of_record
TN:
SF:libs/back-office/native-feature/src/lib/components/sidebar/menu-items.ts
FNF:0
FNH:0
DA:1,1
DA:4,1
DA:78,1
LF:3
LH:3
BRF:0
BRH:0
end_of_record
TN:
SF:libs/back-office/native-feature/src/lib/components/sidebar/sidebar.tsx
FN:9,_getRequireWildcardCache
FN:9,_getRequireWildcardCache
FN:9,_interopRequireWildcard
FN:15,Sidebar
FN:19,onSelect
FN:28,(anonymous_5)
FNF:6
FNH:6
FNDA:1,_getRequireWildcardCache
FNDA:1,_getRequireWildcardCache
FNDA:1,_interopRequireWildcard
FNDA:3,Sidebar
FNDA:2,onSelect
FNDA:6,(anonymous_5)
DA:1,1
DA:4,1
DA:6,1
DA:7,1
DA:9,28
DA:15,3
DA:16,3
DA:17,3
DA:19,3
DA:20,2
DA:22,1
DA:23,1
DA:26,3
DA:29,6
DA:30,3
DA:40,3
DA:57,1
LF:17
LH:17
BRDA:9,0,0,0
BRDA:9,0,1,1
BRDA:9,1,0,0
BRDA:9,1,1,1
BRDA:9,2,0,0
BRDA:9,2,1,1
BRDA:9,3,0,1
BRDA:9,3,1,1
BRDA:9,3,2,1
BRDA:9,4,0,0
BRDA:9,4,1,1
BRDA:9,5,0,1
BRDA:9,5,1,1
BRDA:9,5,2,0
BRDA:9,6,0,0
BRDA:9,6,1,1
BRDA:9,7,0,1
BRDA:9,7,1,1
BRDA:9,8,0,1
BRDA:9,8,1,1
BRDA:9,9,0,28
BRDA:9,9,1,0
BRDA:9,10,0,28
BRDA:9,10,1,28
BRDA:9,11,0,28
BRDA:9,11,1,0
BRDA:9,12,0,0
BRDA:9,12,1,28
BRDA:9,13,0,28
BRDA:9,13,1,28
BRDA:9,13,2,28
BRDA:9,14,0,1
BRDA:9,14,1,0
BRDA:20,15,0,1
BRDA:20,15,1,1
BRDA:29,16,0,3
BRDA:29,16,1,3
BRF:37
BRH:27
end_of_record
TN:
SF:libs/back-office/native-feature/src/lib/components/sidebar/single-item.tsx
FN:13,SingleItem
FN:23,onPress
FNF:2
FNH:2
FNDA:3,SingleItem
FNDA:2,onPress
DA:1,1
DA:2,1
DA:18,3
DA:19,3
DA:20,3
DA:23,2
LF:6
LH:6
BRDA:23,0,0,2
BRDA:23,0,1,1
BRDA:25,1,0,3
BRDA:25,1,1,3
BRDA:29,2,0,1
BRDA:29,2,1,2
BRDA:36,3,0,1
BRDA:36,3,1,2
BRDA:43,4,0,1
BRDA:43,4,1,2
BRDA:44,5,0,1
BRDA:44,5,1,2
BRDA:51,6,0,3
BRDA:51,6,1,1
BRDA:51,7,0,0
BRDA:51,7,1,1
BRF:16
BRH:15
end_of_record
TN:
SF:libs/back-office/native-feature/src/lib/components/sidebar/submenu.tsx
FN:13,Submenu
FN:51,onPress
FN:54,(anonymous_2)
FNF:3
FNH:3
FNDA:2,Submenu
FNDA:2,onPress
FNDA:4,(anonymous_2)
DA:1,1
DA:3,1
DA:5,1
DA:6,1
DA:19,2
DA:20,2
DA:23,2
DA:51,2
DA:54,4
LF:9
LH:9
BRDA:27,0,0,2
BRDA:27,0,1,2
BRDA:31,1,0,0
BRDA:31,1,1,2
BRDA:31,2,0,2
BRDA:31,2,1,0
BRDA:31,2,2,0
BRDA:38,3,0,0
BRDA:38,3,1,2
BRDA:38,4,0,2
BRDA:38,4,1,0
BRDA:38,4,2,0
BRDA:40,5,0,0
BRDA:40,5,1,2
BRDA:51,6,0,1
BRDA:51,6,1,1
BRDA:53,7,0,0
BRDA:53,7,1,2
BRF:18
BRH:10
end_of_record
