{"/Users/orlando/dev/pos/libs/printings/native-feature/src/lib/components/printer-item/printer-item.tsx": {"path":"/Users/orlando/dev/pos/libs/printings/native-feature/src/lib/components/printer-item/printer-item.tsx","statementMap":{"0":{"start":{"line":1,"column":42},"end":{"line":1,"column":97}},"1":{"start":{"line":1,"column":98},"end":{"line":1,"column":160}},"2":{"start":{"line":1,"column":160},"end":{"line":1,"column":194}},"3":{"start":{"line":1,"column":207},"end":{"line":1,"column":247}},"4":{"start":{"line":3,"column":19},"end":{"line":3,"column":42}},"5":{"start":{"line":4,"column":14},"end":{"line":4,"column":42}},"6":{"start":{"line":5,"column":14},"end":{"line":5,"column":38}},"7":{"start":{"line":5,"column":58},"end":{"line":5,"column":161}},"8":{"start":{"line":17,"column":15},"end":{"line":17,"column":45}},"9":{"start":{"line":19,"column":2},"end":{"line":24,"column":198}},"10":{"start":{"line":34,"column":12},"end":{"line":34,"column":21}},"11":{"start":{"line":34,"column":35},"end":{"line":34,"column":50}},"12":{"start":{"line":34,"column":68},"end":{"line":34,"column":87}},"13":{"start":{"line":34,"column":103},"end":{"line":34,"column":120}},"14":{"start":{"line":35,"column":14},"end":{"line":35,"column":37}},"15":{"start":{"line":36,"column":15},"end":{"line":36,"column":45}},"16":{"start":{"line":38,"column":2},"end":{"line":85,"column":223}},"17":{"start":{"line":74,"column":35},"end":{"line":74,"column":61}}},"fnMap":{"0":{"name":"InfoBox","decl":{"start":{"line":16,"column":9},"end":{"line":16,"column":16}},"loc":{"start":{"line":16,"column":24},"end":{"line":27,"column":1}},"line":16},"1":{"name":"PrinterItem","decl":{"start":{"line":29,"column":9},"end":{"line":29,"column":20}},"loc":{"start":{"line":34,"column":0},"end":{"line":93,"column":1}},"line":34},"2":{"name":"onPress","decl":{"start":{"line":74,"column":24},"end":{"line":74,"column":31}},"loc":{"start":{"line":74,"column":34},"end":{"line":74,"column":62}},"line":74}},"branchMap":{"0":{"loc":{"start":{"line":70,"column":4},"end":{"line":74,"column":165}},"type":"binary-expr","locations":[{"start":{"line":70,"column":4},"end":{"line":70,"column":85}},{"start":{"line":70,"column":89},"end":{"line":70,"column":101}},{"start":{"line":71,"column":4},"end":{"line":74,"column":165}}],"line":70},"1":{"loc":{"start":{"line":70,"column":5},"end":{"line":70,"column":64}},"type":"cond-expr","locations":[{"start":{"line":70,"column":30},"end":{"line":70,"column":36}},{"start":{"line":70,"column":39},"end":{"line":70,"column":64}}],"line":70},"2":{"loc":{"start":{"line":77,"column":4},"end":{"line":85,"column":219}},"type":"binary-expr","locations":[{"start":{"line":77,"column":4},"end":{"line":77,"column":85}},{"start":{"line":78,"column":4},"end":{"line":85,"column":219}}],"line":77},"3":{"loc":{"start":{"line":77,"column":5},"end":{"line":77,"column":64}},"type":"cond-expr","locations":[{"start":{"line":77,"column":30},"end":{"line":77,"column":36}},{"start":{"line":77,"column":39},"end":{"line":77,"column":64}}],"line":77}},"s":{"0":2,"1":2,"2":2,"3":2,"4":2,"5":2,"6":2,"7":2,"8":12,"9":12,"10":3,"11":3,"12":3,"13":3,"14":3,"15":3,"16":3,"17":1},"f":{"0":12,"1":3,"2":1},"b":{"0":[3,2,2],"1":[0,3],"2":[3,1],"3":[0,3]},"inputSourceMap":null,"_coverageSchema":"1a1c01bbd47fc00a2c39e90264f33305004495a9","hash":"d4b66f9ce893c021fd353a31235779b85d25cc67"}
,"/Users/orlando/dev/pos/libs/printings/native-feature/src/lib/components/printer-list/printer-list.tsx": {"path":"/Users/orlando/dev/pos/libs/printings/native-feature/src/lib/components/printer-list/printer-list.tsx","statementMap":{"0":{"start":{"line":1,"column":42},"end":{"line":1,"column":97}},"1":{"start":{"line":1,"column":98},"end":{"line":1,"column":160}},"2":{"start":{"line":1,"column":160},"end":{"line":1,"column":194}},"3":{"start":{"line":1,"column":194},"end":{"line":1,"column":448}},"4":{"start":{"line":1,"column":471},"end":{"line":1,"column":543}},"5":{"start":{"line":1,"column":563},"end":{"line":1,"column":624}},"6":{"start":{"line":1,"column":647},"end":{"line":1,"column":718}},"7":{"start":{"line":1,"column":744},"end":{"line":1,"column":818}},"8":{"start":{"line":1,"column":832},"end":{"line":1,"column":873}},"9":{"start":{"line":3,"column":29},"end":{"line":3,"column":88}},"10":{"start":{"line":4,"column":19},"end":{"line":4,"column":58}},"11":{"start":{"line":5,"column":19},"end":{"line":5,"column":42}},"12":{"start":{"line":6,"column":14},"end":{"line":6,"column":49}},"13":{"start":{"line":7,"column":15},"end":{"line":7,"column":43}},"14":{"start":{"line":8,"column":18},"end":{"line":8,"column":40}},"15":{"start":{"line":9,"column":18},"end":{"line":9,"column":55}},"16":{"start":{"line":17,"column":16},"end":{"line":17,"column":48}},"17":{"start":{"line":17,"column":68},"end":{"line":17,"column":171}},"18":{"start":{"line":17,"column":220},"end":{"line":17,"column":267}},"19":{"start":{"line":17,"column":255},"end":{"line":17,"column":267}},"20":{"start":{"line":17,"column":291},"end":{"line":17,"column":304}},"21":{"start":{"line":17,"column":328},"end":{"line":17,"column":341}},"22":{"start":{"line":17,"column":342},"end":{"line":17,"column":499}},"23":{"start":{"line":17,"column":425},"end":{"line":17,"column":483}},"24":{"start":{"line":17,"column":552},"end":{"line":17,"column":608}},"25":{"start":{"line":17,"column":596},"end":{"line":17,"column":607}},"26":{"start":{"line":17,"column":608},"end":{"line":17,"column":708}},"27":{"start":{"line":17,"column":683},"end":{"line":17,"column":707}},"28":{"start":{"line":17,"column":720},"end":{"line":17,"column":757}},"29":{"start":{"line":17,"column":758},"end":{"line":17,"column":811}},"30":{"start":{"line":17,"column":788},"end":{"line":17,"column":810}},"31":{"start":{"line":17,"column":824},"end":{"line":17,"column":826}},"32":{"start":{"line":17,"column":855},"end":{"line":17,"column":911}},"33":{"start":{"line":17,"column":912},"end":{"line":17,"column":1204}},"34":{"start":{"line":17,"column":934},"end":{"line":17,"column":1203}},"35":{"start":{"line":17,"column":1019},"end":{"line":17,"column":1091}},"36":{"start":{"line":17,"column":1092},"end":{"line":17,"column":1202}},"37":{"start":{"line":17,"column":1129},"end":{"line":17,"column":1170}},"38":{"start":{"line":17,"column":1178},"end":{"line":17,"column":1201}},"39":{"start":{"line":17,"column":1204},"end":{"line":17,"column":1225}},"40":{"start":{"line":17,"column":1225},"end":{"line":17,"column":1261}},"41":{"start":{"line":17,"column":1237},"end":{"line":17,"column":1260}},"42":{"start":{"line":17,"column":1261},"end":{"line":17,"column":1275}},"43":{"start":{"line":17,"column":1329},"end":{"line":17,"column":1348}},"44":{"start":{"line":17,"column":1349},"end":{"line":17,"column":1595}},"45":{"start":{"line":17,"column":1398},"end":{"line":17,"column":1434}},"46":{"start":{"line":17,"column":1435},"end":{"line":17,"column":1594}},"47":{"start":{"line":17,"column":1495},"end":{"line":17,"column":1558}},"48":{"start":{"line":17,"column":1595},"end":{"line":17,"column":1607}},"49":{"start":{"line":17,"column":1640},"end":{"line":17,"column":2103}},"50":{"start":{"line":17,"column":1653},"end":{"line":17,"column":1654}},"51":{"start":{"line":17,"column":1697},"end":{"line":17,"column":1737}},"52":{"start":{"line":17,"column":1738},"end":{"line":17,"column":2102}},"53":{"start":{"line":17,"column":1798},"end":{"line":17,"column":1854}},"54":{"start":{"line":17,"column":2018},"end":{"line":17,"column":2099}},"55":{"start":{"line":17,"column":2103},"end":{"line":17,"column":2117}},"56":{"start":{"line":19,"column":15},"end":{"line":19,"column":59}},"57":{"start":{"line":21,"column":28},"end":{"line":28,"column":9}},"58":{"start":{"line":21,"column":83},"end":{"line":28,"column":8}},"59":{"start":{"line":22,"column":138},"end":{"line":27,"column":95}},"60":{"start":{"line":28,"column":10},"end":{"line":28,"column":64}},"61":{"start":{"line":30,"column":29},"end":{"line":33,"column":360}},"62":{"start":{"line":30,"column":53},"end":{"line":33,"column":270}},"63":{"start":{"line":32,"column":20},"end":{"line":33,"column":267}},"64":{"start":{"line":32,"column":82},"end":{"line":33,"column":255}},"65":{"start":{"line":32,"column":93},"end":{"line":33,"column":254}},"66":{"start":{"line":32,"column":140},"end":{"line":33,"column":34}},"67":{"start":{"line":33,"column":34},"end":{"line":33,"column":52}},"68":{"start":{"line":33,"column":52},"end":{"line":33,"column":70}},"69":{"start":{"line":33,"column":77},"end":{"line":33,"column":105}},"70":{"start":{"line":33,"column":105},"end":{"line":33,"column":135}},"71":{"start":{"line":33,"column":135},"end":{"line":33,"column":212}},"72":{"start":{"line":33,"column":230},"end":{"line":33,"column":253}},"73":{"start":{"line":33,"column":271},"end":{"line":33,"column":357}},"74":{"start":{"line":33,"column":320},"end":{"line":33,"column":355}},"75":{"start":{"line":33,"column":361},"end":{"line":33,"column":417}},"76":{"start":{"line":35,"column":37},"end":{"line":42,"column":329}},"77":{"start":{"line":38,"column":22},"end":{"line":41,"column":46}},"78":{"start":{"line":41,"column":47},"end":{"line":42,"column":328}},"79":{"start":{"line":42,"column":23},"end":{"line":42,"column":324}},"80":{"start":{"line":42,"column":87},"end":{"line":42,"column":311}},"81":{"start":{"line":42,"column":98},"end":{"line":42,"column":310}},"82":{"start":{"line":42,"column":147},"end":{"line":42,"column":166}},"83":{"start":{"line":42,"column":166},"end":{"line":42,"column":210}},"84":{"start":{"line":42,"column":217},"end":{"line":42,"column":267}},"85":{"start":{"line":42,"column":285},"end":{"line":42,"column":309}},"86":{"start":{"line":42,"column":330},"end":{"line":42,"column":402}},"87":{"start":{"line":44,"column":29},"end":{"line":52,"column":185}},"88":{"start":{"line":44,"column":54},"end":{"line":52,"column":93}},"89":{"start":{"line":46,"column":20},"end":{"line":52,"column":90}},"90":{"start":{"line":46,"column":84},"end":{"line":52,"column":61}},"91":{"start":{"line":46,"column":95},"end":{"line":52,"column":60}},"92":{"start":{"line":46,"column":144},"end":{"line":46,"column":163}},"93":{"start":{"line":46,"column":163},"end":{"line":46,"column":182}},"94":{"start":{"line":46,"column":182},"end":{"line":49,"column":65}},"95":{"start":{"line":49,"column":72},"end":{"line":49,"column":122}},"96":{"start":{"line":49,"column":129},"end":{"line":49,"column":148}},"97":{"start":{"line":49,"column":148},"end":{"line":49,"column":185}},"98":{"start":{"line":51,"column":12},"end":{"line":51,"column":90}},"99":{"start":{"line":51,"column":90},"end":{"line":52,"column":16}},"100":{"start":{"line":52,"column":35},"end":{"line":52,"column":59}},"101":{"start":{"line":52,"column":94},"end":{"line":52,"column":182}},"102":{"start":{"line":52,"column":144},"end":{"line":52,"column":180}},"103":{"start":{"line":52,"column":186},"end":{"line":52,"column":242}},"104":{"start":{"line":56,"column":34},"end":{"line":59,"column":54}},"105":{"start":{"line":58,"column":11},"end":{"line":59,"column":53}},"106":{"start":{"line":59,"column":55},"end":{"line":59,"column":121}},"107":{"start":{"line":61,"column":33},"end":{"line":61,"column":91}},"108":{"start":{"line":61,"column":76},"end":{"line":61,"column":90}},"109":{"start":{"line":61,"column":92},"end":{"line":61,"column":156}},"110":{"start":{"line":63,"column":29},"end":{"line":66,"column":55}},"111":{"start":{"line":65,"column":11},"end":{"line":66,"column":54}},"112":{"start":{"line":66,"column":56},"end":{"line":66,"column":112}},"113":{"start":{"line":72,"column":41},"end":{"line":72,"column":45}},"114":{"start":{"line":72,"column":63},"end":{"line":72,"column":79}},"115":{"start":{"line":73,"column":15},"end":{"line":73,"column":26}},"116":{"start":{"line":74,"column":17},"end":{"line":74,"column":47}},"117":{"start":{"line":75,"column":18},"end":{"line":75,"column":40}},"118":{"start":{"line":75,"column":54},"end":{"line":75,"column":96}},"119":{"start":{"line":75,"column":104},"end":{"line":75,"column":117}},"120":{"start":{"line":75,"column":128},"end":{"line":75,"column":141}},"121":{"start":{"line":76,"column":19},"end":{"line":76,"column":41}},"122":{"start":{"line":76,"column":55},"end":{"line":76,"column":98}},"123":{"start":{"line":76,"column":110},"end":{"line":76,"column":123}},"124":{"start":{"line":76,"column":138},"end":{"line":76,"column":151}},"125":{"start":{"line":77,"column":23},"end":{"line":77,"column":82}},"126":{"start":{"line":79,"column":2},"end":{"line":81,"column":17}},"127":{"start":{"line":80,"column":4},"end":{"line":80,"column":53}},"128":{"start":{"line":83,"column":2},"end":{"line":95,"column":20}},"129":{"start":{"line":84,"column":19},"end":{"line":87,"column":161}},"130":{"start":{"line":84,"column":44},"end":{"line":87,"column":91}},"131":{"start":{"line":84,"column":123},"end":{"line":87,"column":88}},"132":{"start":{"line":84,"column":187},"end":{"line":87,"column":75}},"133":{"start":{"line":84,"column":198},"end":{"line":87,"column":74}},"134":{"start":{"line":85,"column":16},"end":{"line":85,"column":30}},"135":{"start":{"line":85,"column":30},"end":{"line":86,"column":28}},"136":{"start":{"line":86,"column":28},"end":{"line":86,"column":47}},"137":{"start":{"line":86,"column":47},"end":{"line":86,"column":121}},"138":{"start":{"line":86,"column":128},"end":{"line":86,"column":158}},"139":{"start":{"line":86,"column":158},"end":{"line":86,"column":190}},"140":{"start":{"line":87,"column":16},"end":{"line":87,"column":31}},"141":{"start":{"line":87,"column":49},"end":{"line":87,"column":73}},"142":{"start":{"line":87,"column":92},"end":{"line":87,"column":158}},"143":{"start":{"line":87,"column":120},"end":{"line":87,"column":156}},"144":{"start":{"line":90,"column":4},"end":{"line":90,"column":15}},"145":{"start":{"line":92,"column":4},"end":{"line":94,"column":6}},"146":{"start":{"line":93,"column":6},"end":{"line":93,"column":39}},"147":{"start":{"line":97,"column":2},"end":{"line":100,"column":196}},"148":{"start":{"line":98,"column":2},"end":{"line":100,"column":196}},"149":{"start":{"line":104,"column":2},"end":{"line":125,"column":181}},"150":{"start":{"line":119,"column":102},"end":{"line":125,"column":175}},"151":{"start":{"line":132,"column":16},"end":{"line":140,"column":1}},"152":{"start":{"line":133,"column":14},"end":{"line":133,"column":37}},"153":{"start":{"line":134,"column":21},"end":{"line":134,"column":52}},"154":{"start":{"line":136,"column":2},"end":{"line":138,"column":38}}},"fnMap":{"0":{"name":"_getRequireWildcardCache","decl":{"start":{"line":17,"column":181},"end":{"line":17,"column":205}},"loc":{"start":{"line":17,"column":219},"end":{"line":17,"column":500}},"line":17},"1":{"name":"_getRequireWildcardCache","decl":{"start":{"line":17,"column":386},"end":{"line":17,"column":410}},"loc":{"start":{"line":17,"column":424},"end":{"line":17,"column":484}},"line":17},"2":{"name":"_interopRequireWildcard","decl":{"start":{"line":17,"column":509},"end":{"line":17,"column":532}},"loc":{"start":{"line":17,"column":551},"end":{"line":17,"column":1276}},"line":17},"3":{"name":"ownKeys","decl":{"start":{"line":17,"column":1285},"end":{"line":17,"column":1292}},"loc":{"start":{"line":17,"column":1317},"end":{"line":17,"column":1608}},"line":17},"4":{"name":"(anonymous_4)","decl":{"start":{"line":17,"column":1479},"end":{"line":17,"column":1480}},"loc":{"start":{"line":17,"column":1494},"end":{"line":17,"column":1559}},"line":17},"5":{"name":"_objectSpread","decl":{"start":{"line":17,"column":1617},"end":{"line":17,"column":1630}},"loc":{"start":{"line":17,"column":1639},"end":{"line":17,"column":2118}},"line":17},"6":{"name":"(anonymous_6)","decl":{"start":{"line":17,"column":1782},"end":{"line":17,"column":1783}},"loc":{"start":{"line":17,"column":1797},"end":{"line":17,"column":1855}},"line":17},"7":{"name":"(anonymous_7)","decl":{"start":{"line":17,"column":2002},"end":{"line":17,"column":2003}},"loc":{"start":{"line":17,"column":2017},"end":{"line":17,"column":2100}},"line":17},"8":{"name":"mapDiscoveredPrinters","decl":{"start":{"line":21,"column":37},"end":{"line":21,"column":58}},"loc":{"start":{"line":21,"column":82},"end":{"line":28,"column":9}},"line":21},"9":{"name":"(anonymous_9)","decl":{"start":{"line":22,"column":38},"end":{"line":22,"column":39}},"loc":{"start":{"line":22,"column":52},"end":{"line":27,"column":96}},"line":22},"10":{"name":"(anonymous_10)","decl":{"start":{"line":30,"column":29},"end":{"line":30,"column":30}},"loc":{"start":{"line":30,"column":41},"end":{"line":33,"column":358}},"line":30},"11":{"name":"_callee","decl":{"start":{"line":30,"column":120},"end":{"line":30,"column":127}},"loc":{"start":{"line":32,"column":19},"end":{"line":33,"column":268}},"line":32},"12":{"name":"_callee$","decl":{"start":{"line":32,"column":62},"end":{"line":32,"column":70}},"loc":{"start":{"line":32,"column":81},"end":{"line":33,"column":256}},"line":32},"13":{"name":"discoverAndMapPrinters","decl":{"start":{"line":33,"column":287},"end":{"line":33,"column":309}},"loc":{"start":{"line":33,"column":319},"end":{"line":33,"column":356}},"line":33},"14":{"name":"createSetDefaultPrinterHandler","decl":{"start":{"line":35,"column":46},"end":{"line":35,"column":76}},"loc":{"start":{"line":37,"column":9},"end":{"line":42,"column":329}},"line":37},"15":{"name":"_callee2","decl":{"start":{"line":42,"column":11},"end":{"line":42,"column":19}},"loc":{"start":{"line":42,"column":22},"end":{"line":42,"column":325}},"line":42},"16":{"name":"_callee2$","decl":{"start":{"line":42,"column":65},"end":{"line":42,"column":74}},"loc":{"start":{"line":42,"column":86},"end":{"line":42,"column":312}},"line":42},"17":{"name":"(anonymous_17)","decl":{"start":{"line":44,"column":29},"end":{"line":44,"column":30}},"loc":{"start":{"line":44,"column":41},"end":{"line":52,"column":183}},"line":44},"18":{"name":"_callee3","decl":{"start":{"line":44,"column":121},"end":{"line":44,"column":129}},"loc":{"start":{"line":46,"column":19},"end":{"line":52,"column":91}},"line":46},"19":{"name":"_callee3$","decl":{"start":{"line":46,"column":62},"end":{"line":46,"column":71}},"loc":{"start":{"line":46,"column":83},"end":{"line":52,"column":62}},"line":46},"20":{"name":"discoverPrintersSafely","decl":{"start":{"line":52,"column":110},"end":{"line":52,"column":132}},"loc":{"start":{"line":52,"column":143},"end":{"line":52,"column":181}},"line":52},"21":{"name":"shouldShowEmptyPrinterState","decl":{"start":{"line":56,"column":43},"end":{"line":56,"column":70}},"loc":{"start":{"line":58,"column":10},"end":{"line":59,"column":54}},"line":58},"22":{"name":"shouldShowBusyPrinterState","decl":{"start":{"line":61,"column":42},"end":{"line":61,"column":68}},"loc":{"start":{"line":61,"column":75},"end":{"line":61,"column":91}},"line":61},"23":{"name":"shouldShowPrinterItems","decl":{"start":{"line":63,"column":38},"end":{"line":63,"column":60}},"loc":{"start":{"line":65,"column":10},"end":{"line":66,"column":55}},"line":65},"24":{"name":"PrinterList","decl":{"start":{"line":72,"column":9},"end":{"line":72,"column":20}},"loc":{"start":{"line":72,"column":28},"end":{"line":130,"column":1}},"line":72},"25":{"name":"(anonymous_25)","decl":{"start":{"line":79,"column":24},"end":{"line":79,"column":25}},"loc":{"start":{"line":79,"column":36},"end":{"line":81,"column":3}},"line":79},"26":{"name":"(anonymous_26)","decl":{"start":{"line":83,"column":24},"end":{"line":83,"column":25}},"loc":{"start":{"line":83,"column":36},"end":{"line":95,"column":3}},"line":83},"27":{"name":"(anonymous_27)","decl":{"start":{"line":84,"column":19},"end":{"line":84,"column":20}},"loc":{"start":{"line":84,"column":31},"end":{"line":87,"column":159}},"line":84},"28":{"name":"_callee4","decl":{"start":{"line":84,"column":111},"end":{"line":84,"column":119}},"loc":{"start":{"line":84,"column":122},"end":{"line":87,"column":89}},"line":84},"29":{"name":"_callee4$","decl":{"start":{"line":84,"column":165},"end":{"line":84,"column":174}},"loc":{"start":{"line":84,"column":186},"end":{"line":87,"column":76}},"line":84},"30":{"name":"discover","decl":{"start":{"line":87,"column":108},"end":{"line":87,"column":116}},"loc":{"start":{"line":87,"column":119},"end":{"line":87,"column":157}},"line":87},"31":{"name":"cleanup","decl":{"start":{"line":92,"column":20},"end":{"line":92,"column":27}},"loc":{"start":{"line":92,"column":30},"end":{"line":94,"column":5}},"line":92},"32":{"name":"(anonymous_32)","decl":{"start":{"line":119,"column":88},"end":{"line":119,"column":89}},"loc":{"start":{"line":119,"column":101},"end":{"line":125,"column":176}},"line":119},"33":{"name":"useStyles","decl":{"start":{"line":132,"column":25},"end":{"line":132,"column":34}},"loc":{"start":{"line":132,"column":37},"end":{"line":140,"column":1}},"line":132}},"branchMap":{"0":{"loc":{"start":{"line":17,"column":220},"end":{"line":17,"column":267}},"type":"if","locations":[{"start":{"line":17,"column":220},"end":{"line":17,"column":267}},{"start":{},"end":{}}],"line":17},"1":{"loc":{"start":{"line":17,"column":432},"end":{"line":17,"column":482}},"type":"cond-expr","locations":[{"start":{"line":17,"column":446},"end":{"line":17,"column":462}},{"start":{"line":17,"column":465},"end":{"line":17,"column":482}}],"line":17},"2":{"loc":{"start":{"line":17,"column":552},"end":{"line":17,"column":608}},"type":"if","locations":[{"start":{"line":17,"column":552},"end":{"line":17,"column":608}},{"start":{},"end":{}}],"line":17},"3":{"loc":{"start":{"line":17,"column":556},"end":{"line":17,"column":593}},"type":"binary-expr","locations":[{"start":{"line":17,"column":556},"end":{"line":17,"column":568}},{"start":{"line":17,"column":572},"end":{"line":17,"column":575}},{"start":{"line":17,"column":579},"end":{"line":17,"column":593}}],"line":17},"4":{"loc":{"start":{"line":17,"column":608},"end":{"line":17,"column":708}},"type":"if","locations":[{"start":{"line":17,"column":608},"end":{"line":17,"column":708}},{"start":{},"end":{}}],"line":17},"5":{"loc":{"start":{"line":17,"column":612},"end":{"line":17,"column":680}},"type":"binary-expr","locations":[{"start":{"line":17,"column":612},"end":{"line":17,"column":624}},{"start":{"line":17,"column":628},"end":{"line":17,"column":651}},{"start":{"line":17,"column":655},"end":{"line":17,"column":680}}],"line":17},"6":{"loc":{"start":{"line":17,"column":758},"end":{"line":17,"column":811}},"type":"if","locations":[{"start":{"line":17,"column":758},"end":{"line":17,"column":811}},{"start":{},"end":{}}],"line":17},"7":{"loc":{"start":{"line":17,"column":762},"end":{"line":17,"column":785}},"type":"binary-expr","locations":[{"start":{"line":17,"column":762},"end":{"line":17,"column":767}},{"start":{"line":17,"column":771},"end":{"line":17,"column":785}}],"line":17},"8":{"loc":{"start":{"line":17,"column":855},"end":{"line":17,"column":911}},"type":"binary-expr","locations":[{"start":{"line":17,"column":855},"end":{"line":17,"column":876}},{"start":{"line":17,"column":880},"end":{"line":17,"column":911}}],"line":17},"9":{"loc":{"start":{"line":17,"column":934},"end":{"line":17,"column":1203}},"type":"if","locations":[{"start":{"line":17,"column":934},"end":{"line":17,"column":1203}},{"start":{},"end":{}}],"line":17},"10":{"loc":{"start":{"line":17,"column":938},"end":{"line":17,"column":1005}},"type":"binary-expr","locations":[{"start":{"line":17,"column":938},"end":{"line":17,"column":955}},{"start":{"line":17,"column":959},"end":{"line":17,"column":1005}}],"line":17},"11":{"loc":{"start":{"line":17,"column":1019},"end":{"line":17,"column":1091}},"type":"cond-expr","locations":[{"start":{"line":17,"column":1043},"end":{"line":17,"column":1084}},{"start":{"line":17,"column":1087},"end":{"line":17,"column":1091}}],"line":17},"12":{"loc":{"start":{"line":17,"column":1092},"end":{"line":17,"column":1202}},"type":"if","locations":[{"start":{"line":17,"column":1092},"end":{"line":17,"column":1202}},{"start":{"line":17,"column":1177},"end":{"line":17,"column":1202}}],"line":17},"13":{"loc":{"start":{"line":17,"column":1096},"end":{"line":17,"column":1126}},"type":"binary-expr","locations":[{"start":{"line":17,"column":1096},"end":{"line":17,"column":1100}},{"start":{"line":17,"column":1105},"end":{"line":17,"column":1113}},{"start":{"line":17,"column":1117},"end":{"line":17,"column":1125}}],"line":17},"14":{"loc":{"start":{"line":17,"column":1225},"end":{"line":17,"column":1261}},"type":"if","locations":[{"start":{"line":17,"column":1225},"end":{"line":17,"column":1261}},{"start":{},"end":{}}],"line":17},"15":{"loc":{"start":{"line":17,"column":1349},"end":{"line":17,"column":1595}},"type":"if","locations":[{"start":{"line":17,"column":1349},"end":{"line":17,"column":1595}},{"start":{},"end":{}}],"line":17},"16":{"loc":{"start":{"line":17,"column":1435},"end":{"line":17,"column":1561}},"type":"binary-expr","locations":[{"start":{"line":17,"column":1435},"end":{"line":17,"column":1449}},{"start":{"line":17,"column":1454},"end":{"line":17,"column":1560}}],"line":17},"17":{"loc":{"start":{"line":17,"column":1697},"end":{"line":17,"column":1737}},"type":"cond-expr","locations":[{"start":{"line":17,"column":1720},"end":{"line":17,"column":1732}},{"start":{"line":17,"column":1735},"end":{"line":17,"column":1737}}],"line":17},"18":{"loc":{"start":{"line":17,"column":1738},"end":{"line":17,"column":2101}},"type":"cond-expr","locations":[{"start":{"line":17,"column":1746},"end":{"line":17,"column":1856}},{"start":{"line":17,"column":1859},"end":{"line":17,"column":2101}}],"line":17},"19":{"loc":{"start":{"line":17,"column":1859},"end":{"line":17,"column":2101}},"type":"cond-expr","locations":[{"start":{"line":17,"column":1894},"end":{"line":17,"column":1967}},{"start":{"line":17,"column":1970},"end":{"line":17,"column":2101}}],"line":17},"20":{"loc":{"start":{"line":22,"column":4},"end":{"line":28,"column":6}},"type":"binary-expr","locations":[{"start":{"line":22,"column":5},"end":{"line":27,"column":97}},{"start":{"line":28,"column":4},"end":{"line":28,"column":6}}],"line":22},"21":{"loc":{"start":{"line":22,"column":5},"end":{"line":27,"column":97}},"type":"cond-expr","locations":[{"start":{"line":22,"column":20},"end":{"line":22,"column":26}},{"start":{"line":22,"column":29},"end":{"line":27,"column":97}}],"line":22},"22":{"loc":{"start":{"line":24,"column":20},"end":{"line":24,"column":119}},"type":"cond-expr","locations":[{"start":{"line":24,"column":78},"end":{"line":24,"column":84}},{"start":{"line":24,"column":87},"end":{"line":24,"column":119}}],"line":24},"23":{"loc":{"start":{"line":25,"column":23},"end":{"line":25,"column":127}},"type":"cond-expr","locations":[{"start":{"line":25,"column":82},"end":{"line":25,"column":88}},{"start":{"line":25,"column":91},"end":{"line":25,"column":127}}],"line":25},"24":{"loc":{"start":{"line":26,"column":12},"end":{"line":26,"column":107}},"type":"cond-expr","locations":[{"start":{"line":26,"column":57},"end":{"line":26,"column":63}},{"start":{"line":26,"column":66},"end":{"line":26,"column":107}}],"line":26},"25":{"loc":{"start":{"line":27,"column":15},"end":{"line":27,"column":92}},"type":"cond-expr","locations":[{"start":{"line":27,"column":61},"end":{"line":27,"column":67}},{"start":{"line":27,"column":70},"end":{"line":27,"column":92}}],"line":27},"26":{"loc":{"start":{"line":32,"column":93},"end":{"line":33,"column":254}},"type":"switch","locations":[{"start":{"line":32,"column":133},"end":{"line":33,"column":70}},{"start":{"line":33,"column":70},"end":{"line":33,"column":212}},{"start":{"line":33,"column":212},"end":{"line":33,"column":219}},{"start":{"line":33,"column":219},"end":{"line":33,"column":253}}],"line":32},"27":{"loc":{"start":{"line":38,"column":22},"end":{"line":41,"column":46}},"type":"cond-expr","locations":[{"start":{"line":38,"column":75},"end":{"line":38,"column":87}},{"start":{"line":41,"column":2},"end":{"line":41,"column":46}}],"line":38},"28":{"loc":{"start":{"line":38,"column":22},"end":{"line":38,"column":72}},"type":"binary-expr","locations":[{"start":{"line":38,"column":22},"end":{"line":38,"column":42}},{"start":{"line":38,"column":46},"end":{"line":38,"column":72}}],"line":38},"29":{"loc":{"start":{"line":42,"column":98},"end":{"line":42,"column":310}},"type":"switch","locations":[{"start":{"line":42,"column":140},"end":{"line":42,"column":210}},{"start":{"line":42,"column":210},"end":{"line":42,"column":267}},{"start":{"line":42,"column":267},"end":{"line":42,"column":274}},{"start":{"line":42,"column":274},"end":{"line":42,"column":309}}],"line":42},"30":{"loc":{"start":{"line":46,"column":95},"end":{"line":52,"column":60}},"type":"switch","locations":[{"start":{"line":46,"column":137},"end":{"line":49,"column":65}},{"start":{"line":49,"column":65},"end":{"line":49,"column":122}},{"start":{"line":49,"column":122},"end":{"line":52,"column":16}},{"start":{"line":52,"column":16},"end":{"line":52,"column":24}},{"start":{"line":52,"column":24},"end":{"line":52,"column":59}}],"line":46},"31":{"loc":{"start":{"line":59,"column":4},"end":{"line":59,"column":51}},"type":"binary-expr","locations":[{"start":{"line":59,"column":4},"end":{"line":59,"column":9}},{"start":{"line":59,"column":13},"end":{"line":59,"column":51}}],"line":59},"32":{"loc":{"start":{"line":59,"column":15},"end":{"line":59,"column":50}},"type":"binary-expr","locations":[{"start":{"line":59,"column":15},"end":{"line":59,"column":31}},{"start":{"line":59,"column":35},"end":{"line":59,"column":50}}],"line":59},"33":{"loc":{"start":{"line":66,"column":4},"end":{"line":66,"column":52}},"type":"binary-expr","locations":[{"start":{"line":66,"column":4},"end":{"line":66,"column":9}},{"start":{"line":66,"column":13},"end":{"line":66,"column":52}}],"line":66},"34":{"loc":{"start":{"line":66,"column":16},"end":{"line":66,"column":51}},"type":"binary-expr","locations":[{"start":{"line":66,"column":16},"end":{"line":66,"column":32}},{"start":{"line":66,"column":36},"end":{"line":66,"column":51}}],"line":66},"35":{"loc":{"start":{"line":84,"column":198},"end":{"line":87,"column":74}},"type":"switch","locations":[{"start":{"line":84,"column":240},"end":{"line":86,"column":121}},{"start":{"line":86,"column":121},"end":{"line":87,"column":31}},{"start":{"line":87,"column":31},"end":{"line":87,"column":38}},{"start":{"line":87,"column":38},"end":{"line":87,"column":73}}],"line":84},"36":{"loc":{"start":{"line":97,"column":2},"end":{"line":100,"column":196}},"type":"if","locations":[{"start":{"line":97,"column":2},"end":{"line":100,"column":196}},{"start":{},"end":{}}],"line":97},"37":{"loc":{"start":{"line":114,"column":4},"end":{"line":116,"column":210}},"type":"binary-expr","locations":[{"start":{"line":114,"column":4},"end":{"line":114,"column":36}},{"start":{"line":115,"column":4},"end":{"line":116,"column":210}}],"line":114},"38":{"loc":{"start":{"line":119,"column":4},"end":{"line":125,"column":178}},"type":"binary-expr","locations":[{"start":{"line":119,"column":4},"end":{"line":119,"column":42}},{"start":{"line":119,"column":47},"end":{"line":125,"column":177}}],"line":119},"39":{"loc":{"start":{"line":119,"column":47},"end":{"line":125,"column":177}},"type":"cond-expr","locations":[{"start":{"line":119,"column":66},"end":{"line":119,"column":72}},{"start":{"line":119,"column":75},"end":{"line":125,"column":177}}],"line":119}},"s":{"0":1,"1":1,"2":1,"3":1,"4":1,"5":1,"6":1,"7":1,"8":1,"9":1,"10":1,"11":1,"12":1,"13":1,"14":1,"15":1,"16":1,"17":1,"18":1,"19":0,"20":1,"21":1,"22":1,"23":1,"24":1,"25":0,"26":1,"27":0,"28":1,"29":1,"30":0,"31":1,"32":1,"33":1,"34":28,"35":28,"36":28,"37":0,"38":28,"39":1,"40":1,"41":1,"42":1,"43":8,"44":8,"45":8,"46":8,"47":0,"48":8,"49":8,"50":8,"51":8,"52":8,"53":80,"54":0,"55":8,"56":1,"57":1,"58":3,"59":2,"60":1,"61":1,"62":1,"63":3,"64":7,"65":7,"66":3,"67":3,"68":3,"69":1,"70":1,"71":1,"72":3,"73":1,"74":3,"75":1,"76":1,"77":1,"78":1,"79":1,"80":3,"81":3,"82":1,"83":1,"84":1,"85":1,"86":1,"87":1,"88":1,"89":2,"90":6,"91":6,"92":2,"93":2,"94":2,"95":0,"96":2,"97":2,"98":2,"99":2,"100":2,"101":1,"102":2,"103":1,"104":1,"105":6,"106":1,"107":1,"108":4,"109":1,"110":1,"111":4,"112":1,"113":5,"114":5,"115":4,"116":4,"117":4,"118":4,"119":4,"120":4,"121":4,"122":4,"123":4,"124":4,"125":4,"126":4,"127":4,"128":4,"129":1,"130":1,"131":1,"132":2,"133":2,"134":1,"135":1,"136":1,"137":1,"138":1,"139":1,"140":1,"141":1,"142":1,"143":1,"144":1,"145":1,"146":1,"147":4,"148":2,"149":2,"150":0,"151":1,"152":4,"153":4,"154":4},"f":{"0":1,"1":1,"2":1,"3":8,"4":0,"5":8,"6":80,"7":0,"8":3,"9":2,"10":1,"11":3,"12":7,"13":3,"14":1,"15":1,"16":3,"17":1,"18":2,"19":6,"20":2,"21":6,"22":4,"23":4,"24":5,"25":4,"26":1,"27":1,"28":1,"29":2,"30":1,"31":1,"32":0,"33":4},"b":{"0":[0,1],"1":[0,1],"2":[0,1],"3":[1,1,1],"4":[0,1],"5":[1,1,0],"6":[0,1],"7":[1,1],"8":[1,1],"9":[28,0],"10":[28,28],"11":[28,0],"12":[0,28],"13":[28,28,28],"14":[1,0],"15":[8,0],"16":[8,8],"17":[8,0],"18":[8,0],"19":[0,0],"20":[3,1],"21":[1,2],"22":[0,2],"23":[0,2],"24":[0,2],"25":[0,2],"26":[3,1,0,3],"27":[1,0],"28":[1,1],"29":[1,1,0,1],"30":[2,0,2,0,2],"31":[6,3],"32":[3,2],"33":[4,1],"34":[1,1],"35":[1,1,1,1],"36":[2,2],"37":[2,2],"38":[2,0],"39":[0,0]},"inputSourceMap":null,"_coverageSchema":"1a1c01bbd47fc00a2c39e90264f33305004495a9","hash":"8b8fc79d34db74f482dbbdc9f3caacf028c370c6"}
}
