TN:
SF:libs/printings/native-feature/src/lib/components/printer-item/printer-item.tsx
FN:16,InfoBox
FN:29,PrinterItem
FN:74,onPress
FNF:3
FNH:3
FNDA:12,InfoBox
FNDA:3,PrinterItem
FNDA:1,onPress
DA:1,2
DA:3,2
DA:4,2
DA:5,2
DA:17,12
DA:19,12
DA:34,3
DA:35,3
DA:36,3
DA:38,3
DA:74,1
LF:11
LH:11
BRDA:70,0,0,3
BRDA:70,0,1,2
BRDA:70,0,2,2
BRDA:70,1,0,0
BRDA:70,1,1,3
BRDA:77,2,0,3
BRDA:77,2,1,1
BRDA:77,3,0,0
BRDA:77,3,1,3
BRF:9
BRH:7
end_of_record
TN:
SF:libs/printings/native-feature/src/lib/components/printer-list/printer-list.tsx
FN:17,_getRequireWildcardCache
FN:17,_getRequireWildcardCache
FN:17,_interopRequireWildcard
FN:17,ownKeys
FN:17,(anonymous_4)
FN:17,_objectSpread
FN:17,(anonymous_6)
FN:17,(anonymous_7)
FN:21,mapDiscoveredPrinters
FN:22,(anonymous_9)
FN:30,(anonymous_10)
FN:30,_callee
FN:32,_callee$
FN:33,discoverAndMapPrinters
FN:35,createSetDefaultPrinterHandler
FN:42,_callee2
FN:42,_callee2$
FN:44,(anonymous_17)
FN:44,_callee3
FN:46,_callee3$
FN:52,discoverPrintersSafely
FN:56,shouldShowEmptyPrinterState
FN:61,shouldShowBusyPrinterState
FN:63,shouldShowPrinterItems
FN:72,PrinterList
FN:79,(anonymous_25)
FN:83,(anonymous_26)
FN:84,(anonymous_27)
FN:84,_callee4
FN:84,_callee4$
FN:87,discover
FN:92,cleanup
FN:119,(anonymous_32)
FN:132,useStyles
FNF:34
FNH:31
FNDA:1,_getRequireWildcardCache
FNDA:1,_getRequireWildcardCache
FNDA:1,_interopRequireWildcard
FNDA:8,ownKeys
FNDA:0,(anonymous_4)
FNDA:8,_objectSpread
FNDA:80,(anonymous_6)
FNDA:0,(anonymous_7)
FNDA:3,mapDiscoveredPrinters
FNDA:2,(anonymous_9)
FNDA:1,(anonymous_10)
FNDA:3,_callee
FNDA:7,_callee$
FNDA:3,discoverAndMapPrinters
FNDA:1,createSetDefaultPrinterHandler
FNDA:1,_callee2
FNDA:3,_callee2$
FNDA:1,(anonymous_17)
FNDA:2,_callee3
FNDA:6,_callee3$
FNDA:2,discoverPrintersSafely
FNDA:6,shouldShowEmptyPrinterState
FNDA:4,shouldShowBusyPrinterState
FNDA:4,shouldShowPrinterItems
FNDA:5,PrinterList
FNDA:4,(anonymous_25)
FNDA:1,(anonymous_26)
FNDA:1,(anonymous_27)
FNDA:1,_callee4
FNDA:2,_callee4$
FNDA:1,discover
FNDA:1,cleanup
FNDA:0,(anonymous_32)
FNDA:4,useStyles
DA:1,1
DA:3,1
DA:4,1
DA:5,1
DA:6,1
DA:7,1
DA:8,1
DA:9,1
DA:17,80
DA:19,1
DA:21,3
DA:22,2
DA:28,1
DA:30,1
DA:32,7
DA:33,3
DA:35,1
DA:38,1
DA:41,1
DA:42,3
DA:44,1
DA:46,6
DA:49,2
DA:51,2
DA:52,2
DA:56,1
DA:58,6
DA:59,1
DA:61,4
DA:63,1
DA:65,4
DA:66,1
DA:72,5
DA:73,4
DA:74,4
DA:75,4
DA:76,4
DA:77,4
DA:79,4
DA:80,4
DA:83,4
DA:84,2
DA:85,1
DA:86,1
DA:87,1
DA:90,1
DA:92,1
DA:93,1
DA:97,4
DA:98,2
DA:104,2
DA:119,0
DA:132,1
DA:133,4
DA:134,4
DA:136,4
LF:56
LH:55
BRDA:17,0,0,0
BRDA:17,0,1,1
BRDA:17,1,0,0
BRDA:17,1,1,1
BRDA:17,2,0,0
BRDA:17,2,1,1
BRDA:17,3,0,1
BRDA:17,3,1,1
BRDA:17,3,2,1
BRDA:17,4,0,0
BRDA:17,4,1,1
BRDA:17,5,0,1
BRDA:17,5,1,1
BRDA:17,5,2,0
BRDA:17,6,0,0
BRDA:17,6,1,1
BRDA:17,7,0,1
BRDA:17,7,1,1
BRDA:17,8,0,1
BRDA:17,8,1,1
BRDA:17,9,0,28
BRDA:17,9,1,0
BRDA:17,10,0,28
BRDA:17,10,1,28
BRDA:17,11,0,28
BRDA:17,11,1,0
BRDA:17,12,0,0
BRDA:17,12,1,28
BRDA:17,13,0,28
BRDA:17,13,1,28
BRDA:17,13,2,28
BRDA:17,14,0,1
BRDA:17,14,1,0
BRDA:17,15,0,8
BRDA:17,15,1,0
BRDA:17,16,0,8
BRDA:17,16,1,8
BRDA:17,17,0,8
BRDA:17,17,1,0
BRDA:17,18,0,8
BRDA:17,18,1,0
BRDA:17,19,0,0
BRDA:17,19,1,0
BRDA:22,20,0,3
BRDA:22,20,1,1
BRDA:22,21,0,1
BRDA:22,21,1,2
BRDA:24,22,0,0
BRDA:24,22,1,2
BRDA:25,23,0,0
BRDA:25,23,1,2
BRDA:26,24,0,0
BRDA:26,24,1,2
BRDA:27,25,0,0
BRDA:27,25,1,2
BRDA:32,26,0,3
BRDA:32,26,1,1
BRDA:32,26,2,0
BRDA:32,26,3,3
BRDA:38,27,0,1
BRDA:38,27,1,0
BRDA:38,28,0,1
BRDA:38,28,1,1
BRDA:42,29,0,1
BRDA:42,29,1,1
BRDA:42,29,2,0
BRDA:42,29,3,1
BRDA:46,30,0,2
BRDA:46,30,1,0
BRDA:46,30,2,2
BRDA:46,30,3,0
BRDA:46,30,4,2
BRDA:59,31,0,6
BRDA:59,31,1,3
BRDA:59,32,0,3
BRDA:59,32,1,2
BRDA:66,33,0,4
BRDA:66,33,1,1
BRDA:66,34,0,1
BRDA:66,34,1,1
BRDA:84,35,0,1
BRDA:84,35,1,1
BRDA:84,35,2,1
BRDA:84,35,3,1
BRDA:97,36,0,2
BRDA:97,36,1,2
BRDA:114,37,0,2
BRDA:114,37,1,2
BRDA:119,38,0,2
BRDA:119,38,1,0
BRDA:119,39,0,0
BRDA:119,39,1,0
BRF:92
BRH:65
end_of_record
