{"/Users/orlando/dev/pos/libs/products/native-feature/src/lib/components/product-form/product-form.tsx": {"path":"/Users/orlando/dev/pos/libs/products/native-feature/src/lib/components/product-form/product-form.tsx","statementMap":{"0":{"start":{"line":1,"column":42},"end":{"line":1,"column":97}},"1":{"start":{"line":1,"column":98},"end":{"line":1,"column":160}},"2":{"start":{"line":1,"column":160},"end":{"line":1,"column":194}},"3":{"start":{"line":1,"column":194},"end":{"line":1,"column":219}},"4":{"start":{"line":1,"column":235},"end":{"line":1,"column":300}},"5":{"start":{"line":1,"column":320},"end":{"line":1,"column":381}},"6":{"start":{"line":1,"column":407},"end":{"line":1,"column":481}},"7":{"start":{"line":1,"column":504},"end":{"line":1,"column":575}},"8":{"start":{"line":1,"column":589},"end":{"line":1,"column":630}},"9":{"start":{"line":3,"column":19},"end":{"line":3,"column":42}},"10":{"start":{"line":4,"column":14},"end":{"line":4,"column":42}},"11":{"start":{"line":5,"column":16},"end":{"line":5,"column":48}},"12":{"start":{"line":14,"column":21},"end":{"line":14,"column":47}},"13":{"start":{"line":16,"column":18},"end":{"line":16,"column":40}},"14":{"start":{"line":17,"column":18},"end":{"line":17,"column":54}},"15":{"start":{"line":20,"column":19},"end":{"line":20,"column":57}},"16":{"start":{"line":21,"column":19},"end":{"line":21,"column":53}},"17":{"start":{"line":22,"column":19},"end":{"line":22,"column":63}},"18":{"start":{"line":23,"column":14},"end":{"line":23,"column":38}},"19":{"start":{"line":23,"column":58},"end":{"line":23,"column":160}},"20":{"start":{"line":23,"column":209},"end":{"line":23,"column":256}},"21":{"start":{"line":23,"column":244},"end":{"line":23,"column":256}},"22":{"start":{"line":23,"column":280},"end":{"line":23,"column":293}},"23":{"start":{"line":23,"column":317},"end":{"line":23,"column":330}},"24":{"start":{"line":23,"column":331},"end":{"line":23,"column":488}},"25":{"start":{"line":23,"column":414},"end":{"line":23,"column":472}},"26":{"start":{"line":23,"column":541},"end":{"line":23,"column":597}},"27":{"start":{"line":23,"column":585},"end":{"line":23,"column":596}},"28":{"start":{"line":23,"column":597},"end":{"line":23,"column":697}},"29":{"start":{"line":23,"column":672},"end":{"line":23,"column":696}},"30":{"start":{"line":23,"column":709},"end":{"line":23,"column":746}},"31":{"start":{"line":23,"column":747},"end":{"line":23,"column":800}},"32":{"start":{"line":23,"column":777},"end":{"line":23,"column":799}},"33":{"start":{"line":23,"column":813},"end":{"line":23,"column":815}},"34":{"start":{"line":23,"column":844},"end":{"line":23,"column":900}},"35":{"start":{"line":23,"column":901},"end":{"line":23,"column":1193}},"36":{"start":{"line":23,"column":923},"end":{"line":23,"column":1192}},"37":{"start":{"line":23,"column":1008},"end":{"line":23,"column":1080}},"38":{"start":{"line":23,"column":1081},"end":{"line":23,"column":1191}},"39":{"start":{"line":23,"column":1118},"end":{"line":23,"column":1159}},"40":{"start":{"line":23,"column":1167},"end":{"line":23,"column":1190}},"41":{"start":{"line":23,"column":1193},"end":{"line":23,"column":1214}},"42":{"start":{"line":23,"column":1214},"end":{"line":23,"column":1250}},"43":{"start":{"line":23,"column":1226},"end":{"line":23,"column":1249}},"44":{"start":{"line":23,"column":1250},"end":{"line":23,"column":1264}},"45":{"start":{"line":34,"column":71},"end":{"line":34,"column":86}},"46":{"start":{"line":35,"column":16},"end":{"line":35,"column":96}},"47":{"start":{"line":35,"column":63},"end":{"line":35,"column":94}},"48":{"start":{"line":36,"column":19},"end":{"line":36,"column":81}},"49":{"start":{"line":37,"column":15},"end":{"line":37,"column":73}},"50":{"start":{"line":38,"column":12},"end":{"line":38,"column":78}},"51":{"start":{"line":39,"column":17},"end":{"line":39,"column":47}},"52":{"start":{"line":40,"column":19},"end":{"line":40,"column":45}},"53":{"start":{"line":41,"column":15},"end":{"line":41,"column":41}},"54":{"start":{"line":42,"column":15},"end":{"line":42,"column":41}},"55":{"start":{"line":44,"column":14},"end":{"line":44,"column":37}},"56":{"start":{"line":45,"column":15},"end":{"line":45,"column":45}},"57":{"start":{"line":46,"column":18},"end":{"line":46,"column":45}},"58":{"start":{"line":46,"column":59},"end":{"line":46,"column":101}},"59":{"start":{"line":46,"column":109},"end":{"line":46,"column":122}},"60":{"start":{"line":46,"column":133},"end":{"line":46,"column":146}},"61":{"start":{"line":48,"column":22},"end":{"line":50,"column":3}},"62":{"start":{"line":49,"column":4},"end":{"line":49,"column":34}},"63":{"start":{"line":52,"column":13},"end":{"line":67,"column":159}},"64":{"start":{"line":52,"column":38},"end":{"line":67,"column":93}},"65":{"start":{"line":52,"column":136},"end":{"line":67,"column":90}},"66":{"start":{"line":52,"column":198},"end":{"line":67,"column":78}},"67":{"start":{"line":52,"column":209},"end":{"line":67,"column":77}},"68":{"start":{"line":53,"column":14},"end":{"line":53,"column":28}},"69":{"start":{"line":54,"column":14},"end":{"line":54,"column":44}},"70":{"start":{"line":55,"column":14},"end":{"line":55,"column":74}},"71":{"start":{"line":56,"column":14},"end":{"line":56,"column":51}},"72":{"start":{"line":58,"column":14},"end":{"line":60,"column":15}},"73":{"start":{"line":59,"column":16},"end":{"line":59,"column":37}},"74":{"start":{"line":60,"column":15},"end":{"line":60,"column":33}},"75":{"start":{"line":60,"column":33},"end":{"line":62,"column":71}},"76":{"start":{"line":62,"column":78},"end":{"line":62,"column":98}},"77":{"start":{"line":64,"column":14},"end":{"line":64,"column":29}},"78":{"start":{"line":64,"column":29},"end":{"line":66,"column":46}},"79":{"start":{"line":66,"column":20},"end":{"line":66,"column":39}},"80":{"start":{"line":66,"column":39},"end":{"line":66,"column":45}},"81":{"start":{"line":66,"column":46},"end":{"line":66,"column":79}},"82":{"start":{"line":67,"column":14},"end":{"line":67,"column":34}},"83":{"start":{"line":67,"column":53},"end":{"line":67,"column":76}},"84":{"start":{"line":67,"column":94},"end":{"line":67,"column":156}},"85":{"start":{"line":67,"column":118},"end":{"line":67,"column":154}},"86":{"start":{"line":70,"column":13},"end":{"line":91,"column":140}},"87":{"start":{"line":95,"column":22},"end":{"line":104,"column":3}},"88":{"start":{"line":96,"column":4},"end":{"line":101,"column":81}},"89":{"start":{"line":101,"column":48},"end":{"line":101,"column":75}},"90":{"start":{"line":106,"column":2},"end":{"line":111,"column":41}},"91":{"start":{"line":107,"column":17},"end":{"line":107,"column":33}},"92":{"start":{"line":108,"column":4},"end":{"line":108,"column":127}},"93":{"start":{"line":109,"column":4},"end":{"line":109,"column":111}},"94":{"start":{"line":110,"column":4},"end":{"line":110,"column":111}},"95":{"start":{"line":113,"column":2},"end":{"line":272,"column":141}},"96":{"start":{"line":145,"column":34},"end":{"line":147,"column":25}},"97":{"start":{"line":228,"column":34},"end":{"line":228,"column":86}},"98":{"start":{"line":244,"column":8},"end":{"line":244,"column":49}},"99":{"start":{"line":261,"column":8},"end":{"line":261,"column":49}},"100":{"start":{"line":279,"column":0},"end":{"line":279,"column":11}},"101":{"start":{"line":279,"column":12},"end":{"line":279,"column":39}}},"fnMap":{"0":{"name":"_getRequireWildcardCache","decl":{"start":{"line":23,"column":170},"end":{"line":23,"column":194}},"loc":{"start":{"line":23,"column":208},"end":{"line":23,"column":489}},"line":23},"1":{"name":"_getRequireWildcardCache","decl":{"start":{"line":23,"column":375},"end":{"line":23,"column":399}},"loc":{"start":{"line":23,"column":413},"end":{"line":23,"column":473}},"line":23},"2":{"name":"_interopRequireWildcard","decl":{"start":{"line":23,"column":498},"end":{"line":23,"column":521}},"loc":{"start":{"line":23,"column":540},"end":{"line":23,"column":1265}},"line":23},"3":{"name":"ProductForm","decl":{"start":{"line":34,"column":9},"end":{"line":34,"column":20}},"loc":{"start":{"line":34,"column":27},"end":{"line":277,"column":1}},"line":34},"4":{"name":"(anonymous_4)","decl":{"start":{"line":35,"column":45},"end":{"line":35,"column":46}},"loc":{"start":{"line":35,"column":62},"end":{"line":35,"column":95}},"line":35},"5":{"name":"updatePicture","decl":{"start":{"line":48,"column":31},"end":{"line":48,"column":44}},"loc":{"start":{"line":48,"column":50},"end":{"line":50,"column":3}},"line":48},"6":{"name":"(anonymous_6)","decl":{"start":{"line":52,"column":13},"end":{"line":52,"column":14}},"loc":{"start":{"line":52,"column":25},"end":{"line":67,"column":157}},"line":52},"7":{"name":"_callee","decl":{"start":{"line":52,"column":105},"end":{"line":52,"column":112}},"loc":{"start":{"line":52,"column":115},"end":{"line":67,"column":91}},"line":52},"8":{"name":"_callee$","decl":{"start":{"line":52,"column":178},"end":{"line":52,"column":186}},"loc":{"start":{"line":52,"column":197},"end":{"line":67,"column":79}},"line":52},"9":{"name":"save","decl":{"start":{"line":67,"column":110},"end":{"line":67,"column":114}},"loc":{"start":{"line":67,"column":117},"end":{"line":67,"column":155}},"line":67},"10":{"name":"confirmCancel","decl":{"start":{"line":95,"column":31},"end":{"line":95,"column":44}},"loc":{"start":{"line":95,"column":47},"end":{"line":104,"column":3}},"line":95},"11":{"name":"onPress","decl":{"start":{"line":101,"column":37},"end":{"line":101,"column":44}},"loc":{"start":{"line":101,"column":47},"end":{"line":101,"column":76}},"line":101},"12":{"name":"(anonymous_12)","decl":{"start":{"line":106,"column":24},"end":{"line":106,"column":25}},"loc":{"start":{"line":106,"column":36},"end":{"line":111,"column":3}},"line":106},"13":{"name":"(anonymous_13)","decl":{"start":{"line":145,"column":20},"end":{"line":145,"column":21}},"loc":{"start":{"line":145,"column":33},"end":{"line":147,"column":26}},"line":145},"14":{"name":"onBlur","decl":{"start":{"line":228,"column":23},"end":{"line":228,"column":29}},"loc":{"start":{"line":228,"column":33},"end":{"line":228,"column":87}},"line":228},"15":{"name":"onBlur","decl":{"start":{"line":243,"column":23},"end":{"line":243,"column":29}},"loc":{"start":{"line":243,"column":33},"end":{"line":245,"column":7}},"line":243},"16":{"name":"onBlur","decl":{"start":{"line":260,"column":23},"end":{"line":260,"column":29}},"loc":{"start":{"line":260,"column":33},"end":{"line":262,"column":7}},"line":260}},"branchMap":{"0":{"loc":{"start":{"line":23,"column":209},"end":{"line":23,"column":256}},"type":"if","locations":[{"start":{"line":23,"column":209},"end":{"line":23,"column":256}},{"start":{},"end":{}}],"line":23},"1":{"loc":{"start":{"line":23,"column":421},"end":{"line":23,"column":471}},"type":"cond-expr","locations":[{"start":{"line":23,"column":435},"end":{"line":23,"column":451}},{"start":{"line":23,"column":454},"end":{"line":23,"column":471}}],"line":23},"2":{"loc":{"start":{"line":23,"column":541},"end":{"line":23,"column":597}},"type":"if","locations":[{"start":{"line":23,"column":541},"end":{"line":23,"column":597}},{"start":{},"end":{}}],"line":23},"3":{"loc":{"start":{"line":23,"column":545},"end":{"line":23,"column":582}},"type":"binary-expr","locations":[{"start":{"line":23,"column":545},"end":{"line":23,"column":557}},{"start":{"line":23,"column":561},"end":{"line":23,"column":564}},{"start":{"line":23,"column":568},"end":{"line":23,"column":582}}],"line":23},"4":{"loc":{"start":{"line":23,"column":597},"end":{"line":23,"column":697}},"type":"if","locations":[{"start":{"line":23,"column":597},"end":{"line":23,"column":697}},{"start":{},"end":{}}],"line":23},"5":{"loc":{"start":{"line":23,"column":601},"end":{"line":23,"column":669}},"type":"binary-expr","locations":[{"start":{"line":23,"column":601},"end":{"line":23,"column":613}},{"start":{"line":23,"column":617},"end":{"line":23,"column":640}},{"start":{"line":23,"column":644},"end":{"line":23,"column":669}}],"line":23},"6":{"loc":{"start":{"line":23,"column":747},"end":{"line":23,"column":800}},"type":"if","locations":[{"start":{"line":23,"column":747},"end":{"line":23,"column":800}},{"start":{},"end":{}}],"line":23},"7":{"loc":{"start":{"line":23,"column":751},"end":{"line":23,"column":774}},"type":"binary-expr","locations":[{"start":{"line":23,"column":751},"end":{"line":23,"column":756}},{"start":{"line":23,"column":760},"end":{"line":23,"column":774}}],"line":23},"8":{"loc":{"start":{"line":23,"column":844},"end":{"line":23,"column":900}},"type":"binary-expr","locations":[{"start":{"line":23,"column":844},"end":{"line":23,"column":865}},{"start":{"line":23,"column":869},"end":{"line":23,"column":900}}],"line":23},"9":{"loc":{"start":{"line":23,"column":923},"end":{"line":23,"column":1192}},"type":"if","locations":[{"start":{"line":23,"column":923},"end":{"line":23,"column":1192}},{"start":{},"end":{}}],"line":23},"10":{"loc":{"start":{"line":23,"column":927},"end":{"line":23,"column":994}},"type":"binary-expr","locations":[{"start":{"line":23,"column":927},"end":{"line":23,"column":944}},{"start":{"line":23,"column":948},"end":{"line":23,"column":994}}],"line":23},"11":{"loc":{"start":{"line":23,"column":1008},"end":{"line":23,"column":1080}},"type":"cond-expr","locations":[{"start":{"line":23,"column":1032},"end":{"line":23,"column":1073}},{"start":{"line":23,"column":1076},"end":{"line":23,"column":1080}}],"line":23},"12":{"loc":{"start":{"line":23,"column":1081},"end":{"line":23,"column":1191}},"type":"if","locations":[{"start":{"line":23,"column":1081},"end":{"line":23,"column":1191}},{"start":{"line":23,"column":1166},"end":{"line":23,"column":1191}}],"line":23},"13":{"loc":{"start":{"line":23,"column":1085},"end":{"line":23,"column":1115}},"type":"binary-expr","locations":[{"start":{"line":23,"column":1085},"end":{"line":23,"column":1089}},{"start":{"line":23,"column":1094},"end":{"line":23,"column":1102}},{"start":{"line":23,"column":1106},"end":{"line":23,"column":1114}}],"line":23},"14":{"loc":{"start":{"line":23,"column":1214},"end":{"line":23,"column":1250}},"type":"if","locations":[{"start":{"line":23,"column":1214},"end":{"line":23,"column":1250}},{"start":{},"end":{}}],"line":23},"15":{"loc":{"start":{"line":52,"column":209},"end":{"line":67,"column":77}},"type":"switch","locations":[{"start":{"line":52,"column":249},"end":{"line":62,"column":71}},{"start":{"line":62,"column":71},"end":{"line":66,"column":79}},{"start":{"line":66,"column":79},"end":{"line":67,"column":34}},{"start":{"line":67,"column":34},"end":{"line":67,"column":42}},{"start":{"line":67,"column":42},"end":{"line":67,"column":76}}],"line":52},"16":{"loc":{"start":{"line":55,"column":32},"end":{"line":55,"column":73}},"type":"cond-expr","locations":[{"start":{"line":55,"column":50},"end":{"line":55,"column":66}},{"start":{"line":55,"column":69},"end":{"line":55,"column":73}}],"line":55},"17":{"loc":{"start":{"line":58,"column":14},"end":{"line":60,"column":15}},"type":"if","locations":[{"start":{"line":58,"column":14},"end":{"line":60,"column":15}},{"start":{},"end":{}}],"line":58},"18":{"loc":{"start":{"line":64,"column":29},"end":{"line":66,"column":46}},"type":"if","locations":[{"start":{"line":64,"column":29},"end":{"line":66,"column":46}},{"start":{},"end":{}}],"line":64},"19":{"loc":{"start":{"line":73,"column":10},"end":{"line":73,"column":47}},"type":"cond-expr","locations":[{"start":{"line":73,"column":28},"end":{"line":73,"column":34}},{"start":{"line":73,"column":37},"end":{"line":73,"column":47}}],"line":73},"20":{"loc":{"start":{"line":74,"column":12},"end":{"line":74,"column":51}},"type":"cond-expr","locations":[{"start":{"line":74,"column":30},"end":{"line":74,"column":36}},{"start":{"line":74,"column":39},"end":{"line":74,"column":51}}],"line":74},"21":{"loc":{"start":{"line":75,"column":19},"end":{"line":75,"column":65}},"type":"cond-expr","locations":[{"start":{"line":75,"column":37},"end":{"line":75,"column":43}},{"start":{"line":75,"column":46},"end":{"line":75,"column":65}}],"line":75},"22":{"loc":{"start":{"line":76,"column":13},"end":{"line":76,"column":53}},"type":"cond-expr","locations":[{"start":{"line":76,"column":31},"end":{"line":76,"column":37}},{"start":{"line":76,"column":40},"end":{"line":76,"column":53}}],"line":76},"23":{"loc":{"start":{"line":77,"column":12},"end":{"line":77,"column":51}},"type":"cond-expr","locations":[{"start":{"line":77,"column":30},"end":{"line":77,"column":36}},{"start":{"line":77,"column":39},"end":{"line":77,"column":51}}],"line":77},"24":{"loc":{"start":{"line":78,"column":12},"end":{"line":78,"column":51}},"type":"cond-expr","locations":[{"start":{"line":78,"column":30},"end":{"line":78,"column":36}},{"start":{"line":78,"column":39},"end":{"line":78,"column":51}}],"line":78},"25":{"loc":{"start":{"line":79,"column":15},"end":{"line":79,"column":57}},"type":"cond-expr","locations":[{"start":{"line":79,"column":33},"end":{"line":79,"column":39}},{"start":{"line":79,"column":42},"end":{"line":79,"column":57}}],"line":79},"26":{"loc":{"start":{"line":80,"column":11},"end":{"line":80,"column":49}},"type":"cond-expr","locations":[{"start":{"line":80,"column":29},"end":{"line":80,"column":35}},{"start":{"line":80,"column":38},"end":{"line":80,"column":49}}],"line":80},"27":{"loc":{"start":{"line":81,"column":11},"end":{"line":81,"column":49}},"type":"cond-expr","locations":[{"start":{"line":81,"column":29},"end":{"line":81,"column":35}},{"start":{"line":81,"column":38},"end":{"line":81,"column":49}}],"line":81},"28":{"loc":{"start":{"line":82,"column":16},"end":{"line":82,"column":66}},"type":"binary-expr","locations":[{"start":{"line":82,"column":17},"end":{"line":82,"column":60}},{"start":{"line":82,"column":65},"end":{"line":82,"column":66}}],"line":82},"29":{"loc":{"start":{"line":82,"column":17},"end":{"line":82,"column":60}},"type":"cond-expr","locations":[{"start":{"line":82,"column":35},"end":{"line":82,"column":41}},{"start":{"line":82,"column":44},"end":{"line":82,"column":60}}],"line":82},"30":{"loc":{"start":{"line":83,"column":21},"end":{"line":83,"column":69}},"type":"cond-expr","locations":[{"start":{"line":83,"column":39},"end":{"line":83,"column":45}},{"start":{"line":83,"column":48},"end":{"line":83,"column":69}}],"line":83},"31":{"loc":{"start":{"line":85,"column":20},"end":{"line":85,"column":67}},"type":"cond-expr","locations":[{"start":{"line":85,"column":38},"end":{"line":85,"column":44}},{"start":{"line":85,"column":47},"end":{"line":85,"column":67}}],"line":85},"32":{"loc":{"start":{"line":86,"column":23},"end":{"line":86,"column":73}},"type":"cond-expr","locations":[{"start":{"line":86,"column":41},"end":{"line":86,"column":47}},{"start":{"line":86,"column":50},"end":{"line":86,"column":73}}],"line":86},"33":{"loc":{"start":{"line":87,"column":15},"end":{"line":87,"column":57}},"type":"cond-expr","locations":[{"start":{"line":87,"column":33},"end":{"line":87,"column":39}},{"start":{"line":87,"column":42},"end":{"line":87,"column":57}}],"line":87},"34":{"loc":{"start":{"line":88,"column":25},"end":{"line":88,"column":77}},"type":"cond-expr","locations":[{"start":{"line":88,"column":43},"end":{"line":88,"column":49}},{"start":{"line":88,"column":52},"end":{"line":88,"column":77}}],"line":88},"35":{"loc":{"start":{"line":89,"column":22},"end":{"line":89,"column":71}},"type":"cond-expr","locations":[{"start":{"line":89,"column":40},"end":{"line":89,"column":46}},{"start":{"line":89,"column":49},"end":{"line":89,"column":71}}],"line":89},"36":{"loc":{"start":{"line":90,"column":16},"end":{"line":90,"column":59}},"type":"cond-expr","locations":[{"start":{"line":90,"column":34},"end":{"line":90,"column":40}},{"start":{"line":90,"column":43},"end":{"line":90,"column":59}}],"line":90},"37":{"loc":{"start":{"line":91,"column":21},"end":{"line":91,"column":135}},"type":"cond-expr","locations":[{"start":{"line":91,"column":106},"end":{"line":91,"column":127}},{"start":{"line":91,"column":130},"end":{"line":91,"column":135}}],"line":91},"38":{"loc":{"start":{"line":91,"column":46},"end":{"line":91,"column":94}},"type":"cond-expr","locations":[{"start":{"line":91,"column":64},"end":{"line":91,"column":70}},{"start":{"line":91,"column":73},"end":{"line":91,"column":94}}],"line":91},"39":{"loc":{"start":{"line":108,"column":4},"end":{"line":108,"column":126}},"type":"cond-expr","locations":[{"start":{"line":108,"column":57},"end":{"line":108,"column":63}},{"start":{"line":108,"column":66},"end":{"line":108,"column":126}}],"line":108},"40":{"loc":{"start":{"line":109,"column":4},"end":{"line":109,"column":110}},"type":"cond-expr","locations":[{"start":{"line":109,"column":49},"end":{"line":109,"column":55}},{"start":{"line":109,"column":58},"end":{"line":109,"column":110}}],"line":109},"41":{"loc":{"start":{"line":110,"column":4},"end":{"line":110,"column":110}},"type":"cond-expr","locations":[{"start":{"line":110,"column":49},"end":{"line":110,"column":55}},{"start":{"line":110,"column":58},"end":{"line":110,"column":110}}],"line":110},"42":{"loc":{"start":{"line":133,"column":18},"end":{"line":133,"column":70}},"type":"cond-expr","locations":[{"start":{"line":133,"column":36},"end":{"line":133,"column":42}},{"start":{"line":133,"column":45},"end":{"line":133,"column":70}}],"line":133},"43":{"loc":{"start":{"line":140,"column":18},"end":{"line":140,"column":67}},"type":"cond-expr","locations":[{"start":{"line":140,"column":36},"end":{"line":140,"column":42}},{"start":{"line":140,"column":45},"end":{"line":140,"column":67}}],"line":140},"44":{"loc":{"start":{"line":149,"column":18},"end":{"line":149,"column":66}},"type":"cond-expr","locations":[{"start":{"line":149,"column":36},"end":{"line":149,"column":42}},{"start":{"line":149,"column":45},"end":{"line":149,"column":66}}],"line":149}},"s":{"0":2,"1":2,"2":2,"3":2,"4":2,"5":2,"6":2,"7":2,"8":2,"9":2,"10":2,"11":2,"12":2,"13":2,"14":2,"15":2,"16":2,"17":2,"18":2,"19":2,"20":2,"21":0,"22":2,"23":2,"24":2,"25":2,"26":2,"27":0,"28":2,"29":0,"30":2,"31":2,"32":0,"33":2,"34":2,"35":2,"36":56,"37":56,"38":56,"39":0,"40":56,"41":2,"42":2,"43":2,"44":2,"45":12,"46":12,"47":12,"48":12,"49":12,"50":12,"51":12,"52":12,"53":12,"54":12,"55":12,"56":12,"57":12,"58":12,"59":12,"60":12,"61":12,"62":1,"63":12,"64":12,"65":3,"66":7,"67":9,"68":3,"69":3,"70":3,"71":3,"72":3,"73":1,"74":3,"75":3,"76":3,"77":3,"78":3,"79":2,"80":2,"81":1,"82":2,"83":3,"84":12,"85":3,"86":12,"87":12,"88":2,"89":1,"90":12,"91":12,"92":12,"93":12,"94":12,"95":12,"96":12,"97":1,"98":1,"99":1,"100":2,"101":2},"f":{"0":2,"1":2,"2":2,"3":12,"4":12,"5":1,"6":12,"7":3,"8":7,"9":3,"10":2,"11":1,"12":12,"13":12,"14":1,"15":1,"16":1},"b":{"0":[0,2],"1":[0,2],"2":[0,2],"3":[2,2,2],"4":[0,2],"5":[2,2,0],"6":[0,2],"7":[2,2],"8":[2,2],"9":[56,0],"10":[56,56],"11":[56,0],"12":[0,56],"13":[56,56,56],"14":[2,0],"15":[3,3,2,2,3],"16":[2,1],"17":[1,2],"18":[2,1],"19":[0,12],"20":[0,12],"21":[0,12],"22":[0,12],"23":[0,12],"24":[0,12],"25":[0,12],"26":[0,12],"27":[0,12],"28":[12,12],"29":[0,12],"30":[0,12],"31":[0,12],"32":[0,12],"33":[0,12],"34":[0,12],"35":[0,12],"36":[0,12],"37":[12,0],"38":[0,12],"39":[0,12],"40":[0,12],"41":[0,12],"42":[0,12],"43":[0,12],"44":[0,12]},"inputSourceMap":null,"_coverageSchema":"1a1c01bbd47fc00a2c39e90264f33305004495a9","hash":"28abfab310a4465e85355bd5e75022e177b38a65"}
,"/Users/orlando/dev/pos/libs/products/native-feature/src/lib/components/product-item/product-item.tsx": {"path":"/Users/orlando/dev/pos/libs/products/native-feature/src/lib/components/product-item/product-item.tsx","statementMap":{"0":{"start":{"line":1,"column":42},"end":{"line":1,"column":97}},"1":{"start":{"line":1,"column":98},"end":{"line":1,"column":160}},"2":{"start":{"line":1,"column":160},"end":{"line":1,"column":194}},"3":{"start":{"line":1,"column":194},"end":{"line":1,"column":332}},"4":{"start":{"line":1,"column":355},"end":{"line":1,"column":427}},"5":{"start":{"line":1,"column":447},"end":{"line":1,"column":508}},"6":{"start":{"line":1,"column":531},"end":{"line":1,"column":602}},"7":{"start":{"line":1,"column":628},"end":{"line":1,"column":702}},"8":{"start":{"line":1,"column":716},"end":{"line":1,"column":757}},"9":{"start":{"line":3,"column":19},"end":{"line":3,"column":42}},"10":{"start":{"line":4,"column":14},"end":{"line":4,"column":42}},"11":{"start":{"line":5,"column":14},"end":{"line":5,"column":38}},"12":{"start":{"line":6,"column":18},"end":{"line":6,"column":54}},"13":{"start":{"line":11,"column":18},"end":{"line":11,"column":40}},"14":{"start":{"line":13,"column":16},"end":{"line":13,"column":48}},"15":{"start":{"line":14,"column":19},"end":{"line":14,"column":57}},"16":{"start":{"line":15,"column":12},"end":{"line":15,"column":34}},"17":{"start":{"line":15,"column":54},"end":{"line":15,"column":156}},"18":{"start":{"line":15,"column":205},"end":{"line":15,"column":252}},"19":{"start":{"line":15,"column":240},"end":{"line":15,"column":252}},"20":{"start":{"line":15,"column":276},"end":{"line":15,"column":289}},"21":{"start":{"line":15,"column":313},"end":{"line":15,"column":326}},"22":{"start":{"line":15,"column":327},"end":{"line":15,"column":484}},"23":{"start":{"line":15,"column":410},"end":{"line":15,"column":468}},"24":{"start":{"line":15,"column":537},"end":{"line":15,"column":593}},"25":{"start":{"line":15,"column":581},"end":{"line":15,"column":592}},"26":{"start":{"line":15,"column":593},"end":{"line":15,"column":693}},"27":{"start":{"line":15,"column":668},"end":{"line":15,"column":692}},"28":{"start":{"line":15,"column":705},"end":{"line":15,"column":742}},"29":{"start":{"line":15,"column":743},"end":{"line":15,"column":796}},"30":{"start":{"line":15,"column":773},"end":{"line":15,"column":795}},"31":{"start":{"line":15,"column":809},"end":{"line":15,"column":811}},"32":{"start":{"line":15,"column":840},"end":{"line":15,"column":896}},"33":{"start":{"line":15,"column":897},"end":{"line":15,"column":1189}},"34":{"start":{"line":15,"column":919},"end":{"line":15,"column":1188}},"35":{"start":{"line":15,"column":1004},"end":{"line":15,"column":1076}},"36":{"start":{"line":15,"column":1077},"end":{"line":15,"column":1187}},"37":{"start":{"line":15,"column":1114},"end":{"line":15,"column":1155}},"38":{"start":{"line":15,"column":1163},"end":{"line":15,"column":1186}},"39":{"start":{"line":15,"column":1189},"end":{"line":15,"column":1210}},"40":{"start":{"line":15,"column":1210},"end":{"line":15,"column":1246}},"41":{"start":{"line":15,"column":1222},"end":{"line":15,"column":1245}},"42":{"start":{"line":15,"column":1246},"end":{"line":15,"column":1260}},"43":{"start":{"line":15,"column":1314},"end":{"line":15,"column":1333}},"44":{"start":{"line":15,"column":1334},"end":{"line":15,"column":1580}},"45":{"start":{"line":15,"column":1383},"end":{"line":15,"column":1419}},"46":{"start":{"line":15,"column":1420},"end":{"line":15,"column":1579}},"47":{"start":{"line":15,"column":1480},"end":{"line":15,"column":1543}},"48":{"start":{"line":15,"column":1580},"end":{"line":15,"column":1592}},"49":{"start":{"line":15,"column":1625},"end":{"line":15,"column":2088}},"50":{"start":{"line":15,"column":1638},"end":{"line":15,"column":1639}},"51":{"start":{"line":15,"column":1682},"end":{"line":15,"column":1722}},"52":{"start":{"line":15,"column":1723},"end":{"line":15,"column":2087}},"53":{"start":{"line":15,"column":1783},"end":{"line":15,"column":1839}},"54":{"start":{"line":15,"column":2003},"end":{"line":15,"column":2084}},"55":{"start":{"line":15,"column":2088},"end":{"line":15,"column":2102}},"56":{"start":{"line":27,"column":26},"end":{"line":33,"column":1}},"57":{"start":{"line":28,"column":14},"end":{"line":28,"column":16}},"58":{"start":{"line":29,"column":2},"end":{"line":29,"column":70}},"59":{"start":{"line":29,"column":20},"end":{"line":29,"column":70}},"60":{"start":{"line":30,"column":2},"end":{"line":30,"column":62}},"61":{"start":{"line":30,"column":16},"end":{"line":30,"column":62}},"62":{"start":{"line":31,"column":2},"end":{"line":31,"column":62}},"63":{"start":{"line":31,"column":16},"end":{"line":31,"column":62}},"64":{"start":{"line":32,"column":2},"end":{"line":32,"column":15}},"65":{"start":{"line":33,"column":2},"end":{"line":33,"column":52}},"66":{"start":{"line":35,"column":22},"end":{"line":36,"column":43}},"67":{"start":{"line":35,"column":54},"end":{"line":36,"column":42}},"68":{"start":{"line":36,"column":44},"end":{"line":36,"column":86}},"69":{"start":{"line":38,"column":25},"end":{"line":39,"column":50}},"70":{"start":{"line":38,"column":60},"end":{"line":39,"column":49}},"71":{"start":{"line":39,"column":51},"end":{"line":39,"column":99}},"72":{"start":{"line":41,"column":24},"end":{"line":49,"column":166}},"73":{"start":{"line":41,"column":48},"end":{"line":49,"column":76}},"74":{"start":{"line":44,"column":18},"end":{"line":49,"column":73}},"75":{"start":{"line":44,"column":80},"end":{"line":49,"column":61}},"76":{"start":{"line":44,"column":91},"end":{"line":49,"column":60}},"77":{"start":{"line":44,"column":138},"end":{"line":46,"column":42}},"78":{"start":{"line":46,"column":17},"end":{"line":46,"column":35}},"79":{"start":{"line":46,"column":35},"end":{"line":46,"column":41}},"80":{"start":{"line":46,"column":42},"end":{"line":46,"column":82}},"81":{"start":{"line":46,"column":89},"end":{"line":46,"column":107}},"82":{"start":{"line":46,"column":107},"end":{"line":47,"column":33}},"83":{"start":{"line":48,"column":12},"end":{"line":48,"column":30}},"84":{"start":{"line":48,"column":30},"end":{"line":49,"column":18}},"85":{"start":{"line":49,"column":36},"end":{"line":49,"column":59}},"86":{"start":{"line":49,"column":77},"end":{"line":49,"column":163}},"87":{"start":{"line":49,"column":126},"end":{"line":49,"column":161}},"88":{"start":{"line":49,"column":167},"end":{"line":49,"column":213}},"89":{"start":{"line":52,"column":41},"end":{"line":52,"column":45}},"90":{"start":{"line":52,"column":57},"end":{"line":52,"column":67}},"91":{"start":{"line":52,"column":81},"end":{"line":52,"column":97}},"92":{"start":{"line":53,"column":14},"end":{"line":53,"column":37}},"93":{"start":{"line":54,"column":15},"end":{"line":54,"column":26}},"94":{"start":{"line":55,"column":17},"end":{"line":55,"column":47}},"95":{"start":{"line":56,"column":18},"end":{"line":56,"column":45}},"96":{"start":{"line":56,"column":59},"end":{"line":56,"column":101}},"97":{"start":{"line":56,"column":109},"end":{"line":56,"column":122}},"98":{"start":{"line":56,"column":133},"end":{"line":56,"column":146}},"99":{"start":{"line":58,"column":17},"end":{"line":58,"column":103}},"100":{"start":{"line":59,"column":18},"end":{"line":59,"column":43}},"101":{"start":{"line":61,"column":19},"end":{"line":68,"column":161}},"102":{"start":{"line":61,"column":44},"end":{"line":68,"column":89}},"103":{"start":{"line":61,"column":123},"end":{"line":68,"column":86}},"104":{"start":{"line":61,"column":187},"end":{"line":68,"column":73}},"105":{"start":{"line":61,"column":198},"end":{"line":68,"column":72}},"106":{"start":{"line":62,"column":14},"end":{"line":62,"column":28}},"107":{"start":{"line":62,"column":28},"end":{"line":62,"column":47}},"108":{"start":{"line":62,"column":47},"end":{"line":66,"column":91}},"109":{"start":{"line":65,"column":31},"end":{"line":65,"column":76}},"110":{"start":{"line":66,"column":31},"end":{"line":66,"column":87}},"111":{"start":{"line":68,"column":14},"end":{"line":68,"column":29}},"112":{"start":{"line":68,"column":47},"end":{"line":68,"column":71}},"113":{"start":{"line":68,"column":90},"end":{"line":68,"column":158}},"114":{"start":{"line":68,"column":120},"end":{"line":68,"column":156}},"115":{"start":{"line":71,"column":17},"end":{"line":74,"column":3}},"116":{"start":{"line":72,"column":4},"end":{"line":72,"column":55}},"117":{"start":{"line":73,"column":4},"end":{"line":73,"column":40}},"118":{"start":{"line":76,"column":24},"end":{"line":82,"column":3}},"119":{"start":{"line":77,"column":4},"end":{"line":80,"column":91}},"120":{"start":{"line":80,"column":65},"end":{"line":80,"column":85}},"121":{"start":{"line":84,"column":2},"end":{"line":172,"column":185}},"122":{"start":{"line":139,"column":35},"end":{"line":141,"column":39}},"123":{"start":{"line":177,"column":16},"end":{"line":193,"column":1}},"124":{"start":{"line":178,"column":14},"end":{"line":178,"column":37}},"125":{"start":{"line":179,"column":21},"end":{"line":179,"column":51}},"126":{"start":{"line":181,"column":2},"end":{"line":189,"column":44}},"127":{"start":{"line":195,"column":0},"end":{"line":195,"column":11}},"128":{"start":{"line":195,"column":12},"end":{"line":195,"column":39}}},"fnMap":{"0":{"name":"_getRequireWildcardCache","decl":{"start":{"line":15,"column":166},"end":{"line":15,"column":190}},"loc":{"start":{"line":15,"column":204},"end":{"line":15,"column":485}},"line":15},"1":{"name":"_getRequireWildcardCache","decl":{"start":{"line":15,"column":371},"end":{"line":15,"column":395}},"loc":{"start":{"line":15,"column":409},"end":{"line":15,"column":469}},"line":15},"2":{"name":"_interopRequireWildcard","decl":{"start":{"line":15,"column":494},"end":{"line":15,"column":517}},"loc":{"start":{"line":15,"column":536},"end":{"line":15,"column":1261}},"line":15},"3":{"name":"ownKeys","decl":{"start":{"line":15,"column":1270},"end":{"line":15,"column":1277}},"loc":{"start":{"line":15,"column":1302},"end":{"line":15,"column":1593}},"line":15},"4":{"name":"(anonymous_4)","decl":{"start":{"line":15,"column":1464},"end":{"line":15,"column":1465}},"loc":{"start":{"line":15,"column":1479},"end":{"line":15,"column":1544}},"line":15},"5":{"name":"_objectSpread","decl":{"start":{"line":15,"column":1602},"end":{"line":15,"column":1615}},"loc":{"start":{"line":15,"column":1624},"end":{"line":15,"column":2103}},"line":15},"6":{"name":"(anonymous_6)","decl":{"start":{"line":15,"column":1767},"end":{"line":15,"column":1768}},"loc":{"start":{"line":15,"column":1782},"end":{"line":15,"column":1840}},"line":15},"7":{"name":"(anonymous_7)","decl":{"start":{"line":15,"column":1987},"end":{"line":15,"column":1988}},"loc":{"start":{"line":15,"column":2002},"end":{"line":15,"column":2085}},"line":15},"8":{"name":"getProductCodeLines","decl":{"start":{"line":27,"column":35},"end":{"line":27,"column":54}},"loc":{"start":{"line":27,"column":61},"end":{"line":33,"column":1}},"line":27},"9":{"name":"hasProductCodes","decl":{"start":{"line":35,"column":31},"end":{"line":35,"column":46}},"loc":{"start":{"line":35,"column":53},"end":{"line":36,"column":43}},"line":35},"10":{"name":"formatProductTitle","decl":{"start":{"line":38,"column":34},"end":{"line":38,"column":52}},"loc":{"start":{"line":38,"column":59},"end":{"line":39,"column":50}},"line":38},"11":{"name":"(anonymous_11)","decl":{"start":{"line":41,"column":24},"end":{"line":41,"column":25}},"loc":{"start":{"line":41,"column":36},"end":{"line":49,"column":164}},"line":41},"12":{"name":"_callee","decl":{"start":{"line":41,"column":115},"end":{"line":41,"column":122}},"loc":{"start":{"line":44,"column":17},"end":{"line":49,"column":74}},"line":44},"13":{"name":"_callee$","decl":{"start":{"line":44,"column":60},"end":{"line":44,"column":68}},"loc":{"start":{"line":44,"column":79},"end":{"line":49,"column":62}},"line":44},"14":{"name":"deleteProductById","decl":{"start":{"line":49,"column":93},"end":{"line":49,"column":110}},"loc":{"start":{"line":49,"column":125},"end":{"line":49,"column":162}},"line":49},"15":{"name":"ProductItem","decl":{"start":{"line":52,"column":9},"end":{"line":52,"column":20}},"loc":{"start":{"line":52,"column":28},"end":{"line":175,"column":1}},"line":52},"16":{"name":"(anonymous_16)","decl":{"start":{"line":61,"column":19},"end":{"line":61,"column":20}},"loc":{"start":{"line":61,"column":31},"end":{"line":68,"column":159}},"line":61},"17":{"name":"_callee2","decl":{"start":{"line":61,"column":111},"end":{"line":61,"column":119}},"loc":{"start":{"line":61,"column":122},"end":{"line":68,"column":87}},"line":61},"18":{"name":"_callee2$","decl":{"start":{"line":61,"column":165},"end":{"line":61,"column":174}},"loc":{"start":{"line":61,"column":186},"end":{"line":68,"column":74}},"line":61},"19":{"name":"(anonymous_19)","decl":{"start":{"line":65,"column":16},"end":{"line":65,"column":17}},"loc":{"start":{"line":65,"column":30},"end":{"line":65,"column":77}},"line":65},"20":{"name":"(anonymous_20)","decl":{"start":{"line":66,"column":16},"end":{"line":66,"column":17}},"loc":{"start":{"line":66,"column":30},"end":{"line":66,"column":88}},"line":66},"21":{"name":"deleteItem","decl":{"start":{"line":68,"column":106},"end":{"line":68,"column":116}},"loc":{"start":{"line":68,"column":119},"end":{"line":68,"column":157}},"line":68},"22":{"name":"editItem","decl":{"start":{"line":71,"column":26},"end":{"line":71,"column":34}},"loc":{"start":{"line":71,"column":37},"end":{"line":74,"column":3}},"line":71},"23":{"name":"confirmDeletion","decl":{"start":{"line":76,"column":33},"end":{"line":76,"column":48}},"loc":{"start":{"line":76,"column":51},"end":{"line":82,"column":3}},"line":76},"24":{"name":"onPress","decl":{"start":{"line":80,"column":54},"end":{"line":80,"column":61}},"loc":{"start":{"line":80,"column":64},"end":{"line":80,"column":86}},"line":80},"25":{"name":"(anonymous_25)","decl":{"start":{"line":139,"column":18},"end":{"line":139,"column":19}},"loc":{"start":{"line":139,"column":34},"end":{"line":141,"column":40}},"line":139},"26":{"name":"useStyles","decl":{"start":{"line":177,"column":25},"end":{"line":177,"column":34}},"loc":{"start":{"line":177,"column":37},"end":{"line":193,"column":1}},"line":177}},"branchMap":{"0":{"loc":{"start":{"line":15,"column":205},"end":{"line":15,"column":252}},"type":"if","locations":[{"start":{"line":15,"column":205},"end":{"line":15,"column":252}},{"start":{},"end":{}}],"line":15},"1":{"loc":{"start":{"line":15,"column":417},"end":{"line":15,"column":467}},"type":"cond-expr","locations":[{"start":{"line":15,"column":431},"end":{"line":15,"column":447}},{"start":{"line":15,"column":450},"end":{"line":15,"column":467}}],"line":15},"2":{"loc":{"start":{"line":15,"column":537},"end":{"line":15,"column":593}},"type":"if","locations":[{"start":{"line":15,"column":537},"end":{"line":15,"column":593}},{"start":{},"end":{}}],"line":15},"3":{"loc":{"start":{"line":15,"column":541},"end":{"line":15,"column":578}},"type":"binary-expr","locations":[{"start":{"line":15,"column":541},"end":{"line":15,"column":553}},{"start":{"line":15,"column":557},"end":{"line":15,"column":560}},{"start":{"line":15,"column":564},"end":{"line":15,"column":578}}],"line":15},"4":{"loc":{"start":{"line":15,"column":593},"end":{"line":15,"column":693}},"type":"if","locations":[{"start":{"line":15,"column":593},"end":{"line":15,"column":693}},{"start":{},"end":{}}],"line":15},"5":{"loc":{"start":{"line":15,"column":597},"end":{"line":15,"column":665}},"type":"binary-expr","locations":[{"start":{"line":15,"column":597},"end":{"line":15,"column":609}},{"start":{"line":15,"column":613},"end":{"line":15,"column":636}},{"start":{"line":15,"column":640},"end":{"line":15,"column":665}}],"line":15},"6":{"loc":{"start":{"line":15,"column":743},"end":{"line":15,"column":796}},"type":"if","locations":[{"start":{"line":15,"column":743},"end":{"line":15,"column":796}},{"start":{},"end":{}}],"line":15},"7":{"loc":{"start":{"line":15,"column":747},"end":{"line":15,"column":770}},"type":"binary-expr","locations":[{"start":{"line":15,"column":747},"end":{"line":15,"column":752}},{"start":{"line":15,"column":756},"end":{"line":15,"column":770}}],"line":15},"8":{"loc":{"start":{"line":15,"column":840},"end":{"line":15,"column":896}},"type":"binary-expr","locations":[{"start":{"line":15,"column":840},"end":{"line":15,"column":861}},{"start":{"line":15,"column":865},"end":{"line":15,"column":896}}],"line":15},"9":{"loc":{"start":{"line":15,"column":919},"end":{"line":15,"column":1188}},"type":"if","locations":[{"start":{"line":15,"column":919},"end":{"line":15,"column":1188}},{"start":{},"end":{}}],"line":15},"10":{"loc":{"start":{"line":15,"column":923},"end":{"line":15,"column":990}},"type":"binary-expr","locations":[{"start":{"line":15,"column":923},"end":{"line":15,"column":940}},{"start":{"line":15,"column":944},"end":{"line":15,"column":990}}],"line":15},"11":{"loc":{"start":{"line":15,"column":1004},"end":{"line":15,"column":1076}},"type":"cond-expr","locations":[{"start":{"line":15,"column":1028},"end":{"line":15,"column":1069}},{"start":{"line":15,"column":1072},"end":{"line":15,"column":1076}}],"line":15},"12":{"loc":{"start":{"line":15,"column":1077},"end":{"line":15,"column":1187}},"type":"if","locations":[{"start":{"line":15,"column":1077},"end":{"line":15,"column":1187}},{"start":{"line":15,"column":1162},"end":{"line":15,"column":1187}}],"line":15},"13":{"loc":{"start":{"line":15,"column":1081},"end":{"line":15,"column":1111}},"type":"binary-expr","locations":[{"start":{"line":15,"column":1081},"end":{"line":15,"column":1085}},{"start":{"line":15,"column":1090},"end":{"line":15,"column":1098}},{"start":{"line":15,"column":1102},"end":{"line":15,"column":1110}}],"line":15},"14":{"loc":{"start":{"line":15,"column":1210},"end":{"line":15,"column":1246}},"type":"if","locations":[{"start":{"line":15,"column":1210},"end":{"line":15,"column":1246}},{"start":{},"end":{}}],"line":15},"15":{"loc":{"start":{"line":15,"column":1334},"end":{"line":15,"column":1580}},"type":"if","locations":[{"start":{"line":15,"column":1334},"end":{"line":15,"column":1580}},{"start":{},"end":{}}],"line":15},"16":{"loc":{"start":{"line":15,"column":1420},"end":{"line":15,"column":1546}},"type":"binary-expr","locations":[{"start":{"line":15,"column":1420},"end":{"line":15,"column":1434}},{"start":{"line":15,"column":1439},"end":{"line":15,"column":1545}}],"line":15},"17":{"loc":{"start":{"line":15,"column":1682},"end":{"line":15,"column":1722}},"type":"cond-expr","locations":[{"start":{"line":15,"column":1705},"end":{"line":15,"column":1717}},{"start":{"line":15,"column":1720},"end":{"line":15,"column":1722}}],"line":15},"18":{"loc":{"start":{"line":15,"column":1723},"end":{"line":15,"column":2086}},"type":"cond-expr","locations":[{"start":{"line":15,"column":1731},"end":{"line":15,"column":1841}},{"start":{"line":15,"column":1844},"end":{"line":15,"column":2086}}],"line":15},"19":{"loc":{"start":{"line":15,"column":1844},"end":{"line":15,"column":2086}},"type":"cond-expr","locations":[{"start":{"line":15,"column":1879},"end":{"line":15,"column":1952}},{"start":{"line":15,"column":1955},"end":{"line":15,"column":2086}}],"line":15},"20":{"loc":{"start":{"line":29,"column":2},"end":{"line":29,"column":70}},"type":"if","locations":[{"start":{"line":29,"column":2},"end":{"line":29,"column":70}},{"start":{},"end":{}}],"line":29},"21":{"loc":{"start":{"line":30,"column":2},"end":{"line":30,"column":62}},"type":"if","locations":[{"start":{"line":30,"column":2},"end":{"line":30,"column":62}},{"start":{},"end":{}}],"line":30},"22":{"loc":{"start":{"line":31,"column":2},"end":{"line":31,"column":62}},"type":"if","locations":[{"start":{"line":31,"column":2},"end":{"line":31,"column":62}},{"start":{},"end":{}}],"line":31},"23":{"loc":{"start":{"line":44,"column":91},"end":{"line":49,"column":60}},"type":"switch","locations":[{"start":{"line":44,"column":131},"end":{"line":46,"column":82}},{"start":{"line":46,"column":82},"end":{"line":47,"column":33}},{"start":{"line":47,"column":33},"end":{"line":49,"column":18}},{"start":{"line":49,"column":18},"end":{"line":49,"column":25}},{"start":{"line":49,"column":25},"end":{"line":49,"column":59}}],"line":44},"24":{"loc":{"start":{"line":44,"column":138},"end":{"line":46,"column":42}},"type":"if","locations":[{"start":{"line":44,"column":138},"end":{"line":46,"column":42}},{"start":{},"end":{}}],"line":44},"25":{"loc":{"start":{"line":61,"column":198},"end":{"line":68,"column":72}},"type":"switch","locations":[{"start":{"line":61,"column":240},"end":{"line":66,"column":91}},{"start":{"line":66,"column":91},"end":{"line":68,"column":29}},{"start":{"line":68,"column":29},"end":{"line":68,"column":36}},{"start":{"line":68,"column":36},"end":{"line":68,"column":71}}],"line":61},"26":{"loc":{"start":{"line":97,"column":4},"end":{"line":97,"column":191}},"type":"binary-expr","locations":[{"start":{"line":97,"column":4},"end":{"line":97,"column":8}},{"start":{"line":97,"column":12},"end":{"line":97,"column":191}}],"line":97},"27":{"loc":{"start":{"line":98,"column":4},"end":{"line":98,"column":206}},"type":"binary-expr","locations":[{"start":{"line":98,"column":4},"end":{"line":98,"column":17}},{"start":{"line":98,"column":21},"end":{"line":98,"column":206}}],"line":98},"28":{"loc":{"start":{"line":100,"column":4},"end":{"line":101,"column":202}},"type":"binary-expr","locations":[{"start":{"line":100,"column":4},"end":{"line":100,"column":16}},{"start":{"line":101,"column":4},"end":{"line":101,"column":202}}],"line":100},"29":{"loc":{"start":{"line":115,"column":4},"end":{"line":115,"column":45}},"type":"cond-expr","locations":[{"start":{"line":115,"column":23},"end":{"line":115,"column":29}},{"start":{"line":115,"column":32},"end":{"line":115,"column":45}}],"line":115},"30":{"loc":{"start":{"line":129,"column":4},"end":{"line":134,"column":142}},"type":"binary-expr","locations":[{"start":{"line":129,"column":4},"end":{"line":129,"column":25}},{"start":{"line":130,"column":4},"end":{"line":134,"column":142}}],"line":129},"31":{"loc":{"start":{"line":172,"column":4},"end":{"line":172,"column":182}},"type":"binary-expr","locations":[{"start":{"line":172,"column":4},"end":{"line":172,"column":22}},{"start":{"line":172,"column":26},"end":{"line":172,"column":182}}],"line":172}},"s":{"0":3,"1":3,"2":3,"3":3,"4":3,"5":3,"6":3,"7":3,"8":3,"9":3,"10":3,"11":3,"12":3,"13":3,"14":3,"15":3,"16":3,"17":3,"18":3,"19":0,"20":3,"21":3,"22":3,"23":3,"24":3,"25":0,"26":3,"27":0,"28":3,"29":3,"30":0,"31":3,"32":3,"33":3,"34":84,"35":84,"36":84,"37":0,"38":84,"39":3,"40":3,"41":3,"42":3,"43":24,"44":24,"45":24,"46":24,"47":0,"48":24,"49":24,"50":24,"51":30,"52":30,"53":138,"54":0,"55":24,"56":3,"57":16,"58":16,"59":2,"60":16,"61":2,"62":16,"63":2,"64":16,"65":3,"66":3,"67":8,"68":3,"69":3,"70":7,"71":3,"72":3,"73":3,"74":3,"75":8,"76":10,"77":3,"78":2,"79":2,"80":1,"81":2,"82":2,"83":2,"84":2,"85":3,"86":3,"87":3,"88":3,"89":7,"90":7,"91":6,"92":6,"93":6,"94":6,"95":6,"96":6,"97":6,"98":6,"99":6,"100":6,"101":6,"102":6,"103":1,"104":2,"105":2,"106":1,"107":1,"108":1,"109":1,"110":1,"111":1,"112":1,"113":6,"114":1,"115":6,"116":1,"117":1,"118":6,"119":2,"120":1,"121":6,"122":0,"123":3,"124":6,"125":6,"126":6,"127":3,"128":3},"f":{"0":3,"1":3,"2":3,"3":24,"4":0,"5":24,"6":138,"7":0,"8":16,"9":8,"10":7,"11":3,"12":3,"13":8,"14":3,"15":7,"16":6,"17":1,"18":2,"19":1,"20":1,"21":1,"22":1,"23":2,"24":1,"25":0,"26":6},"b":{"0":[0,3],"1":[0,3],"2":[0,3],"3":[3,3,3],"4":[0,3],"5":[3,3,0],"6":[0,3],"7":[3,3],"8":[3,3],"9":[84,0],"10":[84,84],"11":[84,0],"12":[0,84],"13":[84,84,84],"14":[3,0],"15":[24,0],"16":[24,24],"17":[30,0],"18":[24,6],"19":[6,0],"20":[2,14],"21":[2,14],"22":[2,14],"23":[3,2,2,0,3],"24":[2,1],"25":[1,1,1,1],"26":[6,1],"27":[6,6],"28":[6,0],"29":[6,0],"30":[6,0],"31":[6,1]},"inputSourceMap":null,"_coverageSchema":"1a1c01bbd47fc00a2c39e90264f33305004495a9","hash":"bab6830ee982ac87659a1551170f0042d3819482"}
,"/Users/orlando/dev/pos/libs/products/native-feature/src/lib/components/product-list/product-list.tsx": {"path":"/Users/orlando/dev/pos/libs/products/native-feature/src/lib/components/product-list/product-list.tsx","statementMap":{"0":{"start":{"line":1,"column":42},"end":{"line":1,"column":97}},"1":{"start":{"line":1,"column":98},"end":{"line":1,"column":160}},"2":{"start":{"line":1,"column":160},"end":{"line":1,"column":194}},"3":{"start":{"line":1,"column":194},"end":{"line":1,"column":251}},"4":{"start":{"line":1,"column":267},"end":{"line":1,"column":332}},"5":{"start":{"line":1,"column":346},"end":{"line":1,"column":387}},"6":{"start":{"line":2,"column":18},"end":{"line":2,"column":54}},"7":{"start":{"line":10,"column":16},"end":{"line":10,"column":48}},"8":{"start":{"line":12,"column":19},"end":{"line":12,"column":82}},"9":{"start":{"line":13,"column":18},"end":{"line":13,"column":40}},"10":{"start":{"line":13,"column":60},"end":{"line":13,"column":162}},"11":{"start":{"line":13,"column":211},"end":{"line":13,"column":258}},"12":{"start":{"line":13,"column":246},"end":{"line":13,"column":258}},"13":{"start":{"line":13,"column":282},"end":{"line":13,"column":295}},"14":{"start":{"line":13,"column":319},"end":{"line":13,"column":332}},"15":{"start":{"line":13,"column":333},"end":{"line":13,"column":490}},"16":{"start":{"line":13,"column":416},"end":{"line":13,"column":474}},"17":{"start":{"line":13,"column":543},"end":{"line":13,"column":599}},"18":{"start":{"line":13,"column":587},"end":{"line":13,"column":598}},"19":{"start":{"line":13,"column":599},"end":{"line":13,"column":699}},"20":{"start":{"line":13,"column":674},"end":{"line":13,"column":698}},"21":{"start":{"line":13,"column":711},"end":{"line":13,"column":748}},"22":{"start":{"line":13,"column":749},"end":{"line":13,"column":802}},"23":{"start":{"line":13,"column":779},"end":{"line":13,"column":801}},"24":{"start":{"line":13,"column":815},"end":{"line":13,"column":817}},"25":{"start":{"line":13,"column":846},"end":{"line":13,"column":902}},"26":{"start":{"line":13,"column":903},"end":{"line":13,"column":1195}},"27":{"start":{"line":13,"column":925},"end":{"line":13,"column":1194}},"28":{"start":{"line":13,"column":1010},"end":{"line":13,"column":1082}},"29":{"start":{"line":13,"column":1083},"end":{"line":13,"column":1193}},"30":{"start":{"line":13,"column":1120},"end":{"line":13,"column":1161}},"31":{"start":{"line":13,"column":1169},"end":{"line":13,"column":1192}},"32":{"start":{"line":13,"column":1195},"end":{"line":13,"column":1216}},"33":{"start":{"line":13,"column":1216},"end":{"line":13,"column":1252}},"34":{"start":{"line":13,"column":1228},"end":{"line":13,"column":1251}},"35":{"start":{"line":13,"column":1252},"end":{"line":13,"column":1266}},"36":{"start":{"line":19,"column":28},"end":{"line":29,"column":54}},"37":{"start":{"line":19,"column":72},"end":{"line":29,"column":53}},"38":{"start":{"line":29,"column":55},"end":{"line":29,"column":109}},"39":{"start":{"line":32,"column":45},"end":{"line":32,"column":60}},"40":{"start":{"line":33,"column":17},"end":{"line":33,"column":47}},"41":{"start":{"line":35,"column":2},"end":{"line":41,"column":17}},"42":{"start":{"line":36,"column":14},"end":{"line":36,"column":66}},"43":{"start":{"line":37,"column":4},"end":{"line":40,"column":6}},"44":{"start":{"line":38,"column":6},"end":{"line":38,"column":51}},"45":{"start":{"line":39,"column":6},"end":{"line":39,"column":24}},"46":{"start":{"line":43,"column":14},"end":{"line":43,"column":47}},"47":{"start":{"line":45,"column":2},"end":{"line":45,"column":206}},"48":{"start":{"line":48,"column":0},"end":{"line":48,"column":11}},"49":{"start":{"line":48,"column":12},"end":{"line":48,"column":39}}},"fnMap":{"0":{"name":"_getRequireWildcardCache","decl":{"start":{"line":13,"column":172},"end":{"line":13,"column":196}},"loc":{"start":{"line":13,"column":210},"end":{"line":13,"column":491}},"line":13},"1":{"name":"_getRequireWildcardCache","decl":{"start":{"line":13,"column":377},"end":{"line":13,"column":401}},"loc":{"start":{"line":13,"column":415},"end":{"line":13,"column":475}},"line":13},"2":{"name":"_interopRequireWildcard","decl":{"start":{"line":13,"column":500},"end":{"line":13,"column":523}},"loc":{"start":{"line":13,"column":542},"end":{"line":13,"column":1267}},"line":13},"3":{"name":"buildProductListProps","decl":{"start":{"line":19,"column":37},"end":{"line":19,"column":58}},"loc":{"start":{"line":19,"column":71},"end":{"line":29,"column":54}},"line":19},"4":{"name":"ProductList","decl":{"start":{"line":32,"column":9},"end":{"line":32,"column":20}},"loc":{"start":{"line":32,"column":27},"end":{"line":46,"column":1}},"line":32},"5":{"name":"(anonymous_5)","decl":{"start":{"line":35,"column":24},"end":{"line":35,"column":25}},"loc":{"start":{"line":35,"column":36},"end":{"line":41,"column":3}},"line":35},"6":{"name":"(anonymous_6)","decl":{"start":{"line":37,"column":11},"end":{"line":37,"column":12}},"loc":{"start":{"line":37,"column":23},"end":{"line":40,"column":5}},"line":37}},"branchMap":{"0":{"loc":{"start":{"line":13,"column":211},"end":{"line":13,"column":258}},"type":"if","locations":[{"start":{"line":13,"column":211},"end":{"line":13,"column":258}},{"start":{},"end":{}}],"line":13},"1":{"loc":{"start":{"line":13,"column":423},"end":{"line":13,"column":473}},"type":"cond-expr","locations":[{"start":{"line":13,"column":437},"end":{"line":13,"column":453}},{"start":{"line":13,"column":456},"end":{"line":13,"column":473}}],"line":13},"2":{"loc":{"start":{"line":13,"column":543},"end":{"line":13,"column":599}},"type":"if","locations":[{"start":{"line":13,"column":543},"end":{"line":13,"column":599}},{"start":{},"end":{}}],"line":13},"3":{"loc":{"start":{"line":13,"column":547},"end":{"line":13,"column":584}},"type":"binary-expr","locations":[{"start":{"line":13,"column":547},"end":{"line":13,"column":559}},{"start":{"line":13,"column":563},"end":{"line":13,"column":566}},{"start":{"line":13,"column":570},"end":{"line":13,"column":584}}],"line":13},"4":{"loc":{"start":{"line":13,"column":599},"end":{"line":13,"column":699}},"type":"if","locations":[{"start":{"line":13,"column":599},"end":{"line":13,"column":699}},{"start":{},"end":{}}],"line":13},"5":{"loc":{"start":{"line":13,"column":603},"end":{"line":13,"column":671}},"type":"binary-expr","locations":[{"start":{"line":13,"column":603},"end":{"line":13,"column":615}},{"start":{"line":13,"column":619},"end":{"line":13,"column":642}},{"start":{"line":13,"column":646},"end":{"line":13,"column":671}}],"line":13},"6":{"loc":{"start":{"line":13,"column":749},"end":{"line":13,"column":802}},"type":"if","locations":[{"start":{"line":13,"column":749},"end":{"line":13,"column":802}},{"start":{},"end":{}}],"line":13},"7":{"loc":{"start":{"line":13,"column":753},"end":{"line":13,"column":776}},"type":"binary-expr","locations":[{"start":{"line":13,"column":753},"end":{"line":13,"column":758}},{"start":{"line":13,"column":762},"end":{"line":13,"column":776}}],"line":13},"8":{"loc":{"start":{"line":13,"column":846},"end":{"line":13,"column":902}},"type":"binary-expr","locations":[{"start":{"line":13,"column":846},"end":{"line":13,"column":867}},{"start":{"line":13,"column":871},"end":{"line":13,"column":902}}],"line":13},"9":{"loc":{"start":{"line":13,"column":925},"end":{"line":13,"column":1194}},"type":"if","locations":[{"start":{"line":13,"column":925},"end":{"line":13,"column":1194}},{"start":{},"end":{}}],"line":13},"10":{"loc":{"start":{"line":13,"column":929},"end":{"line":13,"column":996}},"type":"binary-expr","locations":[{"start":{"line":13,"column":929},"end":{"line":13,"column":946}},{"start":{"line":13,"column":950},"end":{"line":13,"column":996}}],"line":13},"11":{"loc":{"start":{"line":13,"column":1010},"end":{"line":13,"column":1082}},"type":"cond-expr","locations":[{"start":{"line":13,"column":1034},"end":{"line":13,"column":1075}},{"start":{"line":13,"column":1078},"end":{"line":13,"column":1082}}],"line":13},"12":{"loc":{"start":{"line":13,"column":1083},"end":{"line":13,"column":1193}},"type":"if","locations":[{"start":{"line":13,"column":1083},"end":{"line":13,"column":1193}},{"start":{"line":13,"column":1168},"end":{"line":13,"column":1193}}],"line":13},"13":{"loc":{"start":{"line":13,"column":1087},"end":{"line":13,"column":1117}},"type":"binary-expr","locations":[{"start":{"line":13,"column":1087},"end":{"line":13,"column":1091}},{"start":{"line":13,"column":1096},"end":{"line":13,"column":1104}},{"start":{"line":13,"column":1108},"end":{"line":13,"column":1116}}],"line":13},"14":{"loc":{"start":{"line":13,"column":1216},"end":{"line":13,"column":1252}},"type":"if","locations":[{"start":{"line":13,"column":1216},"end":{"line":13,"column":1252}},{"start":{},"end":{}}],"line":13}},"s":{"0":2,"1":2,"2":2,"3":2,"4":2,"5":2,"6":2,"7":2,"8":2,"9":2,"10":2,"11":2,"12":0,"13":2,"14":2,"15":2,"16":2,"17":2,"18":0,"19":2,"20":0,"21":2,"22":2,"23":0,"24":2,"25":2,"26":2,"27":56,"28":56,"29":56,"30":0,"31":56,"32":2,"33":2,"34":2,"35":2,"36":2,"37":2,"38":2,"39":1,"40":1,"41":1,"42":1,"43":1,"44":1,"45":1,"46":1,"47":1,"48":2,"49":2},"f":{"0":2,"1":2,"2":2,"3":2,"4":1,"5":1,"6":1},"b":{"0":[0,2],"1":[0,2],"2":[0,2],"3":[2,2,2],"4":[0,2],"5":[2,2,0],"6":[0,2],"7":[2,2],"8":[2,2],"9":[56,0],"10":[56,56],"11":[56,0],"12":[0,56],"13":[56,56,56],"14":[2,0]},"inputSourceMap":null,"_coverageSchema":"1a1c01bbd47fc00a2c39e90264f33305004495a9","hash":"c81e1b2239b005ceb5ed3d036ef397fbd016e042"}
,"/Users/orlando/dev/pos/libs/products/native-feature/src/lib/components/products/products.tsx": {"path":"/Users/orlando/dev/pos/libs/products/native-feature/src/lib/components/products/products.tsx","statementMap":{"0":{"start":{"line":1,"column":42},"end":{"line":1,"column":97}},"1":{"start":{"line":1,"column":98},"end":{"line":1,"column":160}},"2":{"start":{"line":1,"column":160},"end":{"line":1,"column":188}},"3":{"start":{"line":1,"column":188},"end":{"line":1,"column":276}},"4":{"start":{"line":1,"column":289},"end":{"line":1,"column":330}},"5":{"start":{"line":3,"column":19},"end":{"line":3,"column":82}},"6":{"start":{"line":4,"column":19},"end":{"line":4,"column":82}},"7":{"start":{"line":5,"column":19},"end":{"line":5,"column":60}},"8":{"start":{"line":6,"column":16},"end":{"line":6,"column":48}},"9":{"start":{"line":7,"column":18},"end":{"line":7,"column":40}},"10":{"start":{"line":8,"column":18},"end":{"line":8,"column":56}},"11":{"start":{"line":12,"column":19},"end":{"line":12,"column":53}},"12":{"start":{"line":16,"column":19},"end":{"line":16,"column":63}},"13":{"start":{"line":16,"column":83},"end":{"line":16,"column":177}},"14":{"start":{"line":16,"column":226},"end":{"line":16,"column":273}},"15":{"start":{"line":16,"column":261},"end":{"line":16,"column":273}},"16":{"start":{"line":16,"column":297},"end":{"line":16,"column":310}},"17":{"start":{"line":16,"column":334},"end":{"line":16,"column":347}},"18":{"start":{"line":16,"column":348},"end":{"line":16,"column":505}},"19":{"start":{"line":16,"column":431},"end":{"line":16,"column":489}},"20":{"start":{"line":16,"column":558},"end":{"line":16,"column":614}},"21":{"start":{"line":16,"column":602},"end":{"line":16,"column":613}},"22":{"start":{"line":16,"column":614},"end":{"line":16,"column":714}},"23":{"start":{"line":16,"column":689},"end":{"line":16,"column":713}},"24":{"start":{"line":16,"column":726},"end":{"line":16,"column":763}},"25":{"start":{"line":16,"column":764},"end":{"line":16,"column":817}},"26":{"start":{"line":16,"column":794},"end":{"line":16,"column":816}},"27":{"start":{"line":16,"column":830},"end":{"line":16,"column":832}},"28":{"start":{"line":16,"column":861},"end":{"line":16,"column":917}},"29":{"start":{"line":16,"column":918},"end":{"line":16,"column":1210}},"30":{"start":{"line":16,"column":940},"end":{"line":16,"column":1209}},"31":{"start":{"line":16,"column":1025},"end":{"line":16,"column":1097}},"32":{"start":{"line":16,"column":1098},"end":{"line":16,"column":1208}},"33":{"start":{"line":16,"column":1135},"end":{"line":16,"column":1176}},"34":{"start":{"line":16,"column":1184},"end":{"line":16,"column":1207}},"35":{"start":{"line":16,"column":1210},"end":{"line":16,"column":1231}},"36":{"start":{"line":16,"column":1231},"end":{"line":16,"column":1267}},"37":{"start":{"line":16,"column":1243},"end":{"line":16,"column":1266}},"38":{"start":{"line":16,"column":1267},"end":{"line":16,"column":1281}},"39":{"start":{"line":21,"column":12},"end":{"line":21,"column":58}},"40":{"start":{"line":22,"column":24},"end":{"line":22,"column":85}},"41":{"start":{"line":22,"column":60},"end":{"line":22,"column":84}},"42":{"start":{"line":22,"column":86},"end":{"line":22,"column":132}},"43":{"start":{"line":23,"column":31},"end":{"line":31,"column":1}},"44":{"start":{"line":28,"column":2},"end":{"line":30,"column":3}},"45":{"start":{"line":29,"column":4},"end":{"line":29,"column":28}},"46":{"start":{"line":31,"column":2},"end":{"line":31,"column":62}},"47":{"start":{"line":34,"column":17},"end":{"line":34,"column":47}},"48":{"start":{"line":35,"column":25},"end":{"line":35,"column":86}},"49":{"start":{"line":36,"column":24},"end":{"line":36,"column":86}},"50":{"start":{"line":37,"column":24},"end":{"line":37,"column":86}},"51":{"start":{"line":39,"column":2},"end":{"line":41,"column":35}},"52":{"start":{"line":40,"column":4},"end":{"line":40,"column":86}},"53":{"start":{"line":43,"column":2},"end":{"line":45,"column":34}},"54":{"start":{"line":44,"column":4},"end":{"line":44,"column":82}},"55":{"start":{"line":47,"column":2},"end":{"line":49,"column":34}},"56":{"start":{"line":48,"column":4},"end":{"line":48,"column":90}},"57":{"start":{"line":51,"column":2},"end":{"line":54,"column":208}},"58":{"start":{"line":59,"column":0},"end":{"line":59,"column":8}},"59":{"start":{"line":59,"column":9},"end":{"line":59,"column":36}}},"fnMap":{"0":{"name":"_getRequireWildcardCache","decl":{"start":{"line":16,"column":187},"end":{"line":16,"column":211}},"loc":{"start":{"line":16,"column":225},"end":{"line":16,"column":506}},"line":16},"1":{"name":"_getRequireWildcardCache","decl":{"start":{"line":16,"column":392},"end":{"line":16,"column":416}},"loc":{"start":{"line":16,"column":430},"end":{"line":16,"column":490}},"line":16},"2":{"name":"_interopRequireWildcard","decl":{"start":{"line":16,"column":515},"end":{"line":16,"column":538}},"loc":{"start":{"line":16,"column":557},"end":{"line":16,"column":1282}},"line":16},"3":{"name":"shouldFetchLookup","decl":{"start":{"line":22,"column":33},"end":{"line":22,"column":50}},"loc":{"start":{"line":22,"column":59},"end":{"line":22,"column":85}},"line":22},"4":{"name":"bootstrapProductsLookups","decl":{"start":{"line":23,"column":40},"end":{"line":23,"column":64}},"loc":{"start":{"line":27,"column":0},"end":{"line":31,"column":1}},"line":27},"5":{"name":"Products","decl":{"start":{"line":33,"column":9},"end":{"line":33,"column":17}},"loc":{"start":{"line":33,"column":20},"end":{"line":57,"column":1}},"line":33},"6":{"name":"(anonymous_6)","decl":{"start":{"line":39,"column":24},"end":{"line":39,"column":25}},"loc":{"start":{"line":39,"column":36},"end":{"line":41,"column":3}},"line":39},"7":{"name":"(anonymous_7)","decl":{"start":{"line":43,"column":24},"end":{"line":43,"column":25}},"loc":{"start":{"line":43,"column":36},"end":{"line":45,"column":3}},"line":43},"8":{"name":"(anonymous_8)","decl":{"start":{"line":47,"column":24},"end":{"line":47,"column":25}},"loc":{"start":{"line":47,"column":36},"end":{"line":49,"column":3}},"line":47}},"branchMap":{"0":{"loc":{"start":{"line":16,"column":226},"end":{"line":16,"column":273}},"type":"if","locations":[{"start":{"line":16,"column":226},"end":{"line":16,"column":273}},{"start":{},"end":{}}],"line":16},"1":{"loc":{"start":{"line":16,"column":438},"end":{"line":16,"column":488}},"type":"cond-expr","locations":[{"start":{"line":16,"column":452},"end":{"line":16,"column":468}},{"start":{"line":16,"column":471},"end":{"line":16,"column":488}}],"line":16},"2":{"loc":{"start":{"line":16,"column":558},"end":{"line":16,"column":614}},"type":"if","locations":[{"start":{"line":16,"column":558},"end":{"line":16,"column":614}},{"start":{},"end":{}}],"line":16},"3":{"loc":{"start":{"line":16,"column":562},"end":{"line":16,"column":599}},"type":"binary-expr","locations":[{"start":{"line":16,"column":562},"end":{"line":16,"column":574}},{"start":{"line":16,"column":578},"end":{"line":16,"column":581}},{"start":{"line":16,"column":585},"end":{"line":16,"column":599}}],"line":16},"4":{"loc":{"start":{"line":16,"column":614},"end":{"line":16,"column":714}},"type":"if","locations":[{"start":{"line":16,"column":614},"end":{"line":16,"column":714}},{"start":{},"end":{}}],"line":16},"5":{"loc":{"start":{"line":16,"column":618},"end":{"line":16,"column":686}},"type":"binary-expr","locations":[{"start":{"line":16,"column":618},"end":{"line":16,"column":630}},{"start":{"line":16,"column":634},"end":{"line":16,"column":657}},{"start":{"line":16,"column":661},"end":{"line":16,"column":686}}],"line":16},"6":{"loc":{"start":{"line":16,"column":764},"end":{"line":16,"column":817}},"type":"if","locations":[{"start":{"line":16,"column":764},"end":{"line":16,"column":817}},{"start":{},"end":{}}],"line":16},"7":{"loc":{"start":{"line":16,"column":768},"end":{"line":16,"column":791}},"type":"binary-expr","locations":[{"start":{"line":16,"column":768},"end":{"line":16,"column":773}},{"start":{"line":16,"column":777},"end":{"line":16,"column":791}}],"line":16},"8":{"loc":{"start":{"line":16,"column":861},"end":{"line":16,"column":917}},"type":"binary-expr","locations":[{"start":{"line":16,"column":861},"end":{"line":16,"column":882}},{"start":{"line":16,"column":886},"end":{"line":16,"column":917}}],"line":16},"9":{"loc":{"start":{"line":16,"column":940},"end":{"line":16,"column":1209}},"type":"if","locations":[{"start":{"line":16,"column":940},"end":{"line":16,"column":1209}},{"start":{},"end":{}}],"line":16},"10":{"loc":{"start":{"line":16,"column":944},"end":{"line":16,"column":1011}},"type":"binary-expr","locations":[{"start":{"line":16,"column":944},"end":{"line":16,"column":961}},{"start":{"line":16,"column":965},"end":{"line":16,"column":1011}}],"line":16},"11":{"loc":{"start":{"line":16,"column":1025},"end":{"line":16,"column":1097}},"type":"cond-expr","locations":[{"start":{"line":16,"column":1049},"end":{"line":16,"column":1090}},{"start":{"line":16,"column":1093},"end":{"line":16,"column":1097}}],"line":16},"12":{"loc":{"start":{"line":16,"column":1098},"end":{"line":16,"column":1208}},"type":"if","locations":[{"start":{"line":16,"column":1098},"end":{"line":16,"column":1208}},{"start":{"line":16,"column":1183},"end":{"line":16,"column":1208}}],"line":16},"13":{"loc":{"start":{"line":16,"column":1102},"end":{"line":16,"column":1132}},"type":"binary-expr","locations":[{"start":{"line":16,"column":1102},"end":{"line":16,"column":1106}},{"start":{"line":16,"column":1111},"end":{"line":16,"column":1119}},{"start":{"line":16,"column":1123},"end":{"line":16,"column":1131}}],"line":16},"14":{"loc":{"start":{"line":16,"column":1231},"end":{"line":16,"column":1267}},"type":"if","locations":[{"start":{"line":16,"column":1231},"end":{"line":16,"column":1267}},{"start":{},"end":{}}],"line":16},"15":{"loc":{"start":{"line":28,"column":2},"end":{"line":30,"column":3}},"type":"if","locations":[{"start":{"line":28,"column":2},"end":{"line":30,"column":3}},{"start":{},"end":{}}],"line":28}},"s":{"0":1,"1":1,"2":1,"3":1,"4":1,"5":1,"6":1,"7":1,"8":1,"9":1,"10":1,"11":1,"12":1,"13":1,"14":1,"15":0,"16":1,"17":1,"18":1,"19":1,"20":1,"21":0,"22":1,"23":0,"24":1,"25":1,"26":0,"27":1,"28":1,"29":1,"30":28,"31":28,"32":28,"33":0,"34":28,"35":1,"36":1,"37":1,"38":1,"39":1,"40":1,"41":8,"42":1,"43":1,"44":5,"45":1,"46":1,"47":1,"48":1,"49":1,"50":1,"51":1,"52":1,"53":1,"54":1,"55":1,"56":1,"57":1,"58":1,"59":1},"f":{"0":1,"1":1,"2":1,"3":8,"4":5,"5":1,"6":1,"7":1,"8":1},"b":{"0":[0,1],"1":[0,1],"2":[0,1],"3":[1,1,1],"4":[0,1],"5":[1,1,0],"6":[0,1],"7":[1,1],"8":[1,1],"9":[28,0],"10":[28,28],"11":[28,0],"12":[0,28],"13":[28,28,28],"14":[1,0],"15":[1,4]},"inputSourceMap":null,"_coverageSchema":"1a1c01bbd47fc00a2c39e90264f33305004495a9","hash":"1821633b965dd14742c0dc6e17ac8ff5a5d9e389"}
}
