TN:
SF:libs/products/native-feature/src/lib/components/product-form/product-form.tsx
FN:23,_getRequireWildcardCache
FN:23,_getRequireWildcardCache
FN:23,_interopRequireWildcard
FN:34,ProductForm
FN:35,(anonymous_4)
FN:48,updatePicture
FN:52,(anonymous_6)
FN:52,_callee
FN:52,_callee$
FN:67,save
FN:95,confirmCancel
FN:101,onPress
FN:106,(anonymous_12)
FN:145,(anonymous_13)
FN:228,onBlur
FN:243,onBlur
FN:260,onBlur
FNF:17
FNH:17
FNDA:2,_getRequireWildcardCache
FNDA:2,_getRequireWildcardCache
FNDA:2,_interopRequireWildcard
FNDA:12,ProductForm
FNDA:12,(anonymous_4)
FNDA:1,updatePicture
FNDA:12,(anonymous_6)
FNDA:3,_callee
FNDA:7,_callee$
FNDA:3,save
FNDA:2,confirmCancel
FNDA:1,onPress
FNDA:12,(anonymous_12)
FNDA:12,(anonymous_13)
FNDA:1,onBlur
FNDA:1,onBlur
FNDA:1,onBlur
DA:1,2
DA:3,2
DA:4,2
DA:5,2
DA:14,2
DA:16,2
DA:17,2
DA:20,2
DA:21,2
DA:22,2
DA:23,56
DA:34,12
DA:35,12
DA:36,12
DA:37,12
DA:38,12
DA:39,12
DA:40,12
DA:41,12
DA:42,12
DA:44,12
DA:45,12
DA:46,12
DA:48,12
DA:49,1
DA:52,12
DA:53,3
DA:54,3
DA:55,3
DA:56,3
DA:58,3
DA:59,1
DA:60,3
DA:62,3
DA:64,3
DA:66,2
DA:67,12
DA:70,12
DA:95,12
DA:96,2
DA:101,1
DA:106,12
DA:107,12
DA:108,12
DA:109,12
DA:110,12
DA:113,12
DA:145,12
DA:228,1
DA:244,1
DA:261,1
DA:279,2
LF:52
LH:52
BRDA:23,0,0,0
BRDA:23,0,1,2
BRDA:23,1,0,0
BRDA:23,1,1,2
BRDA:23,2,0,0
BRDA:23,2,1,2
BRDA:23,3,0,2
BRDA:23,3,1,2
BRDA:23,3,2,2
BRDA:23,4,0,0
BRDA:23,4,1,2
BRDA:23,5,0,2
BRDA:23,5,1,2
BRDA:23,5,2,0
BRDA:23,6,0,0
BRDA:23,6,1,2
BRDA:23,7,0,2
BRDA:23,7,1,2
BRDA:23,8,0,2
BRDA:23,8,1,2
BRDA:23,9,0,56
BRDA:23,9,1,0
BRDA:23,10,0,56
BRDA:23,10,1,56
BRDA:23,11,0,56
BRDA:23,11,1,0
BRDA:23,12,0,0
BRDA:23,12,1,56
BRDA:23,13,0,56
BRDA:23,13,1,56
BRDA:23,13,2,56
BRDA:23,14,0,2
BRDA:23,14,1,0
BRDA:52,15,0,3
BRDA:52,15,1,3
BRDA:52,15,2,2
BRDA:52,15,3,2
BRDA:52,15,4,3
BRDA:55,16,0,2
BRDA:55,16,1,1
BRDA:58,17,0,1
BRDA:58,17,1,2
BRDA:64,18,0,2
BRDA:64,18,1,1
BRDA:73,19,0,0
BRDA:73,19,1,12
BRDA:74,20,0,0
BRDA:74,20,1,12
BRDA:75,21,0,0
BRDA:75,21,1,12
BRDA:76,22,0,0
BRDA:76,22,1,12
BRDA:77,23,0,0
BRDA:77,23,1,12
BRDA:78,24,0,0
BRDA:78,24,1,12
BRDA:79,25,0,0
BRDA:79,25,1,12
BRDA:80,26,0,0
BRDA:80,26,1,12
BRDA:81,27,0,0
BRDA:81,27,1,12
BRDA:82,28,0,12
BRDA:82,28,1,12
BRDA:82,29,0,0
BRDA:82,29,1,12
BRDA:83,30,0,0
BRDA:83,30,1,12
BRDA:85,31,0,0
BRDA:85,31,1,12
BRDA:86,32,0,0
BRDA:86,32,1,12
BRDA:87,33,0,0
BRDA:87,33,1,12
BRDA:88,34,0,0
BRDA:88,34,1,12
BRDA:89,35,0,0
BRDA:89,35,1,12
BRDA:90,36,0,0
BRDA:90,36,1,12
BRDA:91,37,0,12
BRDA:91,37,1,0
BRDA:91,38,0,0
BRDA:91,38,1,12
BRDA:108,39,0,0
BRDA:108,39,1,12
BRDA:109,40,0,0
BRDA:109,40,1,12
BRDA:110,41,0,0
BRDA:110,41,1,12
BRDA:133,42,0,0
BRDA:133,42,1,12
BRDA:140,43,0,0
BRDA:140,43,1,12
BRDA:149,44,0,0
BRDA:149,44,1,12
BRF:96
BRH:61
end_of_record
TN:
SF:libs/products/native-feature/src/lib/components/product-item/product-item.tsx
FN:15,_getRequireWildcardCache
FN:15,_getRequireWildcardCache
FN:15,_interopRequireWildcard
FN:15,ownKeys
FN:15,(anonymous_4)
FN:15,_objectSpread
FN:15,(anonymous_6)
FN:15,(anonymous_7)
FN:27,getProductCodeLines
FN:35,hasProductCodes
FN:38,formatProductTitle
FN:41,(anonymous_11)
FN:41,_callee
FN:44,_callee$
FN:49,deleteProductById
FN:52,ProductItem
FN:61,(anonymous_16)
FN:61,_callee2
FN:61,_callee2$
FN:65,(anonymous_19)
FN:66,(anonymous_20)
FN:68,deleteItem
FN:71,editItem
FN:76,confirmDeletion
FN:80,onPress
FN:139,(anonymous_25)
FN:177,useStyles
FNF:27
FNH:24
FNDA:3,_getRequireWildcardCache
FNDA:3,_getRequireWildcardCache
FNDA:3,_interopRequireWildcard
FNDA:24,ownKeys
FNDA:0,(anonymous_4)
FNDA:24,_objectSpread
FNDA:138,(anonymous_6)
FNDA:0,(anonymous_7)
FNDA:16,getProductCodeLines
FNDA:8,hasProductCodes
FNDA:7,formatProductTitle
FNDA:3,(anonymous_11)
FNDA:3,_callee
FNDA:8,_callee$
FNDA:3,deleteProductById
FNDA:7,ProductItem
FNDA:6,(anonymous_16)
FNDA:1,_callee2
FNDA:2,_callee2$
FNDA:1,(anonymous_19)
FNDA:1,(anonymous_20)
FNDA:1,deleteItem
FNDA:1,editItem
FNDA:2,confirmDeletion
FNDA:1,onPress
FNDA:0,(anonymous_25)
FNDA:6,useStyles
DA:1,3
DA:3,3
DA:4,3
DA:5,3
DA:6,3
DA:11,3
DA:13,3
DA:14,3
DA:15,138
DA:27,3
DA:28,16
DA:29,16
DA:30,16
DA:31,16
DA:32,16
DA:33,3
DA:35,8
DA:36,3
DA:38,7
DA:39,3
DA:41,3
DA:44,10
DA:46,2
DA:48,2
DA:49,3
DA:52,7
DA:53,6
DA:54,6
DA:55,6
DA:56,6
DA:58,6
DA:59,6
DA:61,6
DA:62,1
DA:65,1
DA:66,1
DA:68,6
DA:71,6
DA:72,1
DA:73,1
DA:76,6
DA:77,2
DA:80,1
DA:84,6
DA:139,0
DA:177,3
DA:178,6
DA:179,6
DA:181,6
DA:195,3
LF:50
LH:49
BRDA:15,0,0,0
BRDA:15,0,1,3
BRDA:15,1,0,0
BRDA:15,1,1,3
BRDA:15,2,0,0
BRDA:15,2,1,3
BRDA:15,3,0,3
BRDA:15,3,1,3
BRDA:15,3,2,3
BRDA:15,4,0,0
BRDA:15,4,1,3
BRDA:15,5,0,3
BRDA:15,5,1,3
BRDA:15,5,2,0
BRDA:15,6,0,0
BRDA:15,6,1,3
BRDA:15,7,0,3
BRDA:15,7,1,3
BRDA:15,8,0,3
BRDA:15,8,1,3
BRDA:15,9,0,84
BRDA:15,9,1,0
BRDA:15,10,0,84
BRDA:15,10,1,84
BRDA:15,11,0,84
BRDA:15,11,1,0
BRDA:15,12,0,0
BRDA:15,12,1,84
BRDA:15,13,0,84
BRDA:15,13,1,84
BRDA:15,13,2,84
BRDA:15,14,0,3
BRDA:15,14,1,0
BRDA:15,15,0,24
BRDA:15,15,1,0
BRDA:15,16,0,24
BRDA:15,16,1,24
BRDA:15,17,0,30
BRDA:15,17,1,0
BRDA:15,18,0,24
BRDA:15,18,1,6
BRDA:15,19,0,6
BRDA:15,19,1,0
BRDA:29,20,0,2
BRDA:29,20,1,14
BRDA:30,21,0,2
BRDA:30,21,1,14
BRDA:31,22,0,2
BRDA:31,22,1,14
BRDA:44,23,0,3
BRDA:44,23,1,2
BRDA:44,23,2,2
BRDA:44,23,3,0
BRDA:44,23,4,3
BRDA:44,24,0,2
BRDA:44,24,1,1
BRDA:61,25,0,1
BRDA:61,25,1,1
BRDA:61,25,2,1
BRDA:61,25,3,1
BRDA:97,26,0,6
BRDA:97,26,1,1
BRDA:98,27,0,6
BRDA:98,27,1,6
BRDA:100,28,0,6
BRDA:100,28,1,0
BRDA:115,29,0,6
BRDA:115,29,1,0
BRDA:129,30,0,6
BRDA:129,30,1,0
BRDA:172,31,0,6
BRDA:172,31,1,1
BRF:72
BRH:55
end_of_record
TN:
SF:libs/products/native-feature/src/lib/components/product-list/product-list.tsx
FN:13,_getRequireWildcardCache
FN:13,_getRequireWildcardCache
FN:13,_interopRequireWildcard
FN:19,buildProductListProps
FN:32,ProductList
FN:35,(anonymous_5)
FN:37,(anonymous_6)
FNF:7
FNH:7
FNDA:2,_getRequireWildcardCache
FNDA:2,_getRequireWildcardCache
FNDA:2,_interopRequireWildcard
FNDA:2,buildProductListProps
FNDA:1,ProductList
FNDA:1,(anonymous_5)
FNDA:1,(anonymous_6)
DA:1,2
DA:2,2
DA:10,2
DA:12,2
DA:13,56
DA:19,2
DA:29,2
DA:32,1
DA:33,1
DA:35,1
DA:36,1
DA:37,1
DA:38,1
DA:39,1
DA:43,1
DA:45,1
DA:48,2
LF:17
LH:17
BRDA:13,0,0,0
BRDA:13,0,1,2
BRDA:13,1,0,0
BRDA:13,1,1,2
BRDA:13,2,0,0
BRDA:13,2,1,2
BRDA:13,3,0,2
BRDA:13,3,1,2
BRDA:13,3,2,2
BRDA:13,4,0,0
BRDA:13,4,1,2
BRDA:13,5,0,2
BRDA:13,5,1,2
BRDA:13,5,2,0
BRDA:13,6,0,0
BRDA:13,6,1,2
BRDA:13,7,0,2
BRDA:13,7,1,2
BRDA:13,8,0,2
BRDA:13,8,1,2
BRDA:13,9,0,56
BRDA:13,9,1,0
BRDA:13,10,0,56
BRDA:13,10,1,56
BRDA:13,11,0,56
BRDA:13,11,1,0
BRDA:13,12,0,0
BRDA:13,12,1,56
BRDA:13,13,0,56
BRDA:13,13,1,56
BRDA:13,13,2,56
BRDA:13,14,0,2
BRDA:13,14,1,0
BRF:33
BRH:23
end_of_record
TN:
SF:libs/products/native-feature/src/lib/components/products/products.tsx
FN:16,_getRequireWildcardCache
FN:16,_getRequireWildcardCache
FN:16,_interopRequireWildcard
FN:22,shouldFetchLookup
FN:23,bootstrapProductsLookups
FN:33,Products
FN:39,(anonymous_6)
FN:43,(anonymous_7)
FN:47,(anonymous_8)
FNF:9
FNH:9
FNDA:1,_getRequireWildcardCache
FNDA:1,_getRequireWildcardCache
FNDA:1,_interopRequireWildcard
FNDA:8,shouldFetchLookup
FNDA:5,bootstrapProductsLookups
FNDA:1,Products
FNDA:1,(anonymous_6)
FNDA:1,(anonymous_7)
FNDA:1,(anonymous_8)
DA:1,1
DA:3,1
DA:4,1
DA:5,1
DA:6,1
DA:7,1
DA:8,1
DA:12,1
DA:16,28
DA:21,1
DA:22,8
DA:23,1
DA:28,5
DA:29,1
DA:31,1
DA:34,1
DA:35,1
DA:36,1
DA:37,1
DA:39,1
DA:40,1
DA:43,1
DA:44,1
DA:47,1
DA:48,1
DA:51,1
DA:59,1
LF:27
LH:27
BRDA:16,0,0,0
BRDA:16,0,1,1
BRDA:16,1,0,0
BRDA:16,1,1,1
BRDA:16,2,0,0
BRDA:16,2,1,1
BRDA:16,3,0,1
BRDA:16,3,1,1
BRDA:16,3,2,1
BRDA:16,4,0,0
BRDA:16,4,1,1
BRDA:16,5,0,1
BRDA:16,5,1,1
BRDA:16,5,2,0
BRDA:16,6,0,0
BRDA:16,6,1,1
BRDA:16,7,0,1
BRDA:16,7,1,1
BRDA:16,8,0,1
BRDA:16,8,1,1
BRDA:16,9,0,28
BRDA:16,9,1,0
BRDA:16,10,0,28
BRDA:16,10,1,28
BRDA:16,11,0,28
BRDA:16,11,1,0
BRDA:16,12,0,0
BRDA:16,12,1,28
BRDA:16,13,0,28
BRDA:16,13,1,28
BRDA:16,13,2,28
BRDA:16,14,0,1
BRDA:16,14,1,0
BRDA:28,15,0,1
BRDA:28,15,1,4
BRF:35
BRH:25
end_of_record
