TN:
SF:libs/inventory/native-feature/src/lib/components/inventory-counts/inventory-count-form.tsx
FN:25,_getRequireWildcardCache
FN:25,_getRequireWildcardCache
FN:25,_interopRequireWildcard
FN:25,ownKeys
FN:25,(anonymous_4)
FN:25,_objectSpread
FN:25,(anonymous_6)
FN:25,(anonymous_7)
FN:34,asFullCountLines
FN:39,(anonymous_9)
FN:43,(anonymous_10)
FN:44,(anonymous_11)
FN:46,(anonymous_12)
FN:52,(anonymous_13)
FN:52,(anonymous_14)
FN:58,normalizeCode
FN:61,isExactCodeMatch
FN:72,appendCountLineIfMissing
FN:76,(anonymous_18)
FN:86,applyCountLineUpdate
FN:90,(anonymous_20)
FN:98,InventoryCountForm
FN:109,(anonymous_22)
FN:119,(anonymous_23)
FN:123,searchSubmit
FN:128,addItem
FN:132,(anonymous_26)
FN:143,updateItem
FN:147,deleteItem
FN:148,(anonymous_29)
FN:149,(anonymous_30)
FN:157,(anonymous_31)
FN:157,_callee
FN:157,_callee$
FN:158,(anonymous_34)
FN:204,save
FN:207,updateInventory
FN:211,(anonymous_37)
FN:215,confirmCancel
FN:223,onPress
FN:232,(anonymous_40)
FN:234,(anonymous_41)
FN:240,(anonymous_42)
FN:249,(anonymous_43)
FN:253,(anonymous_44)
FN:272,(anonymous_45)
FN:273,(anonymous_46)
FN:298,(anonymous_47)
FN:302,enableFullCountMode
FN:304,(anonymous_49)
FN:310,enableQuickCountMode
FN:313,(anonymous_51)
FN:317,regenerateFullCount
FN:318,(anonymous_53)
FN:460,onClear
FN:540,onClose
FN:547,renderItem
FN:631,submitAction
FNF:58
FNH:54
FNDA:1,_getRequireWildcardCache
FNDA:1,_getRequireWildcardCache
FNDA:1,_interopRequireWildcard
FNDA:18,ownKeys
FNDA:0,(anonymous_4)
FNDA:18,_objectSpread
FNDA:110,(anonymous_6)
FNDA:0,(anonymous_7)
FNDA:4,asFullCountLines
FNDA:5,(anonymous_9)
FNDA:10,(anonymous_10)
FNDA:4,(anonymous_11)
FNDA:8,(anonymous_12)
FNDA:5,(anonymous_13)
FNDA:7,(anonymous_14)
FNDA:16,normalizeCode
FNDA:5,isExactCodeMatch
FNDA:2,appendCountLineIfMissing
FNDA:2,(anonymous_18)
FNDA:3,applyCountLineUpdate
FNDA:3,(anonymous_20)
FNDA:60,InventoryCountForm
FNDA:8,(anonymous_22)
FNDA:8,(anonymous_23)
FNDA:5,searchSubmit
FNDA:0,addItem
FNDA:0,(anonymous_26)
FNDA:1,updateItem
FNDA:1,deleteItem
FNDA:1,(anonymous_29)
FNDA:1,(anonymous_30)
FNDA:60,(anonymous_31)
FNDA:5,_callee
FNDA:10,_callee$
FNDA:2,(anonymous_34)
FNDA:5,save
FNDA:1,updateInventory
FNDA:1,(anonymous_37)
FNDA:1,confirmCancel
FNDA:1,onPress
FNDA:11,(anonymous_40)
FNDA:11,(anonymous_41)
FNDA:18,(anonymous_42)
FNDA:2,(anonymous_43)
FNDA:24,(anonymous_44)
FNDA:4,(anonymous_45)
FNDA:1,(anonymous_46)
FNDA:33,(anonymous_47)
FNDA:2,enableFullCountMode
FNDA:1,(anonymous_49)
FNDA:1,enableQuickCountMode
FNDA:1,(anonymous_51)
FNDA:1,regenerateFullCount
FNDA:1,(anonymous_53)
FNDA:1,onClear
FNDA:1,onClose
FNDA:27,renderItem
FNDA:4,submitAction
DA:1,1
DA:3,1
DA:4,1
DA:5,1
DA:7,1
DA:8,1
DA:18,1
DA:19,1
DA:20,1
DA:21,1
DA:23,1
DA:24,1
DA:25,110
DA:34,1
DA:38,4
DA:39,5
DA:42,4
DA:43,10
DA:44,4
DA:46,4
DA:47,8
DA:48,8
DA:51,4
DA:52,7
DA:55,4
DA:56,1
DA:58,16
DA:59,1
DA:61,1
DA:62,5
DA:63,5
DA:65,4
DA:70,1
DA:72,1
DA:76,2
DA:77,1
DA:80,1
DA:84,1
DA:86,1
DA:90,3
DA:91,3
DA:93,2
DA:94,2
DA:95,2
DA:96,1
DA:101,60
DA:102,60
DA:103,60
DA:104,60
DA:105,60
DA:106,60
DA:107,60
DA:108,60
DA:109,60
DA:111,60
DA:112,60
DA:113,60
DA:114,60
DA:116,60
DA:117,60
DA:118,60
DA:119,60
DA:121,60
DA:123,60
DA:124,5
DA:125,5
DA:128,60
DA:129,0
DA:130,0
DA:132,0
DA:133,0
DA:134,0
DA:135,0
DA:137,0
DA:140,0
DA:143,60
DA:144,1
DA:147,60
DA:148,1
DA:149,1
DA:150,1
DA:151,1
DA:153,1
DA:157,60
DA:158,5
DA:160,4
DA:161,1
DA:165,4
DA:168,3
DA:169,1
DA:178,3
DA:182,2
DA:183,1
DA:184,1
DA:188,2
DA:189,2
DA:192,3
DA:193,1
DA:194,3
DA:197,3
DA:199,3
DA:200,1
DA:203,3
DA:204,60
DA:207,60
DA:208,1
DA:211,1
DA:215,60
DA:216,1
DA:224,1
DA:225,1
DA:232,60
DA:233,11
DA:234,11
DA:235,11
DA:236,11
DA:240,60
DA:241,18
DA:242,4
DA:243,4
DA:244,4
DA:247,14
DA:249,2
DA:250,2
DA:253,60
DA:254,24
DA:255,19
DA:256,19
DA:259,5
DA:260,5
DA:263,5
DA:265,5
DA:266,4
DA:268,4
DA:271,4
DA:272,4
DA:273,4
DA:274,1
DA:277,3
DA:281,3
DA:282,3
DA:284,3
DA:286,4
DA:287,4
DA:288,4
DA:292,1
DA:295,60
DA:296,60
DA:297,60
DA:298,33
DA:300,60
DA:302,60
DA:303,2
DA:304,2
DA:306,2
DA:307,2
DA:310,60
DA:311,1
DA:312,1
DA:313,1
DA:317,60
DA:318,1
DA:319,1
DA:423,60
DA:460,1
DA:540,1
DA:547,27
DA:631,4
DA:662,1
LF:169
LH:161
BRDA:25,0,0,0
BRDA:25,0,1,1
BRDA:25,1,0,0
BRDA:25,1,1,1
BRDA:25,2,0,0
BRDA:25,2,1,1
BRDA:25,3,0,1
BRDA:25,3,1,1
BRDA:25,3,2,1
BRDA:25,4,0,0
BRDA:25,4,1,1
BRDA:25,5,0,1
BRDA:25,5,1,1
BRDA:25,5,2,0
BRDA:25,6,0,0
BRDA:25,6,1,1
BRDA:25,7,0,1
BRDA:25,7,1,1
BRDA:25,8,0,1
BRDA:25,8,1,1
BRDA:25,9,0,28
BRDA:25,9,1,0
BRDA:25,10,0,28
BRDA:25,10,1,28
BRDA:25,11,0,28
BRDA:25,11,1,0
BRDA:25,12,0,0
BRDA:25,12,1,28
BRDA:25,13,0,28
BRDA:25,13,1,28
BRDA:25,13,2,28
BRDA:25,14,0,1
BRDA:25,14,1,0
BRDA:25,15,0,18
BRDA:25,15,1,0
BRDA:25,16,0,18
BRDA:25,16,1,18
BRDA:25,17,0,18
BRDA:25,17,1,0
BRDA:25,18,0,18
BRDA:25,18,1,0
BRDA:25,19,0,0
BRDA:25,19,1,0
BRDA:43,20,0,10
BRDA:43,20,1,9
BRDA:48,21,0,8
BRDA:48,21,1,4
BRDA:59,22,0,16
BRDA:59,22,1,2
BRDA:63,23,0,1
BRDA:63,23,1,4
BRDA:66,24,0,4
BRDA:66,24,1,3
BRDA:66,24,2,2
BRDA:76,25,0,1
BRDA:76,25,1,1
BRDA:91,26,0,1
BRDA:91,26,1,2
BRDA:109,27,0,8
BRDA:109,27,1,52
BRDA:119,28,0,8
BRDA:119,28,1,52
BRDA:125,29,0,5
BRDA:125,29,1,0
BRDA:130,30,0,0
BRDA:130,30,1,0
BRDA:134,31,0,0
BRDA:134,31,1,0
BRDA:134,32,0,0
BRDA:134,32,1,0
BRDA:150,33,0,1
BRDA:150,33,1,0
BRDA:150,34,0,1
BRDA:150,34,1,1
BRDA:157,35,0,5
BRDA:157,35,1,4
BRDA:157,35,2,3
BRDA:157,35,3,2
BRDA:157,35,4,3
BRDA:157,35,5,3
BRDA:157,35,6,3
BRDA:157,35,7,5
BRDA:158,36,0,2
BRDA:158,36,1,1
BRDA:158,37,0,4
BRDA:158,37,1,1
BRDA:165,38,0,3
BRDA:165,38,1,1
BRDA:175,39,0,0
BRDA:175,39,1,1
BRDA:176,40,0,0
BRDA:176,40,1,1
BRDA:176,41,0,0
BRDA:176,41,1,1
BRDA:178,42,0,2
BRDA:178,42,1,1
BRDA:192,43,0,1
BRDA:192,43,1,2
BRDA:199,44,0,1
BRDA:199,44,1,2
BRDA:241,45,0,4
BRDA:241,45,1,14
BRDA:247,46,0,12
BRDA:247,46,1,2
BRDA:247,47,0,14
BRDA:247,47,1,4
BRDA:254,48,0,19
BRDA:254,48,1,5
BRDA:254,49,0,24
BRDA:254,49,1,12
BRDA:265,50,0,4
BRDA:265,50,1,1
BRDA:268,51,0,4
BRDA:268,51,1,0
BRDA:271,52,0,4
BRDA:271,52,1,0
BRDA:273,53,0,1
BRDA:273,53,1,3
BRDA:281,54,0,3
BRDA:281,54,1,0
BRDA:281,55,0,3
BRDA:281,55,1,3
BRDA:298,56,0,33
BRDA:298,56,1,6
BRDA:300,57,0,29
BRDA:300,57,1,31
BRDA:303,58,0,2
BRDA:303,58,1,0
BRDA:312,59,0,1
BRDA:312,59,1,0
BRDA:427,60,0,60
BRDA:427,60,1,0
BRDA:427,61,0,0
BRDA:427,61,1,60
BRDA:450,62,0,60
BRDA:450,62,1,60
BRDA:450,63,0,60
BRDA:450,63,1,60
BRDA:460,64,0,1
BRDA:460,64,1,0
BRDA:463,65,0,60
BRDA:463,65,1,52
BRDA:472,66,0,46
BRDA:472,66,1,6
BRDA:480,67,0,6
BRDA:480,67,1,46
BRDA:487,68,0,52
BRDA:487,68,1,6
BRDA:503,69,0,60
BRDA:503,69,1,52
BRDA:505,70,0,46
BRDA:505,70,1,6
BRDA:535,71,0,60
BRDA:535,71,1,60
BRDA:535,72,0,60
BRDA:535,72,1,60
BRDA:537,73,0,60
BRDA:537,73,1,27
BRDA:549,74,0,0
BRDA:549,74,1,27
BRDA:627,75,0,60
BRDA:627,75,1,60
BRDA:627,76,0,60
BRDA:627,76,1,60
BRF:164
BRH:129
end_of_record
TN:
SF:libs/inventory/native-feature/src/lib/components/inventory-receives/inventory-receive-form.tsx
FN:31,_getRequireWildcardCache
FN:31,_getRequireWildcardCache
FN:31,_interopRequireWildcard
FN:31,ownKeys
FN:31,(anonymous_4)
FN:31,_objectSpread
FN:31,(anonymous_6)
FN:31,(anonymous_7)
FN:38,appendReceiveLineIfMissing
FN:42,(anonymous_9)
FN:52,applyReceiveLineUpdate
FN:56,(anonymous_11)
FN:68,InventoryReceiveForm
FN:73,(anonymous_13)
FN:87,(anonymous_14)
FN:93,(anonymous_15)
FN:96,(anonymous_16)
FN:96,_callee
FN:96,_callee$
FN:134,save
FN:137,updateInventory
FN:142,(anonymous_21)
FN:146,confirmCancel
FN:154,onPress
FN:163,searchSubmit
FN:168,updateItem
FN:172,deleteItem
FN:173,(anonymous_27)
FN:173,(anonymous_28)
FN:176,addItem
FN:185,(anonymous_30)
FN:187,(anonymous_31)
FN:195,(anonymous_32)
FN:197,(anonymous_33)
FN:237,onClear
FN:248,onClose
FN:255,renderItem
FN:281,submitAction
FNF:38
FNH:36
FNDA:1,_getRequireWildcardCache
FNDA:1,_getRequireWildcardCache
FNDA:1,_interopRequireWildcard
FNDA:5,ownKeys
FNDA:0,(anonymous_4)
FNDA:5,_objectSpread
FNDA:18,(anonymous_6)
FNDA:0,(anonymous_7)
FNDA:3,appendReceiveLineIfMissing
FNDA:2,(anonymous_9)
FNDA:3,applyReceiveLineUpdate
FNDA:3,(anonymous_11)
FNDA:36,InventoryReceiveForm
FNDA:35,(anonymous_13)
FNDA:8,(anonymous_14)
FNDA:1,(anonymous_15)
FNDA:35,(anonymous_16)
FNDA:6,_callee
FNDA:13,_callee$
FNDA:6,save
FNDA:1,updateInventory
FNDA:1,(anonymous_21)
FNDA:1,confirmCancel
FNDA:1,onPress
FNDA:2,searchSubmit
FNDA:1,updateItem
FNDA:1,deleteItem
FNDA:1,(anonymous_27)
FNDA:1,(anonymous_28)
FNDA:1,addItem
FNDA:12,(anonymous_30)
FNDA:10,(anonymous_31)
FNDA:8,(anonymous_32)
FNDA:8,(anonymous_33)
FNDA:1,onClear
FNDA:1,onClose
FNDA:4,renderItem
FNDA:5,submitAction
DA:1,1
DA:3,1
DA:4,1
DA:5,1
DA:7,1
DA:8,1
DA:18,1
DA:25,1
DA:26,1
DA:27,1
DA:29,1
DA:30,1
DA:31,28
DA:38,1
DA:42,3
DA:43,1
DA:46,2
DA:50,1
DA:52,1
DA:56,3
DA:57,3
DA:59,2
DA:60,2
DA:65,2
DA:66,1
DA:71,36
DA:72,35
DA:73,35
DA:75,35
DA:76,35
DA:77,35
DA:78,35
DA:79,35
DA:80,35
DA:81,35
DA:82,35
DA:83,35
DA:85,35
DA:87,35
DA:88,8
DA:89,6
DA:90,6
DA:93,2
DA:96,35
DA:97,5
DA:98,5
DA:101,4
DA:102,1
DA:110,4
DA:114,3
DA:115,1
DA:116,1
DA:120,3
DA:121,3
DA:124,4
DA:125,1
DA:126,4
DA:128,4
DA:129,3
DA:132,4
DA:133,4
DA:134,35
DA:137,35
DA:138,1
DA:139,1
DA:142,1
DA:146,35
DA:147,1
DA:155,1
DA:156,1
DA:163,35
DA:164,2
DA:168,35
DA:169,1
DA:172,35
DA:173,1
DA:176,35
DA:177,1
DA:178,1
DA:180,1
DA:182,1
DA:185,35
DA:186,12
DA:187,10
DA:188,10
DA:191,2
DA:192,2
DA:195,35
DA:196,8
DA:197,8
DA:198,8
DA:199,8
DA:203,35
DA:237,1
DA:248,1
DA:255,4
DA:281,5
DA:311,1
LF:98
LH:98
BRDA:31,0,0,0
BRDA:31,0,1,1
BRDA:31,1,0,0
BRDA:31,1,1,1
BRDA:31,2,0,0
BRDA:31,2,1,1
BRDA:31,3,0,1
BRDA:31,3,1,1
BRDA:31,3,2,1
BRDA:31,4,0,0
BRDA:31,4,1,1
BRDA:31,5,0,1
BRDA:31,5,1,1
BRDA:31,5,2,0
BRDA:31,6,0,0
BRDA:31,6,1,1
BRDA:31,7,0,1
BRDA:31,7,1,1
BRDA:31,8,0,1
BRDA:31,8,1,1
BRDA:31,9,0,28
BRDA:31,9,1,0
BRDA:31,10,0,28
BRDA:31,10,1,28
BRDA:31,11,0,28
BRDA:31,11,1,0
BRDA:31,12,0,0
BRDA:31,12,1,28
BRDA:31,13,0,28
BRDA:31,13,1,28
BRDA:31,13,2,28
BRDA:31,14,0,1
BRDA:31,14,1,0
BRDA:31,15,0,5
BRDA:31,15,1,0
BRDA:31,16,0,5
BRDA:31,16,1,5
BRDA:31,17,0,7
BRDA:31,17,1,0
BRDA:31,18,0,5
BRDA:31,18,1,2
BRDA:31,19,0,2
BRDA:31,19,1,0
BRDA:42,20,0,1
BRDA:42,20,1,2
BRDA:57,21,0,1
BRDA:57,21,1,2
BRDA:88,22,0,6
BRDA:88,22,1,2
BRDA:96,23,0,6
BRDA:96,23,1,5
BRDA:96,23,2,4
BRDA:96,23,3,3
BRDA:96,23,4,4
BRDA:96,23,5,4
BRDA:96,23,6,4
BRDA:96,23,7,4
BRDA:96,23,8,6
BRDA:96,24,0,5
BRDA:96,24,1,1
BRDA:98,25,0,4
BRDA:98,25,1,1
BRDA:109,26,0,0
BRDA:109,26,1,1
BRDA:110,27,0,0
BRDA:110,27,1,1
BRDA:110,28,0,0
BRDA:110,28,1,1
BRDA:110,29,0,3
BRDA:110,29,1,1
BRDA:124,30,0,1
BRDA:124,30,1,3
BRDA:128,31,0,3
BRDA:128,31,1,1
BRDA:138,32,0,0
BRDA:138,32,1,1
BRDA:178,33,0,0
BRDA:178,33,1,1
BRDA:186,34,0,10
BRDA:186,34,1,2
BRDA:186,35,0,12
BRDA:186,35,1,4
BRDA:187,36,0,9
BRDA:187,36,1,1
BRDA:206,37,0,35
BRDA:206,37,1,2
BRDA:206,38,0,0
BRDA:206,38,1,35
BRDA:228,39,0,35
BRDA:228,39,1,33
BRDA:228,40,0,35
BRDA:228,40,1,35
BRDA:237,41,0,1
BRDA:237,41,1,0
BRDA:243,42,0,35
BRDA:243,42,1,33
BRDA:243,43,0,35
BRDA:243,43,1,35
BRDA:257,44,0,0
BRDA:257,44,1,4
BRDA:277,45,0,35
BRDA:277,45,1,33
BRDA:277,46,0,35
BRDA:277,46,1,35
BRF:104
BRH:83
end_of_record
TN:
SF:libs/inventory/native-feature/src/lib/components/shared/dedupe-products.ts
FN:3,normalize
FN:5,dedupeKey
FN:12,dedupeProducts
FN:15,(anonymous_3)
FNF:4
FNH:4
FNDA:58,normalize
FNDA:23,dedupeKey
FNDA:14,dedupeProducts
FNDA:23,(anonymous_3)
DA:1,3
DA:3,58
DA:5,3
DA:6,23
DA:7,23
DA:9,7
DA:13,14
DA:15,14
DA:16,23
DA:17,23
DA:19,23
DA:20,21
DA:21,21
DA:24,2
DA:25,2
DA:27,2
DA:28,2
DA:32,14
LF:18
LH:18
BRDA:3,0,0,58
BRDA:3,0,1,26
BRDA:6,1,0,23
BRDA:6,1,1,7
BRDA:6,1,2,7
BRDA:7,2,0,16
BRDA:7,2,1,7
BRDA:19,3,0,21
BRDA:19,3,1,2
BRDA:24,4,0,2
BRDA:24,4,1,0
BRDA:25,5,0,2
BRDA:25,5,1,0
BRDA:27,6,0,2
BRDA:27,6,1,0
BRF:15
BRH:12
end_of_record
