TN:
SF:libs/categories/native-feature/src/lib/components/categories/categories.tsx
FN:11,Categories
FNF:1
FNH:1
FNDA:1,Categories
DA:1,1
DA:3,1
DA:4,1
DA:5,1
DA:6,1
DA:9,1
DA:12,1
DA:20,1
LF:8
LH:8
BRF:0
BRH:0
end_of_record
TN:
SF:libs/categories/native-feature/src/lib/components/category-form/category-form.tsx
FN:14,_getRequireWildcardCache
FN:14,_getRequireWildcardCache
FN:14,_interopRequireWildcard
FN:31,CategoryForm
FN:32,(anonymous_4)
FN:37,updatePicture
FN:41,(anonymous_6)
FN:41,_callee
FN:41,_callee$
FN:51,save
FN:65,confirmCancel
FN:71,onPress
FNF:12
FNH:12
FNDA:2,_getRequireWildcardCache
FNDA:2,_getRequireWildcardCache
FNDA:2,_interopRequireWildcard
FNDA:16,CategoryForm
FNDA:16,(anonymous_4)
FNDA:1,updatePicture
FNDA:16,(anonymous_6)
FNDA:3,_callee
FNDA:6,_callee$
FNDA:3,save
FNDA:2,confirmCancel
FNDA:1,onPress
DA:1,2
DA:3,2
DA:4,2
DA:5,2
DA:11,2
DA:13,2
DA:14,56
DA:31,16
DA:32,16
DA:33,16
DA:34,16
DA:35,16
DA:37,16
DA:38,1
DA:41,16
DA:42,3
DA:43,3
DA:45,3
DA:46,1
DA:47,3
DA:50,3
DA:51,16
DA:54,16
DA:65,16
DA:66,2
DA:71,1
DA:78,16
DA:80,16
DA:123,2
LF:29
LH:29
BRDA:14,0,0,0
BRDA:14,0,1,2
BRDA:14,1,0,0
BRDA:14,1,1,2
BRDA:14,2,0,0
BRDA:14,2,1,2
BRDA:14,3,0,2
BRDA:14,3,1,2
BRDA:14,3,2,2
BRDA:14,4,0,0
BRDA:14,4,1,2
BRDA:14,5,0,2
BRDA:14,5,1,2
BRDA:14,5,2,0
BRDA:14,6,0,0
BRDA:14,6,1,2
BRDA:14,7,0,2
BRDA:14,7,1,2
BRDA:14,8,0,2
BRDA:14,8,1,2
BRDA:14,9,0,56
BRDA:14,9,1,0
BRDA:14,10,0,56
BRDA:14,10,1,56
BRDA:14,11,0,56
BRDA:14,11,1,0
BRDA:14,12,0,0
BRDA:14,12,1,56
BRDA:14,13,0,56
BRDA:14,13,1,56
BRDA:14,13,2,56
BRDA:14,14,0,2
BRDA:14,14,1,0
BRDA:41,15,0,3
BRDA:41,15,1,3
BRDA:41,15,2,3
BRDA:41,15,3,3
BRDA:45,16,0,1
BRDA:45,16,1,2
BRDA:57,17,0,0
BRDA:57,17,1,16
BRDA:58,18,0,0
BRDA:58,18,1,16
BRDA:59,19,0,0
BRDA:59,19,1,16
BRDA:60,20,0,0
BRDA:60,20,1,16
BRDA:61,21,0,0
BRDA:61,21,1,16
BRF:49
BRH:34
end_of_record
TN:
SF:libs/categories/native-feature/src/lib/components/category-item/category-item.tsx
FN:9,_getRequireWildcardCache
FN:9,_getRequireWildcardCache
FN:9,_interopRequireWildcard
FN:9,ownKeys
FN:9,(anonymous_4)
FN:9,_objectSpread
FN:9,(anonymous_6)
FN:9,(anonymous_7)
FN:16,(anonymous_8)
FN:16,_callee
FN:19,_callee$
FN:24,deleteCategoryById
FN:27,CategoryItem
FN:33,(anonymous_13)
FN:33,_callee2
FN:33,_callee2$
FN:37,(anonymous_16)
FN:38,(anonymous_17)
FN:40,deleteItem
FN:43,editItem
FN:48,confirmDeletion
FN:54,onPress
FN:99,useStyles
FNF:23
FNH:21
FNDA:3,_getRequireWildcardCache
FNDA:3,_getRequireWildcardCache
FNDA:3,_interopRequireWildcard
FNDA:12,ownKeys
FNDA:0,(anonymous_4)
FNDA:12,_objectSpread
FNDA:132,(anonymous_6)
FNDA:0,(anonymous_7)
FNDA:3,(anonymous_8)
FNDA:3,_callee
FNDA:8,_callee$
FNDA:3,deleteCategoryById
FNDA:7,CategoryItem
FNDA:6,(anonymous_13)
FNDA:1,_callee2
FNDA:2,_callee2$
FNDA:1,(anonymous_16)
FNDA:1,(anonymous_17)
FNDA:1,deleteItem
FNDA:1,editItem
FNDA:2,confirmDeletion
FNDA:1,onPress
FNDA:6,useStyles
DA:1,3
DA:3,3
DA:4,3
DA:5,3
DA:6,3
DA:7,3
DA:9,132
DA:16,3
DA:19,10
DA:21,2
DA:23,2
DA:24,3
DA:27,7
DA:28,6
DA:29,6
DA:30,6
DA:31,6
DA:33,6
DA:34,1
DA:37,1
DA:38,1
DA:40,6
DA:43,6
DA:44,1
DA:45,1
DA:48,6
DA:49,2
DA:54,1
DA:59,6
DA:99,3
DA:100,6
DA:101,6
DA:103,6
DA:119,3
LF:34
LH:34
BRDA:9,0,0,0
BRDA:9,0,1,3
BRDA:9,1,0,0
BRDA:9,1,1,3
BRDA:9,2,0,0
BRDA:9,2,1,3
BRDA:9,3,0,3
BRDA:9,3,1,3
BRDA:9,3,2,3
BRDA:9,4,0,0
BRDA:9,4,1,3
BRDA:9,5,0,3
BRDA:9,5,1,3
BRDA:9,5,2,0
BRDA:9,6,0,0
BRDA:9,6,1,3
BRDA:9,7,0,3
BRDA:9,7,1,3
BRDA:9,8,0,3
BRDA:9,8,1,3
BRDA:9,9,0,84
BRDA:9,9,1,0
BRDA:9,10,0,84
BRDA:9,10,1,84
BRDA:9,11,0,84
BRDA:9,11,1,0
BRDA:9,12,0,0
BRDA:9,12,1,84
BRDA:9,13,0,84
BRDA:9,13,1,84
BRDA:9,13,2,84
BRDA:9,14,0,3
BRDA:9,14,1,0
BRDA:9,15,0,12
BRDA:9,15,1,0
BRDA:9,16,0,12
BRDA:9,16,1,12
BRDA:9,17,0,12
BRDA:9,17,1,0
BRDA:9,18,0,12
BRDA:9,18,1,0
BRDA:9,19,0,0
BRDA:9,19,1,0
BRDA:19,20,0,3
BRDA:19,20,1,2
BRDA:19,20,2,2
BRDA:19,20,3,0
BRDA:19,20,4,3
BRDA:19,21,0,2
BRDA:19,21,1,1
BRDA:33,22,0,1
BRDA:33,22,1,1
BRDA:33,22,2,1
BRDA:33,22,3,1
BRDA:61,23,0,6
BRDA:61,23,1,1
BRF:56
BRH:40
end_of_record
TN:
SF:libs/categories/native-feature/src/lib/components/category-list/category-list.tsx
FN:13,_getRequireWildcardCache
FN:13,_getRequireWildcardCache
FN:13,_interopRequireWildcard
FN:19,buildCategoryListProps
FN:32,CategoryList
FN:35,(anonymous_5)
FN:37,(anonymous_6)
FNF:7
FNH:7
FNDA:2,_getRequireWildcardCache
FNDA:2,_getRequireWildcardCache
FNDA:2,_interopRequireWildcard
FNDA:2,buildCategoryListProps
FNDA:1,CategoryList
FNDA:1,(anonymous_5)
FNDA:1,(anonymous_6)
DA:1,2
DA:2,2
DA:10,2
DA:12,2
DA:13,56
DA:19,2
DA:29,2
DA:32,1
DA:33,1
DA:35,1
DA:36,1
DA:37,1
DA:38,1
DA:39,1
DA:43,1
DA:45,1
DA:48,2
LF:17
LH:17
BRDA:13,0,0,0
BRDA:13,0,1,2
BRDA:13,1,0,0
BRDA:13,1,1,2
BRDA:13,2,0,0
BRDA:13,2,1,2
BRDA:13,3,0,2
BRDA:13,3,1,2
BRDA:13,3,2,2
BRDA:13,4,0,0
BRDA:13,4,1,2
BRDA:13,5,0,2
BRDA:13,5,1,2
BRDA:13,5,2,0
BRDA:13,6,0,0
BRDA:13,6,1,2
BRDA:13,7,0,2
BRDA:13,7,1,2
BRDA:13,8,0,2
BRDA:13,8,1,2
BRDA:13,9,0,56
BRDA:13,9,1,0
BRDA:13,10,0,56
BRDA:13,10,1,56
BRDA:13,11,0,56
BRDA:13,11,1,0
BRDA:13,12,0,0
BRDA:13,12,1,56
BRDA:13,13,0,56
BRDA:13,13,1,56
BRDA:13,13,2,56
BRDA:13,14,0,2
BRDA:13,14,1,0
BRF:33
BRH:23
end_of_record
