<?xml version="1.0" encoding="UTF-8"?>
<coverage generated="1773365904831" clover="3.2.0">
  <project timestamp="1773365904831" name="All files">
    <metrics statements="28" coveredstatements="28" conditionals="59" coveredconditionals="39" methods="11" coveredmethods="11" elements="98" coveredelements="78" complexity="0" loc="28" ncloc="28" packages="1" files="1" classes="1"/>
    <file name="store-info-form.tsx" path="/Users/orlando/dev/pos/libs/store-info/native-feature/src/lib/components/store-info-form/store-info-form.tsx">
      <metrics statements="28" coveredstatements="28" conditionals="59" coveredconditionals="39" methods="11" coveredmethods="11"/>
      <line num="1" count="1" type="stmt"/>
      <line num="2" count="1" type="stmt"/>
      <line num="3" count="1" type="stmt"/>
      <line num="4" count="1" type="stmt"/>
      <line num="5" count="1" type="stmt"/>
      <line num="7" count="1" type="stmt"/>
      <line num="8" count="28" type="cond" truecount="23" falsecount="10"/>
      <line num="16" count="14" type="stmt"/>
      <line num="17" count="14" type="stmt"/>
      <line num="18" count="14" type="stmt"/>
      <line num="19" count="14" type="stmt"/>
      <line num="20" count="14" type="stmt"/>
      <line num="22" count="14" type="cond" truecount="4" falsecount="0"/>
      <line num="23" count="2" type="stmt"/>
      <line num="24" count="2" type="stmt"/>
      <line num="26" count="2" type="cond" truecount="2" falsecount="0"/>
      <line num="27" count="1" type="stmt"/>
      <line num="28" count="2" type="stmt"/>
      <line num="32" count="2" type="stmt"/>
      <line num="33" count="14" type="stmt"/>
      <line num="36" count="14" type="stmt"/>
      <line num="37" count="2" type="stmt"/>
      <line num="42" count="1" type="stmt"/>
      <line num="47" count="14" type="stmt"/>
      <line num="64" count="14" type="stmt"/>
      <line num="65" count="5" type="stmt"/>
      <line num="68" count="14" type="stmt"/>
      <line num="105" count="1" type="stmt"/>
    </file>
  </project>
</coverage>
