TN:
SF:libs/store-info/native-feature/src/lib/components/store-info-form/store-info-form.tsx
FN:8,_getRequireWildcardCache
FN:8,_getRequireWildcardCache
FN:8,_interopRequireWildcard
FN:16,StoreInfoForm
FN:22,(anonymous_4)
FN:22,_callee
FN:22,_callee$
FN:33,save
FN:36,confirmCancel
FN:42,onPress
FN:64,(anonymous_10)
FNF:11
FNH:11
FNDA:1,_getRequireWildcardCache
FNDA:1,_getRequireWildcardCache
FNDA:1,_interopRequireWildcard
FNDA:14,StoreInfoForm
FNDA:14,(anonymous_4)
FNDA:2,_callee
FNDA:4,_callee$
FNDA:2,save
FNDA:2,confirmCancel
FNDA:1,onPress
FNDA:5,(anonymous_10)
DA:1,1
DA:2,1
DA:3,1
DA:4,1
DA:5,1
DA:7,1
DA:8,28
DA:16,14
DA:17,14
DA:18,14
DA:19,14
DA:20,14
DA:22,14
DA:23,2
DA:24,2
DA:26,2
DA:27,1
DA:28,2
DA:32,2
DA:33,14
DA:36,14
DA:37,2
DA:42,1
DA:47,14
DA:64,14
DA:65,5
DA:68,14
DA:105,1
LF:28
LH:28
BRDA:8,0,0,0
BRDA:8,0,1,1
BRDA:8,1,0,0
BRDA:8,1,1,1
BRDA:8,2,0,0
BRDA:8,2,1,1
BRDA:8,3,0,1
BRDA:8,3,1,1
BRDA:8,3,2,1
BRDA:8,4,0,0
BRDA:8,4,1,1
BRDA:8,5,0,1
BRDA:8,5,1,1
BRDA:8,5,2,0
BRDA:8,6,0,0
BRDA:8,6,1,1
BRDA:8,7,0,1
BRDA:8,7,1,1
BRDA:8,8,0,1
BRDA:8,8,1,1
BRDA:8,9,0,28
BRDA:8,9,1,0
BRDA:8,10,0,28
BRDA:8,10,1,28
BRDA:8,11,0,28
BRDA:8,11,1,0
BRDA:8,12,0,0
BRDA:8,12,1,28
BRDA:8,13,0,28
BRDA:8,13,1,28
BRDA:8,13,2,28
BRDA:8,14,0,1
BRDA:8,14,1,0
BRDA:22,15,0,2
BRDA:22,15,1,2
BRDA:22,15,2,2
BRDA:22,15,3,2
BRDA:26,16,0,1
BRDA:26,16,1,1
BRDA:50,17,0,0
BRDA:50,17,1,14
BRDA:51,18,0,0
BRDA:51,18,1,14
BRDA:52,19,0,0
BRDA:52,19,1,14
BRDA:53,20,0,0
BRDA:53,20,1,14
BRDA:54,21,0,0
BRDA:54,21,1,14
BRDA:55,22,0,0
BRDA:55,22,1,14
BRDA:57,23,0,0
BRDA:57,23,1,14
BRDA:58,24,0,0
BRDA:58,24,1,14
BRDA:59,25,0,0
BRDA:59,25,1,14
BRDA:60,26,0,0
BRDA:60,26,1,14
BRF:59
BRH:39
end_of_record
