{"/Users/orlando/dev/pos/libs/employees/native-feature/src/lib/components/employee-form/employee-form.tsx": {"path":"/Users/orlando/dev/pos/libs/employees/native-feature/src/lib/components/employee-form/employee-form.tsx","statementMap":{"0":{"start":{"line":1,"column":42},"end":{"line":1,"column":97}},"1":{"start":{"line":1,"column":98},"end":{"line":1,"column":160}},"2":{"start":{"line":1,"column":160},"end":{"line":1,"column":196}},"3":{"start":{"line":1,"column":196},"end":{"line":1,"column":314}},"4":{"start":{"line":1,"column":330},"end":{"line":1,"column":395}},"5":{"start":{"line":1,"column":415},"end":{"line":1,"column":476}},"6":{"start":{"line":1,"column":502},"end":{"line":1,"column":576}},"7":{"start":{"line":1,"column":599},"end":{"line":1,"column":670}},"8":{"start":{"line":1,"column":694},"end":{"line":1,"column":766}},"9":{"start":{"line":1,"column":780},"end":{"line":1,"column":821}},"10":{"start":{"line":3,"column":19},"end":{"line":3,"column":42}},"11":{"start":{"line":4,"column":14},"end":{"line":4,"column":42}},"12":{"start":{"line":5,"column":16},"end":{"line":5,"column":48}},"13":{"start":{"line":12,"column":21},"end":{"line":12,"column":47}},"14":{"start":{"line":14,"column":18},"end":{"line":14,"column":40}},"15":{"start":{"line":15,"column":18},"end":{"line":15,"column":55}},"16":{"start":{"line":18,"column":14},"end":{"line":18,"column":38}},"17":{"start":{"line":19,"column":19},"end":{"line":19,"column":51}},"18":{"start":{"line":19,"column":71},"end":{"line":19,"column":176}},"19":{"start":{"line":19,"column":225},"end":{"line":19,"column":272}},"20":{"start":{"line":19,"column":260},"end":{"line":19,"column":272}},"21":{"start":{"line":19,"column":296},"end":{"line":19,"column":309}},"22":{"start":{"line":19,"column":333},"end":{"line":19,"column":346}},"23":{"start":{"line":19,"column":347},"end":{"line":19,"column":504}},"24":{"start":{"line":19,"column":430},"end":{"line":19,"column":488}},"25":{"start":{"line":19,"column":557},"end":{"line":19,"column":613}},"26":{"start":{"line":19,"column":601},"end":{"line":19,"column":612}},"27":{"start":{"line":19,"column":613},"end":{"line":19,"column":713}},"28":{"start":{"line":19,"column":688},"end":{"line":19,"column":712}},"29":{"start":{"line":19,"column":725},"end":{"line":19,"column":762}},"30":{"start":{"line":19,"column":763},"end":{"line":19,"column":816}},"31":{"start":{"line":19,"column":793},"end":{"line":19,"column":815}},"32":{"start":{"line":19,"column":829},"end":{"line":19,"column":831}},"33":{"start":{"line":19,"column":860},"end":{"line":19,"column":916}},"34":{"start":{"line":19,"column":917},"end":{"line":19,"column":1209}},"35":{"start":{"line":19,"column":939},"end":{"line":19,"column":1208}},"36":{"start":{"line":19,"column":1024},"end":{"line":19,"column":1096}},"37":{"start":{"line":19,"column":1097},"end":{"line":19,"column":1207}},"38":{"start":{"line":19,"column":1134},"end":{"line":19,"column":1175}},"39":{"start":{"line":19,"column":1183},"end":{"line":19,"column":1206}},"40":{"start":{"line":19,"column":1209},"end":{"line":19,"column":1230}},"41":{"start":{"line":19,"column":1230},"end":{"line":19,"column":1266}},"42":{"start":{"line":19,"column":1242},"end":{"line":19,"column":1265}},"43":{"start":{"line":19,"column":1266},"end":{"line":19,"column":1280}},"44":{"start":{"line":19,"column":1334},"end":{"line":19,"column":1353}},"45":{"start":{"line":19,"column":1354},"end":{"line":19,"column":1600}},"46":{"start":{"line":19,"column":1403},"end":{"line":19,"column":1439}},"47":{"start":{"line":19,"column":1440},"end":{"line":19,"column":1599}},"48":{"start":{"line":19,"column":1500},"end":{"line":19,"column":1563}},"49":{"start":{"line":19,"column":1600},"end":{"line":19,"column":1612}},"50":{"start":{"line":19,"column":1645},"end":{"line":19,"column":2108}},"51":{"start":{"line":19,"column":1658},"end":{"line":19,"column":1659}},"52":{"start":{"line":19,"column":1702},"end":{"line":19,"column":1742}},"53":{"start":{"line":19,"column":1743},"end":{"line":19,"column":2107}},"54":{"start":{"line":19,"column":1803},"end":{"line":19,"column":1859}},"55":{"start":{"line":19,"column":2023},"end":{"line":19,"column":2104}},"56":{"start":{"line":19,"column":2108},"end":{"line":19,"column":2122}},"57":{"start":{"line":30,"column":26},"end":{"line":44,"column":51}},"58":{"start":{"line":30,"column":66},"end":{"line":44,"column":50}},"59":{"start":{"line":44,"column":52},"end":{"line":44,"column":102}},"60":{"start":{"line":47,"column":27},"end":{"line":53,"column":1}},"61":{"start":{"line":48,"column":16},"end":{"line":48,"column":18}},"62":{"start":{"line":49,"column":2},"end":{"line":51,"column":5}},"63":{"start":{"line":50,"column":4},"end":{"line":50,"column":78}},"64":{"start":{"line":52,"column":2},"end":{"line":52,"column":17}},"65":{"start":{"line":53,"column":2},"end":{"line":53,"column":54}},"66":{"start":{"line":55,"column":28},"end":{"line":65,"column":1}},"67":{"start":{"line":59,"column":18},"end":{"line":59,"column":138}},"68":{"start":{"line":60,"column":16},"end":{"line":63,"column":8}},"69":{"start":{"line":60,"column":83},"end":{"line":60,"column":120}},"70":{"start":{"line":60,"column":128},"end":{"line":60,"column":136}},"71":{"start":{"line":60,"column":148},"end":{"line":60,"column":156}},"72":{"start":{"line":61,"column":4},"end":{"line":61,"column":33}},"73":{"start":{"line":61,"column":18},"end":{"line":61,"column":33}},"74":{"start":{"line":62,"column":4},"end":{"line":62,"column":15}},"75":{"start":{"line":64,"column":2},"end":{"line":64,"column":52}},"76":{"start":{"line":65,"column":2},"end":{"line":65,"column":56}},"77":{"start":{"line":67,"column":42},"end":{"line":67,"column":46}},"78":{"start":{"line":67,"column":64},"end":{"line":67,"column":80}},"79":{"start":{"line":68,"column":17},"end":{"line":69,"column":54}},"80":{"start":{"line":69,"column":20},"end":{"line":69,"column":52}},"81":{"start":{"line":71,"column":17},"end":{"line":71,"column":47}},"82":{"start":{"line":72,"column":15},"end":{"line":72,"column":45}},"83":{"start":{"line":73,"column":18},"end":{"line":73,"column":45}},"84":{"start":{"line":73,"column":59},"end":{"line":73,"column":101}},"85":{"start":{"line":73,"column":109},"end":{"line":73,"column":122}},"86":{"start":{"line":73,"column":133},"end":{"line":73,"column":146}},"87":{"start":{"line":74,"column":19},"end":{"line":74,"column":43}},"88":{"start":{"line":74,"column":57},"end":{"line":74,"column":100}},"89":{"start":{"line":74,"column":109},"end":{"line":74,"column":122}},"90":{"start":{"line":74,"column":134},"end":{"line":74,"column":147}},"91":{"start":{"line":76,"column":13},"end":{"line":86,"column":153}},"92":{"start":{"line":76,"column":38},"end":{"line":86,"column":87}},"93":{"start":{"line":76,"column":131},"end":{"line":86,"column":84}},"94":{"start":{"line":76,"column":193},"end":{"line":86,"column":72}},"95":{"start":{"line":76,"column":204},"end":{"line":86,"column":71}},"96":{"start":{"line":77,"column":14},"end":{"line":77,"column":28}},"97":{"start":{"line":78,"column":14},"end":{"line":78,"column":44}},"98":{"start":{"line":80,"column":14},"end":{"line":82,"column":15}},"99":{"start":{"line":81,"column":16},"end":{"line":81,"column":37}},"100":{"start":{"line":82,"column":15},"end":{"line":82,"column":33}},"101":{"start":{"line":82,"column":33},"end":{"line":84,"column":72}},"102":{"start":{"line":85,"column":14},"end":{"line":85,"column":34}},"103":{"start":{"line":86,"column":14},"end":{"line":86,"column":29}},"104":{"start":{"line":86,"column":47},"end":{"line":86,"column":70}},"105":{"start":{"line":86,"column":88},"end":{"line":86,"column":150}},"106":{"start":{"line":86,"column":112},"end":{"line":86,"column":148}},"107":{"start":{"line":89,"column":13},"end":{"line":91,"column":51}},"108":{"start":{"line":94,"column":17},"end":{"line":94,"column":49}},"109":{"start":{"line":96,"column":19},"end":{"line":103,"column":3}},"110":{"start":{"line":97,"column":32},"end":{"line":97,"column":66}},"111":{"start":{"line":97,"column":79},"end":{"line":97,"column":110}},"112":{"start":{"line":97,"column":121},"end":{"line":97,"column":150}},"113":{"start":{"line":99,"column":4},"end":{"line":99,"column":37}},"114":{"start":{"line":101,"column":4},"end":{"line":101,"column":36}},"115":{"start":{"line":102,"column":4},"end":{"line":102,"column":24}},"116":{"start":{"line":105,"column":22},"end":{"line":114,"column":3}},"117":{"start":{"line":106,"column":4},"end":{"line":111,"column":81}},"118":{"start":{"line":111,"column":48},"end":{"line":111,"column":75}},"119":{"start":{"line":116,"column":2},"end":{"line":119,"column":17}},"120":{"start":{"line":117,"column":4},"end":{"line":117,"column":54}},"121":{"start":{"line":117,"column":47},"end":{"line":117,"column":54}},"122":{"start":{"line":118,"column":4},"end":{"line":118,"column":51}},"123":{"start":{"line":121,"column":2},"end":{"line":230,"column":142}},"124":{"start":{"line":216,"column":31},"end":{"line":222,"column":169}},"125":{"start":{"line":222,"column":39},"end":{"line":222,"column":60}},"126":{"start":{"line":238,"column":0},"end":{"line":238,"column":12}},"127":{"start":{"line":238,"column":13},"end":{"line":238,"column":40}}},"fnMap":{"0":{"name":"_getRequireWildcardCache","decl":{"start":{"line":19,"column":186},"end":{"line":19,"column":210}},"loc":{"start":{"line":19,"column":224},"end":{"line":19,"column":505}},"line":19},"1":{"name":"_getRequireWildcardCache","decl":{"start":{"line":19,"column":391},"end":{"line":19,"column":415}},"loc":{"start":{"line":19,"column":429},"end":{"line":19,"column":489}},"line":19},"2":{"name":"_interopRequireWildcard","decl":{"start":{"line":19,"column":514},"end":{"line":19,"column":537}},"loc":{"start":{"line":19,"column":556},"end":{"line":19,"column":1281}},"line":19},"3":{"name":"ownKeys","decl":{"start":{"line":19,"column":1290},"end":{"line":19,"column":1297}},"loc":{"start":{"line":19,"column":1322},"end":{"line":19,"column":1613}},"line":19},"4":{"name":"(anonymous_4)","decl":{"start":{"line":19,"column":1484},"end":{"line":19,"column":1485}},"loc":{"start":{"line":19,"column":1499},"end":{"line":19,"column":1564}},"line":19},"5":{"name":"_objectSpread","decl":{"start":{"line":19,"column":1622},"end":{"line":19,"column":1635}},"loc":{"start":{"line":19,"column":1644},"end":{"line":19,"column":2123}},"line":19},"6":{"name":"(anonymous_6)","decl":{"start":{"line":19,"column":1787},"end":{"line":19,"column":1788}},"loc":{"start":{"line":19,"column":1802},"end":{"line":19,"column":1860}},"line":19},"7":{"name":"(anonymous_7)","decl":{"start":{"line":19,"column":2007},"end":{"line":19,"column":2008}},"loc":{"start":{"line":19,"column":2022},"end":{"line":19,"column":2105}},"line":19},"8":{"name":"getEmployeeDefaults","decl":{"start":{"line":30,"column":35},"end":{"line":30,"column":54}},"loc":{"start":{"line":30,"column":65},"end":{"line":44,"column":51}},"line":30},"9":{"name":"buildEmployeeRoleMap","decl":{"start":{"line":47,"column":36},"end":{"line":47,"column":56}},"loc":{"start":{"line":47,"column":72},"end":{"line":53,"column":1}},"line":47},"10":{"name":"(anonymous_10)","decl":{"start":{"line":49,"column":43},"end":{"line":49,"column":44}},"loc":{"start":{"line":49,"column":59},"end":{"line":51,"column":3}},"line":49},"11":{"name":"toggleEmployeeRoleSet","decl":{"start":{"line":55,"column":37},"end":{"line":55,"column":58}},"loc":{"start":{"line":58,"column":0},"end":{"line":65,"column":1}},"line":58},"12":{"name":"(anonymous_12)","decl":{"start":{"line":60,"column":49},"end":{"line":60,"column":50}},"loc":{"start":{"line":60,"column":70},"end":{"line":63,"column":3}},"line":60},"13":{"name":"EmployeeForm","decl":{"start":{"line":67,"column":9},"end":{"line":67,"column":21}},"loc":{"start":{"line":67,"column":29},"end":{"line":236,"column":1}},"line":67},"14":{"name":"(anonymous_14)","decl":{"start":{"line":69,"column":2},"end":{"line":69,"column":3}},"loc":{"start":{"line":69,"column":19},"end":{"line":69,"column":53}},"line":69},"15":{"name":"(anonymous_15)","decl":{"start":{"line":76,"column":13},"end":{"line":76,"column":14}},"loc":{"start":{"line":76,"column":25},"end":{"line":86,"column":151}},"line":76},"16":{"name":"_callee","decl":{"start":{"line":76,"column":105},"end":{"line":76,"column":112}},"loc":{"start":{"line":76,"column":115},"end":{"line":86,"column":85}},"line":76},"17":{"name":"_callee$","decl":{"start":{"line":76,"column":173},"end":{"line":76,"column":181}},"loc":{"start":{"line":76,"column":192},"end":{"line":86,"column":73}},"line":76},"18":{"name":"save","decl":{"start":{"line":86,"column":104},"end":{"line":86,"column":108}},"loc":{"start":{"line":86,"column":111},"end":{"line":86,"column":149}},"line":86},"19":{"name":"toggleRole","decl":{"start":{"line":96,"column":28},"end":{"line":96,"column":38}},"loc":{"start":{"line":96,"column":45},"end":{"line":103,"column":3}},"line":96},"20":{"name":"confirmCancel","decl":{"start":{"line":105,"column":31},"end":{"line":105,"column":44}},"loc":{"start":{"line":105,"column":47},"end":{"line":114,"column":3}},"line":105},"21":{"name":"onPress","decl":{"start":{"line":111,"column":37},"end":{"line":111,"column":44}},"loc":{"start":{"line":111,"column":47},"end":{"line":111,"column":76}},"line":111},"22":{"name":"(anonymous_22)","decl":{"start":{"line":116,"column":24},"end":{"line":116,"column":25}},"loc":{"start":{"line":116,"column":36},"end":{"line":119,"column":3}},"line":116},"23":{"name":"(anonymous_23)","decl":{"start":{"line":216,"column":17},"end":{"line":216,"column":18}},"loc":{"start":{"line":216,"column":30},"end":{"line":222,"column":170}},"line":216},"24":{"name":"onPress","decl":{"start":{"line":222,"column":28},"end":{"line":222,"column":35}},"loc":{"start":{"line":222,"column":38},"end":{"line":222,"column":61}},"line":222}},"branchMap":{"0":{"loc":{"start":{"line":19,"column":225},"end":{"line":19,"column":272}},"type":"if","locations":[{"start":{"line":19,"column":225},"end":{"line":19,"column":272}},{"start":{},"end":{}}],"line":19},"1":{"loc":{"start":{"line":19,"column":437},"end":{"line":19,"column":487}},"type":"cond-expr","locations":[{"start":{"line":19,"column":451},"end":{"line":19,"column":467}},{"start":{"line":19,"column":470},"end":{"line":19,"column":487}}],"line":19},"2":{"loc":{"start":{"line":19,"column":557},"end":{"line":19,"column":613}},"type":"if","locations":[{"start":{"line":19,"column":557},"end":{"line":19,"column":613}},{"start":{},"end":{}}],"line":19},"3":{"loc":{"start":{"line":19,"column":561},"end":{"line":19,"column":598}},"type":"binary-expr","locations":[{"start":{"line":19,"column":561},"end":{"line":19,"column":573}},{"start":{"line":19,"column":577},"end":{"line":19,"column":580}},{"start":{"line":19,"column":584},"end":{"line":19,"column":598}}],"line":19},"4":{"loc":{"start":{"line":19,"column":613},"end":{"line":19,"column":713}},"type":"if","locations":[{"start":{"line":19,"column":613},"end":{"line":19,"column":713}},{"start":{},"end":{}}],"line":19},"5":{"loc":{"start":{"line":19,"column":617},"end":{"line":19,"column":685}},"type":"binary-expr","locations":[{"start":{"line":19,"column":617},"end":{"line":19,"column":629}},{"start":{"line":19,"column":633},"end":{"line":19,"column":656}},{"start":{"line":19,"column":660},"end":{"line":19,"column":685}}],"line":19},"6":{"loc":{"start":{"line":19,"column":763},"end":{"line":19,"column":816}},"type":"if","locations":[{"start":{"line":19,"column":763},"end":{"line":19,"column":816}},{"start":{},"end":{}}],"line":19},"7":{"loc":{"start":{"line":19,"column":767},"end":{"line":19,"column":790}},"type":"binary-expr","locations":[{"start":{"line":19,"column":767},"end":{"line":19,"column":772}},{"start":{"line":19,"column":776},"end":{"line":19,"column":790}}],"line":19},"8":{"loc":{"start":{"line":19,"column":860},"end":{"line":19,"column":916}},"type":"binary-expr","locations":[{"start":{"line":19,"column":860},"end":{"line":19,"column":881}},{"start":{"line":19,"column":885},"end":{"line":19,"column":916}}],"line":19},"9":{"loc":{"start":{"line":19,"column":939},"end":{"line":19,"column":1208}},"type":"if","locations":[{"start":{"line":19,"column":939},"end":{"line":19,"column":1208}},{"start":{},"end":{}}],"line":19},"10":{"loc":{"start":{"line":19,"column":943},"end":{"line":19,"column":1010}},"type":"binary-expr","locations":[{"start":{"line":19,"column":943},"end":{"line":19,"column":960}},{"start":{"line":19,"column":964},"end":{"line":19,"column":1010}}],"line":19},"11":{"loc":{"start":{"line":19,"column":1024},"end":{"line":19,"column":1096}},"type":"cond-expr","locations":[{"start":{"line":19,"column":1048},"end":{"line":19,"column":1089}},{"start":{"line":19,"column":1092},"end":{"line":19,"column":1096}}],"line":19},"12":{"loc":{"start":{"line":19,"column":1097},"end":{"line":19,"column":1207}},"type":"if","locations":[{"start":{"line":19,"column":1097},"end":{"line":19,"column":1207}},{"start":{"line":19,"column":1182},"end":{"line":19,"column":1207}}],"line":19},"13":{"loc":{"start":{"line":19,"column":1101},"end":{"line":19,"column":1131}},"type":"binary-expr","locations":[{"start":{"line":19,"column":1101},"end":{"line":19,"column":1105}},{"start":{"line":19,"column":1110},"end":{"line":19,"column":1118}},{"start":{"line":19,"column":1122},"end":{"line":19,"column":1130}}],"line":19},"14":{"loc":{"start":{"line":19,"column":1230},"end":{"line":19,"column":1266}},"type":"if","locations":[{"start":{"line":19,"column":1230},"end":{"line":19,"column":1266}},{"start":{},"end":{}}],"line":19},"15":{"loc":{"start":{"line":19,"column":1354},"end":{"line":19,"column":1600}},"type":"if","locations":[{"start":{"line":19,"column":1354},"end":{"line":19,"column":1600}},{"start":{},"end":{}}],"line":19},"16":{"loc":{"start":{"line":19,"column":1440},"end":{"line":19,"column":1566}},"type":"binary-expr","locations":[{"start":{"line":19,"column":1440},"end":{"line":19,"column":1454}},{"start":{"line":19,"column":1459},"end":{"line":19,"column":1565}}],"line":19},"17":{"loc":{"start":{"line":19,"column":1702},"end":{"line":19,"column":1742}},"type":"cond-expr","locations":[{"start":{"line":19,"column":1725},"end":{"line":19,"column":1737}},{"start":{"line":19,"column":1740},"end":{"line":19,"column":1742}}],"line":19},"18":{"loc":{"start":{"line":19,"column":1743},"end":{"line":19,"column":2106}},"type":"cond-expr","locations":[{"start":{"line":19,"column":1751},"end":{"line":19,"column":1861}},{"start":{"line":19,"column":1864},"end":{"line":19,"column":2106}}],"line":19},"19":{"loc":{"start":{"line":19,"column":1864},"end":{"line":19,"column":2106}},"type":"cond-expr","locations":[{"start":{"line":19,"column":1899},"end":{"line":19,"column":1972}},{"start":{"line":19,"column":1975},"end":{"line":19,"column":2106}}],"line":19},"20":{"loc":{"start":{"line":31,"column":8},"end":{"line":31,"column":47}},"type":"cond-expr","locations":[{"start":{"line":31,"column":27},"end":{"line":31,"column":33}},{"start":{"line":31,"column":36},"end":{"line":31,"column":47}}],"line":31},"21":{"loc":{"start":{"line":32,"column":10},"end":{"line":32,"column":51}},"type":"cond-expr","locations":[{"start":{"line":32,"column":29},"end":{"line":32,"column":35}},{"start":{"line":32,"column":38},"end":{"line":32,"column":51}}],"line":32},"22":{"loc":{"start":{"line":33,"column":15},"end":{"line":33,"column":61}},"type":"cond-expr","locations":[{"start":{"line":33,"column":34},"end":{"line":33,"column":40}},{"start":{"line":33,"column":43},"end":{"line":33,"column":61}}],"line":33},"23":{"loc":{"start":{"line":34,"column":14},"end":{"line":34,"column":59}},"type":"cond-expr","locations":[{"start":{"line":34,"column":33},"end":{"line":34,"column":39}},{"start":{"line":34,"column":42},"end":{"line":34,"column":59}}],"line":34},"24":{"loc":{"start":{"line":35,"column":16},"end":{"line":35,"column":63}},"type":"cond-expr","locations":[{"start":{"line":35,"column":35},"end":{"line":35,"column":41}},{"start":{"line":35,"column":44},"end":{"line":35,"column":63}}],"line":35},"25":{"loc":{"start":{"line":36,"column":9},"end":{"line":36,"column":49}},"type":"cond-expr","locations":[{"start":{"line":36,"column":28},"end":{"line":36,"column":34}},{"start":{"line":36,"column":37},"end":{"line":36,"column":49}}],"line":36},"26":{"loc":{"start":{"line":37,"column":11},"end":{"line":37,"column":53}},"type":"cond-expr","locations":[{"start":{"line":37,"column":30},"end":{"line":37,"column":36}},{"start":{"line":37,"column":39},"end":{"line":37,"column":53}}],"line":37},"27":{"loc":{"start":{"line":38,"column":11},"end":{"line":38,"column":53}},"type":"cond-expr","locations":[{"start":{"line":38,"column":30},"end":{"line":38,"column":36}},{"start":{"line":38,"column":39},"end":{"line":38,"column":53}}],"line":38},"28":{"loc":{"start":{"line":39,"column":9},"end":{"line":39,"column":49}},"type":"cond-expr","locations":[{"start":{"line":39,"column":28},"end":{"line":39,"column":34}},{"start":{"line":39,"column":37},"end":{"line":39,"column":49}}],"line":39},"29":{"loc":{"start":{"line":40,"column":11},"end":{"line":40,"column":53}},"type":"cond-expr","locations":[{"start":{"line":40,"column":30},"end":{"line":40,"column":36}},{"start":{"line":40,"column":39},"end":{"line":40,"column":53}}],"line":40},"30":{"loc":{"start":{"line":42,"column":4},"end":{"line":44,"column":47}},"type":"cond-expr","locations":[{"start":{"line":43,"column":4},"end":{"line":43,"column":8}},{"start":{"line":44,"column":4},"end":{"line":44,"column":47}}],"line":42},"31":{"loc":{"start":{"line":42,"column":4},"end":{"line":42,"column":121}},"type":"binary-expr","locations":[{"start":{"line":42,"column":4},"end":{"line":42,"column":58}},{"start":{"line":42,"column":62},"end":{"line":42,"column":121}}],"line":42},"32":{"loc":{"start":{"line":42,"column":5},"end":{"line":42,"column":48}},"type":"cond-expr","locations":[{"start":{"line":42,"column":24},"end":{"line":42,"column":30}},{"start":{"line":42,"column":33},"end":{"line":42,"column":48}}],"line":42},"33":{"loc":{"start":{"line":42,"column":63},"end":{"line":42,"column":106}},"type":"cond-expr","locations":[{"start":{"line":42,"column":82},"end":{"line":42,"column":88}},{"start":{"line":42,"column":91},"end":{"line":42,"column":106}}],"line":42},"34":{"loc":{"start":{"line":44,"column":4},"end":{"line":44,"column":47}},"type":"cond-expr","locations":[{"start":{"line":44,"column":23},"end":{"line":44,"column":29}},{"start":{"line":44,"column":32},"end":{"line":44,"column":47}}],"line":44},"35":{"loc":{"start":{"line":50,"column":23},"end":{"line":50,"column":76}},"type":"binary-expr","locations":[{"start":{"line":50,"column":23},"end":{"line":50,"column":44}},{"start":{"line":50,"column":48},"end":{"line":50,"column":76}}],"line":50},"36":{"loc":{"start":{"line":61,"column":4},"end":{"line":61,"column":33}},"type":"if","locations":[{"start":{"line":61,"column":4},"end":{"line":61,"column":33}},{"start":{},"end":{}}],"line":61},"37":{"loc":{"start":{"line":76,"column":204},"end":{"line":86,"column":71}},"type":"switch","locations":[{"start":{"line":76,"column":244},"end":{"line":84,"column":72}},{"start":{"line":84,"column":72},"end":{"line":86,"column":29}},{"start":{"line":86,"column":29},"end":{"line":86,"column":36}},{"start":{"line":86,"column":36},"end":{"line":86,"column":70}}],"line":76},"38":{"loc":{"start":{"line":80,"column":14},"end":{"line":82,"column":15}},"type":"if","locations":[{"start":{"line":80,"column":14},"end":{"line":82,"column":15}},{"start":{},"end":{}}],"line":80},"39":{"loc":{"start":{"line":117,"column":4},"end":{"line":117,"column":54}},"type":"if","locations":[{"start":{"line":117,"column":4},"end":{"line":117,"column":54}},{"start":{},"end":{}}],"line":117},"40":{"loc":{"start":{"line":117,"column":10},"end":{"line":117,"column":44}},"type":"binary-expr","locations":[{"start":{"line":117,"column":10},"end":{"line":117,"column":26}},{"start":{"line":117,"column":30},"end":{"line":117,"column":44}}],"line":117}},"s":{"0":2,"1":2,"2":2,"3":2,"4":2,"5":2,"6":2,"7":2,"8":2,"9":2,"10":2,"11":2,"12":2,"13":2,"14":2,"15":2,"16":2,"17":2,"18":2,"19":2,"20":0,"21":2,"22":2,"23":2,"24":2,"25":2,"26":0,"27":2,"28":0,"29":2,"30":2,"31":0,"32":2,"33":2,"34":2,"35":56,"36":56,"37":56,"38":0,"39":56,"40":2,"41":2,"42":2,"43":2,"44":8,"45":8,"46":8,"47":8,"48":0,"49":8,"50":8,"51":8,"52":12,"53":12,"54":6,"55":0,"56":8,"57":2,"58":28,"59":2,"60":2,"61":7,"62":7,"63":14,"64":7,"65":2,"66":2,"67":4,"68":4,"69":7,"70":7,"71":7,"72":7,"73":5,"74":7,"75":4,"76":2,"77":27,"78":27,"79":27,"80":27,"81":27,"82":27,"83":27,"84":27,"85":27,"86":27,"87":27,"88":27,"89":27,"90":27,"91":27,"92":27,"93":5,"94":10,"95":10,"96":5,"97":5,"98":5,"99":1,"100":5,"101":5,"102":5,"103":5,"104":5,"105":27,"106":5,"107":27,"108":27,"109":27,"110":3,"111":3,"112":3,"113":3,"114":3,"115":3,"116":27,"117":2,"118":1,"119":27,"120":7,"121":1,"122":6,"123":27,"124":54,"125":3,"126":2,"127":2},"f":{"0":2,"1":2,"2":2,"3":8,"4":0,"5":8,"6":6,"7":0,"8":28,"9":7,"10":14,"11":4,"12":7,"13":27,"14":27,"15":27,"16":5,"17":10,"18":5,"19":3,"20":2,"21":1,"22":7,"23":54,"24":3},"b":{"0":[0,2],"1":[0,2],"2":[0,2],"3":[2,2,2],"4":[0,2],"5":[2,2,0],"6":[0,2],"7":[2,2],"8":[2,2],"9":[56,0],"10":[56,56],"11":[56,0],"12":[0,56],"13":[56,56,56],"14":[2,0],"15":[8,0],"16":[8,8],"17":[12,0],"18":[8,4],"19":[4,0],"20":[0,28],"21":[0,28],"22":[0,28],"23":[0,28],"24":[0,28],"25":[0,28],"26":[0,28],"27":[0,28],"28":[0,28],"29":[0,28],"30":[1,27],"31":[28,28],"32":[0,28],"33":[0,28],"34":[0,27],"35":[14,14],"36":[5,2],"37":[5,5,5,5],"38":[1,4],"39":[1,6],"40":[7,7]},"inputSourceMap":null,"_coverageSchema":"1a1c01bbd47fc00a2c39e90264f33305004495a9","hash":"ebc87cdfa1e2f6449f6d6d0cd5b491bbc3eea074"}
,"/Users/orlando/dev/pos/libs/employees/native-feature/src/lib/components/employee-item/employee-item.tsx": {"path":"/Users/orlando/dev/pos/libs/employees/native-feature/src/lib/components/employee-item/employee-item.tsx","statementMap":{"0":{"start":{"line":1,"column":42},"end":{"line":1,"column":97}},"1":{"start":{"line":1,"column":98},"end":{"line":1,"column":160}},"2":{"start":{"line":1,"column":160},"end":{"line":1,"column":196}},"3":{"start":{"line":1,"column":196},"end":{"line":1,"column":221}},"4":{"start":{"line":1,"column":240},"end":{"line":1,"column":301}},"5":{"start":{"line":1,"column":327},"end":{"line":1,"column":401}},"6":{"start":{"line":1,"column":424},"end":{"line":1,"column":495}},"7":{"start":{"line":1,"column":509},"end":{"line":1,"column":550}},"8":{"start":{"line":3,"column":19},"end":{"line":3,"column":42}},"9":{"start":{"line":10,"column":14},"end":{"line":10,"column":42}},"10":{"start":{"line":11,"column":14},"end":{"line":11,"column":38}},"11":{"start":{"line":12,"column":18},"end":{"line":12,"column":55}},"12":{"start":{"line":17,"column":18},"end":{"line":17,"column":40}},"13":{"start":{"line":17,"column":60},"end":{"line":17,"column":165}},"14":{"start":{"line":17,"column":214},"end":{"line":17,"column":261}},"15":{"start":{"line":17,"column":249},"end":{"line":17,"column":261}},"16":{"start":{"line":17,"column":285},"end":{"line":17,"column":298}},"17":{"start":{"line":17,"column":322},"end":{"line":17,"column":335}},"18":{"start":{"line":17,"column":336},"end":{"line":17,"column":493}},"19":{"start":{"line":17,"column":419},"end":{"line":17,"column":477}},"20":{"start":{"line":17,"column":546},"end":{"line":17,"column":602}},"21":{"start":{"line":17,"column":590},"end":{"line":17,"column":601}},"22":{"start":{"line":17,"column":602},"end":{"line":17,"column":702}},"23":{"start":{"line":17,"column":677},"end":{"line":17,"column":701}},"24":{"start":{"line":17,"column":714},"end":{"line":17,"column":751}},"25":{"start":{"line":17,"column":752},"end":{"line":17,"column":805}},"26":{"start":{"line":17,"column":782},"end":{"line":17,"column":804}},"27":{"start":{"line":17,"column":818},"end":{"line":17,"column":820}},"28":{"start":{"line":17,"column":849},"end":{"line":17,"column":905}},"29":{"start":{"line":17,"column":906},"end":{"line":17,"column":1198}},"30":{"start":{"line":17,"column":928},"end":{"line":17,"column":1197}},"31":{"start":{"line":17,"column":1013},"end":{"line":17,"column":1085}},"32":{"start":{"line":17,"column":1086},"end":{"line":17,"column":1196}},"33":{"start":{"line":17,"column":1123},"end":{"line":17,"column":1164}},"34":{"start":{"line":17,"column":1172},"end":{"line":17,"column":1195}},"35":{"start":{"line":17,"column":1198},"end":{"line":17,"column":1219}},"36":{"start":{"line":17,"column":1219},"end":{"line":17,"column":1255}},"37":{"start":{"line":17,"column":1231},"end":{"line":17,"column":1254}},"38":{"start":{"line":17,"column":1255},"end":{"line":17,"column":1269}},"39":{"start":{"line":25,"column":56},"end":{"line":25,"column":65}},"40":{"start":{"line":25,"column":79},"end":{"line":25,"column":94}},"41":{"start":{"line":26,"column":14},"end":{"line":26,"column":37}},"42":{"start":{"line":27,"column":15},"end":{"line":27,"column":45}},"43":{"start":{"line":28,"column":17},"end":{"line":28,"column":47}},"44":{"start":{"line":29,"column":18},"end":{"line":29,"column":45}},"45":{"start":{"line":29,"column":59},"end":{"line":29,"column":101}},"46":{"start":{"line":29,"column":109},"end":{"line":29,"column":122}},"47":{"start":{"line":29,"column":133},"end":{"line":29,"column":146}},"48":{"start":{"line":31,"column":19},"end":{"line":37,"column":199}},"49":{"start":{"line":31,"column":44},"end":{"line":37,"column":127}},"50":{"start":{"line":31,"column":122},"end":{"line":37,"column":124}},"51":{"start":{"line":31,"column":184},"end":{"line":37,"column":112}},"52":{"start":{"line":31,"column":195},"end":{"line":37,"column":111}},"53":{"start":{"line":31,"column":242},"end":{"line":32,"column":49}},"54":{"start":{"line":32,"column":24},"end":{"line":32,"column":42}},"55":{"start":{"line":32,"column":42},"end":{"line":32,"column":48}},"56":{"start":{"line":32,"column":49},"end":{"line":32,"column":82}},"57":{"start":{"line":34,"column":14},"end":{"line":34,"column":28}},"58":{"start":{"line":34,"column":28},"end":{"line":34,"column":46}},"59":{"start":{"line":34,"column":46},"end":{"line":35,"column":61}},"60":{"start":{"line":36,"column":14},"end":{"line":36,"column":29}},"61":{"start":{"line":37,"column":14},"end":{"line":37,"column":69}},"62":{"start":{"line":37,"column":87},"end":{"line":37,"column":110}},"63":{"start":{"line":37,"column":128},"end":{"line":37,"column":196}},"64":{"start":{"line":37,"column":158},"end":{"line":37,"column":194}},"65":{"start":{"line":40,"column":17},"end":{"line":43,"column":3}},"66":{"start":{"line":41,"column":4},"end":{"line":41,"column":56}},"67":{"start":{"line":42,"column":4},"end":{"line":42,"column":41}},"68":{"start":{"line":45,"column":24},"end":{"line":51,"column":3}},"69":{"start":{"line":46,"column":4},"end":{"line":49,"column":91}},"70":{"start":{"line":49,"column":65},"end":{"line":49,"column":85}},"71":{"start":{"line":53,"column":2},"end":{"line":104,"column":137}},"72":{"start":{"line":111,"column":0},"end":{"line":111,"column":12}},"73":{"start":{"line":111,"column":13},"end":{"line":111,"column":40}}},"fnMap":{"0":{"name":"_getRequireWildcardCache","decl":{"start":{"line":17,"column":175},"end":{"line":17,"column":199}},"loc":{"start":{"line":17,"column":213},"end":{"line":17,"column":494}},"line":17},"1":{"name":"_getRequireWildcardCache","decl":{"start":{"line":17,"column":380},"end":{"line":17,"column":404}},"loc":{"start":{"line":17,"column":418},"end":{"line":17,"column":478}},"line":17},"2":{"name":"_interopRequireWildcard","decl":{"start":{"line":17,"column":503},"end":{"line":17,"column":526}},"loc":{"start":{"line":17,"column":545},"end":{"line":17,"column":1270}},"line":17},"3":{"name":"EmployeeItem","decl":{"start":{"line":25,"column":9},"end":{"line":25,"column":21}},"loc":{"start":{"line":25,"column":28},"end":{"line":109,"column":1}},"line":25},"4":{"name":"(anonymous_4)","decl":{"start":{"line":31,"column":19},"end":{"line":31,"column":20}},"loc":{"start":{"line":31,"column":31},"end":{"line":37,"column":197}},"line":31},"5":{"name":"_callee","decl":{"start":{"line":31,"column":111},"end":{"line":31,"column":118}},"loc":{"start":{"line":31,"column":121},"end":{"line":37,"column":125}},"line":31},"6":{"name":"_callee$","decl":{"start":{"line":31,"column":164},"end":{"line":31,"column":172}},"loc":{"start":{"line":31,"column":183},"end":{"line":37,"column":113}},"line":31},"7":{"name":"deleteItem","decl":{"start":{"line":37,"column":144},"end":{"line":37,"column":154}},"loc":{"start":{"line":37,"column":157},"end":{"line":37,"column":195}},"line":37},"8":{"name":"editItem","decl":{"start":{"line":40,"column":26},"end":{"line":40,"column":34}},"loc":{"start":{"line":40,"column":37},"end":{"line":43,"column":3}},"line":40},"9":{"name":"confirmDeletion","decl":{"start":{"line":45,"column":33},"end":{"line":45,"column":48}},"loc":{"start":{"line":45,"column":51},"end":{"line":51,"column":3}},"line":45},"10":{"name":"onPress","decl":{"start":{"line":49,"column":54},"end":{"line":49,"column":61}},"loc":{"start":{"line":49,"column":64},"end":{"line":49,"column":86}},"line":49}},"branchMap":{"0":{"loc":{"start":{"line":17,"column":214},"end":{"line":17,"column":261}},"type":"if","locations":[{"start":{"line":17,"column":214},"end":{"line":17,"column":261}},{"start":{},"end":{}}],"line":17},"1":{"loc":{"start":{"line":17,"column":426},"end":{"line":17,"column":476}},"type":"cond-expr","locations":[{"start":{"line":17,"column":440},"end":{"line":17,"column":456}},{"start":{"line":17,"column":459},"end":{"line":17,"column":476}}],"line":17},"2":{"loc":{"start":{"line":17,"column":546},"end":{"line":17,"column":602}},"type":"if","locations":[{"start":{"line":17,"column":546},"end":{"line":17,"column":602}},{"start":{},"end":{}}],"line":17},"3":{"loc":{"start":{"line":17,"column":550},"end":{"line":17,"column":587}},"type":"binary-expr","locations":[{"start":{"line":17,"column":550},"end":{"line":17,"column":562}},{"start":{"line":17,"column":566},"end":{"line":17,"column":569}},{"start":{"line":17,"column":573},"end":{"line":17,"column":587}}],"line":17},"4":{"loc":{"start":{"line":17,"column":602},"end":{"line":17,"column":702}},"type":"if","locations":[{"start":{"line":17,"column":602},"end":{"line":17,"column":702}},{"start":{},"end":{}}],"line":17},"5":{"loc":{"start":{"line":17,"column":606},"end":{"line":17,"column":674}},"type":"binary-expr","locations":[{"start":{"line":17,"column":606},"end":{"line":17,"column":618}},{"start":{"line":17,"column":622},"end":{"line":17,"column":645}},{"start":{"line":17,"column":649},"end":{"line":17,"column":674}}],"line":17},"6":{"loc":{"start":{"line":17,"column":752},"end":{"line":17,"column":805}},"type":"if","locations":[{"start":{"line":17,"column":752},"end":{"line":17,"column":805}},{"start":{},"end":{}}],"line":17},"7":{"loc":{"start":{"line":17,"column":756},"end":{"line":17,"column":779}},"type":"binary-expr","locations":[{"start":{"line":17,"column":756},"end":{"line":17,"column":761}},{"start":{"line":17,"column":765},"end":{"line":17,"column":779}}],"line":17},"8":{"loc":{"start":{"line":17,"column":849},"end":{"line":17,"column":905}},"type":"binary-expr","locations":[{"start":{"line":17,"column":849},"end":{"line":17,"column":870}},{"start":{"line":17,"column":874},"end":{"line":17,"column":905}}],"line":17},"9":{"loc":{"start":{"line":17,"column":928},"end":{"line":17,"column":1197}},"type":"if","locations":[{"start":{"line":17,"column":928},"end":{"line":17,"column":1197}},{"start":{},"end":{}}],"line":17},"10":{"loc":{"start":{"line":17,"column":932},"end":{"line":17,"column":999}},"type":"binary-expr","locations":[{"start":{"line":17,"column":932},"end":{"line":17,"column":949}},{"start":{"line":17,"column":953},"end":{"line":17,"column":999}}],"line":17},"11":{"loc":{"start":{"line":17,"column":1013},"end":{"line":17,"column":1085}},"type":"cond-expr","locations":[{"start":{"line":17,"column":1037},"end":{"line":17,"column":1078}},{"start":{"line":17,"column":1081},"end":{"line":17,"column":1085}}],"line":17},"12":{"loc":{"start":{"line":17,"column":1086},"end":{"line":17,"column":1196}},"type":"if","locations":[{"start":{"line":17,"column":1086},"end":{"line":17,"column":1196}},{"start":{"line":17,"column":1171},"end":{"line":17,"column":1196}}],"line":17},"13":{"loc":{"start":{"line":17,"column":1090},"end":{"line":17,"column":1120}},"type":"binary-expr","locations":[{"start":{"line":17,"column":1090},"end":{"line":17,"column":1094}},{"start":{"line":17,"column":1099},"end":{"line":17,"column":1107}},{"start":{"line":17,"column":1111},"end":{"line":17,"column":1119}}],"line":17},"14":{"loc":{"start":{"line":17,"column":1219},"end":{"line":17,"column":1255}},"type":"if","locations":[{"start":{"line":17,"column":1219},"end":{"line":17,"column":1255}},{"start":{},"end":{}}],"line":17},"15":{"loc":{"start":{"line":31,"column":195},"end":{"line":37,"column":111}},"type":"switch","locations":[{"start":{"line":31,"column":235},"end":{"line":32,"column":82}},{"start":{"line":32,"column":82},"end":{"line":35,"column":61}},{"start":{"line":35,"column":61},"end":{"line":37,"column":69}},{"start":{"line":37,"column":69},"end":{"line":37,"column":76}},{"start":{"line":37,"column":76},"end":{"line":37,"column":110}}],"line":31},"16":{"loc":{"start":{"line":31,"column":242},"end":{"line":32,"column":49}},"type":"if","locations":[{"start":{"line":31,"column":242},"end":{"line":32,"column":49}},{"start":{},"end":{}}],"line":31},"17":{"loc":{"start":{"line":55,"column":4},"end":{"line":55,"column":191}},"type":"binary-expr","locations":[{"start":{"line":55,"column":4},"end":{"line":55,"column":8}},{"start":{"line":55,"column":12},"end":{"line":55,"column":191}}],"line":55},"18":{"loc":{"start":{"line":62,"column":15},"end":{"line":64,"column":32}},"type":"cond-expr","locations":[{"start":{"line":63,"column":8},"end":{"line":63,"column":34}},{"start":{"line":64,"column":8},"end":{"line":64,"column":32}}],"line":62},"19":{"loc":{"start":{"line":68,"column":4},"end":{"line":68,"column":39}},"type":"cond-expr","locations":[{"start":{"line":68,"column":18},"end":{"line":68,"column":26}},{"start":{"line":68,"column":29},"end":{"line":68,"column":39}}],"line":68},"20":{"loc":{"start":{"line":81,"column":4},"end":{"line":81,"column":96}},"type":"cond-expr","locations":[{"start":{"line":81,"column":19},"end":{"line":81,"column":25}},{"start":{"line":81,"column":28},"end":{"line":81,"column":96}}],"line":81},"21":{"loc":{"start":{"line":81,"column":28},"end":{"line":81,"column":96}},"type":"cond-expr","locations":[{"start":{"line":81,"column":65},"end":{"line":81,"column":71}},{"start":{"line":81,"column":74},"end":{"line":81,"column":96}}],"line":81}},"s":{"0":3,"1":3,"2":3,"3":3,"4":3,"5":3,"6":3,"7":3,"8":3,"9":3,"10":3,"11":3,"12":3,"13":3,"14":3,"15":0,"16":3,"17":3,"18":3,"19":3,"20":3,"21":0,"22":3,"23":0,"24":3,"25":3,"26":0,"27":3,"28":3,"29":3,"30":84,"31":84,"32":84,"33":0,"34":84,"35":3,"36":3,"37":3,"38":3,"39":9,"40":8,"41":8,"42":8,"43":8,"44":8,"45":8,"46":8,"47":8,"48":8,"49":8,"50":2,"51":4,"52":5,"53":2,"54":1,"55":1,"56":1,"57":1,"58":1,"59":1,"60":1,"61":1,"62":2,"63":8,"64":2,"65":8,"66":1,"67":1,"68":8,"69":3,"70":2,"71":8,"72":3,"73":3},"f":{"0":3,"1":3,"2":3,"3":9,"4":8,"5":2,"6":4,"7":2,"8":1,"9":3,"10":2},"b":{"0":[0,3],"1":[0,3],"2":[0,3],"3":[3,3,3],"4":[0,3],"5":[3,3,0],"6":[0,3],"7":[3,3],"8":[3,3],"9":[84,0],"10":[84,84],"11":[84,0],"12":[0,84],"13":[84,84,84],"14":[3,0],"15":[2,1,1,1,2],"16":[1,1],"17":[8,1],"18":[7,1],"19":[7,1],"20":[0,8],"21":[0,8]},"inputSourceMap":null,"_coverageSchema":"1a1c01bbd47fc00a2c39e90264f33305004495a9","hash":"493eb5cef99b69569ec22a7935380b9d0602d70d"}
,"/Users/orlando/dev/pos/libs/employees/native-feature/src/lib/components/employee-list/employee-list.tsx": {"path":"/Users/orlando/dev/pos/libs/employees/native-feature/src/lib/components/employee-list/employee-list.tsx","statementMap":{"0":{"start":{"line":1,"column":42},"end":{"line":1,"column":97}},"1":{"start":{"line":1,"column":98},"end":{"line":1,"column":160}},"2":{"start":{"line":1,"column":160},"end":{"line":1,"column":196}},"3":{"start":{"line":1,"column":196},"end":{"line":1,"column":221}},"4":{"start":{"line":1,"column":237},"end":{"line":1,"column":302}},"5":{"start":{"line":2,"column":13},"end":{"line":2,"column":53}},"6":{"start":{"line":3,"column":18},"end":{"line":3,"column":55}},"7":{"start":{"line":4,"column":16},"end":{"line":4,"column":48}},"8":{"start":{"line":6,"column":20},"end":{"line":6,"column":85}},"9":{"start":{"line":6,"column":105},"end":{"line":6,"column":210}},"10":{"start":{"line":12,"column":46},"end":{"line":12,"column":61}},"11":{"start":{"line":13,"column":14},"end":{"line":22,"column":50}},"12":{"start":{"line":25,"column":2},"end":{"line":25,"column":206}},"13":{"start":{"line":28,"column":0},"end":{"line":28,"column":12}},"14":{"start":{"line":28,"column":13},"end":{"line":28,"column":40}}},"fnMap":{"0":{"name":"EmployeeList","decl":{"start":{"line":12,"column":9},"end":{"line":12,"column":21}},"loc":{"start":{"line":12,"column":28},"end":{"line":26,"column":1}},"line":12}},"branchMap":{},"s":{"0":2,"1":2,"2":2,"3":2,"4":2,"5":2,"6":2,"7":2,"8":2,"9":2,"10":1,"11":1,"12":1,"13":2,"14":2},"f":{"0":1},"b":{},"inputSourceMap":null,"_coverageSchema":"1a1c01bbd47fc00a2c39e90264f33305004495a9","hash":"a622423fa7fbefd4379cd267eaafc752bee3ffb7"}
,"/Users/orlando/dev/pos/libs/employees/native-feature/src/lib/components/employees/employees.tsx": {"path":"/Users/orlando/dev/pos/libs/employees/native-feature/src/lib/components/employees/employees.tsx","statementMap":{"0":{"start":{"line":1,"column":42},"end":{"line":1,"column":97}},"1":{"start":{"line":1,"column":98},"end":{"line":1,"column":160}},"2":{"start":{"line":1,"column":160},"end":{"line":1,"column":190}},"3":{"start":{"line":1,"column":190},"end":{"line":1,"column":215}},"4":{"start":{"line":2,"column":13},"end":{"line":2,"column":53}},"5":{"start":{"line":4,"column":20},"end":{"line":4,"column":85}},"6":{"start":{"line":5,"column":20},"end":{"line":5,"column":85}},"7":{"start":{"line":6,"column":19},"end":{"line":6,"column":60}},"8":{"start":{"line":7,"column":16},"end":{"line":7,"column":48}},"9":{"start":{"line":7,"column":68},"end":{"line":7,"column":165}},"10":{"start":{"line":9,"column":12},"end":{"line":9,"column":58}},"11":{"start":{"line":12,"column":2},"end":{"line":15,"column":209}},"12":{"start":{"line":20,"column":0},"end":{"line":20,"column":9}},"13":{"start":{"line":20,"column":10},"end":{"line":20,"column":37}}},"fnMap":{"0":{"name":"Employees","decl":{"start":{"line":11,"column":9},"end":{"line":11,"column":18}},"loc":{"start":{"line":11,"column":21},"end":{"line":18,"column":1}},"line":11}},"branchMap":{},"s":{"0":1,"1":1,"2":1,"3":1,"4":1,"5":1,"6":1,"7":1,"8":1,"9":1,"10":1,"11":1,"12":1,"13":1},"f":{"0":1},"b":{},"inputSourceMap":null,"_coverageSchema":"1a1c01bbd47fc00a2c39e90264f33305004495a9","hash":"092dcda31c79c125808bd70c2e7c6531c465be73"}
}
