TN:
SF:libs/employees/native-feature/src/lib/components/employee-form/employee-form.tsx
FN:19,_getRequireWildcardCache
FN:19,_getRequireWildcardCache
FN:19,_interopRequireWildcard
FN:19,ownKeys
FN:19,(anonymous_4)
FN:19,_objectSpread
FN:19,(anonymous_6)
FN:19,(anonymous_7)
FN:30,getEmployeeDefaults
FN:47,buildEmployeeRoleMap
FN:49,(anonymous_10)
FN:55,toggleEmployeeRoleSet
FN:60,(anonymous_12)
FN:67,EmployeeForm
FN:69,(anonymous_14)
FN:76,(anonymous_15)
FN:76,_callee
FN:76,_callee$
FN:86,save
FN:96,toggleRole
FN:105,confirmCancel
FN:111,onPress
FN:116,(anonymous_22)
FN:216,(anonymous_23)
FN:222,onPress
FNF:25
FNH:23
FNDA:2,_getRequireWildcardCache
FNDA:2,_getRequireWildcardCache
FNDA:2,_interopRequireWildcard
FNDA:8,ownKeys
FNDA:0,(anonymous_4)
FNDA:8,_objectSpread
FNDA:6,(anonymous_6)
FNDA:0,(anonymous_7)
FNDA:28,getEmployeeDefaults
FNDA:7,buildEmployeeRoleMap
FNDA:14,(anonymous_10)
FNDA:4,toggleEmployeeRoleSet
FNDA:7,(anonymous_12)
FNDA:27,EmployeeForm
FNDA:27,(anonymous_14)
FNDA:27,(anonymous_15)
FNDA:5,_callee
FNDA:10,_callee$
FNDA:5,save
FNDA:3,toggleRole
FNDA:2,confirmCancel
FNDA:1,onPress
FNDA:7,(anonymous_22)
FNDA:54,(anonymous_23)
FNDA:3,onPress
DA:1,2
DA:3,2
DA:4,2
DA:5,2
DA:12,2
DA:14,2
DA:15,2
DA:18,2
DA:19,56
DA:30,28
DA:44,2
DA:47,2
DA:48,7
DA:49,7
DA:50,14
DA:52,7
DA:53,2
DA:55,2
DA:59,4
DA:60,7
DA:61,7
DA:62,7
DA:64,4
DA:65,2
DA:67,27
DA:68,27
DA:69,27
DA:71,27
DA:72,27
DA:73,27
DA:74,27
DA:76,27
DA:77,5
DA:78,5
DA:80,5
DA:81,1
DA:82,5
DA:85,5
DA:86,27
DA:89,27
DA:94,27
DA:96,27
DA:97,3
DA:99,3
DA:101,3
DA:102,3
DA:105,27
DA:106,2
DA:111,1
DA:116,27
DA:117,7
DA:118,6
DA:121,27
DA:216,54
DA:222,3
DA:238,2
LF:56
LH:56
BRDA:19,0,0,0
BRDA:19,0,1,2
BRDA:19,1,0,0
BRDA:19,1,1,2
BRDA:19,2,0,0
BRDA:19,2,1,2
BRDA:19,3,0,2
BRDA:19,3,1,2
BRDA:19,3,2,2
BRDA:19,4,0,0
BRDA:19,4,1,2
BRDA:19,5,0,2
BRDA:19,5,1,2
BRDA:19,5,2,0
BRDA:19,6,0,0
BRDA:19,6,1,2
BRDA:19,7,0,2
BRDA:19,7,1,2
BRDA:19,8,0,2
BRDA:19,8,1,2
BRDA:19,9,0,56
BRDA:19,9,1,0
BRDA:19,10,0,56
BRDA:19,10,1,56
BRDA:19,11,0,56
BRDA:19,11,1,0
BRDA:19,12,0,0
BRDA:19,12,1,56
BRDA:19,13,0,56
BRDA:19,13,1,56
BRDA:19,13,2,56
BRDA:19,14,0,2
BRDA:19,14,1,0
BRDA:19,15,0,8
BRDA:19,15,1,0
BRDA:19,16,0,8
BRDA:19,16,1,8
BRDA:19,17,0,12
BRDA:19,17,1,0
BRDA:19,18,0,8
BRDA:19,18,1,4
BRDA:19,19,0,4
BRDA:19,19,1,0
BRDA:31,20,0,0
BRDA:31,20,1,28
BRDA:32,21,0,0
BRDA:32,21,1,28
BRDA:33,22,0,0
BRDA:33,22,1,28
BRDA:34,23,0,0
BRDA:34,23,1,28
BRDA:35,24,0,0
BRDA:35,24,1,28
BRDA:36,25,0,0
BRDA:36,25,1,28
BRDA:37,26,0,0
BRDA:37,26,1,28
BRDA:38,27,0,0
BRDA:38,27,1,28
BRDA:39,28,0,0
BRDA:39,28,1,28
BRDA:40,29,0,0
BRDA:40,29,1,28
BRDA:42,30,0,1
BRDA:42,30,1,27
BRDA:42,31,0,28
BRDA:42,31,1,28
BRDA:42,32,0,0
BRDA:42,32,1,28
BRDA:42,33,0,0
BRDA:42,33,1,28
BRDA:44,34,0,0
BRDA:44,34,1,27
BRDA:50,35,0,14
BRDA:50,35,1,14
BRDA:61,36,0,5
BRDA:61,36,1,2
BRDA:76,37,0,5
BRDA:76,37,1,5
BRDA:76,37,2,5
BRDA:76,37,3,5
BRDA:80,38,0,1
BRDA:80,38,1,4
BRDA:117,39,0,1
BRDA:117,39,1,6
BRDA:117,40,0,7
BRDA:117,40,1,7
BRF:87
BRH:61
end_of_record
TN:
SF:libs/employees/native-feature/src/lib/components/employee-item/employee-item.tsx
FN:17,_getRequireWildcardCache
FN:17,_getRequireWildcardCache
FN:17,_interopRequireWildcard
FN:25,EmployeeItem
FN:31,(anonymous_4)
FN:31,_callee
FN:31,_callee$
FN:37,deleteItem
FN:40,editItem
FN:45,confirmDeletion
FN:49,onPress
FNF:11
FNH:11
FNDA:3,_getRequireWildcardCache
FNDA:3,_getRequireWildcardCache
FNDA:3,_interopRequireWildcard
FNDA:9,EmployeeItem
FNDA:8,(anonymous_4)
FNDA:2,_callee
FNDA:4,_callee$
FNDA:2,deleteItem
FNDA:1,editItem
FNDA:3,confirmDeletion
FNDA:2,onPress
DA:1,3
DA:3,3
DA:10,3
DA:11,3
DA:12,3
DA:17,84
DA:25,9
DA:26,8
DA:27,8
DA:28,8
DA:29,8
DA:31,8
DA:32,1
DA:34,1
DA:36,1
DA:37,8
DA:40,8
DA:41,1
DA:42,1
DA:45,8
DA:46,3
DA:49,2
DA:53,8
DA:111,3
LF:24
LH:24
BRDA:17,0,0,0
BRDA:17,0,1,3
BRDA:17,1,0,0
BRDA:17,1,1,3
BRDA:17,2,0,0
BRDA:17,2,1,3
BRDA:17,3,0,3
BRDA:17,3,1,3
BRDA:17,3,2,3
BRDA:17,4,0,0
BRDA:17,4,1,3
BRDA:17,5,0,3
BRDA:17,5,1,3
BRDA:17,5,2,0
BRDA:17,6,0,0
BRDA:17,6,1,3
BRDA:17,7,0,3
BRDA:17,7,1,3
BRDA:17,8,0,3
BRDA:17,8,1,3
BRDA:17,9,0,84
BRDA:17,9,1,0
BRDA:17,10,0,84
BRDA:17,10,1,84
BRDA:17,11,0,84
BRDA:17,11,1,0
BRDA:17,12,0,0
BRDA:17,12,1,84
BRDA:17,13,0,84
BRDA:17,13,1,84
BRDA:17,13,2,84
BRDA:17,14,0,3
BRDA:17,14,1,0
BRDA:31,15,0,2
BRDA:31,15,1,1
BRDA:31,15,2,1
BRDA:31,15,3,1
BRDA:31,15,4,2
BRDA:31,16,0,1
BRDA:31,16,1,1
BRDA:55,17,0,8
BRDA:55,17,1,1
BRDA:62,18,0,7
BRDA:62,18,1,1
BRDA:68,19,0,7
BRDA:68,19,1,1
BRDA:81,20,0,0
BRDA:81,20,1,8
BRDA:81,21,0,0
BRDA:81,21,1,8
BRF:50
BRH:38
end_of_record
TN:
SF:libs/employees/native-feature/src/lib/components/employee-list/employee-list.tsx
FN:12,EmployeeList
FNF:1
FNH:1
FNDA:1,EmployeeList
DA:1,2
DA:2,2
DA:3,2
DA:4,2
DA:6,2
DA:12,1
DA:13,1
DA:25,1
DA:28,2
LF:9
LH:9
BRF:0
BRH:0
end_of_record
TN:
SF:libs/employees/native-feature/src/lib/components/employees/employees.tsx
FN:11,Employees
FNF:1
FNH:1
FNDA:1,Employees
DA:1,1
DA:2,1
DA:4,1
DA:5,1
DA:6,1
DA:7,1
DA:9,1
DA:12,1
DA:20,1
LF:9
LH:9
BRF:0
BRH:0
end_of_record
