TN:
SF:libs/settings/native-feature/src/lib/components/log-list/log-list.tsx
FN:11,LogList
FN:17,renderItem
FNF:2
FNH:2
FNDA:1,LogList
FNDA:1,renderItem
DA:1,1
DA:2,1
DA:3,1
DA:5,1
DA:6,1
DA:11,1
DA:12,1
DA:13,1
DA:15,1
DA:17,1
DA:32,1
LF:11
LH:11
BRF:0
BRH:0
end_of_record
TN:
SF:libs/settings/native-feature/src/lib/components/settings/settings.tsx
FN:12,ownKeys
FN:12,(anonymous_1)
FN:12,_objectSpread
FN:12,(anonymous_3)
FN:12,(anonymous_4)
FN:17,Settings
FN:23,updateThemeMode
FN:30,setGlobalSettings
FN:59,onValueChange
FN:77,onValueChange
FN:95,onPress
FNF:11
FNH:9
FNDA:2,ownKeys
FNDA:0,(anonymous_1)
FNDA:2,_objectSpread
FNDA:2,(anonymous_3)
FNDA:0,(anonymous_4)
FNDA:4,Settings
FNDA:1,updateThemeMode
FNDA:1,setGlobalSettings
FNDA:1,onValueChange
FNDA:1,onValueChange
FNDA:1,onPress
DA:1,1
DA:7,1
DA:8,1
DA:9,1
DA:10,1
DA:11,1
DA:12,3
DA:18,4
DA:19,4
DA:20,4
DA:21,4
DA:23,4
DA:24,1
DA:27,1
DA:30,4
DA:31,1
DA:37,4
DA:59,1
DA:77,1
DA:95,1
DA:109,1
LF:21
LH:21
BRDA:12,0,0,2
BRDA:12,0,1,0
BRDA:12,1,0,2
BRDA:12,1,1,2
BRDA:12,2,0,3
BRDA:12,2,1,0
BRDA:12,3,0,2
BRDA:12,3,1,1
BRDA:12,4,0,1
BRDA:12,4,1,0
BRDA:25,5,0,1
BRDA:25,5,1,0
BRDA:73,6,0,0
BRDA:73,6,1,4
BRF:14
BRH:9
end_of_record
