<?xml version="1.0" encoding="UTF-8"?>
<coverage generated="1773365907784" clover="3.2.0">
  <project timestamp="1773365907784" name="All files">
    <metrics statements="328" coveredstatements="317" conditionals="386" coveredconditionals="268" methods="118" coveredmethods="106" elements="832" coveredelements="691" complexity="0" loc="328" ncloc="328" packages="9" files="12" classes="12"/>
    <package name="dashboard">
      <metrics statements="56" coveredstatements="49" conditionals="80" coveredconditionals="52" methods="21" coveredmethods="19"/>
      <file name="dashboard.tsx" path="/Users/orlando/dev/pos/libs/reporting/native-feature/src/lib/components/dashboard/dashboard.tsx">
        <metrics statements="56" coveredstatements="49" conditionals="80" coveredconditionals="52" methods="21" coveredmethods="19"/>
        <line num="1" count="1" type="stmt"/>
        <line num="3" count="1" type="stmt"/>
        <line num="9" count="1" type="stmt"/>
        <line num="10" count="1" type="stmt"/>
        <line num="12" count="1" type="stmt"/>
        <line num="13" count="1" type="stmt"/>
        <line num="14" count="1" type="stmt"/>
        <line num="15" count="1" type="stmt"/>
        <line num="16" count="1" type="stmt"/>
        <line num="18" count="1" type="stmt"/>
        <line num="19" count="1" type="stmt"/>
        <line num="20" count="28" type="cond" truecount="23" falsecount="10"/>
        <line num="25" count="2" type="stmt"/>
        <line num="26" count="1" type="cond" truecount="2" falsecount="0"/>
        <line num="28" count="2" type="stmt"/>
        <line num="33" count="3" type="cond" truecount="3" falsecount="1"/>
        <line num="34" count="2" type="stmt"/>
        <line num="39" count="1" type="stmt"/>
        <line num="42" count="2" type="stmt"/>
        <line num="45" count="1" type="stmt"/>
        <line num="47" count="1" type="cond" truecount="1" falsecount="1"/>
        <line num="50" count="2" type="stmt"/>
        <line num="51" count="1" type="cond" truecount="3" falsecount="1"/>
        <line num="53" count="1" type="cond" truecount="1" falsecount="1"/>
        <line num="56" count="1" type="stmt"/>
        <line num="57" count="3" type="cond" truecount="2" falsecount="0"/>
        <line num="62" count="3" type="stmt"/>
        <line num="66" count="1" type="stmt"/>
        <line num="68" count="1" type="stmt"/>
        <line num="69" count="1" type="cond" truecount="1" falsecount="1"/>
        <line num="70" count="1" type="cond" truecount="1" falsecount="1"/>
        <line num="71" count="1" type="stmt"/>
        <line num="72" count="1" type="stmt"/>
        <line num="74" count="2" type="cond" truecount="2" falsecount="2"/>
        <line num="75" count="1" type="stmt"/>
        <line num="76" count="0" type="stmt"/>
        <line num="77" count="1" type="stmt"/>
        <line num="81" count="1" type="stmt"/>
        <line num="82" count="1" type="stmt"/>
        <line num="83" count="1" type="stmt"/>
        <line num="85" count="1" type="stmt"/>
        <line num="87" count="1" type="stmt"/>
        <line num="89" count="1" type="stmt"/>
        <line num="90" count="0" type="stmt"/>
        <line num="91" count="0" type="stmt"/>
        <line num="94" count="1" type="stmt"/>
        <line num="95" count="1" type="stmt"/>
        <line num="96" count="1" type="stmt"/>
        <line num="98" count="1" type="stmt"/>
        <line num="99" count="0" type="stmt"/>
        <line num="101" count="0" type="stmt"/>
        <line num="102" count="0" type="stmt"/>
        <line num="106" count="1" type="cond" truecount="1" falsecount="1"/>
        <line num="107" count="1" type="stmt"/>
        <line num="113" count="0" type="stmt"/>
        <line num="183" count="1" type="stmt"/>
      </file>
    </package>
    <package name="end-of-day">
      <metrics statements="126" coveredstatements="123" conditionals="105" coveredconditionals="73" methods="37" coveredmethods="34"/>
      <file name="end-of-day.service.ts" path="/Users/orlando/dev/pos/libs/reporting/native-feature/src/lib/components/end-of-day/end-of-day.service.ts">
        <metrics statements="24" coveredstatements="24" conditionals="28" coveredconditionals="20" methods="8" coveredmethods="8"/>
        <line num="1" count="2" type="stmt"/>
        <line num="5" count="2" type="stmt"/>
        <line num="6" count="10" type="cond" truecount="2" falsecount="0"/>
        <line num="8" count="9" type="stmt"/>
        <line num="9" count="9" type="stmt"/>
        <line num="11" count="9" type="stmt"/>
        <line num="12" count="2" type="stmt"/>
        <line num="14" count="2" type="stmt"/>
        <line num="15" count="10" type="cond" truecount="2" falsecount="0"/>
        <line num="17" count="9" type="stmt"/>
        <line num="18" count="9" type="stmt"/>
        <line num="20" count="9" type="stmt"/>
        <line num="21" count="2" type="stmt"/>
        <line num="35" count="2" type="stmt"/>
        <line num="36" count="5" type="stmt"/>
        <line num="38" count="5" type="stmt"/>
        <line num="39" count="6" type="cond" truecount="5" falsecount="1"/>
        <line num="40" count="5" type="cond" truecount="4" falsecount="2"/>
        <line num="43" count="5" type="cond" truecount="2" falsecount="2"/>
        <line num="44" count="6" type="cond" truecount="2" falsecount="2"/>
        <line num="47" count="5" type="cond" truecount="2" falsecount="0"/>
        <line num="49" count="3" type="cond" truecount="1" falsecount="1"/>
        <line num="52" count="5" type="stmt"/>
        <line num="56" count="2" type="stmt"/>
      </file>
      <file name="end-of-day.tsx" path="/Users/orlando/dev/pos/libs/reporting/native-feature/src/lib/components/end-of-day/end-of-day.tsx">
        <metrics statements="79" coveredstatements="76" conditionals="57" coveredconditionals="43" methods="25" coveredmethods="22"/>
        <line num="1" count="1" type="stmt"/>
        <line num="2" count="1" type="stmt"/>
        <line num="3" count="1" type="stmt"/>
        <line num="6" count="1" type="stmt"/>
        <line num="7" count="1" type="stmt"/>
        <line num="8" count="1" type="stmt"/>
        <line num="9" count="1" type="stmt"/>
        <line num="10" count="1" type="stmt"/>
        <line num="11" count="1" type="stmt"/>
        <line num="12" count="1" type="stmt"/>
        <line num="13" count="1" type="stmt"/>
        <line num="14" count="1" type="stmt"/>
        <line num="16" count="1" type="stmt"/>
        <line num="17" count="1" type="stmt"/>
        <line num="18" count="28" type="cond" truecount="23" falsecount="10"/>
        <line num="42" count="4" type="stmt"/>
        <line num="44" count="1" type="stmt"/>
        <line num="47" count="10" type="stmt"/>
        <line num="48" count="1" type="stmt"/>
        <line num="50" count="37" type="stmt"/>
        <line num="51" count="1" type="stmt"/>
        <line num="53" count="1" type="stmt"/>
        <line num="54" count="8" type="cond" truecount="3" falsecount="1"/>
        <line num="55" count="3" type="cond" truecount="4" falsecount="0"/>
        <line num="57" count="2" type="stmt"/>
        <line num="58" count="3" type="cond" truecount="2" falsecount="0"/>
        <line num="61" count="1" type="stmt"/>
        <line num="64" count="9" type="stmt"/>
        <line num="94" count="1" type="stmt"/>
        <line num="98" count="9" type="stmt"/>
        <line num="144" count="1" type="stmt"/>
        <line num="148" count="1" type="stmt"/>
        <line num="153" count="9" type="cond" truecount="4" falsecount="0"/>
        <line num="156" count="9" type="stmt"/>
        <line num="158" count="2" type="stmt"/>
        <line num="159" count="2" type="stmt"/>
        <line num="160" count="2" type="stmt"/>
        <line num="161" count="2" type="stmt"/>
        <line num="162" count="1" type="stmt"/>
        <line num="163" count="1" type="stmt"/>
        <line num="164" count="1" type="stmt"/>
        <line num="166" count="1" type="stmt"/>
        <line num="168" count="9" type="stmt"/>
        <line num="169" count="9" type="stmt"/>
        <line num="171" count="9" type="stmt"/>
        <line num="172" count="8" type="stmt"/>
        <line num="173" count="8" type="stmt"/>
        <line num="174" count="8" type="stmt"/>
        <line num="175" count="8" type="stmt"/>
        <line num="176" count="8" type="stmt"/>
        <line num="177" count="8" type="stmt"/>
        <line num="180" count="8" type="stmt"/>
        <line num="181" count="8" type="stmt"/>
        <line num="182" count="8" type="stmt"/>
        <line num="183" count="8" type="stmt"/>
        <line num="184" count="8" type="stmt"/>
        <line num="187" count="8" type="stmt"/>
        <line num="188" count="8" type="stmt"/>
        <line num="189" count="8" type="stmt"/>
        <line num="190" count="8" type="stmt"/>
        <line num="191" count="8" type="stmt"/>
        <line num="194" count="8" type="stmt"/>
        <line num="195" count="8" type="stmt"/>
        <line num="196" count="8" type="stmt"/>
        <line num="214" count="8" type="stmt"/>
        <line num="219" count="8" type="stmt"/>
        <line num="226" count="8" type="stmt"/>
        <line num="227" count="2" type="stmt"/>
        <line num="232" count="2" type="stmt"/>
        <line num="233" count="2" type="stmt"/>
        <line num="237" count="8" type="stmt"/>
        <line num="243" count="0" type="stmt"/>
        <line num="250" count="1" type="stmt"/>
        <line num="251" count="1" type="stmt"/>
        <line num="254" count="1" type="stmt"/>
        <line num="258" count="24" type="stmt"/>
        <line num="296" count="0" type="stmt"/>
        <line num="313" count="0" type="stmt"/>
        <line num="324" count="1" type="stmt"/>
      </file>
      <file name="order-details.tsx" path="/Users/orlando/dev/pos/libs/reporting/native-feature/src/lib/components/end-of-day/order-details.tsx">
        <metrics statements="12" coveredstatements="12" conditionals="14" coveredconditionals="7" methods="3" coveredmethods="3"/>
        <line num="1" count="2" type="stmt"/>
        <line num="2" count="2" type="stmt"/>
        <line num="3" count="2" type="stmt"/>
        <line num="4" count="2" type="stmt"/>
        <line num="6" count="2" type="stmt"/>
        <line num="7" count="2" type="stmt"/>
        <line num="15" count="2" type="stmt"/>
        <line num="16" count="1" type="stmt"/>
        <line num="18" count="1" type="stmt"/>
        <line num="45" count="1" type="cond" truecount="1" falsecount="1"/>
        <line num="56" count="1" type="cond" truecount="1" falsecount="1"/>
        <line num="63" count="2" type="stmt"/>
      </file>
      <file name="order-line-details.tsx" path="/Users/orlando/dev/pos/libs/reporting/native-feature/src/lib/components/end-of-day/order-line-details.tsx">
        <metrics statements="11" coveredstatements="11" conditionals="6" coveredconditionals="3" methods="1" coveredmethods="1"/>
        <line num="1" count="3" type="stmt"/>
        <line num="2" count="3" type="stmt"/>
        <line num="3" count="3" type="stmt"/>
        <line num="4" count="3" type="stmt"/>
        <line num="6" count="3" type="stmt"/>
        <line num="14" count="2" type="stmt"/>
        <line num="15" count="2" type="stmt"/>
        <line num="16" count="2" type="cond" truecount="1" falsecount="1"/>
        <line num="17" count="2" type="cond" truecount="1" falsecount="1"/>
        <line num="19" count="2" type="stmt"/>
        <line num="37" count="3" type="stmt"/>
      </file>
    </package>
    <package name="line-chart">
      <metrics statements="27" coveredstatements="27" conditionals="47" coveredconditionals="35" methods="12" coveredmethods="12"/>
      <file name="line-chart.tsx" path="/Users/orlando/dev/pos/libs/reporting/native-feature/src/lib/components/line-chart/line-chart.tsx">
        <metrics statements="27" coveredstatements="27" conditionals="47" coveredconditionals="35" methods="12" coveredmethods="12"/>
        <line num="1" count="2" type="stmt"/>
        <line num="2" count="2" type="stmt"/>
        <line num="4" count="2" type="stmt"/>
        <line num="5" count="56" type="cond" truecount="23" falsecount="10"/>
        <line num="17" count="2" type="stmt"/>
        <line num="18" count="3" type="stmt"/>
        <line num="20" count="6" type="stmt"/>
        <line num="23" count="3" type="stmt"/>
        <line num="24" count="4" type="stmt"/>
        <line num="25" count="8" type="stmt"/>
        <line num="26" count="4" type="stmt"/>
        <line num="29" count="3" type="stmt"/>
        <line num="30" count="2" type="stmt"/>
        <line num="32" count="2" type="stmt"/>
        <line num="36" count="1" type="cond" truecount="3" falsecount="1"/>
        <line num="37" count="1" type="cond" truecount="3" falsecount="1"/>
        <line num="44" count="2" type="stmt"/>
        <line num="48" count="3" type="stmt"/>
        <line num="49" count="3" type="stmt"/>
        <line num="50" count="3" type="stmt"/>
        <line num="52" count="3" type="cond" truecount="4" falsecount="0"/>
        <line num="53" count="1" type="stmt"/>
        <line num="59" count="2" type="stmt"/>
        <line num="61" count="2" type="stmt"/>
        <line num="66" count="1" type="stmt"/>
        <line num="67" count="1" type="stmt"/>
        <line num="93" count="2" type="stmt"/>
      </file>
    </package>
    <package name="list-widget">
      <metrics statements="9" coveredstatements="9" conditionals="0" coveredconditionals="0" methods="2" coveredmethods="2"/>
      <file name="list-widget.tsx" path="/Users/orlando/dev/pos/libs/reporting/native-feature/src/lib/components/list-widget/list-widget.tsx">
        <metrics statements="9" coveredstatements="9" conditionals="0" coveredconditionals="0" methods="2" coveredmethods="2"/>
        <line num="1" count="2" type="stmt"/>
        <line num="2" count="2" type="stmt"/>
        <line num="4" count="2" type="stmt"/>
        <line num="5" count="2" type="stmt"/>
        <line num="13" count="1" type="stmt"/>
        <line num="14" count="1" type="stmt"/>
        <line num="16" count="1" type="stmt"/>
        <line num="28" count="1" type="stmt"/>
        <line num="39" count="2" type="stmt"/>
      </file>
    </package>
    <package name="pie-chart">
      <metrics statements="18" coveredstatements="18" conditionals="8" coveredconditionals="7" methods="4" coveredmethods="4"/>
      <file name="pie-chart.tsx" path="/Users/orlando/dev/pos/libs/reporting/native-feature/src/lib/components/pie-chart/pie-chart.tsx">
        <metrics statements="18" coveredstatements="18" conditionals="8" coveredconditionals="7" methods="4" coveredmethods="4"/>
        <line num="1" count="2" type="stmt"/>
        <line num="2" count="2" type="stmt"/>
        <line num="4" count="2" type="stmt"/>
        <line num="5" count="2" type="stmt"/>
        <line num="7" count="2" type="stmt"/>
        <line num="8" count="2" type="stmt"/>
        <line num="9" count="2" type="stmt"/>
        <line num="21" count="3" type="stmt"/>
        <line num="26" count="1" type="cond" truecount="3" falsecount="1"/>
        <line num="29" count="2" type="stmt"/>
        <line num="32" count="2" type="stmt"/>
        <line num="33" count="2" type="stmt"/>
        <line num="34" count="2" type="stmt"/>
        <line num="36" count="2" type="cond" truecount="4" falsecount="0"/>
        <line num="37" count="1" type="stmt"/>
        <line num="43" count="2" type="stmt"/>
        <line num="51" count="1" type="stmt"/>
        <line num="69" count="2" type="stmt"/>
      </file>
    </package>
    <package name="report-viewer">
      <metrics statements="33" coveredstatements="33" conditionals="47" coveredconditionals="37" methods="13" coveredmethods="13"/>
      <file name="report-viewer.tsx" path="/Users/orlando/dev/pos/libs/reporting/native-feature/src/lib/components/report-viewer/report-viewer.tsx">
        <metrics statements="33" coveredstatements="33" conditionals="47" coveredconditionals="37" methods="13" coveredmethods="13"/>
        <line num="1" count="3" type="stmt"/>
        <line num="2" count="3" type="stmt"/>
        <line num="3" count="3" type="stmt"/>
        <line num="4" count="3" type="stmt"/>
        <line num="6" count="84" type="cond" truecount="23" falsecount="10"/>
        <line num="24" count="9" type="stmt"/>
        <line num="25" count="8" type="stmt"/>
        <line num="26" count="8" type="stmt"/>
        <line num="27" count="8" type="stmt"/>
        <line num="28" count="8" type="stmt"/>
        <line num="29" count="8" type="stmt"/>
        <line num="31" count="8" type="stmt"/>
        <line num="34" count="8" type="stmt"/>
        <line num="35" count="3" type="stmt"/>
        <line num="36" count="3" type="stmt"/>
        <line num="37" count="3" type="stmt"/>
        <line num="40" count="8" type="stmt"/>
        <line num="41" count="4" type="cond" truecount="2" falsecount="0"/>
        <line num="43" count="1" type="stmt"/>
        <line num="44" count="1" type="stmt"/>
        <line num="45" count="2" type="stmt"/>
        <line num="46" count="4" type="cond" truecount="2" falsecount="0"/>
        <line num="47" count="2" type="cond" truecount="2" falsecount="0"/>
        <line num="51" count="2" type="stmt"/>
        <line num="54" count="1" type="stmt"/>
        <line num="57" count="8" type="cond" truecount="2" falsecount="0"/>
        <line num="58" count="3" type="stmt"/>
        <line num="64" count="5" type="stmt"/>
        <line num="90" count="10" type="stmt"/>
        <line num="107" count="4" type="stmt"/>
        <line num="109" count="8" type="stmt"/>
        <line num="137" count="2" type="stmt"/>
        <line num="156" count="3" type="stmt"/>
      </file>
    </package>
    <package name="sales-by-employee">
      <metrics statements="18" coveredstatements="18" conditionals="10" coveredconditionals="5" methods="5" coveredmethods="4"/>
      <file name="sales-by-employee.tsx" path="/Users/orlando/dev/pos/libs/reporting/native-feature/src/lib/components/sales-by-employee/sales-by-employee.tsx">
        <metrics statements="18" coveredstatements="18" conditionals="10" coveredconditionals="5" methods="5" coveredmethods="4"/>
        <line num="1" count="1" type="stmt"/>
        <line num="3" count="1" type="stmt"/>
        <line num="4" count="1" type="stmt"/>
        <line num="6" count="1" type="stmt"/>
        <line num="8" count="1" type="stmt"/>
        <line num="9" count="1" type="stmt"/>
        <line num="14" count="1" type="stmt"/>
        <line num="15" count="1" type="cond" truecount="1" falsecount="1"/>
        <line num="16" count="2" type="cond" truecount="2" falsecount="2"/>
        <line num="20" count="1" type="stmt"/>
        <line num="23" count="1" type="stmt"/>
        <line num="24" count="1" type="stmt"/>
        <line num="29" count="1" type="stmt"/>
        <line num="30" count="1" type="stmt"/>
        <line num="31" count="1" type="stmt"/>
        <line num="33" count="1" type="stmt"/>
        <line num="38" count="1" type="stmt"/>
        <line num="45" count="1" type="stmt"/>
      </file>
    </package>
    <package name="sales-by-product">
      <metrics statements="30" coveredstatements="29" conditionals="65" coveredconditionals="40" methods="18" coveredmethods="14"/>
      <file name="sales-by-product.tsx" path="/Users/orlando/dev/pos/libs/reporting/native-feature/src/lib/components/sales-by-product/sales-by-product.tsx">
        <metrics statements="30" coveredstatements="29" conditionals="65" coveredconditionals="40" methods="18" coveredmethods="14"/>
        <line num="1" count="1" type="stmt"/>
        <line num="3" count="1" type="stmt"/>
        <line num="4" count="1" type="stmt"/>
        <line num="5" count="1" type="stmt"/>
        <line num="6" count="1" type="stmt"/>
        <line num="7" count="1" type="stmt"/>
        <line num="10" count="1" type="stmt"/>
        <line num="11" count="1" type="stmt"/>
        <line num="12" count="28" type="cond" truecount="30" falsecount="13"/>
        <line num="18" count="1" type="stmt"/>
        <line num="22" count="4" type="cond" truecount="3" falsecount="3"/>
        <line num="23" count="2" type="stmt"/>
        <line num="24" count="3" type="cond" truecount="1" falsecount="1"/>
        <line num="28" count="1" type="stmt"/>
        <line num="30" count="2" type="stmt"/>
        <line num="33" count="1" type="stmt"/>
        <line num="36" count="1" type="stmt"/>
        <line num="37" count="2" type="stmt"/>
        <line num="39" count="1" type="stmt"/>
        <line num="40" count="1" type="stmt"/>
        <line num="43" count="1" type="stmt"/>
        <line num="44" count="1" type="stmt"/>
        <line num="48" count="1" type="stmt"/>
        <line num="49" count="1" type="stmt"/>
        <line num="50" count="1" type="stmt"/>
        <line num="52" count="1" type="stmt"/>
        <line num="53" count="1" type="stmt"/>
        <line num="55" count="1" type="stmt"/>
        <line num="60" count="1" type="stmt"/>
        <line num="64" count="0" type="cond" truecount="1" falsecount="1"/>
      </file>
    </package>
    <package name="widget">
      <metrics statements="11" coveredstatements="11" conditionals="24" coveredconditionals="19" methods="6" coveredmethods="4"/>
      <file name="widget.tsx" path="/Users/orlando/dev/pos/libs/reporting/native-feature/src/lib/components/widget/widget.tsx">
        <metrics statements="11" coveredstatements="11" conditionals="24" coveredconditionals="19" methods="6" coveredmethods="4"/>
        <line num="1" count="3" type="stmt"/>
        <line num="2" count="3" type="stmt"/>
        <line num="3" count="3" type="stmt"/>
        <line num="5" count="3" type="cond" truecount="7" falsecount="3"/>
        <line num="28" count="2" type="stmt"/>
        <line num="29" count="1" type="stmt"/>
        <line num="30" count="1" type="stmt"/>
        <line num="33" count="1" type="cond" truecount="2" falsecount="0"/>
        <line num="37" count="1" type="cond" truecount="2" falsecount="0"/>
        <line num="39" count="1" type="stmt"/>
        <line num="79" count="3" type="stmt"/>
      </file>
    </package>
  </project>
</coverage>
