{"/Users/orlando/dev/pos/libs/reporting/native-feature/src/lib/components/dashboard/dashboard.tsx": {"path":"/Users/orlando/dev/pos/libs/reporting/native-feature/src/lib/components/dashboard/dashboard.tsx","statementMap":{"0":{"start":{"line":1,"column":42},"end":{"line":1,"column":97}},"1":{"start":{"line":1,"column":98},"end":{"line":1,"column":160}},"2":{"start":{"line":1,"column":160},"end":{"line":1,"column":190}},"3":{"start":{"line":1,"column":190},"end":{"line":1,"column":428}},"4":{"start":{"line":1,"column":447},"end":{"line":1,"column":508}},"5":{"start":{"line":1,"column":531},"end":{"line":1,"column":602}},"6":{"start":{"line":1,"column":628},"end":{"line":1,"column":702}},"7":{"start":{"line":1,"column":716},"end":{"line":1,"column":757}},"8":{"start":{"line":3,"column":16},"end":{"line":3,"column":48}},"9":{"start":{"line":9,"column":14},"end":{"line":9,"column":42}},"10":{"start":{"line":10,"column":14},"end":{"line":10,"column":55}},"11":{"start":{"line":12,"column":19},"end":{"line":12,"column":42}},"12":{"start":{"line":13,"column":17},"end":{"line":13,"column":52}},"13":{"start":{"line":14,"column":18},"end":{"line":14,"column":79}},"14":{"start":{"line":15,"column":16},"end":{"line":15,"column":73}},"15":{"start":{"line":16,"column":14},"end":{"line":16,"column":65}},"16":{"start":{"line":18,"column":18},"end":{"line":18,"column":55}},"17":{"start":{"line":19,"column":13},"end":{"line":19,"column":41}},"18":{"start":{"line":20,"column":19},"end":{"line":20,"column":63}},"19":{"start":{"line":20,"column":83},"end":{"line":20,"column":180}},"20":{"start":{"line":20,"column":229},"end":{"line":20,"column":276}},"21":{"start":{"line":20,"column":264},"end":{"line":20,"column":276}},"22":{"start":{"line":20,"column":300},"end":{"line":20,"column":313}},"23":{"start":{"line":20,"column":337},"end":{"line":20,"column":350}},"24":{"start":{"line":20,"column":351},"end":{"line":20,"column":508}},"25":{"start":{"line":20,"column":434},"end":{"line":20,"column":492}},"26":{"start":{"line":20,"column":561},"end":{"line":20,"column":617}},"27":{"start":{"line":20,"column":605},"end":{"line":20,"column":616}},"28":{"start":{"line":20,"column":617},"end":{"line":20,"column":717}},"29":{"start":{"line":20,"column":692},"end":{"line":20,"column":716}},"30":{"start":{"line":20,"column":729},"end":{"line":20,"column":766}},"31":{"start":{"line":20,"column":767},"end":{"line":20,"column":820}},"32":{"start":{"line":20,"column":797},"end":{"line":20,"column":819}},"33":{"start":{"line":20,"column":833},"end":{"line":20,"column":835}},"34":{"start":{"line":20,"column":864},"end":{"line":20,"column":920}},"35":{"start":{"line":20,"column":921},"end":{"line":20,"column":1213}},"36":{"start":{"line":20,"column":943},"end":{"line":20,"column":1212}},"37":{"start":{"line":20,"column":1028},"end":{"line":20,"column":1100}},"38":{"start":{"line":20,"column":1101},"end":{"line":20,"column":1211}},"39":{"start":{"line":20,"column":1138},"end":{"line":20,"column":1179}},"40":{"start":{"line":20,"column":1187},"end":{"line":20,"column":1210}},"41":{"start":{"line":20,"column":1213},"end":{"line":20,"column":1234}},"42":{"start":{"line":20,"column":1234},"end":{"line":20,"column":1270}},"43":{"start":{"line":20,"column":1246},"end":{"line":20,"column":1269}},"44":{"start":{"line":20,"column":1270},"end":{"line":20,"column":1284}},"45":{"start":{"line":25,"column":19},"end":{"line":26,"column":43}},"46":{"start":{"line":25,"column":51},"end":{"line":26,"column":42}},"47":{"start":{"line":26,"column":44},"end":{"line":26,"column":80}},"48":{"start":{"line":28,"column":27},"end":{"line":39,"column":38}},"49":{"start":{"line":28,"column":67},"end":{"line":39,"column":37}},"50":{"start":{"line":33,"column":25},"end":{"line":33,"column":73}},"51":{"start":{"line":34,"column":22},"end":{"line":39,"column":33}},"52":{"start":{"line":39,"column":39},"end":{"line":39,"column":91}},"53":{"start":{"line":42,"column":28},"end":{"line":47,"column":71}},"54":{"start":{"line":42,"column":69},"end":{"line":47,"column":70}},"55":{"start":{"line":45,"column":52},"end":{"line":47,"column":66}},"56":{"start":{"line":47,"column":72},"end":{"line":47,"column":126}},"57":{"start":{"line":50,"column":27},"end":{"line":53,"column":55}},"58":{"start":{"line":50,"column":86},"end":{"line":53,"column":54}},"59":{"start":{"line":51,"column":116},"end":{"line":53,"column":50}},"60":{"start":{"line":53,"column":56},"end":{"line":53,"column":108}},"61":{"start":{"line":56,"column":30},"end":{"line":66,"column":1}},"62":{"start":{"line":57,"column":17},"end":{"line":59,"column":50}},"63":{"start":{"line":62,"column":2},"end":{"line":64,"column":53}},"64":{"start":{"line":66,"column":2},"end":{"line":66,"column":60}},"65":{"start":{"line":68,"column":27},"end":{"line":72,"column":1}},"66":{"start":{"line":69,"column":2},"end":{"line":69,"column":85}},"67":{"start":{"line":70,"column":2},"end":{"line":70,"column":86}},"68":{"start":{"line":71,"column":2},"end":{"line":71,"column":17}},"69":{"start":{"line":72,"column":2},"end":{"line":72,"column":54}},"70":{"start":{"line":74,"column":27},"end":{"line":77,"column":184}},"71":{"start":{"line":74,"column":51},"end":{"line":77,"column":101}},"72":{"start":{"line":74,"column":163},"end":{"line":77,"column":98}},"73":{"start":{"line":74,"column":225},"end":{"line":77,"column":86}},"74":{"start":{"line":74,"column":236},"end":{"line":77,"column":85}},"75":{"start":{"line":75,"column":12},"end":{"line":75,"column":61}},"76":{"start":{"line":75,"column":61},"end":{"line":75,"column":79}},"77":{"start":{"line":75,"column":79},"end":{"line":76,"column":81}},"78":{"start":{"line":76,"column":88},"end":{"line":76,"column":112}},"79":{"start":{"line":76,"column":112},"end":{"line":77,"column":43}},"80":{"start":{"line":77,"column":61},"end":{"line":77,"column":84}},"81":{"start":{"line":77,"column":102},"end":{"line":77,"column":181}},"82":{"start":{"line":77,"column":144},"end":{"line":77,"column":179}},"83":{"start":{"line":77,"column":185},"end":{"line":77,"column":237}},"84":{"start":{"line":81,"column":15},"end":{"line":81,"column":45}},"85":{"start":{"line":82,"column":18},"end":{"line":82,"column":44}},"86":{"start":{"line":82,"column":58},"end":{"line":82,"column":100}},"87":{"start":{"line":82,"column":111},"end":{"line":82,"column":124}},"88":{"start":{"line":82,"column":138},"end":{"line":82,"column":151}},"89":{"start":{"line":83,"column":19},"end":{"line":85,"column":51}},"90":{"start":{"line":85,"column":65},"end":{"line":85,"column":108}},"91":{"start":{"line":85,"column":121},"end":{"line":85,"column":134}},"92":{"start":{"line":85,"column":150},"end":{"line":85,"column":163}},"93":{"start":{"line":87,"column":19},"end":{"line":87,"column":41}},"94":{"start":{"line":87,"column":55},"end":{"line":87,"column":98}},"95":{"start":{"line":87,"column":114},"end":{"line":87,"column":127}},"96":{"start":{"line":87,"column":146},"end":{"line":87,"column":159}},"97":{"start":{"line":89,"column":24},"end":{"line":92,"column":3}},"98":{"start":{"line":90,"column":4},"end":{"line":90,"column":45}},"99":{"start":{"line":91,"column":4},"end":{"line":91,"column":24}},"100":{"start":{"line":94,"column":2},"end":{"line":104,"column":18}},"101":{"start":{"line":95,"column":4},"end":{"line":95,"column":42}},"102":{"start":{"line":96,"column":4},"end":{"line":96,"column":21}},"103":{"start":{"line":98,"column":4},"end":{"line":103,"column":7}},"104":{"start":{"line":99,"column":6},"end":{"line":99,"column":37}},"105":{"start":{"line":101,"column":6},"end":{"line":101,"column":31}},"106":{"start":{"line":102,"column":6},"end":{"line":102,"column":24}},"107":{"start":{"line":106,"column":2},"end":{"line":109,"column":199}},"108":{"start":{"line":107,"column":2},"end":{"line":109,"column":199}},"109":{"start":{"line":113,"column":2},"end":{"line":174,"column":155}},"110":{"start":{"line":183,"column":0},"end":{"line":183,"column":9}},"111":{"start":{"line":183,"column":10},"end":{"line":183,"column":37}}},"fnMap":{"0":{"name":"_getRequireWildcardCache","decl":{"start":{"line":20,"column":190},"end":{"line":20,"column":214}},"loc":{"start":{"line":20,"column":228},"end":{"line":20,"column":509}},"line":20},"1":{"name":"_getRequireWildcardCache","decl":{"start":{"line":20,"column":395},"end":{"line":20,"column":419}},"loc":{"start":{"line":20,"column":433},"end":{"line":20,"column":493}},"line":20},"2":{"name":"_interopRequireWildcard","decl":{"start":{"line":20,"column":518},"end":{"line":20,"column":541}},"loc":{"start":{"line":20,"column":560},"end":{"line":20,"column":1285}},"line":20},"3":{"name":"hasSalesData","decl":{"start":{"line":25,"column":28},"end":{"line":25,"column":40}},"loc":{"start":{"line":25,"column":50},"end":{"line":26,"column":43}},"line":25},"4":{"name":"buildTopProductItems","decl":{"start":{"line":28,"column":36},"end":{"line":28,"column":56}},"loc":{"start":{"line":28,"column":66},"end":{"line":39,"column":38}},"line":28},"5":{"name":"(anonymous_5)","decl":{"start":{"line":33,"column":11},"end":{"line":33,"column":12}},"loc":{"start":{"line":33,"column":24},"end":{"line":33,"column":74}},"line":33},"6":{"name":"(anonymous_6)","decl":{"start":{"line":34,"column":8},"end":{"line":34,"column":9}},"loc":{"start":{"line":34,"column":21},"end":{"line":39,"column":34}},"line":34},"7":{"name":"buildTopEmployeeItems","decl":{"start":{"line":42,"column":37},"end":{"line":42,"column":58}},"loc":{"start":{"line":42,"column":68},"end":{"line":47,"column":71}},"line":42},"8":{"name":"(anonymous_8)","decl":{"start":{"line":45,"column":38},"end":{"line":45,"column":39}},"loc":{"start":{"line":45,"column":51},"end":{"line":47,"column":67}},"line":45},"9":{"name":"buildRevenueOverTime","decl":{"start":{"line":50,"column":36},"end":{"line":50,"column":56}},"loc":{"start":{"line":50,"column":66},"end":{"line":53,"column":55}},"line":50},"10":{"name":"(anonymous_10)","decl":{"start":{"line":51,"column":102},"end":{"line":51,"column":103}},"loc":{"start":{"line":51,"column":115},"end":{"line":53,"column":51}},"line":51},"11":{"name":"normalizeDashboardRange","decl":{"start":{"line":56,"column":39},"end":{"line":56,"column":62}},"loc":{"start":{"line":56,"column":70},"end":{"line":66,"column":1}},"line":56},"12":{"name":"sortDashboardSummary","decl":{"start":{"line":68,"column":36},"end":{"line":68,"column":56}},"loc":{"start":{"line":68,"column":66},"end":{"line":72,"column":1}},"line":68},"13":{"name":"(anonymous_13)","decl":{"start":{"line":74,"column":27},"end":{"line":74,"column":28}},"loc":{"start":{"line":74,"column":39},"end":{"line":77,"column":182}},"line":74},"14":{"name":"_callee","decl":{"start":{"line":74,"column":118},"end":{"line":74,"column":125}},"loc":{"start":{"line":74,"column":133},"end":{"line":77,"column":99}},"line":74},"15":{"name":"_callee$","decl":{"start":{"line":74,"column":205},"end":{"line":74,"column":213}},"loc":{"start":{"line":74,"column":224},"end":{"line":77,"column":87}},"line":74},"16":{"name":"loadDashboardSummary","decl":{"start":{"line":77,"column":118},"end":{"line":77,"column":138}},"loc":{"start":{"line":77,"column":143},"end":{"line":77,"column":180}},"line":77},"17":{"name":"Dashboard","decl":{"start":{"line":80,"column":9},"end":{"line":80,"column":18}},"loc":{"start":{"line":80,"column":26},"end":{"line":181,"column":1}},"line":80},"18":{"name":"updateDateRange","decl":{"start":{"line":89,"column":33},"end":{"line":89,"column":48}},"loc":{"start":{"line":89,"column":56},"end":{"line":92,"column":3}},"line":89},"19":{"name":"(anonymous_19)","decl":{"start":{"line":94,"column":24},"end":{"line":94,"column":25}},"loc":{"start":{"line":94,"column":36},"end":{"line":104,"column":3}},"line":94},"20":{"name":"(anonymous_20)","decl":{"start":{"line":98,"column":41},"end":{"line":98,"column":42}},"loc":{"start":{"line":98,"column":60},"end":{"line":103,"column":5}},"line":98}},"branchMap":{"0":{"loc":{"start":{"line":20,"column":229},"end":{"line":20,"column":276}},"type":"if","locations":[{"start":{"line":20,"column":229},"end":{"line":20,"column":276}},{"start":{},"end":{}}],"line":20},"1":{"loc":{"start":{"line":20,"column":441},"end":{"line":20,"column":491}},"type":"cond-expr","locations":[{"start":{"line":20,"column":455},"end":{"line":20,"column":471}},{"start":{"line":20,"column":474},"end":{"line":20,"column":491}}],"line":20},"2":{"loc":{"start":{"line":20,"column":561},"end":{"line":20,"column":617}},"type":"if","locations":[{"start":{"line":20,"column":561},"end":{"line":20,"column":617}},{"start":{},"end":{}}],"line":20},"3":{"loc":{"start":{"line":20,"column":565},"end":{"line":20,"column":602}},"type":"binary-expr","locations":[{"start":{"line":20,"column":565},"end":{"line":20,"column":577}},{"start":{"line":20,"column":581},"end":{"line":20,"column":584}},{"start":{"line":20,"column":588},"end":{"line":20,"column":602}}],"line":20},"4":{"loc":{"start":{"line":20,"column":617},"end":{"line":20,"column":717}},"type":"if","locations":[{"start":{"line":20,"column":617},"end":{"line":20,"column":717}},{"start":{},"end":{}}],"line":20},"5":{"loc":{"start":{"line":20,"column":621},"end":{"line":20,"column":689}},"type":"binary-expr","locations":[{"start":{"line":20,"column":621},"end":{"line":20,"column":633}},{"start":{"line":20,"column":637},"end":{"line":20,"column":660}},{"start":{"line":20,"column":664},"end":{"line":20,"column":689}}],"line":20},"6":{"loc":{"start":{"line":20,"column":767},"end":{"line":20,"column":820}},"type":"if","locations":[{"start":{"line":20,"column":767},"end":{"line":20,"column":820}},{"start":{},"end":{}}],"line":20},"7":{"loc":{"start":{"line":20,"column":771},"end":{"line":20,"column":794}},"type":"binary-expr","locations":[{"start":{"line":20,"column":771},"end":{"line":20,"column":776}},{"start":{"line":20,"column":780},"end":{"line":20,"column":794}}],"line":20},"8":{"loc":{"start":{"line":20,"column":864},"end":{"line":20,"column":920}},"type":"binary-expr","locations":[{"start":{"line":20,"column":864},"end":{"line":20,"column":885}},{"start":{"line":20,"column":889},"end":{"line":20,"column":920}}],"line":20},"9":{"loc":{"start":{"line":20,"column":943},"end":{"line":20,"column":1212}},"type":"if","locations":[{"start":{"line":20,"column":943},"end":{"line":20,"column":1212}},{"start":{},"end":{}}],"line":20},"10":{"loc":{"start":{"line":20,"column":947},"end":{"line":20,"column":1014}},"type":"binary-expr","locations":[{"start":{"line":20,"column":947},"end":{"line":20,"column":964}},{"start":{"line":20,"column":968},"end":{"line":20,"column":1014}}],"line":20},"11":{"loc":{"start":{"line":20,"column":1028},"end":{"line":20,"column":1100}},"type":"cond-expr","locations":[{"start":{"line":20,"column":1052},"end":{"line":20,"column":1093}},{"start":{"line":20,"column":1096},"end":{"line":20,"column":1100}}],"line":20},"12":{"loc":{"start":{"line":20,"column":1101},"end":{"line":20,"column":1211}},"type":"if","locations":[{"start":{"line":20,"column":1101},"end":{"line":20,"column":1211}},{"start":{"line":20,"column":1186},"end":{"line":20,"column":1211}}],"line":20},"13":{"loc":{"start":{"line":20,"column":1105},"end":{"line":20,"column":1135}},"type":"binary-expr","locations":[{"start":{"line":20,"column":1105},"end":{"line":20,"column":1109}},{"start":{"line":20,"column":1114},"end":{"line":20,"column":1122}},{"start":{"line":20,"column":1126},"end":{"line":20,"column":1134}}],"line":20},"14":{"loc":{"start":{"line":20,"column":1234},"end":{"line":20,"column":1270}},"type":"if","locations":[{"start":{"line":20,"column":1234},"end":{"line":20,"column":1270}},{"start":{},"end":{}}],"line":20},"15":{"loc":{"start":{"line":26,"column":4},"end":{"line":26,"column":40}},"type":"binary-expr","locations":[{"start":{"line":26,"column":4},"end":{"line":26,"column":13}},{"start":{"line":26,"column":17},"end":{"line":26,"column":40}}],"line":26},"16":{"loc":{"start":{"line":29,"column":4},"end":{"line":39,"column":35}},"type":"cond-expr","locations":[{"start":{"line":30,"column":4},"end":{"line":30,"column":6}},{"start":{"line":31,"column":4},"end":{"line":39,"column":35}}],"line":29},"17":{"loc":{"start":{"line":29,"column":6},"end":{"line":29,"column":41}},"type":"binary-expr","locations":[{"start":{"line":29,"column":6},"end":{"line":29,"column":21}},{"start":{"line":29,"column":25},"end":{"line":29,"column":41}}],"line":29},"18":{"loc":{"start":{"line":33,"column":32},"end":{"line":33,"column":72}},"type":"binary-expr","locations":[{"start":{"line":33,"column":32},"end":{"line":33,"column":33}},{"start":{"line":33,"column":37},"end":{"line":33,"column":72}}],"line":33},"19":{"loc":{"start":{"line":33,"column":38},"end":{"line":33,"column":67}},"type":"cond-expr","locations":[{"start":{"line":33,"column":50},"end":{"line":33,"column":56}},{"start":{"line":33,"column":59},"end":{"line":33,"column":67}}],"line":33},"20":{"loc":{"start":{"line":35,"column":41},"end":{"line":35,"column":75}},"type":"cond-expr","locations":[{"start":{"line":35,"column":53},"end":{"line":35,"column":59}},{"start":{"line":35,"column":62},"end":{"line":35,"column":75}}],"line":35},"21":{"loc":{"start":{"line":37,"column":8},"end":{"line":39,"column":30}},"type":"cond-expr","locations":[{"start":{"line":38,"column":8},"end":{"line":38,"column":18}},{"start":{"line":39,"column":8},"end":{"line":39,"column":30}}],"line":37},"22":{"loc":{"start":{"line":43,"column":4},"end":{"line":47,"column":68}},"type":"cond-expr","locations":[{"start":{"line":44,"column":4},"end":{"line":44,"column":6}},{"start":{"line":45,"column":4},"end":{"line":47,"column":68}}],"line":43},"23":{"loc":{"start":{"line":43,"column":6},"end":{"line":43,"column":42}},"type":"binary-expr","locations":[{"start":{"line":43,"column":6},"end":{"line":43,"column":21}},{"start":{"line":43,"column":25},"end":{"line":43,"column":42}}],"line":43},"24":{"loc":{"start":{"line":46,"column":14},"end":{"line":46,"column":49}},"type":"cond-expr","locations":[{"start":{"line":46,"column":26},"end":{"line":46,"column":32}},{"start":{"line":46,"column":35},"end":{"line":46,"column":49}}],"line":46},"25":{"loc":{"start":{"line":47,"column":22},"end":{"line":47,"column":62}},"type":"cond-expr","locations":[{"start":{"line":47,"column":34},"end":{"line":47,"column":40}},{"start":{"line":47,"column":43},"end":{"line":47,"column":62}}],"line":47},"26":{"loc":{"start":{"line":51,"column":4},"end":{"line":53,"column":52}},"type":"cond-expr","locations":[{"start":{"line":51,"column":22},"end":{"line":51,"column":28}},{"start":{"line":51,"column":31},"end":{"line":53,"column":52}}],"line":51},"27":{"loc":{"start":{"line":51,"column":31},"end":{"line":53,"column":52}},"type":"cond-expr","locations":[{"start":{"line":51,"column":74},"end":{"line":51,"column":80}},{"start":{"line":51,"column":83},"end":{"line":53,"column":52}}],"line":51},"28":{"loc":{"start":{"line":52,"column":15},"end":{"line":52,"column":59}},"type":"cond-expr","locations":[{"start":{"line":52,"column":27},"end":{"line":52,"column":33}},{"start":{"line":52,"column":36},"end":{"line":52,"column":59}}],"line":52},"29":{"loc":{"start":{"line":53,"column":17},"end":{"line":53,"column":46}},"type":"cond-expr","locations":[{"start":{"line":53,"column":29},"end":{"line":53,"column":35}},{"start":{"line":53,"column":38},"end":{"line":53,"column":46}}],"line":53},"30":{"loc":{"start":{"line":57,"column":17},"end":{"line":59,"column":50}},"type":"binary-expr","locations":[{"start":{"line":57,"column":17},"end":{"line":57,"column":22}},{"start":{"line":57,"column":26},"end":{"line":59,"column":50}}],"line":57},"31":{"loc":{"start":{"line":69,"column":29},"end":{"line":69,"column":73}},"type":"cond-expr","locations":[{"start":{"line":69,"column":47},"end":{"line":69,"column":53}},{"start":{"line":69,"column":56},"end":{"line":69,"column":73}}],"line":69},"32":{"loc":{"start":{"line":70,"column":29},"end":{"line":70,"column":72}},"type":"cond-expr","locations":[{"start":{"line":70,"column":47},"end":{"line":70,"column":53}},{"start":{"line":70,"column":56},"end":{"line":70,"column":72}}],"line":70},"33":{"loc":{"start":{"line":74,"column":236},"end":{"line":77,"column":85}},"type":"switch","locations":[{"start":{"line":74,"column":276},"end":{"line":76,"column":81}},{"start":{"line":76,"column":81},"end":{"line":77,"column":43}},{"start":{"line":77,"column":43},"end":{"line":77,"column":50}},{"start":{"line":77,"column":50},"end":{"line":77,"column":84}}],"line":74},"34":{"loc":{"start":{"line":106,"column":2},"end":{"line":109,"column":199}},"type":"if","locations":[{"start":{"line":106,"column":2},"end":{"line":109,"column":199}},{"start":{},"end":{}}],"line":106},"35":{"loc":{"start":{"line":120,"column":4},"end":{"line":123,"column":205}},"type":"binary-expr","locations":[{"start":{"line":120,"column":4},"end":{"line":120,"column":17}},{"start":{"line":121,"column":4},"end":{"line":121,"column":34}},{"start":{"line":122,"column":4},"end":{"line":123,"column":205}}],"line":120},"36":{"loc":{"start":{"line":127,"column":4},"end":{"line":174,"column":152}},"type":"binary-expr","locations":[{"start":{"line":127,"column":4},"end":{"line":127,"column":30}},{"start":{"line":128,"column":4},"end":{"line":174,"column":152}}],"line":127}},"s":{"0":1,"1":1,"2":1,"3":1,"4":1,"5":1,"6":1,"7":1,"8":1,"9":1,"10":1,"11":1,"12":1,"13":1,"14":1,"15":1,"16":1,"17":1,"18":1,"19":1,"20":1,"21":0,"22":1,"23":1,"24":1,"25":1,"26":1,"27":0,"28":1,"29":0,"30":1,"31":1,"32":0,"33":1,"34":1,"35":1,"36":28,"37":28,"38":28,"39":0,"40":28,"41":1,"42":1,"43":1,"44":1,"45":1,"46":2,"47":1,"48":1,"49":2,"50":3,"51":2,"52":1,"53":1,"54":2,"55":1,"56":1,"57":1,"58":2,"59":1,"60":1,"61":1,"62":3,"63":3,"64":1,"65":1,"66":1,"67":1,"68":1,"69":1,"70":1,"71":1,"72":1,"73":2,"74":2,"75":1,"76":1,"77":1,"78":0,"79":0,"80":1,"81":1,"82":1,"83":1,"84":1,"85":1,"86":1,"87":1,"88":1,"89":1,"90":1,"91":1,"92":1,"93":1,"94":1,"95":1,"96":1,"97":1,"98":0,"99":0,"100":1,"101":1,"102":1,"103":1,"104":0,"105":0,"106":0,"107":1,"108":1,"109":0,"110":1,"111":1},"f":{"0":1,"1":1,"2":1,"3":2,"4":2,"5":3,"6":2,"7":2,"8":1,"9":2,"10":1,"11":3,"12":1,"13":1,"14":1,"15":2,"16":1,"17":1,"18":0,"19":1,"20":0},"b":{"0":[0,1],"1":[0,1],"2":[0,1],"3":[1,1,1],"4":[0,1],"5":[1,1,0],"6":[0,1],"7":[1,1],"8":[1,1],"9":[28,0],"10":[28,28],"11":[28,0],"12":[0,28],"13":[28,28,28],"14":[1,0],"15":[2,2],"16":[1,1],"17":[2,1],"18":[3,3],"19":[0,3],"20":[0,2],"21":[0,2],"22":[1,1],"23":[2,1],"24":[0,1],"25":[0,1],"26":[1,1],"27":[0,1],"28":[0,1],"29":[0,1],"30":[3,1],"31":[0,1],"32":[0,1],"33":[1,0,0,1],"34":[1,0],"35":[0,0,0],"36":[0,0]},"inputSourceMap":null,"_coverageSchema":"1a1c01bbd47fc00a2c39e90264f33305004495a9","hash":"c1524539b4176d381ad0c2cc5f41bb1aa54599cc"}
,"/Users/orlando/dev/pos/libs/reporting/native-feature/src/lib/components/end-of-day/end-of-day.service.ts": {"path":"/Users/orlando/dev/pos/libs/reporting/native-feature/src/lib/components/end-of-day/end-of-day.service.ts","statementMap":{"0":{"start":{"line":1,"column":13},"end":{"line":1,"column":75}},"1":{"start":{"line":1,"column":75},"end":{"line":1,"column":158}},"2":{"start":{"line":5,"column":23},"end":{"line":12,"column":1}},"3":{"start":{"line":6,"column":2},"end":{"line":6,"column":28}},"4":{"start":{"line":6,"column":18},"end":{"line":6,"column":28}},"5":{"start":{"line":8,"column":14},"end":{"line":8,"column":106}},"6":{"start":{"line":8,"column":42},"end":{"line":8,"column":104}},"7":{"start":{"line":9,"column":2},"end":{"line":9,"column":45}},"8":{"start":{"line":11,"column":2},"end":{"line":11,"column":15}},"9":{"start":{"line":12,"column":2},"end":{"line":12,"column":46}},"10":{"start":{"line":14,"column":22},"end":{"line":21,"column":1}},"11":{"start":{"line":15,"column":2},"end":{"line":15,"column":27}},"12":{"start":{"line":15,"column":17},"end":{"line":15,"column":27}},"13":{"start":{"line":17,"column":14},"end":{"line":17,"column":81}},"14":{"start":{"line":17,"column":41},"end":{"line":17,"column":79}},"15":{"start":{"line":18,"column":2},"end":{"line":18,"column":45}},"16":{"start":{"line":20,"column":2},"end":{"line":20,"column":15}},"17":{"start":{"line":21,"column":2},"end":{"line":21,"column":44}},"18":{"start":{"line":35,"column":19},"end":{"line":56,"column":1}},"19":{"start":{"line":36,"column":16},"end":{"line":36,"column":44}},"20":{"start":{"line":38,"column":17},"end":{"line":50,"column":4}},"21":{"start":{"line":39,"column":4},"end":{"line":39,"column":129}},"22":{"start":{"line":39,"column":116},"end":{"line":39,"column":129}},"23":{"start":{"line":40,"column":4},"end":{"line":40,"column":143}},"24":{"start":{"line":40,"column":130},"end":{"line":40,"column":143}},"25":{"start":{"line":43,"column":4},"end":{"line":45,"column":7}},"26":{"start":{"line":44,"column":6},"end":{"line":44,"column":76}},"27":{"start":{"line":47,"column":4},"end":{"line":47,"column":40}},"28":{"start":{"line":47,"column":28},"end":{"line":47,"column":40}},"29":{"start":{"line":49,"column":4},"end":{"line":49,"column":105}},"30":{"start":{"line":49,"column":38},"end":{"line":49,"column":102}},"31":{"start":{"line":52,"column":2},"end":{"line":54,"column":23}},"32":{"start":{"line":56,"column":2},"end":{"line":56,"column":38}}},"fnMap":{"0":{"name":"getEmployeeItems","decl":{"start":{"line":5,"column":32},"end":{"line":5,"column":48}},"loc":{"start":{"line":5,"column":60},"end":{"line":12,"column":1}},"line":5},"1":{"name":"(anonymous_1)","decl":{"start":{"line":8,"column":28},"end":{"line":8,"column":29}},"loc":{"start":{"line":8,"column":41},"end":{"line":8,"column":105}},"line":8},"2":{"name":"getProductItems","decl":{"start":{"line":14,"column":31},"end":{"line":14,"column":46}},"loc":{"start":{"line":14,"column":57},"end":{"line":21,"column":1}},"line":14},"3":{"name":"(anonymous_3)","decl":{"start":{"line":17,"column":27},"end":{"line":17,"column":28}},"loc":{"start":{"line":17,"column":40},"end":{"line":17,"column":80}},"line":17},"4":{"name":"filterOrders","decl":{"start":{"line":35,"column":28},"end":{"line":35,"column":40}},"loc":{"start":{"line":35,"column":58},"end":{"line":56,"column":1}},"line":35},"5":{"name":"(anonymous_5)","decl":{"start":{"line":38,"column":31},"end":{"line":38,"column":32}},"loc":{"start":{"line":38,"column":44},"end":{"line":50,"column":3}},"line":38},"6":{"name":"(anonymous_6)","decl":{"start":{"line":43,"column":157},"end":{"line":43,"column":158}},"loc":{"start":{"line":43,"column":170},"end":{"line":45,"column":5}},"line":43},"7":{"name":"(anonymous_7)","decl":{"start":{"line":49,"column":24},"end":{"line":49,"column":25}},"loc":{"start":{"line":49,"column":37},"end":{"line":49,"column":103}},"line":49}},"branchMap":{"0":{"loc":{"start":{"line":6,"column":2},"end":{"line":6,"column":28}},"type":"if","locations":[{"start":{"line":6,"column":2},"end":{"line":6,"column":28}},{"start":{},"end":{}}],"line":6},"1":{"loc":{"start":{"line":15,"column":2},"end":{"line":15,"column":27}},"type":"if","locations":[{"start":{"line":15,"column":2},"end":{"line":15,"column":27}},{"start":{},"end":{}}],"line":15},"2":{"loc":{"start":{"line":39,"column":4},"end":{"line":39,"column":129}},"type":"if","locations":[{"start":{"line":39,"column":4},"end":{"line":39,"column":129}},{"start":{},"end":{}}],"line":39},"3":{"loc":{"start":{"line":39,"column":8},"end":{"line":39,"column":114}},"type":"binary-expr","locations":[{"start":{"line":39,"column":8},"end":{"line":39,"column":24}},{"start":{"line":39,"column":28},"end":{"line":39,"column":114}}],"line":39},"4":{"loc":{"start":{"line":39,"column":29},"end":{"line":39,"column":92}},"type":"cond-expr","locations":[{"start":{"line":39,"column":68},"end":{"line":39,"column":74}},{"start":{"line":39,"column":77},"end":{"line":39,"column":92}}],"line":39},"5":{"loc":{"start":{"line":40,"column":4},"end":{"line":40,"column":143}},"type":"if","locations":[{"start":{"line":40,"column":4},"end":{"line":40,"column":143}},{"start":{},"end":{}}],"line":40},"6":{"loc":{"start":{"line":40,"column":8},"end":{"line":40,"column":128}},"type":"binary-expr","locations":[{"start":{"line":40,"column":8},"end":{"line":40,"column":24}},{"start":{"line":40,"column":28},"end":{"line":40,"column":128}}],"line":40},"7":{"loc":{"start":{"line":40,"column":29},"end":{"line":40,"column":106}},"type":"cond-expr","locations":[{"start":{"line":40,"column":72},"end":{"line":40,"column":78}},{"start":{"line":40,"column":81},"end":{"line":40,"column":106}}],"line":40},"8":{"loc":{"start":{"line":43,"column":4},"end":{"line":45,"column":6}},"type":"cond-expr","locations":[{"start":{"line":43,"column":48},"end":{"line":43,"column":54}},{"start":{"line":43,"column":57},"end":{"line":45,"column":6}}],"line":43},"9":{"loc":{"start":{"line":43,"column":57},"end":{"line":45,"column":6}},"type":"cond-expr","locations":[{"start":{"line":43,"column":118},"end":{"line":43,"column":124}},{"start":{"line":43,"column":127},"end":{"line":45,"column":6}}],"line":43},"10":{"loc":{"start":{"line":44,"column":14},"end":{"line":44,"column":41}},"type":"cond-expr","locations":[{"start":{"line":44,"column":26},"end":{"line":44,"column":32}},{"start":{"line":44,"column":35},"end":{"line":44,"column":41}}],"line":44},"11":{"loc":{"start":{"line":44,"column":46},"end":{"line":44,"column":75}},"type":"cond-expr","locations":[{"start":{"line":44,"column":58},"end":{"line":44,"column":64}},{"start":{"line":44,"column":67},"end":{"line":44,"column":75}}],"line":44},"12":{"loc":{"start":{"line":47,"column":4},"end":{"line":47,"column":40}},"type":"if","locations":[{"start":{"line":47,"column":4},"end":{"line":47,"column":40}},{"start":{},"end":{}}],"line":47},"13":{"loc":{"start":{"line":49,"column":46},"end":{"line":49,"column":78}},"type":"cond-expr","locations":[{"start":{"line":49,"column":58},"end":{"line":49,"column":64}},{"start":{"line":49,"column":67},"end":{"line":49,"column":78}}],"line":49}},"s":{"0":2,"1":2,"2":2,"3":10,"4":1,"5":9,"6":2,"7":9,"8":9,"9":2,"10":2,"11":10,"12":1,"13":9,"14":2,"15":9,"16":9,"17":2,"18":2,"19":5,"20":5,"21":6,"22":1,"23":5,"24":0,"25":5,"26":6,"27":5,"28":2,"29":3,"30":3,"31":5,"32":2},"f":{"0":10,"1":2,"2":10,"3":2,"4":5,"5":6,"6":6,"7":3},"b":{"0":[1,9],"1":[1,9],"2":[1,5],"3":[6,2],"4":[0,2],"5":[0,5],"6":[5,1],"7":[0,1],"8":[0,5],"9":[0,5],"10":[0,6],"11":[0,6],"12":[2,3],"13":[0,3]},"inputSourceMap":null,"_coverageSchema":"1a1c01bbd47fc00a2c39e90264f33305004495a9","hash":"adea404380d707aacc29c365267400316a8b252f"}
,"/Users/orlando/dev/pos/libs/reporting/native-feature/src/lib/components/end-of-day/end-of-day.tsx": {"path":"/Users/orlando/dev/pos/libs/reporting/native-feature/src/lib/components/end-of-day/end-of-day.tsx","statementMap":{"0":{"start":{"line":1,"column":42},"end":{"line":1,"column":97}},"1":{"start":{"line":1,"column":98},"end":{"line":1,"column":160}},"2":{"start":{"line":1,"column":160},"end":{"line":1,"column":188}},"3":{"start":{"line":1,"column":188},"end":{"line":1,"column":428}},"4":{"start":{"line":1,"column":447},"end":{"line":1,"column":508}},"5":{"start":{"line":1,"column":531},"end":{"line":1,"column":602}},"6":{"start":{"line":1,"column":628},"end":{"line":1,"column":702}},"7":{"start":{"line":1,"column":717},"end":{"line":1,"column":745}},"8":{"start":{"line":2,"column":13},"end":{"line":2,"column":54}},"9":{"start":{"line":3,"column":33},"end":{"line":3,"column":96}},"10":{"start":{"line":6,"column":19},"end":{"line":6,"column":42}},"11":{"start":{"line":7,"column":18},"end":{"line":7,"column":40}},"12":{"start":{"line":8,"column":18},"end":{"line":8,"column":55}},"13":{"start":{"line":9,"column":19},"end":{"line":9,"column":55}},"14":{"start":{"line":10,"column":16},"end":{"line":10,"column":47}},"15":{"start":{"line":11,"column":29},"end":{"line":11,"column":88}},"16":{"start":{"line":12,"column":14},"end":{"line":12,"column":38}},"17":{"start":{"line":13,"column":19},"end":{"line":13,"column":56}},"18":{"start":{"line":14,"column":14},"end":{"line":14,"column":55}},"19":{"start":{"line":16,"column":16},"end":{"line":16,"column":48}},"20":{"start":{"line":17,"column":20},"end":{"line":17,"column":70}},"21":{"start":{"line":18,"column":14},"end":{"line":18,"column":65}},"22":{"start":{"line":18,"column":85},"end":{"line":18,"column":184}},"23":{"start":{"line":18,"column":233},"end":{"line":18,"column":280}},"24":{"start":{"line":18,"column":268},"end":{"line":18,"column":280}},"25":{"start":{"line":18,"column":304},"end":{"line":18,"column":317}},"26":{"start":{"line":18,"column":341},"end":{"line":18,"column":354}},"27":{"start":{"line":18,"column":355},"end":{"line":18,"column":512}},"28":{"start":{"line":18,"column":438},"end":{"line":18,"column":496}},"29":{"start":{"line":18,"column":565},"end":{"line":18,"column":621}},"30":{"start":{"line":18,"column":609},"end":{"line":18,"column":620}},"31":{"start":{"line":18,"column":621},"end":{"line":18,"column":721}},"32":{"start":{"line":18,"column":696},"end":{"line":18,"column":720}},"33":{"start":{"line":18,"column":733},"end":{"line":18,"column":770}},"34":{"start":{"line":18,"column":771},"end":{"line":18,"column":824}},"35":{"start":{"line":18,"column":801},"end":{"line":18,"column":823}},"36":{"start":{"line":18,"column":837},"end":{"line":18,"column":839}},"37":{"start":{"line":18,"column":868},"end":{"line":18,"column":924}},"38":{"start":{"line":18,"column":925},"end":{"line":18,"column":1217}},"39":{"start":{"line":18,"column":947},"end":{"line":18,"column":1216}},"40":{"start":{"line":18,"column":1032},"end":{"line":18,"column":1104}},"41":{"start":{"line":18,"column":1105},"end":{"line":18,"column":1215}},"42":{"start":{"line":18,"column":1142},"end":{"line":18,"column":1183}},"43":{"start":{"line":18,"column":1191},"end":{"line":18,"column":1214}},"44":{"start":{"line":18,"column":1217},"end":{"line":18,"column":1238}},"45":{"start":{"line":18,"column":1238},"end":{"line":18,"column":1274}},"46":{"start":{"line":18,"column":1250},"end":{"line":18,"column":1273}},"47":{"start":{"line":18,"column":1274},"end":{"line":18,"column":1288}},"48":{"start":{"line":42,"column":20},"end":{"line":44,"column":56}},"49":{"start":{"line":42,"column":50},"end":{"line":44,"column":55}},"50":{"start":{"line":44,"column":57},"end":{"line":44,"column":95}},"51":{"start":{"line":47,"column":29},"end":{"line":48,"column":48}},"52":{"start":{"line":47,"column":71},"end":{"line":48,"column":47}},"53":{"start":{"line":48,"column":49},"end":{"line":48,"column":105}},"54":{"start":{"line":50,"column":26},"end":{"line":51,"column":66}},"55":{"start":{"line":50,"column":64},"end":{"line":51,"column":65}},"56":{"start":{"line":51,"column":67},"end":{"line":51,"column":117}},"57":{"start":{"line":53,"column":28},"end":{"line":58,"column":167}},"58":{"start":{"line":53,"column":52},"end":{"line":58,"column":83}},"59":{"start":{"line":54,"column":43},"end":{"line":54,"column":52}},"60":{"start":{"line":54,"column":53},"end":{"line":58,"column":80}},"61":{"start":{"line":54,"column":115},"end":{"line":58,"column":68}},"62":{"start":{"line":54,"column":126},"end":{"line":58,"column":67}},"63":{"start":{"line":55,"column":12},"end":{"line":55,"column":111}},"64":{"start":{"line":55,"column":111},"end":{"line":55,"column":129}},"65":{"start":{"line":55,"column":129},"end":{"line":57,"column":45}},"66":{"start":{"line":57,"column":52},"end":{"line":57,"column":74}},"67":{"start":{"line":57,"column":74},"end":{"line":58,"column":25}},"68":{"start":{"line":58,"column":43},"end":{"line":58,"column":66}},"69":{"start":{"line":58,"column":84},"end":{"line":58,"column":164}},"70":{"start":{"line":58,"column":127},"end":{"line":58,"column":162}},"71":{"start":{"line":58,"column":168},"end":{"line":58,"column":222}},"72":{"start":{"line":61,"column":27},"end":{"line":94,"column":19}},"73":{"start":{"line":64,"column":25},"end":{"line":94,"column":18}},"74":{"start":{"line":94,"column":20},"end":{"line":94,"column":72}},"75":{"start":{"line":98,"column":33},"end":{"line":144,"column":29}},"76":{"start":{"line":98,"column":78},"end":{"line":144,"column":28}},"77":{"start":{"line":144,"column":30},"end":{"line":144,"column":94}},"78":{"start":{"line":148,"column":24},"end":{"line":166,"column":8}},"79":{"start":{"line":153,"column":17},"end":{"line":156,"column":23}},"80":{"start":{"line":156,"column":24},"end":{"line":166,"column":7}},"81":{"start":{"line":158,"column":6},"end":{"line":158,"column":20}},"82":{"start":{"line":159,"column":22},"end":{"line":159,"column":41}},"83":{"start":{"line":160,"column":6},"end":{"line":160,"column":23}},"84":{"start":{"line":161,"column":6},"end":{"line":165,"column":9}},"85":{"start":{"line":162,"column":8},"end":{"line":162,"column":25}},"86":{"start":{"line":163,"column":8},"end":{"line":163,"column":33}},"87":{"start":{"line":164,"column":8},"end":{"line":164,"column":26}},"88":{"start":{"line":166,"column":9},"end":{"line":166,"column":55}},"89":{"start":{"line":168,"column":38},"end":{"line":168,"column":42}},"90":{"start":{"line":169,"column":15},"end":{"line":169,"column":45}},"91":{"start":{"line":171,"column":18},"end":{"line":171,"column":50}},"92":{"start":{"line":171,"column":64},"end":{"line":171,"column":106}},"93":{"start":{"line":171,"column":114},"end":{"line":171,"column":127}},"94":{"start":{"line":171,"column":138},"end":{"line":171,"column":151}},"95":{"start":{"line":172,"column":19},"end":{"line":172,"column":45}},"96":{"start":{"line":172,"column":59},"end":{"line":172,"column":102}},"97":{"start":{"line":172,"column":112},"end":{"line":172,"column":125}},"98":{"start":{"line":172,"column":138},"end":{"line":172,"column":151}},"99":{"start":{"line":173,"column":19},"end":{"line":173,"column":45}},"100":{"start":{"line":173,"column":59},"end":{"line":173,"column":102}},"101":{"start":{"line":173,"column":113},"end":{"line":173,"column":126}},"102":{"start":{"line":173,"column":140},"end":{"line":173,"column":153}},"103":{"start":{"line":174,"column":19},"end":{"line":174,"column":43}},"104":{"start":{"line":174,"column":57},"end":{"line":174,"column":100}},"105":{"start":{"line":174,"column":110},"end":{"line":174,"column":123}},"106":{"start":{"line":174,"column":136},"end":{"line":174,"column":149}},"107":{"start":{"line":175,"column":19},"end":{"line":175,"column":43}},"108":{"start":{"line":175,"column":58},"end":{"line":175,"column":101}},"109":{"start":{"line":175,"column":119},"end":{"line":175,"column":133}},"110":{"start":{"line":175,"column":154},"end":{"line":175,"column":168}},"111":{"start":{"line":176,"column":20},"end":{"line":177,"column":31}},"112":{"start":{"line":177,"column":46},"end":{"line":177,"column":90}},"113":{"start":{"line":177,"column":115},"end":{"line":177,"column":129}},"114":{"start":{"line":177,"column":157},"end":{"line":177,"column":171}},"115":{"start":{"line":180,"column":20},"end":{"line":180,"column":47}},"116":{"start":{"line":180,"column":62},"end":{"line":180,"column":106}},"117":{"start":{"line":180,"column":123},"end":{"line":180,"column":137}},"118":{"start":{"line":180,"column":157},"end":{"line":180,"column":171}},"119":{"start":{"line":181,"column":20},"end":{"line":181,"column":46}},"120":{"start":{"line":181,"column":61},"end":{"line":181,"column":105}},"121":{"start":{"line":181,"column":122},"end":{"line":181,"column":136}},"122":{"start":{"line":181,"column":156},"end":{"line":181,"column":170}},"123":{"start":{"line":182,"column":18},"end":{"line":182,"column":78}},"124":{"start":{"line":183,"column":20},"end":{"line":184,"column":45}},"125":{"start":{"line":184,"column":60},"end":{"line":184,"column":104}},"126":{"start":{"line":184,"column":121},"end":{"line":184,"column":135}},"127":{"start":{"line":184,"column":155},"end":{"line":184,"column":169}},"128":{"start":{"line":187,"column":20},"end":{"line":187,"column":47}},"129":{"start":{"line":187,"column":62},"end":{"line":187,"column":106}},"130":{"start":{"line":187,"column":122},"end":{"line":187,"column":136}},"131":{"start":{"line":187,"column":155},"end":{"line":187,"column":169}},"132":{"start":{"line":188,"column":20},"end":{"line":188,"column":46}},"133":{"start":{"line":188,"column":61},"end":{"line":188,"column":105}},"134":{"start":{"line":188,"column":121},"end":{"line":188,"column":135}},"135":{"start":{"line":188,"column":154},"end":{"line":188,"column":168}},"136":{"start":{"line":189,"column":17},"end":{"line":189,"column":77}},"137":{"start":{"line":190,"column":20},"end":{"line":191,"column":43}},"138":{"start":{"line":191,"column":58},"end":{"line":191,"column":102}},"139":{"start":{"line":191,"column":118},"end":{"line":191,"column":132}},"140":{"start":{"line":191,"column":151},"end":{"line":191,"column":165}},"141":{"start":{"line":194,"column":20},"end":{"line":194,"column":47}},"142":{"start":{"line":194,"column":62},"end":{"line":194,"column":106}},"143":{"start":{"line":194,"column":122},"end":{"line":194,"column":136}},"144":{"start":{"line":194,"column":155},"end":{"line":194,"column":169}},"145":{"start":{"line":195,"column":20},"end":{"line":195,"column":46}},"146":{"start":{"line":195,"column":61},"end":{"line":195,"column":105}},"147":{"start":{"line":195,"column":122},"end":{"line":195,"column":136}},"148":{"start":{"line":195,"column":156},"end":{"line":195,"column":170}},"149":{"start":{"line":196,"column":22},"end":{"line":212,"column":39}},"150":{"start":{"line":214,"column":16},"end":{"line":217,"column":33}},"151":{"start":{"line":219,"column":19},"end":{"line":223,"column":20}},"152":{"start":{"line":226,"column":2},"end":{"line":235,"column":59}},"153":{"start":{"line":227,"column":25},"end":{"line":230,"column":32}},"154":{"start":{"line":232,"column":4},"end":{"line":232,"column":71}},"155":{"start":{"line":232,"column":39},"end":{"line":232,"column":68}},"156":{"start":{"line":233,"column":4},"end":{"line":233,"column":79}},"157":{"start":{"line":233,"column":46},"end":{"line":233,"column":76}},"158":{"start":{"line":237,"column":2},"end":{"line":314,"column":332}},"159":{"start":{"line":243,"column":114},"end":{"line":243,"column":137}},"160":{"start":{"line":250,"column":8},"end":{"line":250,"column":25}},"161":{"start":{"line":251,"column":8},"end":{"line":251,"column":25}},"162":{"start":{"line":254,"column":8},"end":{"line":254,"column":25}},"163":{"start":{"line":258,"column":41},"end":{"line":281,"column":132}},"164":{"start":{"line":296,"column":35},"end":{"line":304,"column":140}},"165":{"start":{"line":313,"column":57},"end":{"line":313,"column":67}},"166":{"start":{"line":313,"column":68},"end":{"line":314,"column":222}},"167":{"start":{"line":324,"column":0},"end":{"line":324,"column":8}},"168":{"start":{"line":324,"column":9},"end":{"line":324,"column":36}}},"fnMap":{"0":{"name":"_getRequireWildcardCache","decl":{"start":{"line":18,"column":194},"end":{"line":18,"column":218}},"loc":{"start":{"line":18,"column":232},"end":{"line":18,"column":513}},"line":18},"1":{"name":"_getRequireWildcardCache","decl":{"start":{"line":18,"column":399},"end":{"line":18,"column":423}},"loc":{"start":{"line":18,"column":437},"end":{"line":18,"column":497}},"line":18},"2":{"name":"_interopRequireWildcard","decl":{"start":{"line":18,"column":522},"end":{"line":18,"column":545}},"loc":{"start":{"line":18,"column":564},"end":{"line":18,"column":1289}},"line":18},"3":{"name":"buildDayRange","decl":{"start":{"line":42,"column":29},"end":{"line":42,"column":42}},"loc":{"start":{"line":42,"column":49},"end":{"line":44,"column":56}},"line":42},"4":{"name":"getPaymentMethodsTotal","decl":{"start":{"line":47,"column":38},"end":{"line":47,"column":60}},"loc":{"start":{"line":47,"column":70},"end":{"line":48,"column":48}},"line":47},"5":{"name":"formatPaymentAmount","decl":{"start":{"line":50,"column":35},"end":{"line":50,"column":54}},"loc":{"start":{"line":50,"column":63},"end":{"line":51,"column":66}},"line":50},"6":{"name":"(anonymous_6)","decl":{"start":{"line":53,"column":28},"end":{"line":53,"column":29}},"loc":{"start":{"line":53,"column":40},"end":{"line":58,"column":165}},"line":53},"7":{"name":"_callee","decl":{"start":{"line":53,"column":119},"end":{"line":53,"column":126}},"loc":{"start":{"line":54,"column":13},"end":{"line":58,"column":81}},"line":54},"8":{"name":"_callee$","decl":{"start":{"line":54,"column":95},"end":{"line":54,"column":103}},"loc":{"start":{"line":54,"column":114},"end":{"line":58,"column":69}},"line":54},"9":{"name":"loadPaidSalesForRange","decl":{"start":{"line":58,"column":100},"end":{"line":58,"column":121}},"loc":{"start":{"line":58,"column":126},"end":{"line":58,"column":163}},"line":58},"10":{"name":"buildEndOfDayWidgets","decl":{"start":{"line":61,"column":36},"end":{"line":61,"column":56}},"loc":{"start":{"line":64,"column":24},"end":{"line":94,"column":19}},"line":64},"11":{"name":"buildEndOfDayFilterConfigs","decl":{"start":{"line":98,"column":42},"end":{"line":98,"column":68}},"loc":{"start":{"line":98,"column":77},"end":{"line":144,"column":29}},"line":98},"12":{"name":"createDateUpdater","decl":{"start":{"line":148,"column":33},"end":{"line":148,"column":50}},"loc":{"start":{"line":152,"column":19},"end":{"line":166,"column":8}},"line":152},"13":{"name":"(anonymous_13)","decl":{"start":{"line":157,"column":4},"end":{"line":157,"column":5}},"loc":{"start":{"line":157,"column":20},"end":{"line":166,"column":5}},"line":157},"14":{"name":"(anonymous_14)","decl":{"start":{"line":161,"column":35},"end":{"line":161,"column":36}},"loc":{"start":{"line":161,"column":52},"end":{"line":165,"column":7}},"line":161},"15":{"name":"EndOfDay","decl":{"start":{"line":168,"column":9},"end":{"line":168,"column":17}},"loc":{"start":{"line":168,"column":25},"end":{"line":322,"column":1}},"line":168},"16":{"name":"(anonymous_16)","decl":{"start":{"line":226,"column":24},"end":{"line":226,"column":25}},"loc":{"start":{"line":226,"column":36},"end":{"line":235,"column":3}},"line":226},"17":{"name":"(anonymous_17)","decl":{"start":{"line":232,"column":22},"end":{"line":232,"column":23}},"loc":{"start":{"line":232,"column":38},"end":{"line":232,"column":69}},"line":232},"18":{"name":"(anonymous_18)","decl":{"start":{"line":233,"column":29},"end":{"line":233,"column":30}},"loc":{"start":{"line":233,"column":45},"end":{"line":233,"column":77}},"line":233},"19":{"name":"onPress","decl":{"start":{"line":243,"column":103},"end":{"line":243,"column":110}},"loc":{"start":{"line":243,"column":113},"end":{"line":243,"column":138}},"line":243},"20":{"name":"onConfirm","decl":{"start":{"line":249,"column":26},"end":{"line":249,"column":35}},"loc":{"start":{"line":249,"column":42},"end":{"line":252,"column":7}},"line":249},"21":{"name":"onCancel","decl":{"start":{"line":253,"column":25},"end":{"line":253,"column":33}},"loc":{"start":{"line":253,"column":36},"end":{"line":255,"column":7}},"line":253},"22":{"name":"(anonymous_22)","decl":{"start":{"line":258,"column":22},"end":{"line":258,"column":23}},"loc":{"start":{"line":258,"column":40},"end":{"line":281,"column":133}},"line":258},"23":{"name":"(anonymous_23)","decl":{"start":{"line":296,"column":16},"end":{"line":296,"column":17}},"loc":{"start":{"line":296,"column":34},"end":{"line":304,"column":141}},"line":296},"24":{"name":"renderItem","decl":{"start":{"line":313,"column":27},"end":{"line":313,"column":37}},"loc":{"start":{"line":313,"column":45},"end":{"line":314,"column":223}},"line":313}},"branchMap":{"0":{"loc":{"start":{"line":18,"column":233},"end":{"line":18,"column":280}},"type":"if","locations":[{"start":{"line":18,"column":233},"end":{"line":18,"column":280}},{"start":{},"end":{}}],"line":18},"1":{"loc":{"start":{"line":18,"column":445},"end":{"line":18,"column":495}},"type":"cond-expr","locations":[{"start":{"line":18,"column":459},"end":{"line":18,"column":475}},{"start":{"line":18,"column":478},"end":{"line":18,"column":495}}],"line":18},"2":{"loc":{"start":{"line":18,"column":565},"end":{"line":18,"column":621}},"type":"if","locations":[{"start":{"line":18,"column":565},"end":{"line":18,"column":621}},{"start":{},"end":{}}],"line":18},"3":{"loc":{"start":{"line":18,"column":569},"end":{"line":18,"column":606}},"type":"binary-expr","locations":[{"start":{"line":18,"column":569},"end":{"line":18,"column":581}},{"start":{"line":18,"column":585},"end":{"line":18,"column":588}},{"start":{"line":18,"column":592},"end":{"line":18,"column":606}}],"line":18},"4":{"loc":{"start":{"line":18,"column":621},"end":{"line":18,"column":721}},"type":"if","locations":[{"start":{"line":18,"column":621},"end":{"line":18,"column":721}},{"start":{},"end":{}}],"line":18},"5":{"loc":{"start":{"line":18,"column":625},"end":{"line":18,"column":693}},"type":"binary-expr","locations":[{"start":{"line":18,"column":625},"end":{"line":18,"column":637}},{"start":{"line":18,"column":641},"end":{"line":18,"column":664}},{"start":{"line":18,"column":668},"end":{"line":18,"column":693}}],"line":18},"6":{"loc":{"start":{"line":18,"column":771},"end":{"line":18,"column":824}},"type":"if","locations":[{"start":{"line":18,"column":771},"end":{"line":18,"column":824}},{"start":{},"end":{}}],"line":18},"7":{"loc":{"start":{"line":18,"column":775},"end":{"line":18,"column":798}},"type":"binary-expr","locations":[{"start":{"line":18,"column":775},"end":{"line":18,"column":780}},{"start":{"line":18,"column":784},"end":{"line":18,"column":798}}],"line":18},"8":{"loc":{"start":{"line":18,"column":868},"end":{"line":18,"column":924}},"type":"binary-expr","locations":[{"start":{"line":18,"column":868},"end":{"line":18,"column":889}},{"start":{"line":18,"column":893},"end":{"line":18,"column":924}}],"line":18},"9":{"loc":{"start":{"line":18,"column":947},"end":{"line":18,"column":1216}},"type":"if","locations":[{"start":{"line":18,"column":947},"end":{"line":18,"column":1216}},{"start":{},"end":{}}],"line":18},"10":{"loc":{"start":{"line":18,"column":951},"end":{"line":18,"column":1018}},"type":"binary-expr","locations":[{"start":{"line":18,"column":951},"end":{"line":18,"column":968}},{"start":{"line":18,"column":972},"end":{"line":18,"column":1018}}],"line":18},"11":{"loc":{"start":{"line":18,"column":1032},"end":{"line":18,"column":1104}},"type":"cond-expr","locations":[{"start":{"line":18,"column":1056},"end":{"line":18,"column":1097}},{"start":{"line":18,"column":1100},"end":{"line":18,"column":1104}}],"line":18},"12":{"loc":{"start":{"line":18,"column":1105},"end":{"line":18,"column":1215}},"type":"if","locations":[{"start":{"line":18,"column":1105},"end":{"line":18,"column":1215}},{"start":{"line":18,"column":1190},"end":{"line":18,"column":1215}}],"line":18},"13":{"loc":{"start":{"line":18,"column":1109},"end":{"line":18,"column":1139}},"type":"binary-expr","locations":[{"start":{"line":18,"column":1109},"end":{"line":18,"column":1113}},{"start":{"line":18,"column":1118},"end":{"line":18,"column":1126}},{"start":{"line":18,"column":1130},"end":{"line":18,"column":1138}}],"line":18},"14":{"loc":{"start":{"line":18,"column":1238},"end":{"line":18,"column":1274}},"type":"if","locations":[{"start":{"line":18,"column":1238},"end":{"line":18,"column":1274}},{"start":{},"end":{}}],"line":18},"15":{"loc":{"start":{"line":54,"column":126},"end":{"line":58,"column":67}},"type":"switch","locations":[{"start":{"line":54,"column":166},"end":{"line":57,"column":45}},{"start":{"line":57,"column":45},"end":{"line":58,"column":25}},{"start":{"line":58,"column":25},"end":{"line":58,"column":32}},{"start":{"line":58,"column":32},"end":{"line":58,"column":66}}],"line":54},"16":{"loc":{"start":{"line":55,"column":25},"end":{"line":55,"column":110}},"type":"cond-expr","locations":[{"start":{"line":55,"column":70},"end":{"line":55,"column":78}},{"start":{"line":55,"column":81},"end":{"line":55,"column":110}}],"line":55},"17":{"loc":{"start":{"line":55,"column":25},"end":{"line":55,"column":67}},"type":"binary-expr","locations":[{"start":{"line":55,"column":25},"end":{"line":55,"column":41}},{"start":{"line":55,"column":45},"end":{"line":55,"column":67}}],"line":55},"18":{"loc":{"start":{"line":58,"column":12},"end":{"line":58,"column":23}},"type":"binary-expr","locations":[{"start":{"line":58,"column":12},"end":{"line":58,"column":17}},{"start":{"line":58,"column":21},"end":{"line":58,"column":23}}],"line":58},"19":{"loc":{"start":{"line":153,"column":17},"end":{"line":156,"column":23}},"type":"cond-expr","locations":[{"start":{"line":153,"column":70},"end":{"line":153,"column":82}},{"start":{"line":156,"column":2},"end":{"line":156,"column":23}}],"line":153},"20":{"loc":{"start":{"line":153,"column":17},"end":{"line":153,"column":67}},"type":"binary-expr","locations":[{"start":{"line":153,"column":17},"end":{"line":153,"column":37}},{"start":{"line":153,"column":41},"end":{"line":153,"column":67}}],"line":153},"21":{"loc":{"start":{"line":263,"column":25},"end":{"line":263,"column":52}},"type":"cond-expr","locations":[{"start":{"line":263,"column":46},"end":{"line":263,"column":48}},{"start":{"line":263,"column":51},"end":{"line":263,"column":52}}],"line":263},"22":{"loc":{"start":{"line":264,"column":26},"end":{"line":264,"column":53}},"type":"cond-expr","locations":[{"start":{"line":264,"column":47},"end":{"line":264,"column":48}},{"start":{"line":264,"column":51},"end":{"line":264,"column":53}}],"line":264},"23":{"loc":{"start":{"line":287,"column":4},"end":{"line":289,"column":197}},"type":"binary-expr","locations":[{"start":{"line":287,"column":4},"end":{"line":287,"column":11}},{"start":{"line":288,"column":4},"end":{"line":289,"column":197}}],"line":287},"24":{"loc":{"start":{"line":293,"column":4},"end":{"line":314,"column":328}},"type":"binary-expr","locations":[{"start":{"line":293,"column":4},"end":{"line":293,"column":12}},{"start":{"line":294,"column":4},"end":{"line":314,"column":328}}],"line":293},"25":{"loc":{"start":{"line":297,"column":91},"end":{"line":297,"column":107}},"type":"binary-expr","locations":[{"start":{"line":297,"column":91},"end":{"line":297,"column":102}},{"start":{"line":297,"column":106},"end":{"line":297,"column":107}}],"line":297}},"s":{"0":1,"1":1,"2":1,"3":1,"4":1,"5":1,"6":1,"7":1,"8":1,"9":1,"10":1,"11":1,"12":1,"13":1,"14":1,"15":1,"16":1,"17":1,"18":1,"19":1,"20":1,"21":1,"22":1,"23":1,"24":0,"25":1,"26":1,"27":1,"28":1,"29":1,"30":0,"31":1,"32":0,"33":1,"34":1,"35":0,"36":1,"37":1,"38":1,"39":28,"40":28,"41":28,"42":0,"43":28,"44":1,"45":1,"46":1,"47":1,"48":1,"49":4,"50":1,"51":1,"52":10,"53":1,"54":1,"55":37,"56":1,"57":1,"58":1,"59":3,"60":3,"61":8,"62":8,"63":3,"64":3,"65":3,"66":2,"67":2,"68":3,"69":1,"70":3,"71":1,"72":1,"73":9,"74":1,"75":1,"76":9,"77":1,"78":1,"79":9,"80":9,"81":2,"82":2,"83":2,"84":2,"85":1,"86":1,"87":1,"88":1,"89":9,"90":9,"91":9,"92":8,"93":8,"94":8,"95":8,"96":8,"97":8,"98":8,"99":8,"100":8,"101":8,"102":8,"103":8,"104":8,"105":8,"106":8,"107":8,"108":8,"109":8,"110":8,"111":8,"112":8,"113":8,"114":8,"115":8,"116":8,"117":8,"118":8,"119":8,"120":8,"121":8,"122":8,"123":8,"124":8,"125":8,"126":8,"127":8,"128":8,"129":8,"130":8,"131":8,"132":8,"133":8,"134":8,"135":8,"136":8,"137":8,"138":8,"139":8,"140":8,"141":8,"142":8,"143":8,"144":8,"145":8,"146":8,"147":8,"148":8,"149":8,"150":8,"151":8,"152":8,"153":2,"154":2,"155":2,"156":2,"157":2,"158":8,"159":0,"160":1,"161":1,"162":1,"163":24,"164":0,"165":0,"166":0,"167":1,"168":1},"f":{"0":1,"1":1,"2":1,"3":4,"4":10,"5":37,"6":1,"7":3,"8":8,"9":3,"10":9,"11":9,"12":9,"13":2,"14":1,"15":9,"16":2,"17":2,"18":2,"19":0,"20":1,"21":1,"22":24,"23":0,"24":0},"b":{"0":[0,1],"1":[0,1],"2":[0,1],"3":[1,1,1],"4":[0,1],"5":[1,1,0],"6":[0,1],"7":[1,1],"8":[1,1],"9":[28,0],"10":[28,28],"11":[28,0],"12":[0,28],"13":[28,28,28],"14":[1,0],"15":[3,2,0,3],"16":[2,1],"17":[3,2],"18":[2,1],"19":[1,8],"20":[9,1],"21":[16,8],"22":[16,8],"23":[8,8],"24":[8,0],"25":[0,0]},"inputSourceMap":null,"_coverageSchema":"1a1c01bbd47fc00a2c39e90264f33305004495a9","hash":"fae948a2edc258ab3d5a6646f72473e379f2a4cd"}
,"/Users/orlando/dev/pos/libs/reporting/native-feature/src/lib/components/end-of-day/order-details.tsx": {"path":"/Users/orlando/dev/pos/libs/reporting/native-feature/src/lib/components/end-of-day/order-details.tsx","statementMap":{"0":{"start":{"line":1,"column":42},"end":{"line":1,"column":97}},"1":{"start":{"line":1,"column":98},"end":{"line":1,"column":160}},"2":{"start":{"line":1,"column":160},"end":{"line":1,"column":196}},"3":{"start":{"line":1,"column":196},"end":{"line":1,"column":221}},"4":{"start":{"line":2,"column":14},"end":{"line":2,"column":42}},"5":{"start":{"line":3,"column":14},"end":{"line":3,"column":38}},"6":{"start":{"line":4,"column":13},"end":{"line":4,"column":53}},"7":{"start":{"line":6,"column":19},"end":{"line":6,"column":42}},"8":{"start":{"line":7,"column":24},"end":{"line":7,"column":55}},"9":{"start":{"line":7,"column":75},"end":{"line":7,"column":177}},"10":{"start":{"line":15,"column":119},"end":{"line":15,"column":123}},"11":{"start":{"line":15,"column":136},"end":{"line":15,"column":146}},"12":{"start":{"line":15,"column":159},"end":{"line":15,"column":173}},"13":{"start":{"line":16,"column":15},"end":{"line":16,"column":45}},"14":{"start":{"line":18,"column":2},"end":{"line":56,"column":281}},"15":{"start":{"line":45,"column":156},"end":{"line":46,"column":268}},"16":{"start":{"line":56,"column":34},"end":{"line":56,"column":274}},"17":{"start":{"line":63,"column":0},"end":{"line":63,"column":12}},"18":{"start":{"line":63,"column":13},"end":{"line":63,"column":40}}},"fnMap":{"0":{"name":"OrderDetails","decl":{"start":{"line":15,"column":9},"end":{"line":15,"column":21}},"loc":{"start":{"line":15,"column":28},"end":{"line":61,"column":1}},"line":15},"1":{"name":"(anonymous_1)","decl":{"start":{"line":45,"column":142},"end":{"line":45,"column":143}},"loc":{"start":{"line":45,"column":155},"end":{"line":46,"column":269}},"line":45},"2":{"name":"(anonymous_2)","decl":{"start":{"line":56,"column":20},"end":{"line":56,"column":21}},"loc":{"start":{"line":56,"column":33},"end":{"line":56,"column":275}},"line":56}},"branchMap":{"0":{"loc":{"start":{"line":27,"column":183},"end":{"line":27,"column":260}},"type":"cond-expr","locations":[{"start":{"line":27,"column":230},"end":{"line":27,"column":236}},{"start":{"line":27,"column":239},"end":{"line":27,"column":260}}],"line":27},"1":{"loc":{"start":{"line":34,"column":183},"end":{"line":34,"column":274}},"type":"cond-expr","locations":[{"start":{"line":34,"column":234},"end":{"line":34,"column":240}},{"start":{"line":34,"column":243},"end":{"line":34,"column":274}}],"line":34},"2":{"loc":{"start":{"line":44,"column":198},"end":{"line":46,"column":270}},"type":"cond-expr","locations":[{"start":{"line":45,"column":33},"end":{"line":45,"column":39}},{"start":{"line":45,"column":42},"end":{"line":46,"column":270}}],"line":44},"3":{"loc":{"start":{"line":45,"column":42},"end":{"line":46,"column":270}},"type":"cond-expr","locations":[{"start":{"line":45,"column":107},"end":{"line":45,"column":113}},{"start":{"line":45,"column":116},"end":{"line":46,"column":270}}],"line":45},"4":{"loc":{"start":{"line":46,"column":189},"end":{"line":46,"column":216}},"type":"cond-expr","locations":[{"start":{"line":46,"column":201},"end":{"line":46,"column":207}},{"start":{"line":46,"column":210},"end":{"line":46,"column":216}}],"line":46},"5":{"loc":{"start":{"line":46,"column":225},"end":{"line":46,"column":265}},"type":"cond-expr","locations":[{"start":{"line":46,"column":237},"end":{"line":46,"column":243}},{"start":{"line":46,"column":246},"end":{"line":46,"column":265}}],"line":46},"6":{"loc":{"start":{"line":56,"column":41},"end":{"line":56,"column":273}},"type":"cond-expr","locations":[{"start":{"line":56,"column":46},"end":{"line":56,"column":50}},{"start":{"line":56,"column":53},"end":{"line":56,"column":273}}],"line":56}},"s":{"0":2,"1":2,"2":2,"3":2,"4":2,"5":2,"6":2,"7":2,"8":2,"9":2,"10":2,"11":2,"12":1,"13":1,"14":1,"15":1,"16":1,"17":2,"18":2},"f":{"0":2,"1":1,"2":1},"b":{"0":[0,1],"1":[0,1],"2":[0,1],"3":[0,1],"4":[0,1],"5":[0,1],"6":[0,1]},"inputSourceMap":null,"_coverageSchema":"1a1c01bbd47fc00a2c39e90264f33305004495a9","hash":"005538d302ddd0fd31f599375df83f7e888c290f"}
,"/Users/orlando/dev/pos/libs/reporting/native-feature/src/lib/components/end-of-day/order-line-details.tsx": {"path":"/Users/orlando/dev/pos/libs/reporting/native-feature/src/lib/components/end-of-day/order-line-details.tsx","statementMap":{"0":{"start":{"line":1,"column":42},"end":{"line":1,"column":97}},"1":{"start":{"line":1,"column":98},"end":{"line":1,"column":160}},"2":{"start":{"line":1,"column":160},"end":{"line":1,"column":204}},"3":{"start":{"line":1,"column":204},"end":{"line":1,"column":229}},"4":{"start":{"line":2,"column":14},"end":{"line":2,"column":42}},"5":{"start":{"line":3,"column":18},"end":{"line":3,"column":62}},"6":{"start":{"line":4,"column":13},"end":{"line":4,"column":53}},"7":{"start":{"line":6,"column":19},"end":{"line":6,"column":42}},"8":{"start":{"line":6,"column":62},"end":{"line":6,"column":169}},"9":{"start":{"line":14,"column":44},"end":{"line":14,"column":53}},"10":{"start":{"line":14,"column":66},"end":{"line":14,"column":80}},"11":{"start":{"line":15,"column":15},"end":{"line":15,"column":45}},"12":{"start":{"line":16,"column":25},"end":{"line":16,"column":67}},"13":{"start":{"line":17,"column":18},"end":{"line":17,"column":78}},"14":{"start":{"line":19,"column":2},"end":{"line":31,"column":47}},"15":{"start":{"line":37,"column":0},"end":{"line":37,"column":16}},"16":{"start":{"line":37,"column":17},"end":{"line":37,"column":44}}},"fnMap":{"0":{"name":"OrderLineDetails","decl":{"start":{"line":14,"column":9},"end":{"line":14,"column":25}},"loc":{"start":{"line":14,"column":32},"end":{"line":35,"column":1}},"line":14}},"branchMap":{"0":{"loc":{"start":{"line":16,"column":25},"end":{"line":16,"column":67}},"type":"binary-expr","locations":[{"start":{"line":16,"column":25},"end":{"line":16,"column":35}},{"start":{"line":16,"column":39},"end":{"line":16,"column":67}}],"line":16},"1":{"loc":{"start":{"line":17,"column":18},"end":{"line":17,"column":78}},"type":"cond-expr","locations":[{"start":{"line":17,"column":37},"end":{"line":17,"column":55}},{"start":{"line":17,"column":58},"end":{"line":17,"column":78}}],"line":17},"2":{"loc":{"start":{"line":22,"column":4},"end":{"line":22,"column":86}},"type":"cond-expr","locations":[{"start":{"line":22,"column":46},"end":{"line":22,"column":59}},{"start":{"line":22,"column":62},"end":{"line":22,"column":86}}],"line":22}},"s":{"0":3,"1":3,"2":3,"3":3,"4":3,"5":3,"6":3,"7":3,"8":3,"9":2,"10":2,"11":2,"12":2,"13":2,"14":2,"15":3,"16":3},"f":{"0":2},"b":{"0":[2,0],"1":[2,0],"2":[2,0]},"inputSourceMap":null,"_coverageSchema":"1a1c01bbd47fc00a2c39e90264f33305004495a9","hash":"abf97ad4b67359f24e1b28912ad7d7821cc2c225"}
,"/Users/orlando/dev/pos/libs/reporting/native-feature/src/lib/components/line-chart/line-chart.tsx": {"path":"/Users/orlando/dev/pos/libs/reporting/native-feature/src/lib/components/line-chart/line-chart.tsx","statementMap":{"0":{"start":{"line":1,"column":42},"end":{"line":1,"column":97}},"1":{"start":{"line":1,"column":98},"end":{"line":1,"column":160}},"2":{"start":{"line":1,"column":160},"end":{"line":1,"column":208}},"3":{"start":{"line":1,"column":208},"end":{"line":1,"column":293}},"4":{"start":{"line":1,"column":315},"end":{"line":1,"column":386}},"5":{"start":{"line":1,"column":401},"end":{"line":1,"column":429}},"6":{"start":{"line":2,"column":13},"end":{"line":2,"column":54}},"7":{"start":{"line":4,"column":19},"end":{"line":4,"column":42}},"8":{"start":{"line":5,"column":27},"end":{"line":5,"column":60}},"9":{"start":{"line":5,"column":80},"end":{"line":5,"column":179}},"10":{"start":{"line":5,"column":228},"end":{"line":5,"column":275}},"11":{"start":{"line":5,"column":263},"end":{"line":5,"column":275}},"12":{"start":{"line":5,"column":299},"end":{"line":5,"column":312}},"13":{"start":{"line":5,"column":336},"end":{"line":5,"column":349}},"14":{"start":{"line":5,"column":350},"end":{"line":5,"column":507}},"15":{"start":{"line":5,"column":433},"end":{"line":5,"column":491}},"16":{"start":{"line":5,"column":560},"end":{"line":5,"column":616}},"17":{"start":{"line":5,"column":604},"end":{"line":5,"column":615}},"18":{"start":{"line":5,"column":616},"end":{"line":5,"column":716}},"19":{"start":{"line":5,"column":691},"end":{"line":5,"column":715}},"20":{"start":{"line":5,"column":728},"end":{"line":5,"column":765}},"21":{"start":{"line":5,"column":766},"end":{"line":5,"column":819}},"22":{"start":{"line":5,"column":796},"end":{"line":5,"column":818}},"23":{"start":{"line":5,"column":832},"end":{"line":5,"column":834}},"24":{"start":{"line":5,"column":863},"end":{"line":5,"column":919}},"25":{"start":{"line":5,"column":920},"end":{"line":5,"column":1212}},"26":{"start":{"line":5,"column":942},"end":{"line":5,"column":1211}},"27":{"start":{"line":5,"column":1027},"end":{"line":5,"column":1099}},"28":{"start":{"line":5,"column":1100},"end":{"line":5,"column":1210}},"29":{"start":{"line":5,"column":1137},"end":{"line":5,"column":1178}},"30":{"start":{"line":5,"column":1186},"end":{"line":5,"column":1209}},"31":{"start":{"line":5,"column":1212},"end":{"line":5,"column":1233}},"32":{"start":{"line":5,"column":1233},"end":{"line":5,"column":1269}},"33":{"start":{"line":5,"column":1245},"end":{"line":5,"column":1268}},"34":{"start":{"line":5,"column":1269},"end":{"line":5,"column":1283}},"35":{"start":{"line":17,"column":25},"end":{"line":30,"column":1}},"36":{"start":{"line":18,"column":19},"end":{"line":20,"column":70}},"37":{"start":{"line":20,"column":46},"end":{"line":20,"column":66}},"38":{"start":{"line":23,"column":2},"end":{"line":27,"column":17}},"39":{"start":{"line":24,"column":4},"end":{"line":24,"column":30}},"40":{"start":{"line":25,"column":4},"end":{"line":25,"column":82}},"41":{"start":{"line":25,"column":43},"end":{"line":25,"column":79}},"42":{"start":{"line":26,"column":4},"end":{"line":26,"column":13}},"43":{"start":{"line":29,"column":2},"end":{"line":29,"column":20}},"44":{"start":{"line":30,"column":2},"end":{"line":30,"column":50}},"45":{"start":{"line":32,"column":27},"end":{"line":44,"column":29}},"46":{"start":{"line":32,"column":69},"end":{"line":44,"column":28}},"47":{"start":{"line":36,"column":43},"end":{"line":36,"column":112}},"48":{"start":{"line":36,"column":113},"end":{"line":36,"column":130}},"49":{"start":{"line":37,"column":53},"end":{"line":37,"column":122}},"50":{"start":{"line":37,"column":123},"end":{"line":37,"column":140}},"51":{"start":{"line":44,"column":30},"end":{"line":44,"column":82}},"52":{"start":{"line":48,"column":48},"end":{"line":48,"column":59}},"53":{"start":{"line":48,"column":67},"end":{"line":48,"column":76}},"54":{"start":{"line":49,"column":15},"end":{"line":49,"column":45}},"55":{"start":{"line":50,"column":18},"end":{"line":50,"column":40}},"56":{"start":{"line":50,"column":54},"end":{"line":50,"column":96}},"57":{"start":{"line":50,"column":105},"end":{"line":50,"column":118}},"58":{"start":{"line":50,"column":130},"end":{"line":50,"column":143}},"59":{"start":{"line":52,"column":2},"end":{"line":55,"column":207}},"60":{"start":{"line":53,"column":2},"end":{"line":55,"column":207}},"61":{"start":{"line":59,"column":19},"end":{"line":59,"column":43}},"62":{"start":{"line":61,"column":2},"end":{"line":85,"column":131}},"63":{"start":{"line":66,"column":20},"end":{"line":66,"column":50}},"64":{"start":{"line":67,"column":8},"end":{"line":67,"column":24}},"65":{"start":{"line":93,"column":0},"end":{"line":93,"column":30}},"66":{"start":{"line":93,"column":31},"end":{"line":93,"column":58}}},"fnMap":{"0":{"name":"_getRequireWildcardCache","decl":{"start":{"line":5,"column":189},"end":{"line":5,"column":213}},"loc":{"start":{"line":5,"column":227},"end":{"line":5,"column":508}},"line":5},"1":{"name":"_getRequireWildcardCache","decl":{"start":{"line":5,"column":394},"end":{"line":5,"column":418}},"loc":{"start":{"line":5,"column":432},"end":{"line":5,"column":492}},"line":5},"2":{"name":"_interopRequireWildcard","decl":{"start":{"line":5,"column":517},"end":{"line":5,"column":540}},"loc":{"start":{"line":5,"column":559},"end":{"line":5,"column":1284}},"line":5},"3":{"name":"toLineChartDataset","decl":{"start":{"line":17,"column":34},"end":{"line":17,"column":52}},"loc":{"start":{"line":17,"column":59},"end":{"line":30,"column":1}},"line":17},"4":{"name":"(anonymous_4)","decl":{"start":{"line":20,"column":33},"end":{"line":20,"column":34}},"loc":{"start":{"line":20,"column":45},"end":{"line":20,"column":67}},"line":20},"5":{"name":"(anonymous_5)","decl":{"start":{"line":23,"column":14},"end":{"line":23,"column":15}},"loc":{"start":{"line":23,"column":33},"end":{"line":27,"column":3}},"line":23},"6":{"name":"(anonymous_6)","decl":{"start":{"line":25,"column":24},"end":{"line":25,"column":25}},"loc":{"start":{"line":25,"column":42},"end":{"line":25,"column":80}},"line":25},"7":{"name":"buildLineChartConfig","decl":{"start":{"line":32,"column":36},"end":{"line":32,"column":56}},"loc":{"start":{"line":32,"column":68},"end":{"line":44,"column":29}},"line":32},"8":{"name":"color","decl":{"start":{"line":36,"column":20},"end":{"line":36,"column":25}},"loc":{"start":{"line":36,"column":28},"end":{"line":36,"column":131}},"line":36},"9":{"name":"labelColor","decl":{"start":{"line":37,"column":25},"end":{"line":37,"column":35}},"loc":{"start":{"line":37,"column":38},"end":{"line":37,"column":141}},"line":37},"10":{"name":"LineChartComponent","decl":{"start":{"line":48,"column":9},"end":{"line":48,"column":27}},"loc":{"start":{"line":48,"column":34},"end":{"line":91,"column":1}},"line":48},"11":{"name":"onLayout","decl":{"start":{"line":65,"column":25},"end":{"line":65,"column":33}},"loc":{"start":{"line":65,"column":41},"end":{"line":68,"column":7}},"line":65}},"branchMap":{"0":{"loc":{"start":{"line":5,"column":228},"end":{"line":5,"column":275}},"type":"if","locations":[{"start":{"line":5,"column":228},"end":{"line":5,"column":275}},{"start":{},"end":{}}],"line":5},"1":{"loc":{"start":{"line":5,"column":440},"end":{"line":5,"column":490}},"type":"cond-expr","locations":[{"start":{"line":5,"column":454},"end":{"line":5,"column":470}},{"start":{"line":5,"column":473},"end":{"line":5,"column":490}}],"line":5},"2":{"loc":{"start":{"line":5,"column":560},"end":{"line":5,"column":616}},"type":"if","locations":[{"start":{"line":5,"column":560},"end":{"line":5,"column":616}},{"start":{},"end":{}}],"line":5},"3":{"loc":{"start":{"line":5,"column":564},"end":{"line":5,"column":601}},"type":"binary-expr","locations":[{"start":{"line":5,"column":564},"end":{"line":5,"column":576}},{"start":{"line":5,"column":580},"end":{"line":5,"column":583}},{"start":{"line":5,"column":587},"end":{"line":5,"column":601}}],"line":5},"4":{"loc":{"start":{"line":5,"column":616},"end":{"line":5,"column":716}},"type":"if","locations":[{"start":{"line":5,"column":616},"end":{"line":5,"column":716}},{"start":{},"end":{}}],"line":5},"5":{"loc":{"start":{"line":5,"column":620},"end":{"line":5,"column":688}},"type":"binary-expr","locations":[{"start":{"line":5,"column":620},"end":{"line":5,"column":632}},{"start":{"line":5,"column":636},"end":{"line":5,"column":659}},{"start":{"line":5,"column":663},"end":{"line":5,"column":688}}],"line":5},"6":{"loc":{"start":{"line":5,"column":766},"end":{"line":5,"column":819}},"type":"if","locations":[{"start":{"line":5,"column":766},"end":{"line":5,"column":819}},{"start":{},"end":{}}],"line":5},"7":{"loc":{"start":{"line":5,"column":770},"end":{"line":5,"column":793}},"type":"binary-expr","locations":[{"start":{"line":5,"column":770},"end":{"line":5,"column":775}},{"start":{"line":5,"column":779},"end":{"line":5,"column":793}}],"line":5},"8":{"loc":{"start":{"line":5,"column":863},"end":{"line":5,"column":919}},"type":"binary-expr","locations":[{"start":{"line":5,"column":863},"end":{"line":5,"column":884}},{"start":{"line":5,"column":888},"end":{"line":5,"column":919}}],"line":5},"9":{"loc":{"start":{"line":5,"column":942},"end":{"line":5,"column":1211}},"type":"if","locations":[{"start":{"line":5,"column":942},"end":{"line":5,"column":1211}},{"start":{},"end":{}}],"line":5},"10":{"loc":{"start":{"line":5,"column":946},"end":{"line":5,"column":1013}},"type":"binary-expr","locations":[{"start":{"line":5,"column":946},"end":{"line":5,"column":963}},{"start":{"line":5,"column":967},"end":{"line":5,"column":1013}}],"line":5},"11":{"loc":{"start":{"line":5,"column":1027},"end":{"line":5,"column":1099}},"type":"cond-expr","locations":[{"start":{"line":5,"column":1051},"end":{"line":5,"column":1092}},{"start":{"line":5,"column":1095},"end":{"line":5,"column":1099}}],"line":5},"12":{"loc":{"start":{"line":5,"column":1100},"end":{"line":5,"column":1210}},"type":"if","locations":[{"start":{"line":5,"column":1100},"end":{"line":5,"column":1210}},{"start":{"line":5,"column":1185},"end":{"line":5,"column":1210}}],"line":5},"13":{"loc":{"start":{"line":5,"column":1104},"end":{"line":5,"column":1134}},"type":"binary-expr","locations":[{"start":{"line":5,"column":1104},"end":{"line":5,"column":1108}},{"start":{"line":5,"column":1113},"end":{"line":5,"column":1121}},{"start":{"line":5,"column":1125},"end":{"line":5,"column":1133}}],"line":5},"14":{"loc":{"start":{"line":5,"column":1233},"end":{"line":5,"column":1269}},"type":"if","locations":[{"start":{"line":5,"column":1233},"end":{"line":5,"column":1269}},{"start":{},"end":{}}],"line":5},"15":{"loc":{"start":{"line":36,"column":43},"end":{"line":36,"column":112}},"type":"cond-expr","locations":[{"start":{"line":36,"column":96},"end":{"line":36,"column":108}},{"start":{"line":36,"column":111},"end":{"line":36,"column":112}}],"line":36},"16":{"loc":{"start":{"line":36,"column":43},"end":{"line":36,"column":93}},"type":"binary-expr","locations":[{"start":{"line":36,"column":43},"end":{"line":36,"column":63}},{"start":{"line":36,"column":67},"end":{"line":36,"column":93}}],"line":36},"17":{"loc":{"start":{"line":37,"column":53},"end":{"line":37,"column":122}},"type":"cond-expr","locations":[{"start":{"line":37,"column":106},"end":{"line":37,"column":118}},{"start":{"line":37,"column":121},"end":{"line":37,"column":122}}],"line":37},"18":{"loc":{"start":{"line":37,"column":53},"end":{"line":37,"column":103}},"type":"binary-expr","locations":[{"start":{"line":37,"column":53},"end":{"line":37,"column":73}},{"start":{"line":37,"column":77},"end":{"line":37,"column":103}}],"line":37},"19":{"loc":{"start":{"line":52,"column":2},"end":{"line":55,"column":207}},"type":"if","locations":[{"start":{"line":52,"column":2},"end":{"line":55,"column":207}},{"start":{},"end":{}}],"line":52},"20":{"loc":{"start":{"line":52,"column":8},"end":{"line":52,"column":35}},"type":"binary-expr","locations":[{"start":{"line":52,"column":8},"end":{"line":52,"column":20}},{"start":{"line":52,"column":24},"end":{"line":52,"column":35}}],"line":52},"21":{"loc":{"start":{"line":73,"column":4},"end":{"line":85,"column":128}},"type":"binary-expr","locations":[{"start":{"line":73,"column":4},"end":{"line":73,"column":11}},{"start":{"line":74,"column":4},"end":{"line":85,"column":128}}],"line":73}},"s":{"0":2,"1":2,"2":2,"3":2,"4":2,"5":2,"6":2,"7":2,"8":2,"9":2,"10":2,"11":0,"12":2,"13":2,"14":2,"15":2,"16":2,"17":0,"18":2,"19":0,"20":2,"21":2,"22":0,"23":2,"24":2,"25":2,"26":56,"27":56,"28":56,"29":0,"30":56,"31":2,"32":2,"33":2,"34":2,"35":2,"36":3,"37":6,"38":3,"39":4,"40":4,"41":8,"42":4,"43":3,"44":2,"45":2,"46":2,"47":1,"48":1,"49":1,"50":1,"51":2,"52":3,"53":3,"54":3,"55":3,"56":3,"57":3,"58":3,"59":3,"60":1,"61":2,"62":2,"63":1,"64":1,"65":2,"66":2},"f":{"0":2,"1":2,"2":2,"3":3,"4":6,"5":4,"6":8,"7":2,"8":1,"9":1,"10":3,"11":1},"b":{"0":[0,2],"1":[0,2],"2":[0,2],"3":[2,2,2],"4":[0,2],"5":[2,2,0],"6":[0,2],"7":[2,2],"8":[2,2],"9":[56,0],"10":[56,56],"11":[56,0],"12":[0,56],"13":[56,56,56],"14":[2,0],"15":[1,0],"16":[1,1],"17":[1,0],"18":[1,1],"19":[1,2],"20":[3,3],"21":[2,1]},"inputSourceMap":null,"_coverageSchema":"1a1c01bbd47fc00a2c39e90264f33305004495a9","hash":"1ab0a78a7c4ec2397b45bd9137097ac70d3eeca7"}
,"/Users/orlando/dev/pos/libs/reporting/native-feature/src/lib/components/list-widget/list-widget.tsx": {"path":"/Users/orlando/dev/pos/libs/reporting/native-feature/src/lib/components/list-widget/list-widget.tsx","statementMap":{"0":{"start":{"line":1,"column":42},"end":{"line":1,"column":97}},"1":{"start":{"line":1,"column":98},"end":{"line":1,"column":160}},"2":{"start":{"line":1,"column":160},"end":{"line":1,"column":192}},"3":{"start":{"line":1,"column":192},"end":{"line":1,"column":217}},"4":{"start":{"line":1,"column":231},"end":{"line":1,"column":259}},"5":{"start":{"line":2,"column":13},"end":{"line":2,"column":53}},"6":{"start":{"line":4,"column":19},"end":{"line":4,"column":42}},"7":{"start":{"line":5,"column":33},"end":{"line":5,"column":72}},"8":{"start":{"line":5,"column":92},"end":{"line":5,"column":193}},"9":{"start":{"line":13,"column":39},"end":{"line":13,"column":43}},"10":{"start":{"line":13,"column":57},"end":{"line":13,"column":68}},"11":{"start":{"line":13,"column":77},"end":{"line":13,"column":87}},"12":{"start":{"line":14,"column":15},"end":{"line":14,"column":45}},"13":{"start":{"line":16,"column":2},"end":{"line":31,"column":242}},"14":{"start":{"line":28,"column":36},"end":{"line":31,"column":236}},"15":{"start":{"line":39,"column":0},"end":{"line":39,"column":10}},"16":{"start":{"line":39,"column":11},"end":{"line":39,"column":38}}},"fnMap":{"0":{"name":"ListWidget","decl":{"start":{"line":13,"column":9},"end":{"line":13,"column":19}},"loc":{"start":{"line":13,"column":26},"end":{"line":37,"column":1}},"line":13},"1":{"name":"(anonymous_1)","decl":{"start":{"line":28,"column":14},"end":{"line":28,"column":15}},"loc":{"start":{"line":28,"column":35},"end":{"line":31,"column":237}},"line":28}},"branchMap":{},"s":{"0":2,"1":2,"2":2,"3":2,"4":2,"5":2,"6":2,"7":2,"8":2,"9":1,"10":1,"11":1,"12":1,"13":1,"14":1,"15":2,"16":2},"f":{"0":1,"1":1},"b":{},"inputSourceMap":null,"_coverageSchema":"1a1c01bbd47fc00a2c39e90264f33305004495a9","hash":"c640d72b0c740194f64b27568be5b513e2163576"}
[...]
,"column":26},"end":{"line":53,"column":61}},"78":{"start":{"line":55,"column":4},"end":{"line":56,"column":145}},"79":{"start":{"line":55,"column":128},"end":{"line":56,"column":142}},"80":{"start":{"line":60,"column":2},"end":{"line":70,"column":198}},"81":{"start":{"line":64,"column":89},"end":{"line":64,"column":103}}},"fnMap":{"0":{"name":"_getRequireWildcardCache","decl":{"start":{"line":12,"column":226},"end":{"line":12,"column":250}},"loc":{"start":{"line":12,"column":264},"end":{"line":12,"column":545}},"line":12},"1":{"name":"_getRequireWildcardCache","decl":{"start":{"line":12,"column":431},"end":{"line":12,"column":455}},"loc":{"start":{"line":12,"column":469},"end":{"line":12,"column":529}},"line":12},"2":{"name":"_interopRequireWildcard","decl":{"start":{"line":12,"column":554},"end":{"line":12,"column":577}},"loc":{"start":{"line":12,"column":596},"end":{"line":12,"column":1321}},"line":12},"3":{"name":"ownKeys","decl":{"start":{"line":12,"column":1330},"end":{"line":12,"column":1337}},"loc":{"start":{"line":12,"column":1362},"end":{"line":12,"column":1653}},"line":12},"4":{"name":"(anonymous_4)","decl":{"start":{"line":12,"column":1524},"end":{"line":12,"column":1525}},"loc":{"start":{"line":12,"column":1539},"end":{"line":12,"column":1604}},"line":12},"5":{"name":"_objectSpread","decl":{"start":{"line":12,"column":1662},"end":{"line":12,"column":1675}},"loc":{"start":{"line":12,"column":1684},"end":{"line":12,"column":2163}},"line":12},"6":{"name":"(anonymous_6)","decl":{"start":{"line":12,"column":1827},"end":{"line":12,"column":1828}},"loc":{"start":{"line":12,"column":1842},"end":{"line":12,"column":1900}},"line":12},"7":{"name":"(anonymous_7)","decl":{"start":{"line":12,"column":2047},"end":{"line":12,"column":2048}},"loc":{"start":{"line":12,"column":2062},"end":{"line":12,"column":2145}},"line":12},"8":{"name":"toSalesByProductRows","decl":{"start":{"line":18,"column":36},"end":{"line":18,"column":56}},"loc":{"start":{"line":21,"column":0},"end":{"line":28,"column":1}},"line":21},"9":{"name":"(anonymous_9)","decl":{"start":{"line":22,"column":123},"end":{"line":22,"column":124}},"loc":{"start":{"line":22,"column":136},"end":{"line":22,"column":197}},"line":22},"10":{"name":"(anonymous_10)","decl":{"start":{"line":24,"column":42},"end":{"line":24,"column":43}},"loc":{"start":{"line":24,"column":55},"end":{"line":26,"column":136}},"line":24},"11":{"name":"normalizeSalesByProductRange","decl":{"start":{"line":30,"column":44},"end":{"line":30,"column":72}},"loc":{"start":{"line":30,"column":80},"end":{"line":33,"column":52}},"line":30},"12":{"name":"createUnitChangeHandler","decl":{"start":{"line":36,"column":39},"end":{"line":36,"column":62}},"loc":{"start":{"line":37,"column":18},"end":{"line":40,"column":8}},"line":37},"13":{"name":"(anonymous_13)","decl":{"start":{"line":38,"column":4},"end":{"line":38,"column":5}},"loc":{"start":{"line":38,"column":21},"end":{"line":40,"column":5}},"line":38},"14":{"name":"SalesByProduct","decl":{"start":{"line":42,"column":9},"end":{"line":42,"column":23}},"loc":{"start":{"line":42,"column":31},"end":{"line":73,"column":1}},"line":42},"15":{"name":"getData","decl":{"start":{"line":52,"column":25},"end":{"line":52,"column":32}},"loc":{"start":{"line":52,"column":40},"end":{"line":58,"column":3}},"line":52},"16":{"name":"(anonymous_16)","decl":{"start":{"line":55,"column":82},"end":{"line":55,"column":83}},"loc":{"start":{"line":55,"column":101},"end":{"line":56,"column":143}},"line":55},"17":{"name":"(anonymous_17)","decl":{"start":{"line":64,"column":68},"end":{"line":64,"column":69}},"loc":{"start":{"line":64,"column":88},"end":{"line":64,"column":104}},"line":64}},"branchMap":{"0":{"loc":{"start":{"line":12,"column":265},"end":{"line":12,"column":312}},"type":"if","locations":[{"start":{"line":12,"column":265},"end":{"line":12,"column":312}},{"start":{},"end":{}}],"line":12},"1":{"loc":{"start":{"line":12,"column":477},"end":{"line":12,"column":527}},"type":"cond-expr","locations":[{"start":{"line":12,"column":491},"end":{"line":12,"column":507}},{"start":{"line":12,"column":510},"end":{"line":12,"column":527}}],"line":12},"2":{"loc":{"start":{"line":12,"column":597},"end":{"line":12,"column":653}},"type":"if","locations":[{"start":{"line":12,"column":597},"end":{"line":12,"column":653}},{"start":{},"end":{}}],"line":12},"3":{"loc":{"start":{"line":12,"column":601},"end":{"line":12,"column":638}},"type":"binary-expr","locations":[{"start":{"line":12,"column":601},"end":{"line":12,"column":613}},{"start":{"line":12,"column":617},"end":{"line":12,"column":620}},{"start":{"line":12,"column":624},"end":{"line":12,"column":638}}],"line":12},"4":{"loc":{"start":{"line":12,"column":653},"end":{"line":12,"column":753}},"type":"if","locations":[{"start":{"line":12,"column":653},"end":{"line":12,"column":753}},{"start":{},"end":{}}],"line":12},"5":{"loc":{"start":{"line":12,"column":657},"end":{"line":12,"column":725}},"type":"binary-expr","locations":[{"start":{"line":12,"column":657},"end":{"line":12,"column":669}},{"start":{"line":12,"column":673},"end":{"line":12,"column":696}},{"start":{"line":12,"column":700},"end":{"line":12,"column":725}}],"line":12},"6":{"loc":{"start":{"line":12,"column":803},"end":{"line":12,"column":856}},"type":"if","locations":[{"start":{"line":12,"column":803},"end":{"line":12,"column":856}},{"start":{},"end":{}}],"line":12},"7":{"loc":{"start":{"line":12,"column":807},"end":{"line":12,"column":830}},"type":"binary-expr","locations":[{"start":{"line":12,"column":807},"end":{"line":12,"column":812}},{"start":{"line":12,"column":816},"end":{"line":12,"column":830}}],"line":12},"8":{"loc":{"start":{"line":12,"column":900},"end":{"line":12,"column":956}},"type":"binary-expr","locations":[{"start":{"line":12,"column":900},"end":{"line":12,"column":921}},{"start":{"line":12,"column":925},"end":{"line":12,"column":956}}],"line":12},"9":{"loc":{"start":{"line":12,"column":979},"end":{"line":12,"column":1248}},"type":"if","locations":[{"start":{"line":12,"column":979},"end":{"line":12,"column":1248}},{"start":{},"end":{}}],"line":12},"10":{"loc":{"start":{"line":12,"column":983},"end":{"line":12,"column":1050}},"type":"binary-expr","locations":[{"start":{"line":12,"column":983},"end":{"line":12,"column":1000}},{"start":{"line":12,"column":1004},"end":{"line":12,"column":1050}}],"line":12},"11":{"loc":{"start":{"line":12,"column":1064},"end":{"line":12,"column":1136}},"type":"cond-expr","locations":[{"start":{"line":12,"column":1088},"end":{"line":12,"column":1129}},{"start":{"line":12,"column":1132},"end":{"line":12,"column":1136}}],"line":12},"12":{"loc":{"start":{"line":12,"column":1137},"end":{"line":12,"column":1247}},"type":"if","locations":[{"start":{"line":12,"column":1137},"end":{"line":12,"column":1247}},{"start":{"line":12,"column":1222},"end":{"line":12,"column":1247}}],"line":12},"13":{"loc":{"start":{"line":12,"column":1141},"end":{"line":12,"column":1171}},"type":"binary-expr","locations":[{"start":{"line":12,"column":1141},"end":{"line":12,"column":1145}},{"start":{"line":12,"column":1150},"end":{"line":12,"column":1158}},{"start":{"line":12,"column":1162},"end":{"line":12,"column":1170}}],"line":12},"14":{"loc":{"start":{"line":12,"column":1270},"end":{"line":12,"column":1306}},"type":"if","locations":[{"start":{"line":12,"column":1270},"end":{"line":12,"column":1306}},{"start":{},"end":{}}],"line":12},"15":{"loc":{"start":{"line":12,"column":1394},"end":{"line":12,"column":1640}},"type":"if","locations":[{"start":{"line":12,"column":1394},"end":{"line":12,"column":1640}},{"start":{},"end":{}}],"line":12},"16":{"loc":{"start":{"line":12,"column":1480},"end":{"line":12,"column":1606}},"type":"binary-expr","locations":[{"start":{"line":12,"column":1480},"end":{"line":12,"column":1494}},{"start":{"line":12,"column":1499},"end":{"line":12,"column":1605}}],"line":12},"17":{"loc":{"start":{"line":12,"column":1742},"end":{"line":12,"column":1782}},"type":"cond-expr","locations":[{"start":{"line":12,"column":1765},"end":{"line":12,"column":1777}},{"start":{"line":12,"column":1780},"end":{"line":12,"column":1782}}],"line":12},"18":{"loc":{"start":{"line":12,"column":1783},"end":{"line":12,"column":2146}},"type":"cond-expr","locations":[{"start":{"line":12,"column":1791},"end":{"line":12,"column":1901}},{"start":{"line":12,"column":1904},"end":{"line":12,"column":2146}}],"line":12},"19":{"loc":{"start":{"line":12,"column":1904},"end":{"line":12,"column":2146}},"type":"cond-expr","locations":[{"start":{"line":12,"column":1939},"end":{"line":12,"column":2012}},{"start":{"line":12,"column":2015},"end":{"line":12,"column":2146}}],"line":12},"20":{"loc":{"start":{"line":22,"column":13},"end":{"line":22,"column":198}},"type":"cond-expr","locations":[{"start":{"line":22,"column":31},"end":{"line":22,"column":37}},{"start":{"line":22,"column":40},"end":{"line":22,"column":198}}],"line":22},"21":{"loc":{"start":{"line":22,"column":40},"end":{"line":22,"column":198}},"type":"cond-expr","locations":[{"start":{"line":22,"column":89},"end":{"line":22,"column":95}},{"start":{"line":22,"column":98},"end":{"line":22,"column":198}}],"line":22},"22":{"loc":{"start":{"line":22,"column":145},"end":{"line":22,"column":181}},"type":"cond-expr","locations":[{"start":{"line":22,"column":157},"end":{"line":22,"column":163}},{"start":{"line":22,"column":166},"end":{"line":22,"column":181}}],"line":22},"23":{"loc":{"start":{"line":24,"column":9},"end":{"line":26,"column":137}},"type":"cond-expr","locations":[{"start":{"line":24,"column":24},"end":{"line":24,"column":30}},{"start":{"line":24,"column":33},"end":{"line":26,"column":137}}],"line":24},"24":{"loc":{"start":{"line":25,"column":16},"end":{"line":25,"column":50}},"type":"cond-expr","locations":[{"start":{"line":25,"column":28},"end":{"line":25,"column":34}},{"start":{"line":25,"column":37},"end":{"line":25,"column":50}}],"line":25},"25":{"loc":{"start":{"line":25,"column":62},"end":{"line":25,"column":98}},"type":"cond-expr","locations":[{"start":{"line":25,"column":74},"end":{"line":25,"column":80}},{"start":{"line":25,"column":83},"end":{"line":25,"column":98}}],"line":25},"26":{"loc":{"start":{"line":26,"column":14},"end":{"line":26,"column":132}},"type":"cond-expr","locations":[{"start":{"line":26,"column":77},"end":{"line":26,"column":87}},{"start":{"line":26,"column":90},"end":{"line":26,"column":132}}],"line":26},"27":{"loc":{"start":{"line":26,"column":15},"end":{"line":26,"column":51}},"type":"cond-expr","locations":[{"start":{"line":26,"column":27},"end":{"line":26,"column":33}},{"start":{"line":26,"column":36},"end":{"line":26,"column":51}}],"line":26},"28":{"loc":{"start":{"line":26,"column":90},"end":{"line":26,"column":132}},"type":"cond-expr","locations":[{"start":{"line":26,"column":102},"end":{"line":26,"column":108}},{"start":{"line":26,"column":111},"end":{"line":26,"column":132}}],"line":26},"29":{"loc":{"start":{"line":56,"column":38},"end":{"line":56,"column":139}},"type":"cond-expr","locations":[{"start":{"line":56,"column":104},"end":{"line":56,"column":110}},{"start":{"line":56,"column":113},"end":{"line":56,"column":139}}],"line":56},"30":{"loc":{"start":{"line":64,"column":15},"end":{"line":64,"column":105}},"type":"cond-expr","locations":[{"start":{"line":64,"column":40},"end":{"line":64,"column":46}},{"start":{"line":64,"column":49},"end":{"line":64,"column":105}}],"line":64}},"s":{"0":1,"1":1,"2":1,"3":1,"4":1,"5":1,"6":1,"7":1,"8":1,"9":1,"10":1,"11":1,"12":1,"13":1,"14":1,"15":1,"16":1,"17":0,"18":1,"19":1,"20":1,"21":1,"22":1,"23":0,"24":1,"25":0,"26":1,"27":1,"28":0,"29":1,"30":1,"31":1,"32":28,"33":28,"34":28,"35":0,"36":28,"37":1,"38":1,"39":1,"40":1,"41":4,"42":4,"43":4,"44":4,"45":0,"46":4,"47":4,"48":4,"49":6,"50":6,"51":4,"52":0,"53":4,"54":1,"55":2,"56":4,"57":2,"58":2,"59":3,"60":1,"61":1,"62":2,"63":1,"64":1,"65":2,"66":1,"67":1,"68":1,"69":1,"70":1,"71":1,"72":1,"73":1,"74":1,"75":1,"76":1,"77":1,"78":1,"79":0,"80":1,"81":0},"f":{"0":1,"1":1,"2":1,"3":4,"4":0,"5":4,"6":4,"7":0,"8":2,"9":4,"10":3,"11":2,"12":2,"13":1,"14":1,"15":1,"16":0,"17":0},"b":{"0":[0,1],"1":[0,1],"2":[0,1],"3":[1,1,1],"4":[0,1],"5":[1,1,0],"6":[0,1],"7":[1,1],"8":[1,1],"9":[28,0],"10":[28,28],"11":[28,0],"12":[0,28],"13":[28,28,28],"14":[1,0],"15":[4,0],"16":[4,4],"17":[6,0],"18":[4,2],"19":[2,0],"20":[0,2],"21":[0,2],"22":[0,4],"23":[0,2],"24":[0,3],"25":[0,3],"26":[0,3],"27":[0,3],"28":[0,3],"29":[0,0],"30":[0,1]},"inputSourceMap":null,"_coverageSchema":"1a1c01bbd47fc00a2c39e90264f33305004495a9","hash":"e29a80a3b1171079df5759cacd962d8e7f6534c7"}
,"/Users/orlando/dev/pos/libs/reporting/native-feature/src/lib/components/widget/widget.tsx": {"path":"/Users/orlando/dev/pos/libs/reporting/native-feature/src/lib/components/widget/widget.tsx","statementMap":{"0":{"start":{"line":1,"column":42},"end":{"line":1,"column":97}},"1":{"start":{"line":1,"column":98},"end":{"line":1,"column":160}},"2":{"start":{"line":1,"column":160},"end":{"line":1,"column":184}},"3":{"start":{"line":1,"column":184},"end":{"line":1,"column":209}},"4":{"start":{"line":1,"column":232},"end":{"line":1,"column":304}},"5":{"start":{"line":1,"column":319},"end":{"line":1,"column":347}},"6":{"start":{"line":2,"column":14},"end":{"line":2,"column":38}},"7":{"start":{"line":3,"column":13},"end":{"line":3,"column":53}},"8":{"start":{"line":5,"column":19},"end":{"line":5,"column":42}},"9":{"start":{"line":5,"column":62},"end":{"line":5,"column":153}},"10":{"start":{"line":5,"column":207},"end":{"line":5,"column":226}},"11":{"start":{"line":5,"column":227},"end":{"line":5,"column":473}},"12":{"start":{"line":5,"column":276},"end":{"line":5,"column":312}},"13":{"start":{"line":5,"column":313},"end":{"line":5,"column":472}},"14":{"start":{"line":5,"column":373},"end":{"line":5,"column":436}},"15":{"start":{"line":5,"column":473},"end":{"line":5,"column":485}},"16":{"start":{"line":5,"column":518},"end":{"line":5,"column":981}},"17":{"start":{"line":5,"column":531},"end":{"line":5,"column":532}},"18":{"start":{"line":5,"column":575},"end":{"line":5,"column":615}},"19":{"start":{"line":5,"column":616},"end":{"line":5,"column":980}},"20":{"start":{"line":5,"column":676},"end":{"line":5,"column":732}},"21":{"start":{"line":5,"column":896},"end":{"line":5,"column":977}},"22":{"start":{"line":5,"column":981},"end":{"line":5,"column":995}},"23":{"start":{"line":28,"column":12},"end":{"line":28,"column":21}},"24":{"start":{"line":28,"column":29},"end":{"line":28,"column":38}},"25":{"start":{"line":28,"column":47},"end":{"line":28,"column":57}},"26":{"start":{"line":28,"column":67},"end":{"line":28,"column":78}},"27":{"start":{"line":28,"column":98},"end":{"line":28,"column":119}},"28":{"start":{"line":28,"column":138},"end":{"line":28,"column":158}},"29":{"start":{"line":28,"column":177},"end":{"line":28,"column":197}},"30":{"start":{"line":28,"column":218},"end":{"line":28,"column":240}},"31":{"start":{"line":29,"column":14},"end":{"line":29,"column":37}},"32":{"start":{"line":30,"column":15},"end":{"line":30,"column":45}},"33":{"start":{"line":33,"column":2},"end":{"line":36,"column":27}},"34":{"start":{"line":37,"column":20},"end":{"line":37,"column":69}},"35":{"start":{"line":39,"column":2},"end":{"line":72,"column":13}},"36":{"start":{"line":79,"column":0},"end":{"line":79,"column":6}},"37":{"start":{"line":79,"column":7},"end":{"line":79,"column":34}}},"fnMap":{"0":{"name":"ownKeys","decl":{"start":{"line":5,"column":163},"end":{"line":5,"column":170}},"loc":{"start":{"line":5,"column":195},"end":{"line":5,"column":486}},"line":5},"1":{"name":"(anonymous_1)","decl":{"start":{"line":5,"column":357},"end":{"line":5,"column":358}},"loc":{"start":{"line":5,"column":372},"end":{"line":5,"column":437}},"line":5},"2":{"name":"_objectSpread","decl":{"start":{"line":5,"column":495},"end":{"line":5,"column":508}},"loc":{"start":{"line":5,"column":517},"end":{"line":5,"column":996}},"line":5},"3":{"name":"(anonymous_3)","decl":{"start":{"line":5,"column":660},"end":{"line":5,"column":661}},"loc":{"start":{"line":5,"column":675},"end":{"line":5,"column":733}},"line":5},"4":{"name":"(anonymous_4)","decl":{"start":{"line":5,"column":880},"end":{"line":5,"column":881}},"loc":{"start":{"line":5,"column":895},"end":{"line":5,"column":978}},"line":5},"5":{"name":"Widget","decl":{"start":{"line":19,"column":9},"end":{"line":19,"column":15}},"loc":{"start":{"line":28,"column":0},"end":{"line":77,"column":1}},"line":28}},"branchMap":{"0":{"loc":{"start":{"line":5,"column":227},"end":{"line":5,"column":473}},"type":"if","locations":[{"start":{"line":5,"column":227},"end":{"line":5,"column":473}},{"start":{},"end":{}}],"line":5},"1":{"loc":{"start":{"line":5,"column":313},"end":{"line":5,"column":439}},"type":"binary-expr","locations":[{"start":{"line":5,"column":313},"end":{"line":5,"column":327}},{"start":{"line":5,"column":332},"end":{"line":5,"column":438}}],"line":5},"2":{"loc":{"start":{"line":5,"column":575},"end":{"line":5,"column":615}},"type":"cond-expr","locations":[{"start":{"line":5,"column":598},"end":{"line":5,"column":610}},{"start":{"line":5,"column":613},"end":{"line":5,"column":615}}],"line":5},"3":{"loc":{"start":{"line":5,"column":616},"end":{"line":5,"column":979}},"type":"cond-expr","locations":[{"start":{"line":5,"column":624},"end":{"line":5,"column":734}},{"start":{"line":5,"column":737},"end":{"line":5,"column":979}}],"line":5},"4":{"loc":{"start":{"line":5,"column":737},"end":{"line":5,"column":979}},"type":"cond-expr","locations":[{"start":{"line":5,"column":772},"end":{"line":5,"column":845}},{"start":{"line":5,"column":848},"end":{"line":5,"column":979}}],"line":5},"5":{"loc":{"start":{"line":33,"column":2},"end":{"line":36,"column":27}},"type":"binary-expr","locations":[{"start":{"line":33,"column":2},"end":{"line":33,"column":18}},{"start":{"line":34,"column":2},"end":{"line":36,"column":26}}],"line":33},"6":{"loc":{"start":{"line":34,"column":2},"end":{"line":36,"column":26}},"type":"cond-expr","locations":[{"start":{"line":35,"column":2},"end":{"line":35,"column":26}},{"start":{"line":36,"column":2},"end":{"line":36,"column":26}}],"line":34},"7":{"loc":{"start":{"line":37,"column":20},"end":{"line":37,"column":69}},"type":"binary-expr","locations":[{"start":{"line":37,"column":20},"end":{"line":37,"column":35}},{"start":{"line":37,"column":39},"end":{"line":37,"column":69}}],"line":37},"8":{"loc":{"start":{"line":45,"column":16},"end":{"line":45,"column":29}},"type":"binary-expr","locations":[{"start":{"line":45,"column":16},"end":{"line":45,"column":22}},{"start":{"line":45,"column":26},"end":{"line":45,"column":29}}],"line":45},"9":{"loc":{"start":{"line":51,"column":4},"end":{"line":56,"column":128}},"type":"binary-expr","locations":[{"start":{"line":51,"column":4},"end":{"line":51,"column":8}},{"start":{"line":52,"column":4},"end":{"line":56,"column":128}}],"line":51},"10":{"loc":{"start":{"line":61,"column":73},"end":{"line":61,"column":94}},"type":"binary-expr","locations":[{"start":{"line":61,"column":73},"end":{"line":61,"column":88}},{"start":{"line":61,"column":92},"end":{"line":61,"column":94}}],"line":61},"11":{"loc":{"start":{"line":69,"column":18},"end":{"line":69,"column":41}},"type":"binary-expr","locations":[{"start":{"line":69,"column":18},"end":{"line":69,"column":35}},{"start":{"line":69,"column":39},"end":{"line":69,"column":41}}],"line":69}},"s":{"0":3,"1":3,"2":3,"3":3,"4":3,"5":3,"6":3,"7":3,"8":3,"9":3,"10":2,"11":2,"12":2,"13":2,"14":0,"15":2,"16":2,"17":2,"18":3,"19":3,"20":1,"21":0,"22":2,"23":2,"24":1,"25":1,"26":1,"27":1,"28":1,"29":1,"30":1,"31":1,"32":1,"33":1,"34":1,"35":1,"36":3,"37":3},"f":{"0":2,"1":0,"2":2,"3":1,"4":0,"5":2},"b":{"0":[2,0],"1":[2,2],"2":[3,0],"3":[2,1],"4":[1,0],"5":[1,1],"6":[0,1],"7":[1,1],"8":[1,1],"9":[1,0],"10":[1,1],"11":[1,1]},"inputSourceMap":null,"_coverageSchema":"1a1c01bbd47fc00a2c39e90264f33305004495a9","hash":"2caa51126738f1441a7daf1bee390823534da02c"}
}
