TN:
SF:libs/reporting/native-feature/src/lib/components/dashboard/dashboard.tsx
FN:20,_getRequireWildcardCache
FN:20,_getRequireWildcardCache
FN:20,_interopRequireWildcard
FN:25,hasSalesData
FN:28,buildTopProductItems
FN:33,(anonymous_5)
FN:34,(anonymous_6)
FN:42,buildTopEmployeeItems
FN:45,(anonymous_8)
FN:50,buildRevenueOverTime
FN:51,(anonymous_10)
FN:56,normalizeDashboardRange
FN:68,sortDashboardSummary
FN:74,(anonymous_13)
FN:74,_callee
FN:74,_callee$
FN:77,loadDashboardSummary
FN:80,Dashboard
FN:89,updateDateRange
FN:94,(anonymous_19)
FN:98,(anonymous_20)
FNF:21
FNH:19
FNDA:1,_getRequireWildcardCache
FNDA:1,_getRequireWildcardCache
FNDA:1,_interopRequireWildcard
FNDA:2,hasSalesData
FNDA:2,buildTopProductItems
FNDA:3,(anonymous_5)
FNDA:2,(anonymous_6)
FNDA:2,buildTopEmployeeItems
FNDA:1,(anonymous_8)
FNDA:2,buildRevenueOverTime
FNDA:1,(anonymous_10)
FNDA:3,normalizeDashboardRange
FNDA:1,sortDashboardSummary
FNDA:1,(anonymous_13)
FNDA:1,_callee
FNDA:2,_callee$
FNDA:1,loadDashboardSummary
FNDA:1,Dashboard
FNDA:0,updateDateRange
FNDA:1,(anonymous_19)
FNDA:0,(anonymous_20)
DA:1,1
DA:3,1
DA:9,1
DA:10,1
DA:12,1
DA:13,1
DA:14,1
DA:15,1
DA:16,1
DA:18,1
DA:19,1
DA:20,28
DA:25,2
DA:26,1
DA:28,2
DA:33,3
DA:34,2
DA:39,1
DA:42,2
DA:45,1
DA:47,1
DA:50,2
DA:51,1
DA:53,1
DA:56,1
DA:57,3
DA:62,3
DA:66,1
DA:68,1
DA:69,1
DA:70,1
DA:71,1
DA:72,1
DA:74,2
DA:75,1
DA:76,0
DA:77,1
DA:81,1
DA:82,1
DA:83,1
DA:85,1
DA:87,1
DA:89,1
DA:90,0
DA:91,0
DA:94,1
DA:95,1
DA:96,1
DA:98,1
DA:99,0
DA:101,0
DA:102,0
DA:106,1
DA:107,1
DA:113,0
DA:183,1
LF:56
LH:49
BRDA:20,0,0,0
BRDA:20,0,1,1
BRDA:20,1,0,0
BRDA:20,1,1,1
BRDA:20,2,0,0
BRDA:20,2,1,1
BRDA:20,3,0,1
BRDA:20,3,1,1
BRDA:20,3,2,1
BRDA:20,4,0,0
BRDA:20,4,1,1
BRDA:20,5,0,1
BRDA:20,5,1,1
BRDA:20,5,2,0
BRDA:20,6,0,0
BRDA:20,6,1,1
BRDA:20,7,0,1
BRDA:20,7,1,1
BRDA:20,8,0,1
BRDA:20,8,1,1
BRDA:20,9,0,28
BRDA:20,9,1,0
BRDA:20,10,0,28
BRDA:20,10,1,28
BRDA:20,11,0,28
BRDA:20,11,1,0
BRDA:20,12,0,0
BRDA:20,12,1,28
BRDA:20,13,0,28
BRDA:20,13,1,28
BRDA:20,13,2,28
BRDA:20,14,0,1
BRDA:20,14,1,0
BRDA:26,15,0,2
BRDA:26,15,1,2
BRDA:29,16,0,1
BRDA:29,16,1,1
BRDA:29,17,0,2
BRDA:29,17,1,1
BRDA:33,18,0,3
BRDA:33,18,1,3
BRDA:33,19,0,0
BRDA:33,19,1,3
BRDA:35,20,0,0
BRDA:35,20,1,2
BRDA:37,21,0,0
BRDA:37,21,1,2
BRDA:43,22,0,1
BRDA:43,22,1,1
BRDA:43,23,0,2
BRDA:43,23,1,1
BRDA:46,24,0,0
BRDA:46,24,1,1
BRDA:47,25,0,0
BRDA:47,25,1,1
BRDA:51,26,0,1
BRDA:51,26,1,1
BRDA:51,27,0,0
BRDA:51,27,1,1
BRDA:52,28,0,0
BRDA:52,28,1,1
BRDA:53,29,0,0
BRDA:53,29,1,1
BRDA:57,30,0,3
BRDA:57,30,1,1
BRDA:69,31,0,0
BRDA:69,31,1,1
BRDA:70,32,0,0
BRDA:70,32,1,1
BRDA:74,33,0,1
BRDA:74,33,1,0
BRDA:74,33,2,0
BRDA:74,33,3,1
BRDA:106,34,0,1
BRDA:106,34,1,0
BRDA:120,35,0,0
BRDA:120,35,1,0
BRDA:120,35,2,0
BRDA:127,36,0,0
BRDA:127,36,1,0
BRF:80
BRH:52
end_of_record
TN:
SF:libs/reporting/native-feature/src/lib/components/end-of-day/end-of-day.service.ts
FN:5,getEmployeeItems
FN:8,(anonymous_1)
FN:14,getProductItems
FN:17,(anonymous_3)
FN:35,filterOrders
FN:38,(anonymous_5)
FN:43,(anonymous_6)
FN:49,(anonymous_7)
FNF:8
FNH:8
FNDA:10,getEmployeeItems
FNDA:2,(anonymous_1)
FNDA:10,getProductItems
FNDA:2,(anonymous_3)
FNDA:5,filterOrders
FNDA:6,(anonymous_5)
FNDA:6,(anonymous_6)
FNDA:3,(anonymous_7)
DA:1,2
DA:5,2
DA:6,10
DA:8,9
DA:9,9
DA:11,9
DA:12,2
DA:14,2
DA:15,10
DA:17,9
DA:18,9
DA:20,9
DA:21,2
DA:35,2
DA:36,5
DA:38,5
DA:39,6
DA:40,5
DA:43,5
DA:44,6
DA:47,5
DA:49,3
DA:52,5
DA:56,2
LF:24
LH:24
BRDA:6,0,0,1
BRDA:6,0,1,9
BRDA:15,1,0,1
BRDA:15,1,1,9
BRDA:39,2,0,1
BRDA:39,2,1,5
BRDA:39,3,0,6
BRDA:39,3,1,2
BRDA:39,4,0,0
BRDA:39,4,1,2
BRDA:40,5,0,0
BRDA:40,5,1,5
BRDA:40,6,0,5
BRDA:40,6,1,1
BRDA:40,7,0,0
BRDA:40,7,1,1
BRDA:43,8,0,0
BRDA:43,8,1,5
BRDA:43,9,0,0
BRDA:43,9,1,5
BRDA:44,10,0,0
BRDA:44,10,1,6
BRDA:44,11,0,0
BRDA:44,11,1,6
BRDA:47,12,0,2
BRDA:47,12,1,3
BRDA:49,13,0,0
BRDA:49,13,1,3
BRF:28
BRH:20
end_of_record
TN:
SF:libs/reporting/native-feature/src/lib/components/end-of-day/end-of-day.tsx
FN:18,_getRequireWildcardCache
FN:18,_getRequireWildcardCache
FN:18,_interopRequireWildcard
FN:42,buildDayRange
FN:47,getPaymentMethodsTotal
FN:50,formatPaymentAmount
FN:53,(anonymous_6)
FN:53,_callee
FN:54,_callee$
FN:58,loadPaidSalesForRange
FN:61,buildEndOfDayWidgets
FN:98,buildEndOfDayFilterConfigs
FN:148,createDateUpdater
FN:157,(anonymous_13)
FN:161,(anonymous_14)
FN:168,EndOfDay
FN:226,(anonymous_16)
FN:232,(anonymous_17)
FN:233,(anonymous_18)
FN:243,onPress
FN:249,onConfirm
FN:253,onCancel
FN:258,(anonymous_22)
FN:296,(anonymous_23)
FN:313,renderItem
FNF:25
FNH:22
FNDA:1,_getRequireWildcardCache
FNDA:1,_getRequireWildcardCache
FNDA:1,_interopRequireWildcard
FNDA:4,buildDayRange
FNDA:10,getPaymentMethodsTotal
FNDA:37,formatPaymentAmount
FNDA:1,(anonymous_6)
FNDA:3,_callee
FNDA:8,_callee$
FNDA:3,loadPaidSalesForRange
FNDA:9,buildEndOfDayWidgets
FNDA:9,buildEndOfDayFilterConfigs
FNDA:9,createDateUpdater
FNDA:2,(anonymous_13)
FNDA:1,(anonymous_14)
FNDA:9,EndOfDay
FNDA:2,(anonymous_16)
FNDA:2,(anonymous_17)
FNDA:2,(anonymous_18)
FNDA:0,onPress
FNDA:1,onConfirm
FNDA:1,onCancel
FNDA:24,(anonymous_22)
FNDA:0,(anonymous_23)
FNDA:0,renderItem
DA:1,1
DA:2,1
DA:3,1
DA:6,1
DA:7,1
DA:8,1
DA:9,1
DA:10,1
DA:11,1
DA:12,1
DA:13,1
DA:14,1
DA:16,1
DA:17,1
DA:18,28
DA:42,4
DA:44,1
DA:47,10
DA:48,1
DA:50,37
DA:51,1
DA:53,1
DA:54,8
DA:55,3
DA:57,2
DA:58,3
DA:61,1
DA:64,9
DA:94,1
DA:98,9
DA:144,1
DA:148,1
DA:153,9
DA:156,9
DA:158,2
DA:159,2
DA:160,2
DA:161,2
DA:162,1
DA:163,1
DA:164,1
DA:166,1
DA:168,9
DA:169,9
DA:171,9
DA:172,8
DA:173,8
DA:174,8
DA:175,8
DA:176,8
DA:177,8
DA:180,8
DA:181,8
DA:182,8
DA:183,8
DA:184,8
DA:187,8
DA:188,8
DA:189,8
DA:190,8
DA:191,8
DA:194,8
DA:195,8
DA:196,8
DA:214,8
DA:219,8
DA:226,8
DA:227,2
DA:232,2
DA:233,2
DA:237,8
DA:243,0
DA:250,1
DA:251,1
DA:254,1
DA:258,24
DA:296,0
DA:313,0
DA:324,1
LF:79
LH:76
BRDA:18,0,0,0
BRDA:18,0,1,1
BRDA:18,1,0,0
BRDA:18,1,1,1
BRDA:18,2,0,0
BRDA:18,2,1,1
BRDA:18,3,0,1
BRDA:18,3,1,1
BRDA:18,3,2,1
BRDA:18,4,0,0
BRDA:18,4,1,1
BRDA:18,5,0,1
BRDA:18,5,1,1
BRDA:18,5,2,0
BRDA:18,6,0,0
BRDA:18,6,1,1
BRDA:18,7,0,1
BRDA:18,7,1,1
BRDA:18,8,0,1
BRDA:18,8,1,1
BRDA:18,9,0,28
BRDA:18,9,1,0
BRDA:18,10,0,28
BRDA:18,10,1,28
BRDA:18,11,0,28
BRDA:18,11,1,0
BRDA:18,12,0,0
BRDA:18,12,1,28
BRDA:18,13,0,28
BRDA:18,13,1,28
BRDA:18,13,2,28
BRDA:18,14,0,1
BRDA:18,14,1,0
BRDA:54,15,0,3
BRDA:54,15,1,2
BRDA:54,15,2,0
BRDA:54,15,3,3
BRDA:55,16,0,2
BRDA:55,16,1,1
BRDA:55,17,0,3
BRDA:55,17,1,2
BRDA:58,18,0,2
BRDA:58,18,1,1
BRDA:153,19,0,1
BRDA:153,19,1,8
BRDA:153,20,0,9
BRDA:153,20,1,1
BRDA:263,21,0,16
BRDA:263,21,1,8
BRDA:264,22,0,16
BRDA:264,22,1,8
BRDA:287,23,0,8
BRDA:287,23,1,8
BRDA:293,24,0,8
BRDA:293,24,1,0
BRDA:297,25,0,0
BRDA:297,25,1,0
BRF:57
BRH:43
end_of_record
TN:
SF:libs/reporting/native-feature/src/lib/components/end-of-day/order-details.tsx
FN:15,OrderDetails
FN:45,(anonymous_1)
FN:56,(anonymous_2)
FNF:3
FNH:3
FNDA:2,OrderDetails
FNDA:1,(anonymous_1)
FNDA:1,(anonymous_2)
DA:1,2
DA:2,2
DA:3,2
DA:4,2
DA:6,2
DA:7,2
DA:15,2
DA:16,1
DA:18,1
DA:45,1
DA:56,1
DA:63,2
LF:12
LH:12
BRDA:27,0,0,0
BRDA:27,0,1,1
BRDA:34,1,0,0
BRDA:34,1,1,1
BRDA:44,2,0,0
BRDA:44,2,1,1
BRDA:45,3,0,0
BRDA:45,3,1,1
BRDA:46,4,0,0
BRDA:46,4,1,1
BRDA:46,5,0,0
BRDA:46,5,1,1
BRDA:56,6,0,0
BRDA:56,6,1,1
BRF:14
BRH:7
end_of_record
TN:
SF:libs/reporting/native-feature/src/lib/components/end-of-day/order-line-details.tsx
FN:14,OrderLineDetails
FNF:1
FNH:1
FNDA:2,OrderLineDetails
DA:1,3
DA:2,3
DA:3,3
DA:4,3
DA:6,3
DA:14,2
DA:15,2
DA:16,2
DA:17,2
DA:19,2
DA:37,3
LF:11
LH:11
BRDA:16,0,0,2
BRDA:16,0,1,0
BRDA:17,1,0,2
BRDA:17,1,1,0
BRDA:22,2,0,2
BRDA:22,2,1,0
BRF:6
BRH:3
end_of_record
TN:
SF:libs/reporting/native-feature/src/lib/components/line-chart/line-chart.tsx
FN:5,_getRequireWildcardCache
FN:5,_getRequireWildcardCache
FN:5,_interopRequireWildcard
FN:17,toLineChartDataset
FN:20,(anonymous_4)
FN:23,(anonymous_5)
FN:25,(anonymous_6)
FN:32,buildLineChartConfig
FN:36,color
FN:37,labelColor
FN:48,LineChartComponent
FN:65,onLayout
FNF:12
FNH:12
FNDA:2,_getRequireWildcardCache
FNDA:2,_getRequireWildcardCache
FNDA:2,_interopRequireWildcard
FNDA:3,toLineChartDataset
FNDA:6,(anonymous_4)
FNDA:4,(anonymous_5)
FNDA:8,(anonymous_6)
FNDA:2,buildLineChartConfig
FNDA:1,color
FNDA:1,labelColor
FNDA:3,LineChartComponent
FNDA:1,onLayout
DA:1,2
DA:2,2
DA:4,2
DA:5,56
DA:17,2
DA:18,3
DA:20,6
DA:23,3
DA:24,4
DA:25,8
DA:26,4
DA:29,3
DA:30,2
DA:32,2
DA:36,1
DA:37,1
DA:44,2
DA:48,3
DA:49,3
DA:50,3
DA:52,3
DA:53,1
DA:59,2
DA:61,2
DA:66,1
DA:67,1
DA:93,2
LF:27
LH:27
BRDA:5,0,0,0
BRDA:5,0,1,2
BRDA:5,1,0,0
BRDA:5,1,1,2
BRDA:5,2,0,0
BRDA:5,2,1,2
BRDA:5,3,0,2
BRDA:5,3,1,2
BRDA:5,3,2,2
BRDA:5,4,0,0
BRDA:5,4,1,2
BRDA:5,5,0,2
BRDA:5,5,1,2
BRDA:5,5,2,0
BRDA:5,6,0,0
BRDA:5,6,1,2
BRDA:5,7,0,2
BRDA:5,7,1,2
BRDA:5,8,0,2
BRDA:5,8,1,2
BRDA:5,9,0,56
BRDA:5,9,1,0
BRDA:5,10,0,56
BRDA:5,10,1,56
BRDA:5,11,0,56
BRDA:5,11,1,0
BRDA:5,12,0,0
BRDA:5,12,1,56
BRDA:5,13,0,56
BRDA:5,13,1,56
BRDA:5,13,2,56
BRDA:5,14,0,2
BRDA:5,14,1,0
BRDA:36,15,0,1
BRDA:36,15,1,0
BRDA:36,16,0,1
BRDA:36,16,1,1
BRDA:37,17,0,1
BRDA:37,17,1,0
BRDA:37,18,0,1
BRDA:37,18,1,1
BRDA:52,19,0,1
BRDA:52,19,1,2
BRDA:52,20,0,3
BRDA:52,20,1,3
BRDA:73,21,0,2
BRDA:73,21,1,1
BRF:47
BRH:35
end_of_record
TN:
SF:libs/reporting/native-feature/src/lib/components/list-widget/list-widget.tsx
FN:13,ListWidget
FN:28,(anonymous_1)
FNF:2
FNH:2
FNDA:1,ListWidget
FNDA:1,(anonymous_1)
DA:1,2
DA:2,2
DA:4,2
DA:5,2
DA:13,1
DA:14,1
DA:16,1
DA:28,1
DA:39,2
LF:9
LH:9
BRF:0
BRH:0
end_of_record
TN:
SF:libs/reporting/native-feature/src/lib/components/pie-chart/pie-chart.tsx
FN:21,buildPieChartConfig
FN:26,color
FN:32,PieChart
FN:43,(anonymous_3)
FNF:4
FNH:4
FNDA:3,buildPieChartConfig
FNDA:1,color
FNDA:2,PieChart
FNDA:2,(anonymous_3)
DA:1,2
DA:2,2
DA:4,2
DA:5,2
DA:7,2
DA:8,2
DA:9,2
DA:21,3
DA:26,1
DA:29,2
DA:32,2
DA:33,2
DA:34,2
DA:36,2
DA:37,1
DA:43,2
DA:51,1
DA:69,2
LF:18
LH:18
BRDA:26,0,0,1
BRDA:26,0,1,0
BRDA:26,1,0,1
BRDA:26,1,1,1
BRDA:36,2,0,1
BRDA:36,2,1,1
BRDA:36,3,0,2
BRDA:36,3,1,2
BRF:8
BRH:7
end_of_record
TN:
SF:libs/reporting/native-feature/src/lib/components/report-viewer/report-viewer.tsx
FN:6,_getRequireWildcardCache
FN:6,_getRequireWildcardCache
FN:6,_interopRequireWildcard
FN:24,ReportViewer
FN:34,(anonymous_4)
FN:36,(anonymous_5)
FN:40,(anonymous_6)
FN:44,(anonymous_7)
FN:45,(anonymous_8)
FN:90,(anonymous_9)
FN:107,renderItem
FN:109,(anonymous_11)
FN:137,(anonymous_12)
FNF:13
FNH:13
FNDA:3,_getRequireWildcardCache
FNDA:3,_getRequireWildcardCache
FNDA:3,_interopRequireWildcard
FNDA:9,ReportViewer
FNDA:3,(anonymous_4)
FNDA:1,(anonymous_5)
FNDA:4,(anonymous_6)
FNDA:2,(anonymous_7)
FNDA:4,(anonymous_8)
FNDA:10,(anonymous_9)
FNDA:4,renderItem
FNDA:8,(anonymous_11)
FNDA:2,(anonymous_12)
DA:1,3
DA:2,3
DA:3,3
DA:4,3
DA:6,84
DA:24,9
DA:25,8
DA:26,8
DA:27,8
DA:28,8
DA:29,8
DA:31,8
DA:34,8
DA:35,3
DA:36,3
DA:37,3
DA:40,8
DA:41,4
DA:43,1
DA:44,1
DA:45,2
DA:46,4
DA:47,2
DA:51,2
DA:54,1
DA:57,8
DA:58,3
DA:64,5
DA:90,10
DA:107,4
DA:109,8
DA:137,2
DA:156,3
LF:33
LH:33
BRDA:6,0,0,0
BRDA:6,0,1,3
BRDA:6,1,0,0
BRDA:6,1,1,3
BRDA:6,2,0,0
BRDA:6,2,1,3
BRDA:6,3,0,3
BRDA:6,3,1,3
BRDA:6,3,2,3
BRDA:6,4,0,0
BRDA:6,4,1,3
BRDA:6,5,0,3
BRDA:6,5,1,3
BRDA:6,5,2,0
BRDA:6,6,0,0
BRDA:6,6,1,3
BRDA:6,7,0,3
BRDA:6,7,1,3
BRDA:6,8,0,3
BRDA:6,8,1,3
BRDA:6,9,0,84
BRDA:6,9,1,0
BRDA:6,10,0,84
BRDA:6,10,1,84
BRDA:6,11,0,84
BRDA:6,11,1,0
BRDA:6,12,0,0
BRDA:6,12,1,84
BRDA:6,13,0,84
BRDA:6,13,1,84
BRDA:6,13,2,84
BRDA:6,14,0,3
BRDA:6,14,1,0
BRDA:41,15,0,3
BRDA:41,15,1,1
BRDA:46,16,0,2
BRDA:46,16,1,2
BRDA:47,17,0,2
BRDA:47,17,1,1
BRDA:57,18,0,3
BRDA:57,18,1,5
BRDA:122,19,0,4
BRDA:122,19,1,4
BRDA:135,20,0,5
BRDA:135,20,1,1
BRDA:145,21,0,1
BRDA:145,21,1,1
BRF:47
BRH:37
end_of_record
TN:
SF:libs/reporting/native-feature/src/lib/components/sales-by-employee/sales-by-employee.tsx
FN:14,toSalesByEmployeeRows
FN:16,(anonymous_1)
FN:22,SalesByEmployee
FN:29,getData
FN:33,(anonymous_4)
FNF:5
FNH:4
FNDA:1,toSalesByEmployeeRows
FNDA:2,(anonymous_1)
FNDA:1,SalesByEmployee
FNDA:1,getData
FNDA:0,(anonymous_4)
DA:1,1
DA:3,1
DA:4,1
DA:6,1
DA:8,1
DA:9,1
DA:14,1
DA:15,1
DA:16,2
DA:20,1
DA:23,1
DA:24,1
DA:29,1
DA:30,1
DA:31,1
DA:33,1
DA:38,1
DA:45,1
LF:18
LH:18
BRDA:15,0,0,0
BRDA:15,0,1,1
BRDA:16,1,0,0
BRDA:16,1,1,1
BRDA:16,2,0,0
BRDA:16,2,1,1
BRDA:17,3,0,0
BRDA:17,3,1,2
BRDA:18,4,0,0
BRDA:18,4,1,2
BRF:10
BRH:5
end_of_record
TN:
SF:libs/reporting/native-feature/src/lib/components/sales-by-product/sales-by-product.tsx
FN:12,_getRequireWildcardCache
FN:12,_getRequireWildcardCache
FN:12,_interopRequireWildcard
FN:12,ownKeys
FN:12,(anonymous_4)
FN:12,_objectSpread
FN:12,(anonymous_6)
FN:12,(anonymous_7)
FN:18,toSalesByProductRows
FN:22,(anonymous_9)
FN:24,(anonymous_10)
FN:30,normalizeSalesByProductRange
FN:36,createUnitChangeHandler
FN:38,(anonymous_13)
FN:42,SalesByProduct
FN:52,getData
FN:55,(anonymous_16)
FN:64,(anonymous_17)
FNF:18
FNH:14
FNDA:1,_getRequireWildcardCache
FNDA:1,_getRequireWildcardCache
FNDA:1,_interopRequireWildcard
FNDA:4,ownKeys
FNDA:0,(anonymous_4)
FNDA:4,_objectSpread
FNDA:4,(anonymous_6)
FNDA:0,(anonymous_7)
FNDA:2,toSalesByProductRows
FNDA:4,(anonymous_9)
FNDA:3,(anonymous_10)
FNDA:2,normalizeSalesByProductRange
FNDA:2,createUnitChangeHandler
FNDA:1,(anonymous_13)
FNDA:1,SalesByProduct
FNDA:1,getData
FNDA:0,(anonymous_16)
FNDA:0,(anonymous_17)
DA:1,1
DA:3,1
DA:4,1
DA:5,1
DA:6,1
DA:7,1
DA:10,1
DA:11,1
DA:12,28
DA:18,1
DA:22,4
DA:23,2
DA:24,3
DA:28,1
DA:30,2
DA:33,1
DA:36,1
DA:37,2
DA:39,1
DA:40,1
DA:43,1
DA:44,1
DA:48,1
DA:49,1
DA:50,1
DA:52,1
DA:53,1
DA:55,1
DA:60,1
DA:64,0
LF:30
LH:29
BRDA:12,0,0,0
BRDA:12,0,1,1
BRDA:12,1,0,0
BRDA:12,1,1,1
BRDA:12,2,0,0
BRDA:12,2,1,1
BRDA:12,3,0,1
BRDA:12,3,1,1
BRDA:12,3,2,1
BRDA:12,4,0,0
BRDA:12,4,1,1
BRDA:12,5,0,1
BRDA:12,5,1,1
BRDA:12,5,2,0
BRDA:12,6,0,0
BRDA:12,6,1,1
BRDA:12,7,0,1
BRDA:12,7,1,1
BRDA:12,8,0,1
BRDA:12,8,1,1
BRDA:12,9,0,28
BRDA:12,9,1,0
BRDA:12,10,0,28
BRDA:12,10,1,28
BRDA:12,11,0,28
BRDA:12,11,1,0
BRDA:12,12,0,0
BRDA:12,12,1,28
BRDA:12,13,0,28
BRDA:12,13,1,28
BRDA:12,13,2,28
BRDA:12,14,0,1
BRDA:12,14,1,0
BRDA:12,15,0,4
BRDA:12,15,1,0
BRDA:12,16,0,4
BRDA:12,16,1,4
BRDA:12,17,0,6
BRDA:12,17,1,0
BRDA:12,18,0,4
BRDA:12,18,1,2
BRDA:12,19,0,2
BRDA:12,19,1,0
BRDA:22,20,0,0
BRDA:22,20,1,2
BRDA:22,21,0,0
BRDA:22,21,1,2
BRDA:22,22,0,0
BRDA:22,22,1,4
BRDA:24,23,0,0
BRDA:24,23,1,2
BRDA:25,24,0,0
BRDA:25,24,1,3
BRDA:25,25,0,0
BRDA:25,25,1,3
BRDA:26,26,0,0
BRDA:26,26,1,3
BRDA:26,27,0,0
BRDA:26,27,1,3
BRDA:26,28,0,0
BRDA:26,28,1,3
BRDA:56,29,0,0
BRDA:56,29,1,0
BRDA:64,30,0,0
BRDA:64,30,1,1
BRF:65
BRH:40
end_of_record
TN:
SF:libs/reporting/native-feature/src/lib/components/widget/widget.tsx
FN:5,ownKeys
FN:5,(anonymous_1)
FN:5,_objectSpread
FN:5,(anonymous_3)
FN:5,(anonymous_4)
FN:19,Widget
FNF:6
FNH:4
FNDA:2,ownKeys
FNDA:0,(anonymous_1)
FNDA:2,_objectSpread
FNDA:1,(anonymous_3)
FNDA:0,(anonymous_4)
FNDA:2,Widget
DA:1,3
DA:2,3
DA:3,3
DA:5,3
DA:28,2
DA:29,1
DA:30,1
DA:33,1
DA:37,1
DA:39,1
DA:79,3
LF:11
LH:11
BRDA:5,0,0,2
BRDA:5,0,1,0
BRDA:5,1,0,2
BRDA:5,1,1,2
BRDA:5,2,0,3
BRDA:5,2,1,0
BRDA:5,3,0,2
BRDA:5,3,1,1
BRDA:5,4,0,1
BRDA:5,4,1,0
BRDA:33,5,0,1
BRDA:33,5,1,1
BRDA:34,6,0,0
BRDA:34,6,1,1
BRDA:37,7,0,1
BRDA:37,7,1,1
BRDA:45,8,0,1
BRDA:45,8,1,1
BRDA:51,9,0,1
BRDA:51,9,1,0
BRDA:61,10,0,1
BRDA:61,10,1,1
BRDA:69,11,0,1
BRDA:69,11,1,1
BRF:24
BRH:19
end_of_record
